<?xml version="1.0" encoding="UTF-8"?>
<testsuites>
  <testsuite name="init" timestamp="2025-10-30T09:54:02Z" hostname="5b010dd0d891" tests="25" skipped="0" failures="0" errors="0" time="1.215">
    <testcase time="0.11" classname="init" name="init_data_accepts_teal_data_object"/>
    <testcase time="0.123" classname="init" name="init_data_accepts_teal_data_module"/>
    <testcase time="0.0569999999999999" classname="init" name="init_modules_accepts_a_teal_modules_object"/>
    <testcase time="0.037" classname="init" name="init_modules_accepts_a_list_of_teal_module_elements"/>
    <testcase time="0.036" classname="init" name="init_modules_accepts_a_teal_module_object"/>
    <testcase time="0.0649999999999999" classname="init" name="init_filter_accepts_teal_slices_"/>
    <testcase time="0.0110000000000001" classname="init" name="init_filter_accepts_teal_slices_"/>
    <testcase time="0.0339999999999998" classname="init" name="init_throws_when_an_empty_data_is_used"/>
    <testcase time="0.036" classname="init" name="init_throws_warning_when_datanames_in_modules_incompatible_w_datanames_in_data_and_there_is_no_transformators"/>
    <testcase time="0.0350000000000001" classname="init" name="init_throws_warning_when_datanames_in_modules_incompatible_w_datanames_in_data_and_there_is_no_transformators"/>
    <testcase time="0.034" classname="init" name="init_doesn_t_throw_warning_when_datanames_in_modules_incompatible_w_datanames_in_data_and_there_are_transformators"/>
    <testcase time="0.0329999999999999" classname="init" name="_all_"/>
    <testcase time="0.0389999999999999" classname="init" name="_.raw_data_and_all_"/>
    <testcase time="0.0350000000000001" classname="init" name="init_throws_when_dataname_in_filter_incompatible_w_datanames_in_data"/>
    <testcase time="0.0379999999999998" classname="init" name="init_throws_error_when_filter_mapping_has_invalid_module_names"/>
    <testcase time="0.0370000000000001" classname="init" name="init_throws_error_when_modules_have_duplicate_labels_with_module_specific_filter"/>
    <testcase time="0.0389999999999999" classname="init" name="init_accepts_valid_module_specific_filter_with_proper_mapping"/>
    <testcase time="0.0310000000000001" classname="init" name="init_accepts_NULL_reporter_to_disable_reporting"/>
    <testcase time="0.0359999999999998" classname="init" name="init_accepts_Reporter_object"/>
    <testcase time="0.0850000000000002" classname="init" name="init_shows_deprecation_warning_for_title_parameter"/>
    <testcase time="0.0519999999999998" classname="init" name="init_shows_deprecation_warning_for_header_parameter"/>
    <testcase time="0.0550000000000002" classname="init" name="init_shows_deprecation_warning_for_footer_parameter"/>
    <testcase time="0.0499999999999998" classname="init" name="init_shows_deprecation_warning_for_id_parameter"/>
    <testcase time="0.0690000000000002" classname="init" name="init_shows_deprecation_warning_when_landing_popup_module_is_included_in_modules"/>
    <testcase time="0.038" classname="init" name="init_throws_error_when_landing_popup_module_is_added_twice_to_modules"/>
  </testsuite>
  <testsuite name="module_session_info" timestamp="2025-10-30T09:54:03Z" hostname="5b010dd0d891" tests="3" skipped="0" failures="0" errors="0" time="17.497">
    <testcase time="17.474" classname="module_session_info" name="creation_process_is_invoked_for_teal.lockfile.mode_enabled_and_snapshot_is_copied_to_teal_app.lock_and_removed_after_session_ended"/>
    <testcase time="0.00700000000000145" classname="module_session_info" name="creation_process_is_invoked_for_teal.lockfile.mode_enabled_and_snapshot_is_copied_to_teal_app.lock_and_removed_after_session_ended"/>
    <testcase time="0.0160000000000018" classname="module_session_info" name="creation_process_is_not_invoked_for_teal.lockfile.mode_disabled_"/>
  </testsuite>
  <testsuite name="module_teal" timestamp="2025-10-30T09:54:21Z" hostname="5b010dd0d891" tests="152" skipped="4" failures="0" errors="0" time="117.345">
    <testcase time="0.104999999999997" classname="module_teal" name="accepts_data_to_be_teal_data"/>
    <testcase time="0.0680000000000014" classname="module_teal" name="accepts_data_to_be_teal_data_module_returning_reactive_teal_data"/>
    <testcase time="0.106000000000002" classname="module_teal" name="accepts_data_to_a_reactive_or_reactiveVal_teal_data"/>
    <testcase time="0.0579999999999998" classname="module_teal" name="accepts_data_to_a_reactive_or_reactiveVal_teal_data"/>
    <testcase time="0.0579999999999998" classname="module_teal" name="fails_when_data_is_not_teal_data_or_teal_data_module"/>
    <testcase time="0.0350000000000001" classname="module_teal" name="app_fails_when_teal_data_module_doesn_t_return_a_reactive"/>
    <testcase time="0.0629999999999988" classname="module_teal" name="are_not_called_by_default"/>
    <testcase time="0.00400000000000134" classname="module_teal" name="are_not_called_by_default"/>
    <testcase time="1.244" classname="module_teal" name="are_called_once_their_tab_is_selected_and_data_is_teal_data_"/>
    <testcase time="0.00399999999999778" classname="module_teal" name="are_called_once_their_tab_is_selected_and_data_is_teal_data_"/>
    <testcase time="0.719000000000001" classname="module_teal" name="are_called_once_their_tab_is_selected_and_data_is_teal_data_"/>
    <testcase time="0.00199999999999889" classname="module_teal" name="are_called_once_their_tab_is_selected_and_data_is_teal_data_"/>
    <testcase time="0.708000000000002" classname="module_teal" name="are_called_once_their_tab_is_selected_and_data_returns_reactive_teal_data_"/>
    <testcase time="0.00399999999999778" classname="module_teal" name="are_called_once_their_tab_is_selected_and_data_returns_reactive_teal_data_"/>
    <testcase time="0.556000000000001" classname="module_teal" name="are_called_once_their_tab_is_selected_and_data_returns_reactive_teal_data_"/>
    <testcase time="0.00100000000000122" classname="module_teal" name="are_called_once_their_tab_is_selected_and_data_returns_reactive_teal_data_"/>
    <testcase time="0.922000000000001" classname="module_teal" name="are_called_once_their_tab_is_selected_and_teal_data_module_returns_reactive_teal_data_"/>
    <testcase time="0.00399999999999778" classname="module_teal" name="are_called_once_their_tab_is_selected_and_teal_data_module_returns_reactive_teal_data_"/>
    <testcase time="0.554000000000002" classname="module_teal" name="are_called_once_their_tab_is_selected_and_teal_data_module_returns_reactive_teal_data_"/>
    <testcase time="0.00199999999999889" classname="module_teal" name="are_called_once_their_tab_is_selected_and_teal_data_module_returns_reactive_teal_data_"/>
    <testcase time="0.172999999999998" classname="module_teal" name="are_called_only_after_teal_data_module_is_resolved"/>
    <testcase time="0.740000000000002" classname="module_teal" name="are_called_only_after_teal_data_module_is_resolved"/>
    <testcase time="0.741" classname="module_teal" name="are_called_with_data_argument_being_teal_data_"/>
    <testcase time="0.0799999999999983" classname="module_teal" name="are_not_called_when_the_teal_data_module_doesn_t_return_teal_data"/>
    <testcase time="0.310000000000002" classname="module_teal" name="are_not_called_when_the_teal_data_module_doesn_t_return_teal_data"/>
    <testcase time="0.0760000000000005" classname="module_teal" name="are_not_called_when_teal_data_module_returns_validation_error"/>
    <testcase time="0.00399999999999778" classname="module_teal" name="are_not_called_when_teal_data_module_returns_validation_error"/>
    <testcase time="0.093" classname="module_teal" name="are_not_called_when_teal_data_module_returns_validation_error"/>
    <testcase time="0.0839999999999996" classname="module_teal" name="are_not_called_when_teal_data_module_throws_an_error"/>
    <testcase time="0.00300000000000011" classname="module_teal" name="are_not_called_when_teal_data_module_throws_an_error"/>
    <testcase time="0.0890000000000022" classname="module_teal" name="are_not_called_when_teal_data_module_throws_an_error"/>
    <testcase time="0.0700000000000003" classname="module_teal" name="are_not_called_when_teal_data_module_returns_qenv.error"/>
    <testcase time="0.0179999999999971" classname="module_teal" name="are_not_called_when_teal_data_module_returns_qenv.error"/>
    <testcase time="0.0770000000000017" classname="module_teal" name="are_not_called_when_teal_data_module_returns_qenv.error"/>
    <testcase time="0.0790000000000006" classname="module_teal" name="are_receiving_reactive_data_which_triggers_on_change"/>
    <testcase time="0.628999999999998" classname="module_teal" name="are_receiving_reactive_data_which_triggers_on_change"/>
    <testcase time="1.017" classname="module_teal" name="are_receiving_reactive_data_which_triggers_on_change"/>
    <testcase time="0.0869999999999997" classname="module_teal" name="are_not_called_again_when_data_changes"/>
    <testcase time="0.625" classname="module_teal" name="are_not_called_again_when_data_changes"/>
    <testcase time="0.596" classname="module_teal" name="are_not_called_again_when_data_changes"/>
    <testcase time="1.076" classname="module_teal" name="receives_data_with_datasets_module_datanames"/>
    <testcase time="0.000999999999997669" classname="module_teal" name="receives_data_with_datasets_module_datanames"/>
    <testcase time="1.65" classname="module_teal" name="multiple_datanames_with_all_and_.raw_data_"/>
    <testcase time="1.198" classname="module_teal" name="single_dataname_with_all_"/>
    <testcase time="1.025" classname="module_teal" name="warns_when_dataname_is_not_available"/>
    <testcase time="1.014" classname="module_teal" name="warns_when_datanames_are_not_available"/>
    <testcase time="0.319999999999993" classname="module_teal" name="warns_about_empty_data_when_none_of_module_datanames_is_available_even_if_data_is_not_empty_"/>
    <testcase time="0.313000000000002" classname="module_teal" name="warns_about_empty_data_when_none_of_module_datanames_is_available"/>
    <testcase time="0.661999999999999" classname="module_teal" name="is_called_and_receives_data_even_if_datanames_in_teal_data_are_not_sufficient"/>
    <testcase time="1.606" classname="module_teal" name="receives_all_objects_from_teal_data_when_module_datanames_all_"/>
    <testcase time="1.176" classname="module_teal" name="receives_parent_data_when_module_datanames_limited_to_a_child_data_but_join_keys_are_provided"/>
    <testcase time="0.00199999999999534" classname="module_teal" name="receives_parent_data_when_module_datanames_limited_to_a_child_data_but_join_keys_are_provided"/>
    <testcase time="1.39" classname="module_teal" name="receives_all_transformator_datasets_if_module_datanames_all_"/>
    <testcase time="1.099" classname="module_teal" name="receives_all_datasets_if_transform_datanames_all_"/>
    <testcase time="1.302" classname="module_teal" name="receives_all_raw_datasets_based_on_module_datanames"/>
    <testcase time="1.168" classname="module_teal" name="combines_datanames_from_transform_module_datanames"/>
    <testcase time="1.162" classname="module_teal" name="does_not_receive_transformator_datasets_not_specified_in_transform_datanames_nor_modue_datanames"/>
    <testcase time="1.368" classname="module_teal" name="srv_teal_module.teal_module_does_not_pass_data_if_not_in_the_args_explicitly"/>
    <testcase time="0.985999999999997" classname="module_teal" name="srv_teal_module.teal_module_passes_deprecated_datasets_to_the_server_module"/>
    <testcase time="0.0200000000000031" classname="module_teal" name="srv_teal_module.teal_module_passes_deprecated_datasets_to_the_server_module"/>
    <testcase time="1.003" classname="module_teal" name="srv_teal_module.teal_module_passes_server_args_to_the_..."/>
    <testcase time="0.728000000000002" classname="module_teal" name="srv_teal_module.teal_module_passes_quoted_arguments_to_the_teal_module_server_call"/>
    <testcase time="1.39" classname="module_teal" name="srv_teal_module.teal_module_passes_filter_panel_api_if_specified"/>
    <testcase time="0.942" classname="module_teal" name="srv_teal_module.teal_module_passes_Reporter_if_specified"/>
    <testcase time="0.235999999999997" classname="module_teal" name="does_not_receive_report_previewer_when_reporter_is_NULL"/>
    <testcase time="0.0679999999999978" classname="module_teal" name="is_set_to_initial_filters_when_module_specific"/>
    <testcase time="0.0700000000000003" classname="module_teal" name="is_set_to_initial_filters_with_resolved_attr_mapping_modules_label_when_module_specific_"/>
    <testcase time="0.00200000000000244" classname="module_teal" name="is_set_to_initial_filters_with_resolved_attr_mapping_modules_label_when_module_specific_"/>
    <testcase time="2.487" classname="module_teal" name="slices_in_slicesGlobal_and_in_FilteredData_refer_to_the_same_object"/>
    <testcase time="0.00799999999999557" classname="module_teal" name="slices_in_slicesGlobal_and_in_FilteredData_refer_to_the_same_object"/>
    <testcase time="2.935" classname="module_teal" name="appends_new_slice_and_activates_in_global_filters_when_added_in_a_module_if_module_specific"/>
    <testcase time="2.765" classname="module_teal" name="deactivates_in_global_filters_when_removed_from_module_if_module_specific"/>
    <testcase time="2.617" classname="module_teal" name="appends_new_slice_and_activates_in_module_when_added_in_a_module_if_module_specific"/>
    <testcase time="1.453" classname="module_teal" name="appends_added_duplicated_slice_and_makes_new_slice_id_unique"/>
    <testcase time="2.711" classname="module_teal" name="deactivates_in_module_when_removed_from_module_if_module_specific"/>
    <testcase time="0.0930000000000035" classname="module_teal" name="auto_resolves_to_mapping_m_when_setting_slices_with_mapping_global_filters_in_module_specific_">
      <skipped message="Reason: need a fix in a .slicesGlobal ('test-module_teal.R:1335:11')"/>
    </testcase>
    <testcase time="2.578" classname="module_teal" name="sets_filters_from_mapping_mod_to_all_modules_FilteredData_when_module_specific"/>
    <testcase time="2.47099999999999" classname="module_teal" name="sets_filters_from_mapping_mod_to_module_s_FilteredData_when_module_specific"/>
    <testcase time="0.00900000000000034" classname="module_teal" name="sets_filters_from_mapping_mod_to_module_s_FilteredData_when_module_specific"/>
    <testcase time="3.01000000000001" classname="module_teal" name="sets_filters_from_mapping_global_filters_to_all_modules_FilteredData_when_module_specific"/>
    <testcase time="0.00900000000000034" classname="module_teal" name="sets_filters_from_mapping_global_filters_to_all_modules_FilteredData_when_module_specific"/>
    <testcase time="2.15899999999999" classname="module_teal" name="change_in_the_slicesGlobal_causes_module_s_data_filtering"/>
    <testcase time="0.00200000000000955" classname="module_teal" name="change_in_the_slicesGlobal_causes_module_s_data_filtering"/>
    <testcase time="0.00199999999999534" classname="module_teal" name="change_in_the_slicesGlobal_causes_module_s_data_filtering"/>
    <testcase time="0.997" classname="module_teal" name="returns_no_rows_if_no_filters_set"/>
    <testcase time="1.161" classname="module_teal" name="returns_global_filters_with_active_true_inactive_false_unavailable_na"/>
    <testcase time="0.0100000000000051" classname="module_teal" name="returns_global_filters_with_active_true_inactive_false_unavailable_na"/>
    <testcase time="1.312" classname="module_teal" name="returns_column_per_module_with_active_true_inactive_false_unavailable_na"/>
    <testcase time="0.0100000000000051" classname="module_teal" name="returns_column_per_module_with_active_true_inactive_false_unavailable_na"/>
    <testcase time="0.0439999999999969" classname="module_teal" name="what_happens_when_module_label_is_duplicated_when_nested_modules_">
      <skipped message="Reason: todo ('test-module_teal.R:1597:7')"/>
    </testcase>
    <testcase time="0.0309999999999917" classname="module_teal" name="sets_back_the_same_active_filters_in_each_module">
      <skipped message="Reason: todo ('test-module_teal.R:1604:5')"/>
    </testcase>
    <testcase time="0.01400000000001" classname="module_teal" name="doesn_t_fail_when_teal_data_has_no_datasets">
      <skipped message="Reason: todo ('test-module_teal.R:1607:5')"/>
    </testcase>
    <testcase time="1.196" classname="module_teal" name="evaluates_custom_qenv_call_and_pass_updated_teal_data_to_the_module"/>
    <testcase time="0.00199999999999534" classname="module_teal" name="evaluates_custom_qenv_call_and_pass_updated_teal_data_to_the_module"/>
    <testcase time="1.959" classname="module_teal" name="evaluates_custom_qenv_call_after_filter_is_applied"/>
    <testcase time="0.00199999999999534" classname="module_teal" name="evaluates_custom_qenv_call_after_filter_is_applied"/>
    <testcase time="0.00300000000000011" classname="module_teal" name="evaluates_custom_qenv_call_after_filter_is_applied"/>
    <testcase time="1.705" classname="module_teal" name="is_reactive_to_the_filter_changes"/>
    <testcase time="0.00200000000000955" classname="module_teal" name="is_reactive_to_the_filter_changes"/>
    <testcase time="0.00199999999999534" classname="module_teal" name="is_reactive_to_the_filter_changes"/>
    <testcase time="1.703" classname="module_teal" name="receives_all_possible_objects_while_those_not_specified_in_module_datanames_are_unfiltered"/>
    <testcase time="0.00199999999999534" classname="module_teal" name="receives_all_possible_objects_while_those_not_specified_in_module_datanames_are_unfiltered"/>
    <testcase time="0.700000000000003" classname="module_teal" name="throws_a_warning_when_transformator_returns_reactive.event"/>
    <testcase time="0.299999999999997" classname="module_teal" name="fails_when_transformator_doesn_t_return_reactive"/>
    <testcase time="0.391999999999996" classname="module_teal" name="fails_when_transformator_doesn_t_return_reactive"/>
    <testcase time="0.653000000000006" classname="module_teal" name="pauses_when_transformator_throws_validation_error"/>
    <testcase time="0.745999999999995" classname="module_teal" name="pauses_when_transformator_throws_validation_error"/>
    <testcase time="0.709000000000003" classname="module_teal" name="pauses_when_transformator_throws_qenv_error"/>
    <testcase time="0.748999999999995" classname="module_teal" name="isn_t_called_when_data_is_not_teal_data"/>
    <testcase time="1.238" classname="module_teal" name="changes_module_output_for_a_module_with_a_static_decorator"/>
    <testcase time="0.781000000000006" classname="module_teal" name="changes_module_output_for_a_module_with_a_decorator_that_is_a_function_of_an_object_name"/>
    <testcase time="0.867000000000004" classname="module_teal" name="changes_module_output_for_a_module_with_an_interactive_decorator"/>
    <testcase time="1.06099999999999" classname="module_teal" name="displays_Obs_only_column_if_all_datasets_have_no_join_keys"/>
    <testcase time="1.123" classname="module_teal" name="displays_Subjects_with_count_based_on_foreign_key_column"/>
    <testcase time="1.288" classname="module_teal" name="displays_parent_s_Subjects_with_count_based_on_primary_key"/>
    <testcase time="1.01600000000001" classname="module_teal" name="displays_parent_s_Subjects_with_count_based_on_primary_and_foreign_key"/>
    <testcase time="1.146" classname="module_teal" name="reflects_filters_and_displays_subjects_by_their_unique_id_count"/>
    <testcase time="1.449" classname="module_teal" name="reflects_added_filters_and_displays_subjects_by_their_unique_id_count"/>
    <testcase time="0.875" classname="module_teal" name="reflects_transformator_adding_new_dataset_if_specified_in_module"/>
    <testcase time="0.843000000000004" classname="module_teal" name="displays_parent_s_Subjects_with_count_based_on_primary_key"/>
    <testcase time="1.38199999999999" classname="module_teal" name="displays_only_module_datanames"/>
    <testcase time="0.975999999999999" classname="module_teal" name="displays_parent_before_child_when_join_keys_are_provided"/>
    <testcase time="0.942999999999998" classname="module_teal" name="displays_subset_of_module_datanames_if_not_sufficient"/>
    <testcase time="6.825" classname="module_teal" name="summary_table_displays_MAE_dataset_added_in_transformators"/>
    <testcase time="1.232" classname="module_teal" name="displays_unsupported_datasets"/>
    <testcase time="1.991" classname="module_teal" name="clicking_reset_button_restores_initial_filters_state_when_module_specific"/>
    <testcase time="0.0110000000000099" classname="module_teal" name="clicking_reset_button_restores_initial_filters_state_when_module_specific"/>
    <testcase time="2.91199999999999" classname="module_teal" name="clicking_reset_button_restores_initial_filters_with_respect_to_mapping_state_when_module_specific"/>
    <testcase time="0.0120000000000005" classname="module_teal" name="clicking_reset_button_restores_initial_filters_with_respect_to_mapping_state_when_module_specific"/>
    <testcase time="0.0120000000000005" classname="module_teal" name="clicking_reset_button_restores_initial_filters_with_respect_to_mapping_state_when_module_specific"/>
    <testcase time="0.902000000000001" classname="module_teal" name="are_detected_as_datanames_when_defined_as_all_"/>
    <testcase time="1.23399999999999" classname="module_teal" name="are_present_in_datanames_when_used_in_pre_processing_code"/>
    <testcase time="0.77300000000001" classname="module_teal" name="_when_used_as_non_native_pipe_are_present_in_datanames_in_the_pre_processing_code"/>
    <testcase time="0.85499999999999" classname="module_teal" name="is_fully_reproducible"/>
    <testcase time="0.00200000000000955" classname="module_teal" name="is_fully_reproducible"/>
    <testcase time="0.637" classname="module_teal" name="has_the_correct_code_with_hash_"/>
    <testcase time="0.688000000000002" classname="module_teal" name="teal_reporter_Add_to_report_button_contains_NULL_reason_when_module_s_server_returns_reactive_teal_report_object"/>
    <testcase time="0.686000000000007" classname="module_teal" name="teal_reporter_Add_to_report_button_contains_No_report_reason_when_module_s_server_doesn_t_return_reactive_teal_report"/>
    <testcase time="0.691000000000003" classname="module_teal" name="teal_reporter_Add_to_report_button_contains_error_reason_when_module_s_server_returns_an_error"/>
    <testcase time="0.692000000000007" classname="module_teal" name="teal_reporter_Add_to_report_button_contains_not_support_reporter_reason_when_module_s_server_returns_empty_teal_card"/>
    <testcase time="0.689999999999998" classname="module_teal" name="teal_reporter_Add_to_report_button_contains_is_disabled_reason_when_disabled_report"/>
    <testcase time="0.676999999999992" classname="module_teal" name="teal_reporter_Clicking_Add_Card_adds_a_card_to_the_reporter"/>
    <testcase time="0.0970000000000084" classname="module_teal" name="teal_reporter_Clicking_Add_Card_adds_a_card_to_the_reporter"/>
    <testcase time="0.768999999999977" classname="module_teal" name="teal_reporter_Card_added_to_the_report_contains_Data_preparation_element"/>
    <testcase time="0.775000000000006" classname="module_teal" name="teal_reporter_Card_added_to_the_report_contains_concatenated_code_chunks"/>
    <testcase time="0.786000000000001" classname="module_teal" name="teal_reporter_Card_added_to_the_report_contains_elements_added_in_a_module"/>
    <testcase time="0.933999999999997" classname="module_teal" name="teal_reporter_Card_added_to_the_report_contains_Filter_settings_section_teal_slices_yaml_and_code_if_filters_are_set"/>
    <testcase time="0.716000000000008" classname="module_teal" name="teal_src_Show_R_code_button_contains_no_code_is_available_reason_when_module_s_server_returns_NULL"/>
    <testcase time="0.700999999999993" classname="module_teal" name="teal_src_Show_R_code_button_contains_is_disabled_reason_when_disabled_source_code"/>
    <testcase time="0.718000000000018" classname="module_teal" name="teal_src_Show_R_code_button_contains_error_reason_when_module_s_server_returns_an_error"/>
    <testcase time="1.18699999999998" classname="module_teal" name="teal_src_Show_R_code_button_contains_not_support_source_code_reason_when_there_is_no_code"/>
    <testcase time="0.653999999999996" classname="module_teal" name="teal_src_Show_R_code_button_reason_is_null_when_there_is_working_code"/>
  </testsuite>
  <testsuite name="modules" timestamp="2025-10-30T09:56:18Z" hostname="5b010dd0d891" tests="79" skipped="0" failures="0" errors="0" time="0.335">
    <testcase time="0.0229999999999961" classname="modules" name="Calling_module_does_not_throw"/>
    <testcase time="0.00300000000001432" classname="modules" name="module_requires_label_argument_to_be_a_string_different_than_global_filters_"/>
    <testcase time="0.00499999999999545" classname="modules" name="module_requires_label_argument_to_be_a_string_different_than_global_filters_"/>
    <testcase time="0.00399999999999068" classname="modules" name="module_requires_label_argument_to_be_a_string_different_than_global_filters_"/>
    <testcase time="0.00500000000002387" classname="modules" name="module_requires_label_argument_to_be_a_string_different_than_global_filters_"/>
    <testcase time="0.00399999999999068" classname="modules" name="module_requires_label_argument_to_be_a_string_different_than_global_filters_"/>
    <testcase time="0.00399999999999068" classname="modules" name="module_warns_when_server_contains_datasets_argument"/>
    <testcase time="0.00300000000001432" classname="modules" name="module_expects_server_being_a_shiny_server_module_with_any_argument"/>
    <testcase time="0.00199999999998113" classname="modules" name="module_expects_server_being_a_shiny_server_module_with_any_argument"/>
    <testcase time="0.00100000000000477" classname="modules" name="module_expects_server_being_a_shiny_server_module_with_any_argument"/>
    <testcase time="0.00499999999999545" classname="modules" name="module_expects_server_being_a_shiny_server_module_with_any_argument"/>
    <testcase time="0.0040000000000191" classname="modules" name="module_expects_server_being_a_shiny_server_module_with_any_argument"/>
    <testcase time="0.0029999999999859" classname="modules" name="module_requires_server_args_argument_to_be_a_list"/>
    <testcase time="0.00200000000000955" classname="modules" name="module_requires_server_args_argument_to_be_a_list"/>
    <testcase time="0.00100000000000477" classname="modules" name="module_requires_server_args_argument_to_be_a_list"/>
    <testcase time="0.00499999999999545" classname="modules" name="module_requires_server_args_argument_to_be_a_list"/>
    <testcase time="0.00399999999999068" classname="modules" name="module_requires_server_args_argument_to_be_a_list"/>
    <testcase time="0.0040000000000191" classname="modules" name="module_expects_all_server_args_being_a_server_arguments_or_passed_through_..._"/>
    <testcase time="0.00199999999998113" classname="modules" name="module_expects_all_server_args_being_a_server_arguments_or_passed_through_..._"/>
    <testcase time="0.00399999999999068" classname="modules" name="module_expects_all_server_args_being_a_server_arguments_or_passed_through_..._"/>
    <testcase time="0.0040000000000191" classname="modules" name="module_requires_ui_args_argument_to_be_a_list"/>
    <testcase time="0.00100000000000477" classname="modules" name="module_requires_ui_args_argument_to_be_a_list"/>
    <testcase time="0.00199999999998113" classname="modules" name="module_requires_ui_args_argument_to_be_a_list"/>
    <testcase time="0.0040000000000191" classname="modules" name="module_requires_ui_args_argument_to_be_a_list"/>
    <testcase time="0.00499999999999545" classname="modules" name="module_requires_ui_args_argument_to_be_a_list"/>
    <testcase time="0.00600000000000023" classname="modules" name="module_throws_when_ui_has_data_or_datasets_argument"/>
    <testcase time="0.00399999999999068" classname="modules" name="module_throws_when_ui_has_data_or_datasets_argument"/>
    <testcase time="0.00399999999999068" classname="modules" name="module_expects_ui_being_a_shiny_ui_module_with_any_argument"/>
    <testcase time="0.00100000000000477" classname="modules" name="module_expects_ui_being_a_shiny_ui_module_with_any_argument"/>
    <testcase time="0.00499999999999545" classname="modules" name="module_expects_ui_being_a_shiny_ui_module_with_any_argument"/>
    <testcase time="0.00300000000001432" classname="modules" name="module_expects_all_ui_args_being_a_ui_arguments_or_passed_through_..._"/>
    <testcase time="0.00200000000000955" classname="modules" name="module_expects_all_ui_args_being_a_ui_arguments_or_passed_through_..._"/>
    <testcase time="0.00399999999999068" classname="modules" name="module_expects_all_ui_args_being_a_ui_arguments_or_passed_through_..._"/>
    <testcase time="0.00399999999999068" classname="modules" name="module_requires_datanames_argument_to_be_a_character_or_NULL"/>
    <testcase time="0.00100000000000477" classname="modules" name="module_requires_datanames_argument_to_be_a_character_or_NULL"/>
    <testcase time="0.00200000000000955" classname="modules" name="module_requires_datanames_argument_to_be_a_character_or_NULL"/>
    <testcase time="0.00499999999999545" classname="modules" name="module_requires_datanames_argument_to_be_a_character_or_NULL"/>
    <testcase time="0.00100000000000477" classname="modules" name="module_requires_datanames_argument_to_be_a_character_or_NULL"/>
    <testcase time="0.00399999999999068" classname="modules" name="module_returns_list_of_class_teal_module_containing_input_objects"/>
    <testcase time="0.00100000000000477" classname="modules" name="module_returns_list_of_class_teal_module_containing_input_objects"/>
    <testcase time="0.00100000000000477" classname="modules" name="module_returns_list_of_class_teal_module_containing_input_objects"/>
    <testcase time="0.00199999999998113" classname="modules" name="module_returns_list_of_class_teal_module_containing_input_objects"/>
    <testcase time="0.00100000000000477" classname="modules" name="module_returns_list_of_class_teal_module_containing_input_objects"/>
    <testcase time="0.00100000000000477" classname="modules" name="module_returns_list_of_class_teal_module_containing_input_objects"/>
    <testcase time="0.00200000000000955" classname="modules" name="module_returns_list_of_class_teal_module_containing_input_objects"/>
    <testcase time="0.00100000000000477" classname="modules" name="module_returns_list_of_class_teal_module_containing_input_objects"/>
    <testcase time="0.000999999999976353" classname="modules" name="module_returns_list_of_class_teal_module_containing_input_objects"/>
    <testcase time="0.007000000000005" classname="modules" name="modules_gives_error_if_no_arguments_other_than_label_are_used"/>
    <testcase time="0.0040000000000191" classname="modules" name="modules_gives_error_if_no_arguments_other_than_label_are_used"/>
    <testcase time="0.00399999999999068" classname="modules" name="modules_requires_label_argument_to_be_a_string_"/>
    <testcase time="0.00399999999999068" classname="modules" name="modules_requires_label_argument_to_be_a_string_"/>
    <testcase time="0.00499999999999545" classname="modules" name="modules_requires_label_argument_to_be_a_string_"/>
    <testcase time="0.0040000000000191" classname="modules" name="modules_accept_teal_module_in_..."/>
    <testcase time="0.0029999999999859" classname="modules" name="modules_accept_multiple_teal_module_objects_in_..."/>
    <testcase time="0.0040000000000191" classname="modules" name="modules_accept_multiple_teal_module_and_teal_modules_objects_in_..."/>
    <testcase time="0.00699999999997658" classname="modules" name="modules_does_not_accept_objects_other_than_teal_module_s_in_..."/>
    <testcase time="0.007000000000005" classname="modules" name="modules_does_not_accept_objects_other_than_teal_module_s_in_..."/>
    <testcase time="0.00399999999999068" classname="modules" name="modules_returns_teal_modules_object_with_label_and_children_slot"/>
    <testcase time="0.00100000000000477" classname="modules" name="modules_returns_teal_modules_object_with_label_and_children_slot"/>
    <testcase time="0.0040000000000191" classname="modules" name="modules_returns_children_as_list_and_changes_their_path_to_match_group_they_are_grouped_by"/>
    <testcase time="0.00699999999997658" classname="modules" name="modules_returns_useful_error_message_if_label_argument_not_explicitly_named"/>
    <testcase time="0.00500000000002387" classname="modules" name="modules_returns_children_as_list_with_unique_path_if_labels_are_duplicated"/>
    <testcase time="0.00699999999997658" classname="modules" name="is_arg_used_throws_error_if_object_is_not_teal_module_or_teal_modules"/>
    <testcase time="0.0040000000000191" classname="modules" name="is_arg_used_throws_error_if_object_is_not_teal_module_or_teal_modules"/>
    <testcase time="0.00499999999999545" classname="modules" name="is_arg_used_returns_true_if_teal_module_has_given_arg_in_server_function_args"/>
    <testcase time="0.00499999999999545" classname="modules" name="is_arg_used_returns_false_if_teal_module_does_not_have_reporter_in_server_function_args"/>
    <testcase time="0.00499999999999545" classname="modules" name="is_arg_used_returns_false_if_teal_modules_has_no_children_using_given_arg_"/>
    <testcase time="0.0040000000000191" classname="modules" name="is_arg_used_returns_false_if_teal_modules_has_no_children_using_given_arg_"/>
    <testcase time="0.00499999999999545" classname="modules" name="is_arg_used_returns_true_if_teal_modules_has_at_least_one_child_using_given_arg_"/>
    <testcase time="0.0029999999999859" classname="modules" name="is_arg_used_returns_true_if_teal_modules_has_at_least_one_child_using_given_arg_"/>
    <testcase time="0.00300000000001432" classname="modules" name="is_arg_used_returns_true_if_teal_modules_has_at_least_one_child_using_given_arg_"/>
    <testcase time="0.00499999999999545" classname="modules" name="is_arg_used_returns_TRUE_FALSE_when_the_arg_is_in_function_formals"/>
    <testcase time="0.0029999999999859" classname="modules" name="is_arg_used_returns_TRUE_FALSE_when_the_arg_is_in_function_formals"/>
    <testcase time="0.007000000000005" classname="modules" name="is_arg_used_accepts_arg_to_be_a_string_only"/>
    <testcase time="0.02800000000002" classname="modules" name="is_arg_used_accepts_arg_to_be_a_string_only"/>
    <testcase time="0.00499999999999545" classname="modules" name="is_arg_used_accepts_arg_to_be_a_string_only"/>
    <testcase time="0.00799999999998136" classname="modules" name="format.teal_modules_returns_proper_structure"/>
    <testcase time="0.0040000000000191" classname="modules" name="module_datanames_is_appended_by_its_transformators_datanames"/>
    <testcase time="0.00399999999999068" classname="modules" name="module_datanames_stays_all_regardless_of_transformators"/>
  </testsuite>
  <testsuite name="shinytest2-data_summary" timestamp="2025-10-30T09:56:19Z" hostname="5b010dd0d891" tests="7" skipped="7" failures="0" errors="0" time="0.079">
    <testcase time="0.00600000000000023" classname="shinytest2_data_summary" name="e2e_data_summary_just_list_the_unfilterable_objects_at_the_bottom_when_provided">
      <skipped message="Reason: testing depth 3 is below current testing specification 5 ('test-shinytest2-data_summary.R:2:3')"/>
    </testcase>
    <testcase time="0.0120000000000005" classname="shinytest2_data_summary" name="e2e_data_summary_table_is_displayed_with_2_columns_data_without_keys">
      <skipped message="Reason: testing depth 3 is below current testing specification 5 ('test-shinytest2-data_summary.R:19:3')"/>
    </testcase>
    <testcase time="0.0120000000000005" classname="shinytest2_data_summary" name="e2e_data_summary_table_displays_datasets_by_topological_sort_of_join_keys">
      <skipped message="Reason: testing depth 3 is below current testing specification 5 ('test-shinytest2-data_summary.R:40:3')"/>
    </testcase>
    <testcase time="0.0130000000000052" classname="shinytest2_data_summary" name="e2e_data_summary_table_is_displayed_with_3_columns_for_data_with_join_keys">
      <skipped message="Reason: testing depth 3 is below current testing specification 5 ('test-shinytest2-data_summary.R:59:3')"/>
    </testcase>
    <testcase time="0.0120000000000005" classname="shinytest2_data_summary" name="e2e_data_summary_table_does_not_list_unsupported_objects">
      <skipped message="Reason: testing depth 3 is below current testing specification 5 ('test-shinytest2-data_summary.R:84:3')"/>
    </testcase>
    <testcase time="0.0120000000000005" classname="shinytest2_data_summary" name="e2e_data_summary_table_displays_datasets_by_names_order_if_no_join_keys">
      <skipped message="Reason: testing depth 3 is below current testing specification 5 ('test-shinytest2-data_summary.R:122:3')"/>
    </testcase>
    <testcase time="0.0120000000000005" classname="shinytest2_data_summary" name="e2e_data_summary_UI_can_be_collpased_and_expanded_bslib_regression_">
      <skipped message="Reason: testing depth 3 is below current testing specification 5 ('test-shinytest2-data_summary.R:137:3')"/>
    </testcase>
  </testsuite>
  <testsuite name="shinytest2-decorators" timestamp="2025-10-30T09:56:19Z" hostname="5b010dd0d891" tests="2" skipped="2" failures="0" errors="0" time="0.039">
    <testcase time="0.0269999999999868" classname="shinytest2_decorators" name="e2e_module_with_decorator_UI_and_output_is_modified_interactively_upon_changes_in_decorator">
      <skipped message="Reason: testing depth 3 is below current testing specification 5 ('test-shinytest2-decorators.R:5:3')"/>
    </testcase>
    <testcase time="0.0120000000000005" classname="shinytest2_decorators" name="e2e_module_with_decorator_where_server_fails_shows_shiny_error_message">
      <skipped message="Reason: testing depth 3 is below current testing specification 5 ('test-shinytest2-decorators.R:72:3')"/>
    </testcase>
    <testcase time="0.01400000000001" classname="character(0)" name="_unnamed_">
      <skipped message="Reason: testing depth 3 is below current testing specification 5 ('test-shinytest2-disable_report.R:2:1')"/>
    </testcase>
    <testcase time="0.0120000000000005" classname="character(0)" name="_unnamed_">
      <skipped message="Reason: testing depth 3 is below current testing specification 5 ('test-shinytest2-disable_src.R:2:1')"/>
    </testcase>
  </testsuite>
  <testsuite name="shinytest2-filter_manager" timestamp="2025-10-30T09:56:19Z" hostname="5b010dd0d891" tests="3" skipped="3" failures="0" errors="0" time="0.039">
    <testcase time="0.0130000000000052" classname="shinytest2_filter_manager" name="e2e_wunder_bar_srv_clicking_filter_icon_opens_filter_manager_modal">
      <skipped message="Reason: testing depth 3 is below current testing specification 5 ('test-shinytest2-filter_manager.R:5:3')"/>
    </testcase>
  </testsuite>
  <testsuite name="shinytest2-filter_panel" timestamp="2025-10-30T09:56:19Z" hostname="5b010dd0d891" tests="4" skipped="4" failures="0" errors="0" time="0.051">
    <testcase time="0.0149999999999864" classname="shinytest2_filter_panel" name="e2e_module_content_is_updated_when_data_is_filtered_in_filter_panel">
      <skipped message="Reason: testing depth 3 is below current testing specification 5 ('test-shinytest2-filter_panel.R:5:3')"/>
    </testcase>
    <testcase time="0.0120000000000005" classname="shinytest2_filter_panel" name="e2e_filtering_a_module_specific_filter_is_reflected_in_other_shared_module">
      <skipped message="Reason: testing depth 3 is below current testing specification 5 ('test-shinytest2-filter_panel.R:34:3')"/>
    </testcase>
    <testcase time="0.0120000000000005" classname="shinytest2_filter_panel" name="e2e_filtering_a_module_specific_filter_is_not_reflected_in_other_unshared_modules">
      <skipped message="Reason: testing depth 3 is below current testing specification 5 ('test-shinytest2-filter_panel.R:70:3')"/>
    </testcase>
    <testcase time="0.0120000000000005" classname="shinytest2_filter_panel" name="e2e_filter_panel_UI_can_be_collpased_and_expanded_bslib_regression_">
      <skipped message="Reason: testing depth 3 is below current testing specification 5 ('test-shinytest2-filter_panel.R:103:3')"/>
    </testcase>
  </testsuite>
  <testsuite name="shinytest2-init" timestamp="2025-10-30T09:56:19Z" hostname="5b010dd0d891" tests="3" skipped="3" failures="0" errors="0" time="0.04">
    <testcase time="0.0159999999999911" classname="shinytest2_init" name="e2e_teal_app_initializes_with_no_errors">
      <skipped message="Reason: testing depth 3 is below current testing specification 5 ('test-shinytest2-init.R:5:3')"/>
    </testcase>
    <testcase time="0.0120000000000005" classname="shinytest2_init" name="e2e_teal_app_initializes_with_sessionInfo_modal">
      <skipped message="Reason: testing depth 3 is below current testing specification 5 ('test-shinytest2-init.R:18:3')"/>
    </testcase>
    <testcase time="0.0120000000000005" classname="shinytest2_init" name="e2e_init_creates_UI_containing_specified_title_favicon_header_and_footer">
      <skipped message="Reason: testing depth 3 is below current testing specification 5 ('test-shinytest2-init.R:75:3')"/>
    </testcase>
  </testsuite>
  <testsuite name="shinytest2-landing_popup" timestamp="2025-10-30T09:56:19Z" hostname="5b010dd0d891" tests="5" skipped="5" failures="0" errors="0" time="0.064">
    <testcase time="0.0150000000000148" classname="shinytest2_landing_popup" name="e2e_teal_app_with_landing_popup_module_initializes_with_no_errors">
      <skipped message="Reason: testing depth 3 is below current testing specification 5 ('test-shinytest2-landing_popup.R:5:3')"/>
    </testcase>
    <testcase time="0.0120000000000005" classname="shinytest2_landing_popup" name="e2e_app_with_default_landing_popup_module_creates_modal_containing_a_button">
      <skipped message="Reason: testing depth 3 is below current testing specification 5 ('test-shinytest2-landing_popup.R:25:3')"/>
    </testcase>
    <testcase time="0.0120000000000005" classname="shinytest2_landing_popup" name="e2e_when_default_landing_popup_module_is_closed_it_shows_the_underlying_teal_app">
      <skipped message="Reason: testing depth 3 is below current testing specification 5 ('test-shinytest2-landing_popup.R:45:3')"/>
    </testcase>
    <testcase time="0.0130000000000052" classname="shinytest2_landing_popup" name="e2e_app_with_customized_landing_popup_module_creates_modal_containing_specified_title_content_and_buttons">
      <skipped message="Reason: testing depth 3 is below current testing specification 5 ('test-shinytest2-landing_popup.R:71:5')"/>
    </testcase>
    <testcase time="0.0120000000000005" classname="shinytest2_landing_popup" name="e2e_when_customized_button_in_landing_popup_module_is_clicked_it_redirects_to_a_certain_page">
      <skipped message="Reason: testing depth 3 is below current testing specification 5 ('test-shinytest2-landing_popup.R:139:3')"/>
    </testcase>
    <testcase time="0.0139999999999816" classname="character(0)" name="_unnamed_">
      <skipped message="Reason: testing depth 3 is below current testing specification 5 ('test-shinytest2-module_bookmark_manager.R:3:1')"/>
    </testcase>
  </testsuite>
  <testsuite name="shinytest2-modules" timestamp="2025-10-30T09:56:19Z" hostname="5b010dd0d891" tests="5" skipped="5" failures="0" errors="0" time="0.063">
    <testcase time="0.0130000000000052" classname="shinytest2_modules" name="e2e_the_module_server_logic_is_only_triggered_when_the_teal_module_becomes_active">
      <skipped message="Reason: testing depth 3 is below current testing specification 5 ('test-shinytest2-modules.R:5:3')"/>
    </testcase>
    <testcase time="0.0120000000000005" classname="shinytest2_modules" name="e2e_filter_panel_only_shows_the_data_supplied_using_datanames">
      <skipped message="Reason: testing depth 3 is below current testing specification 5 ('test-shinytest2-modules.R:44:3')"/>
    </testcase>
    <testcase time="0.0120000000000005" classname="shinytest2_modules" name="e2e_filter_panel_shows_all_the_datasets_when_datanames_is_all">
      <skipped message="Reason: testing depth 3 is below current testing specification 5 ('test-shinytest2-modules.R:62:3')"/>
    </testcase>
    <testcase time="0.0120000000000005" classname="shinytest2_modules" name="e2e_nested_modules_layout_in_navigation_respect_order_and_keeps_group_names">
      <skipped message="Reason: testing depth 3 is below current testing specification 5 ('test-shinytest2-modules.R:78:3')"/>
    </testcase>
  </testsuite>
  <testsuite name="shinytest2-reporter" timestamp="2025-10-30T09:56:19Z" hostname="5b010dd0d891" tests="5" skipped="5" failures="0" errors="0" time="0.064">
    <testcase time="0.0149999999999864" classname="shinytest2_reporter" name="e2e_reporter_tab_is_visible_when_reporter_is_specified_default_">
      <skipped message="Reason: testing depth 3 is below current testing specification 5 ('test-shinytest2-reporter.R:5:3')"/>
    </testcase>
    <testcase time="0.0120000000000005" classname="shinytest2_reporter" name="e2e_reporter_tab_is_visible_when_the_teal_ui_creation_is_delayed">
      <skipped message="Reason: testing depth 3 is below current testing specification 5 ('test-shinytest2-reporter.R:18:3')"/>
    </testcase>
    <testcase time="0.0120000000000005" classname="shinytest2_reporter" name="e2e_reporter_card_can_be_customized">
      <skipped message="Reason: TODO ('test-shinytest2-reporter.R:53:3')"/>
    </testcase>
    <testcase time="0.0120000000000005" classname="shinytest2_reporter" name="e2e_reporter_tab_is_not_created_if_app_has_no_reporter">
      <skipped message="Reason: testing depth 3 is below current testing specification 5 ('test-shinytest2-reporter.R:57:3')"/>
    </testcase>
    <testcase time="0.0130000000000052" classname="shinytest2_reporter" name="e2e_adding_a_report_card_in_a_module_adds_it_in_the_report_previewer_tab">
      <skipped message="Reason: testing depth 3 is below current testing specification 5 ('test-shinytest2-reporter.R:70:3')"/>
    </testcase>
    <testcase time="0.0150000000000148" classname="character(0)" name="_unnamed_">
      <skipped message="Reason: testing depth 3 is below current testing specification 5 ('test-shinytest2-show-rcode.R:4:1')"/>
    </testcase>
  </testsuite>
  <testsuite name="shinytest2-snapshot_manager" timestamp="2025-10-30T09:56:19Z" hostname="5b010dd0d891" tests="2" skipped="2" failures="0" errors="0" time="0.028">
    <testcase time="0.0130000000000052" classname="shinytest2_snapshot_manager" name="e2e_wunder_bar_srv_clicking_snapshot_icon_opens_snapshot_manager_modal">
      <skipped message="Reason: testing depth 3 is below current testing specification 5 ('test-shinytest2-snapshot_manager.R:2:3')"/>
    </testcase>
  </testsuite>
  <testsuite name="shinytest2-teal_data_module" timestamp="2025-10-30T09:56:19Z" hostname="5b010dd0d891" tests="11" skipped="11" failures="0" errors="0" time="0.144">
    <testcase time="0.0159999999999911" classname="shinytest2_teal_data_module" name="e2e_teal_data_module_Load_data_button_is_shown_when_once_FALSE">
      <skipped message="Reason: testing depth 3 is below current testing specification 5 ('test-shinytest2-teal_data_module.R:28:3')"/>
    </testcase>
    <testcase time="0.0120000000000005" classname="shinytest2_teal_data_module" name="e2e_teal_data_module_Load_data_button_is_not_shown_when_once_TRUE">
      <skipped message="Reason: testing depth 3 is below current testing specification 5 ('test-shinytest2-teal_data_module.R:40:3')"/>
    </testcase>
    <testcase time="0.0120000000000005" classname="shinytest2_teal_data_module" name="e2e_teal_data_module_shows_modal_on_startup_when_data_isn_t_ready">
      <skipped message="Reason: testing depth 3 is below current testing specification 5 ('test-shinytest2-teal_data_module.R:52:3')"/>
    </testcase>
    <testcase time="0.0209999999999866" classname="shinytest2_teal_data_module" name="e2e_teal_data_module_auto_closes_modal_when_once_TRUE_and_data_is_ready_clicked_submit_">
      <skipped message="Reason: testing depth 3 is below current testing specification 5 ('test-shinytest2-teal_data_module.R:64:3')"/>
    </testcase>
    <testcase time="0.0130000000000052" classname="shinytest2_teal_data_module" name="e2e_teal_data_module_auto_closes_modal_when_once_TRUE_and_data_is_ready">
      <skipped message="Reason: testing depth 3 is below current testing specification 5 ('test-shinytest2-teal_data_module.R:77:3')"/>
    </testcase>
    <testcase time="0.0109999999999957" classname="shinytest2_teal_data_module" name="e2e_teal_data_module_doesn_t_auto_close_when_once_FALSE_and_data_is_ready_clicked_submit_">
      <skipped message="Reason: testing depth 3 is below current testing specification 5 ('test-shinytest2-teal_data_module.R:89:3')"/>
    </testcase>
    <testcase time="0.0109999999999957" classname="shinytest2_teal_data_module" name="e2e_teal_data_module_doesn_t_auto_close_when_once_FALSE_and_data_is_ready_no_submit_">
      <skipped message="Reason: testing depth 3 is below current testing specification 5 ('test-shinytest2-teal_data_module.R:102:3')"/>
    </testcase>
    <testcase time="0.0120000000000005" classname="shinytest2_teal_data_module" name="e2e_teal_data_module_modal_close_button_is_enabled_from_disabled_when_data_is_ready">
      <skipped message="Reason: testing depth 3 is below current testing specification 5 ('test-shinytest2-teal_data_module.R:114:3')"/>
    </testcase>
    <testcase time="0.0120000000000005" classname="shinytest2_teal_data_module" name="e2e_datasets_from_teal_data_module_show_in_filter_panel">
      <skipped message="Reason: testing depth 3 is below current testing specification 5 ('test-shinytest2-teal_data_module.R:132:3')"/>
    </testcase>
    <testcase time="0.0120000000000005" classname="shinytest2_teal_data_module" name="e2e_teal_data_module_shows_validation_errors">
      <skipped message="Reason: testing depth 3 is below current testing specification 5 ('test-shinytest2-teal_data_module.R:160:3')"/>
    </testcase>
    <testcase time="0.0120000000000005" classname="shinytest2_teal_data_module" name="e2e_teal_data_module_inputs_change_teal_data_object_that_is_passed_to_teal_main_UI">
      <skipped message="Reason: testing depth 3 is below current testing specification 5 ('test-shinytest2-teal_data_module.R:194:3')"/>
    </testcase>
    <testcase time="0.01400000000001" classname="character(0)" name="_unnamed_">
      <skipped message="Reason: testing depth 3 is below current testing specification 5 ('test-shinytest2-teal_modifiers.R:3:1')"/>
    </testcase>
  </testsuite>
  <testsuite name="shinytest2-teal_slices" timestamp="2025-10-30T09:56:19Z" hostname="5b010dd0d891" tests="3" skipped="3" failures="0" errors="0" time="0.04">
    <testcase time="0.0139999999999816" classname="shinytest2_teal_slices" name="e2e_teal_slices_filters_are_initialized_when_global_filters_are_created">
      <skipped message="Reason: testing depth 3 is below current testing specification 5 ('test-shinytest2-teal_slices.R:5:3')"/>
    </testcase>
    <testcase time="0.0120000000000005" classname="shinytest2_teal_slices" name="e2e_teal_slices_filters_are_initialized_when_module_specific_filters_are_created">
      <skipped message="Reason: testing depth 3 is below current testing specification 5 ('test-shinytest2-teal_slices.R:50:3')"/>
    </testcase>
  </testsuite>
  <testsuite name="teal_data_module-eval_code" timestamp="2025-10-30T09:56:19Z" hostname="5b010dd0d891" tests="20" skipped="0" failures="0" errors="0" time="0.189">
    <testcase time="0.0150000000000148" classname="teal_data_module_eval_code" name="within.teal_data_module_returns_an_object_with_teal_data_module_class"/>
    <testcase time="0.00399999999999068" classname="teal_data_module_eval_code" name="eval_code.teal_data_module_ui_has_modified_namespace_for_id"/>
    <testcase time="0.00100000000000477" classname="teal_data_module_eval_code" name="eval_code.teal_data_module_ui_has_modified_namespace_for_id"/>
    <testcase time="0.00200000000000955" classname="teal_data_module_eval_code" name="eval_code.teal_data_module_ui_has_modified_namespace_for_id"/>
    <testcase time="0.032999999999987" classname="teal_data_module_eval_code" name="within.teal_data_module_modifies_the_reactive_tea_data_object"/>
    <testcase time="0.00200000000000955" classname="teal_data_module_eval_code" name="within.teal_data_module_modifies_the_reactive_tea_data_object"/>
    <testcase time="0.0380000000000109" classname="teal_data_module_eval_code" name="eval_code.teal_data_module_will_execute_several_times_until_error"/>
    <testcase time="0.00899999999998613" classname="teal_data_module_eval_code" name="eval_code.teal_data_module_will_execute_several_times_until_error"/>
    <testcase time="0.00200000000000955" classname="teal_data_module_eval_code" name="eval_code.teal_data_module_will_execute_several_times_until_error"/>
    <testcase time="0.0149999999999864" classname="teal_data_module_eval_code" name="eval_code.teal_data_module_throws_error_when_original_teal_data_module_result_is_not_reactive"/>
    <testcase time="0.0250000000000057" classname="teal_data_module_eval_code" name="eval_code.teal_data_module_propagates_qenv_error_from_the_original_first_call"/>
    <testcase time="0.00100000000000477" classname="teal_data_module_eval_code" name="eval_code.teal_data_module_propagates_qenv_error_from_the_original_first_call"/>
    <testcase time="0.0120000000000005" classname="teal_data_module_eval_code" name="eval_code.teal_data_module_handles_an_arbitrary_object_other_than_teal_data_or_qenv.error_"/>
    <testcase time="0.00100000000000477" classname="teal_data_module_eval_code" name="eval_code.teal_data_module_handles_an_arbitrary_object_other_than_teal_data_or_qenv.error_"/>
    <testcase time="0.0129999999999768" classname="teal_data_module_eval_code" name="eval_code.teal_data_module_handles_a_NULL_result"/>
    <testcase time="0.00200000000000955" classname="teal_data_module_eval_code" name="eval_code.teal_data_module_handles_a_NULL_result"/>
    <testcase time="0.00499999999999545" classname="teal_data_module_eval_code" name="teal_data_module_preserves_once_attribute_after_calling_eval_code_and_within"/>
    <testcase time="0.00300000000001432" classname="teal_data_module_eval_code" name="teal_data_module_preserves_once_attribute_after_calling_eval_code_and_within"/>
    <testcase time="0.0029999999999859" classname="teal_data_module_eval_code" name="teal_data_module_preserves_once_attribute_after_calling_eval_code_and_within"/>
    <testcase time="0.00300000000001432" classname="teal_data_module_eval_code" name="teal_data_module_preserves_once_attribute_after_calling_eval_code_and_within"/>
  </testsuite>
  <testsuite name="teal_data_module" timestamp="2025-10-30T09:56:19Z" hostname="5b010dd0d891" tests="4" skipped="0" failures="0" errors="0" time="0.025">
    <testcase time="0.00600000000000023" classname="teal_data_module" name="teal_data_module_returns_teal_data_module"/>
    <testcase time="0.007000000000005" classname="teal_data_module" name="teal_data_module_throws_when_ui_has_other_formals_than_id_only"/>
    <testcase time="0.00699999999997658" classname="teal_data_module" name="teal_data_module_throws_when_server_has_other_formals_than_id_only"/>
    <testcase time="0.00500000000002387" classname="teal_data_module" name="teal_data_module_throws_when_server_has_other_formals_than_id_only"/>
  </testsuite>
  <testsuite name="teal_modifiers" timestamp="2025-10-30T09:56:19Z" hostname="5b010dd0d891" tests="47" skipped="0" failures="0" errors="0" time="3.959">
    <testcase time="0.0629999999999882" classname="teal_modifiers" name="returns_a_teal_app_object"/>
    <testcase time="0.0589999999999975" classname="teal_modifiers" name="accepts_character_title"/>
    <testcase time="0.0579999999999927" classname="teal_modifiers" name="accepts_shiny.tag_title"/>
    <testcase time="0.0589999999999975" classname="teal_modifiers" name="accepts_shiny.tag.list_title"/>
    <testcase time="0.061000000000007" classname="teal_modifiers" name="accepts_html_class_title"/>
    <testcase time="0.0680000000000121" classname="teal_modifiers" name="uses_default_favicon_when_NULL"/>
    <testcase time="0.0589999999999975" classname="teal_modifiers" name="accepts_custom_favicon_path"/>
    <testcase time="0.00699999999997658" classname="teal_modifiers" name="throws_error_when_x_is_not_teal_app"/>
    <testcase time="0.061000000000007" classname="teal_modifiers" name="throws_error_when_title_is_invalid_type"/>
    <testcase time="0.0620000000000118" classname="teal_modifiers" name="throws_error_when_favicon_is_not_string"/>
    <testcase time="0.233000000000004" classname="teal_modifiers" name="modified_UI_function_can_be_called"/>
    <testcase time="0.0669999999999789" classname="teal_modifiers" name="returns_a_teal_app_object"/>
    <testcase time="0.0600000000000023" classname="teal_modifiers" name="accepts_shiny.tag_element"/>
    <testcase time="0.0589999999999975" classname="teal_modifiers" name="accepts_shiny.tag.list_element"/>
    <testcase time="0.0589999999999975" classname="teal_modifiers" name="accepts_character_element"/>
    <testcase time="0.0590000000000259" classname="teal_modifiers" name="accepts_html_class_element"/>
    <testcase time="0.0589999999999975" classname="teal_modifiers" name="uses_default_element_when_not_specified"/>
    <testcase time="0.0180000000000007" classname="teal_modifiers" name="throws_error_when_x_is_not_teal_app"/>
    <testcase time="0.0630000000000166" classname="teal_modifiers" name="throws_error_when_element_is_invalid_type"/>
    <testcase time="0.228000000000009" classname="teal_modifiers" name="modified_UI_function_can_be_called"/>
    <testcase time="0.0599999999999739" classname="teal_modifiers" name="returns_a_teal_app_object"/>
    <testcase time="0.0590000000000259" classname="teal_modifiers" name="accepts_shiny.tag_element"/>
    <testcase time="0.0589999999999975" classname="teal_modifiers" name="accepts_shiny.tag.list_element"/>
    <testcase time="0.0579999999999927" classname="teal_modifiers" name="accepts_character_element"/>
    <testcase time="0.0579999999999927" classname="teal_modifiers" name="accepts_html_class_element"/>
    <testcase time="0.0589999999999975" classname="teal_modifiers" name="uses_default_element_when_not_specified"/>
    <testcase time="0.007000000000005" classname="teal_modifiers" name="throws_error_when_x_is_not_teal_app"/>
    <testcase time="0.0660000000000025" classname="teal_modifiers" name="throws_error_when_element_is_invalid_type"/>
    <testcase time="0.240000000000009" classname="teal_modifiers" name="modified_UI_function_can_be_called"/>
    <testcase time="0.0609999999999786" classname="teal_modifiers" name="returns_a_teal_app_object"/>
    <testcase time="0.0590000000000259" classname="teal_modifiers" name="accepts_character_title"/>
    <testcase time="0.0579999999999927" classname="teal_modifiers" name="accepts_NULL_title"/>
    <testcase time="0.0589999999999975" classname="teal_modifiers" name="accepts_character_content"/>
    <testcase time="0.0589999999999975" classname="teal_modifiers" name="accepts_shiny.tag_content"/>
    <testcase time="0.0579999999999927" classname="teal_modifiers" name="accepts_shiny.tag.list_content"/>
    <testcase time="0.0579999999999927" classname="teal_modifiers" name="accepts_html_content"/>
    <testcase time="0.0580000000000211" classname="teal_modifiers" name="accepts_NULL_content"/>
    <testcase time="0.0579999999999927" classname="teal_modifiers" name="accepts_custom_footer"/>
    <testcase time="0.061000000000007" classname="teal_modifiers" name="uses_default_footer_when_not_specified"/>
    <testcase time="0.00799999999998136" classname="teal_modifiers" name="throws_error_when_x_is_not_teal_app"/>
    <testcase time="0.274000000000001" classname="teal_modifiers" name="server_function_executes_with_character_content"/>
    <testcase time="0.255000000000024" classname="teal_modifiers" name="server_function_executes_with_tag_content"/>
    <testcase time="0.268999999999977" classname="teal_modifiers" name="server_function_executes_with_NULL_title_and_content"/>
    <testcase time="0.254000000000019" classname="teal_modifiers" name="server_function_executes_with_tagList_content"/>
    <testcase time="0.0619999999999834" classname="teal_modifiers" name="modify_title_modify_header_and_modify_footer_can_be_chained"/>
    <testcase time="0.0600000000000023" classname="teal_modifiers" name="add_landing_modal_can_be_chained_with_other_modifiers"/>
    <testcase time="0.0600000000000023" classname="teal_modifiers" name="all_modifiers_can_be_chained_together"/>
  </testsuite>
  <testsuite name="teal_reporter" timestamp="2025-10-30T09:56:23Z" hostname="5b010dd0d891" tests="19" skipped="0" failures="0" errors="0" time="0.166">
    <testcase time="0.0680000000000121" classname="teal_reporter" name="TealReportCard_object_can_be_initialized"/>
    <testcase time="0.00600000000000023" classname="teal_reporter" name="TealReportCard_inherits_from_ReportCard"/>
    <testcase time="0.00600000000000023" classname="teal_reporter" name="TealReportCard_new_returns_an_object_of_type_TealReportCard"/>
    <testcase time="0.00600000000000023" classname="teal_reporter" name="TealReportCard_get_content_returns_content_with_metadata"/>
    <testcase time="0.00100000000000477" classname="teal_reporter" name="TealReportCard_get_content_returns_content_with_metadata"/>
    <testcase time="0.00200000000000955" classname="teal_reporter" name="TealReportCard_get_content_returns_content_with_metadata"/>
    <testcase time="0.00100000000000477" classname="teal_reporter" name="TealReportCard_get_content_returns_content_with_metadata"/>
    <testcase time="0.00100000000000477" classname="teal_reporter" name="TealReportCard_get_content_returns_content_with_metadata"/>
    <testcase time="0.00499999999999545" classname="teal_reporter" name="TealReportCard_append_src_accepts_a_character"/>
    <testcase time="0.00499999999999545" classname="teal_reporter" name="TealReportCard_append_src_returns_self"/>
    <testcase time="0.0169999999999959" classname="teal_reporter" name="TealReportCard_append_src_returns_title_and_content"/>
    <testcase time="0.00600000000000023" classname="teal_reporter" name="TealReportCard_append_encodings_accepts_list_of_character"/>
    <testcase time="0.00600000000000023" classname="teal_reporter" name="TealReportCard_append_encodings_returns_self"/>
    <testcase time="0.00499999999999545" classname="teal_reporter" name="TealReportCard_append_encodings_returns_title_and_content"/>
    <testcase time="0.00100000000000477" classname="teal_reporter" name="TealReportCard_append_encodings_returns_title_and_content"/>
    <testcase time="0.00800000000000978" classname="teal_reporter" name="TealReportCard_append_fs_accepts_only_a_teal_slices"/>
    <testcase time="0.00600000000000023" classname="teal_reporter" name="TealReportCard_append_fs_accepts_only_a_teal_slices"/>
    <testcase time="0.00799999999998136" classname="teal_reporter" name="TealReportCard_append_fs_returns_self"/>
    <testcase time="0.00800000000000978" classname="teal_reporter" name="TealReportCard_append_fs_returns_title_and_content"/>
  </testsuite>
  <testsuite name="teal_slices-store" timestamp="2025-10-30T09:56:24Z" hostname="5b010dd0d891" tests="15" skipped="0" failures="0" errors="0" time="0.139">
    <testcase time="0.0349999999999966" classname="teal_slices_store" name="teal_slice_store_restore_supports_NULL_and_character_0_for_choices_and_selected"/>
    <testcase time="0.00300000000001432" classname="teal_slices_store" name="teal_slice_store_restore_supports_NULL_and_character_0_for_choices_and_selected"/>
    <testcase time="0.00399999999999068" classname="teal_slices_store" name="teal_slice_store_restore_supports_NULL_and_character_0_for_choices_and_selected"/>
    <testcase time="0.0130000000000052" classname="teal_slices_store" name="teal_slice_store_restore_supports_saving_POSIXct_timestamps_in_selected"/>
    <testcase time="0.0029999999999859" classname="teal_slices_store" name="teal_slice_store_restore_supports_saving_POSIXct_timestamps_in_selected"/>
    <testcase time="0.0130000000000052" classname="teal_slices_store" name="teal_slice_store_restore_supports_saving_Date_dates_in_selected"/>
    <testcase time="0.00300000000001432" classname="teal_slices_store" name="teal_slice_store_restore_supports_saving_Date_dates_in_selected"/>
    <testcase time="0.0129999999999768" classname="teal_slices_store" name="teal_slice_store_restore_supports_saving_POSIXct_timestamps_in_choices"/>
    <testcase time="0.0040000000000191" classname="teal_slices_store" name="teal_slice_store_restore_supports_saving_POSIXct_timestamps_in_choices"/>
    <testcase time="0.0130000000000052" classname="teal_slices_store" name="teal_slice_store_restore_supports_saving_Date_timestamps_in_choices"/>
    <testcase time="0.0029999999999859" classname="teal_slices_store" name="teal_slice_store_restore_supports_saving_Date_timestamps_in_choices"/>
    <testcase time="0.01400000000001" classname="teal_slices_store" name="teal_slice_store_restore_restores_mixed_Date_characters_as_characters_in_selected"/>
    <testcase time="0.0129999999999768" classname="teal_slices_store" name="teal_slice_store_restore_restores_characters_as_characters_in_selected_and_choices"/>
    <testcase time="0.00200000000000955" classname="teal_slices_store" name="teal_slice_store_restore_restores_characters_as_characters_in_selected_and_choices"/>
    <testcase time="0.00300000000001432" classname="teal_slices_store" name="teal_slice_store_restore_restores_characters_as_characters_in_selected_and_choices"/>
  </testsuite>
  <testsuite name="teal_slices" timestamp="2025-10-30T09:56:24Z" hostname="5b010dd0d891" tests="18" skipped="0" failures="0" errors="0" time="0.115">
    <testcase time="0.00699999999997658" classname="teal_slices" name="teal_slices_produces_teal_slices_object_with_teal_specific_attributes"/>
    <testcase time="0.00100000000000477" classname="teal_slices" name="teal_slices_produces_teal_slices_object_with_teal_specific_attributes"/>
    <testcase time="0.00200000000000955" classname="teal_slices" name="teal_slices_produces_teal_slices_object_with_teal_specific_attributes"/>
    <testcase time="0.00199999999998113" classname="teal_slices" name="teal_slices_produces_teal_slices_object_with_teal_specific_attributes"/>
    <testcase time="0.00500000000002387" classname="teal_slices" name="teal_slices_fails_when_inexisting_teal_slice_id_is_specified_in_mapping"/>
    <testcase time="0.00899999999998613" classname="teal_slices" name="teal_slices_fails_when_inexisting_teal_slice_id_is_specified_in_mapping"/>
    <testcase time="0.00800000000000978" classname="teal_slices" name="teal_slices_processes_filter_mapping"/>
    <testcase time="0.007000000000005" classname="teal_slices" name="teal_slices_processes_filter_mapping"/>
    <testcase time="0.0129999999999768" classname="teal_slices" name="teal_slices_drops_non_global_filters_if_module_specific_FALSE"/>
    <testcase time="0.00800000000000978" classname="teal_slices" name="teal_slices_drops_non_global_filters_if_module_specific_FALSE"/>
    <testcase time="0.0130000000000052" classname="teal_slices" name="deep_copy_filters_copies_teal_slice_changes_pointer_of_teal_slice_object_but_values_remain_the_same"/>
    <testcase time="0.00399999999999068" classname="teal_slices" name="deep_copy_filters_copies_teal_slice_changes_pointer_of_teal_slice_object_but_values_remain_the_same"/>
    <testcase time="0.00600000000000023" classname="teal_slices" name="teal_slices_mapping_should_be_an_empty_list_or_a_named_list_or_missing"/>
    <testcase time="0.0040000000000191" classname="teal_slices" name="teal_slices_mapping_should_be_an_empty_list_or_a_named_list_or_missing"/>
    <testcase time="0.00399999999999068" classname="teal_slices" name="teal_slices_mapping_should_be_an_empty_list_or_a_named_list_or_missing"/>
    <testcase time="0.007000000000005" classname="teal_slices" name="teal_slices_mapping_should_be_an_empty_list_or_a_named_list_or_missing"/>
    <testcase time="0.00799999999998136" classname="teal_slices" name="teal_slices_mapping_should_be_an_empty_list_or_a_named_list_or_missing"/>
    <testcase time="0.007000000000005" classname="teal_slices" name="teal_slices_mapping_should_be_an_empty_list_or_a_named_list_or_missing"/>
  </testsuite>
  <testsuite name="teal_transform_module" timestamp="2025-10-30T09:56:24Z" hostname="5b010dd0d891" tests="3" skipped="0" failures="0" errors="0" time="0.22">
    <testcase time="0.070999999999998" classname="teal_transform_module" name="expression"/>
    <testcase time="0.0670000000000073" classname="teal_transform_module" name="quote"/>
    <testcase time="0.0819999999999936" classname="teal_transform_module" name="ui_transform_teal_data_and_srv_transform_teal_data_have_the_same_namespace_for_transform_module"/>
  </testsuite>
  <testsuite name="utils" timestamp="2025-10-30T09:56:24Z" hostname="5b010dd0d891" tests="33" skipped="0" failures="0" errors="0" time="0.333">
    <testcase time="0.0740000000000123" classname="utils" name="get_teal_bs_theme"/>
    <testcase time="0.0279999999999916" classname="utils" name="get_teal_bs_theme"/>
    <testcase time="0.0279999999999916" classname="utils" name="get_teal_bs_theme"/>
    <testcase time="0.0270000000000152" classname="utils" name="get_teal_bs_theme"/>
    <testcase time="0.0130000000000052" classname="utils" name="report_card_template_function_returns_TealReportCard_object_with_appropriate_content_and_labels"/>
    <testcase time="0.00199999999998113" classname="utils" name="report_card_template_function_returns_TealReportCard_object_with_appropriate_content_and_labels"/>
    <testcase time="0.00100000000000477" classname="utils" name="report_card_template_function_returns_TealReportCard_object_with_appropriate_content_and_labels"/>
    <testcase time="0.00300000000001432" classname="utils" name="report_card_template_function_returns_TealReportCard_object_with_appropriate_content_and_labels"/>
    <testcase time="0.00199999999998113" classname="utils" name="report_card_template_function_returns_TealReportCard_object_with_appropriate_content_and_labels"/>
    <testcase time="0.00100000000000477" classname="utils" name="report_card_template_function_returns_TealReportCard_object_with_appropriate_content_and_labels"/>
    <testcase time="0.0250000000000057" classname="utils" name="teal_data_to_filtered_data_return_FilteredData_class"/>
    <testcase time="0.00399999999999068" classname="utils" name="validate_app_title_tag_works_on_validating_the_title_tag"/>
    <testcase time="0.00499999999999545" classname="utils" name="validate_app_title_tag_works_on_validating_the_title_tag"/>
    <testcase time="0.00500000000002387" classname="utils" name="validate_app_title_tag_works_on_validating_the_title_tag"/>
    <testcase time="0.00399999999999068" classname="utils" name="validate_app_title_tag_works_on_validating_the_title_tag"/>
    <testcase time="0.00499999999999545" classname="utils" name="validate_app_title_tag_works_on_validating_the_title_tag"/>
    <testcase time="0.0200000000000102" classname="utils" name="build_app_title_builts_a_valid_tag"/>
    <testcase time="0.0029999999999859" classname="utils" name="build_app_title_builts_a_valid_tag"/>
    <testcase time="0.00200000000000955" classname="utils" name="build_app_title_builts_a_valid_tag"/>
    <testcase time="0.007000000000005" classname="utils" name="create_app_id_data_accepts_teal_data_or_teal_data_module"/>
    <testcase time="0.0029999999999859" classname="utils" name="create_app_id_data_accepts_teal_data_or_teal_data_module"/>
    <testcase time="0.0040000000000191" classname="utils" name="create_app_id_data_accepts_teal_data_or_teal_data_module"/>
    <testcase time="0.00699999999997658" classname="utils" name="create_app_id_modules_accepts_modules"/>
    <testcase time="0.00800000000000978" classname="utils" name="create_app_id_modules_accepts_modules"/>
    <testcase time="0.00800000000000978" classname="utils" name="create_app_id_returns_a_character_string"/>
    <testcase time="0.0149999999999864" classname="utils" name="create_app_id_returns_different_hash_for_different_data"/>
    <testcase time="0.0150000000000148" classname="utils" name="create_app_id_returns_different_hash_for_different_modules"/>
    <testcase time="0.00399999999999068" classname="utils" name="defunction_returns_a_string_when_passed_a_function"/>
    <testcase time="0.0029999999999859" classname="utils" name="defunction_returns_non_function_atomic_as_is"/>
    <testcase time="0.00100000000000477" classname="utils" name="defunction_returns_non_function_atomic_as_is"/>
    <testcase time="0.00200000000000955" classname="utils" name="defunction_returns_non_function_atomic_as_is"/>
    <testcase time="0.00100000000000477" classname="utils" name="defunction_returns_non_function_atomic_as_is"/>
    <testcase time="0.0029999999999859" classname="utils" name="defunction_recursively_goes_down_a_list"/>
  </testsuite>
  <testsuite name="validate_has_data" timestamp="2025-10-30T09:56:24Z" hostname="5b010dd0d891" tests="17" skipped="0" failures="0" errors="0" time="0.087">
    <testcase time="0.007000000000005" classname="validate_has_data" name="validate_has_data_throws_no_error_when_data_has_at_least_as_many_rows_as_min_nrow"/>
    <testcase time="0.00200000000000955" classname="validate_has_data" name="validate_has_data_throws_no_error_when_data_has_at_least_as_many_rows_as_min_nrow"/>
    <testcase time="0.00600000000000023" classname="validate_has_data" name="validate_has_data_throws_error_when_min_nrow_rows_of_data"/>
    <testcase time="0.00399999999999068" classname="validate_has_data" name="validate_has_data_accepts_logical_complete_argument"/>
    <testcase time="0.00200000000000955" classname="validate_has_data" name="validate_has_data_accepts_logical_complete_argument"/>
    <testcase time="0.007000000000005" classname="validate_has_data" name="validate_has_data_throws_error_when_data_has_NA_and_complete_is_set_to_TRUE"/>
    <testcase time="0.00399999999999068" classname="validate_has_data" name="validate_has_data_accepts_logical_allow_inf_argument"/>
    <testcase time="0.00399999999999068" classname="validate_has_data" name="validate_has_data_accepts_logical_allow_inf_argument"/>
    <testcase time="0.007000000000005" classname="validate_has_data" name="validate_has_data_accepts_throws_error_when_data_has_Inf_values_and_allow_inf_is_set_to_FALSE"/>
    <testcase time="0.007000000000005" classname="validate_has_data" name="validate_has_data_accepts_throws_error_when_data_has_Inf_values_and_allow_inf_is_set_to_FALSE"/>
    <testcase time="0.00399999999999068" classname="validate_has_data" name="validate_has_data_accepts_throws_error_when_data_has_Inf_values_and_allow_inf_is_set_to_FALSE"/>
    <testcase time="0.0040000000000191" classname="validate_has_data" name="validate_has_data_allow_inf_argument_ignores_non_numeric_columns"/>
    <testcase time="0.00499999999999545" classname="validate_has_data" name="validate_has_data_allow_inf_argument_ignores_non_numeric_columns"/>
    <testcase time="0.007000000000005" classname="validate_has_data" name="validate_has_data_returns_message_when_msg_argument_is_set"/>
    <testcase time="0.00599999999997181" classname="validate_has_data" name="validate_has_data_returns_message_msg_argument_is_set_and_complete_is_set_to_TRUE"/>
    <testcase time="0.00600000000000023" classname="validate_has_data" name="validate_has_data_returns_throws_error_with_non_character_msg_input"/>
    <testcase time="0.00499999999999545" classname="validate_has_data" name="validate_has_data_returns_throws_error_with_non_character_msg_input"/>
  </testsuite>
  <testsuite name="validate_inputs" timestamp="2025-10-30T09:56:24Z" hostname="5b010dd0d891" tests="36" skipped="0" failures="0" errors="0" time="0.516">
    <testcase time="0.0100000000000193" classname="validate_inputs" name="invalid_arguments_raise_errors"/>
    <testcase time="0.00399999999999068" classname="validate_inputs" name="invalid_arguments_raise_errors"/>
    <testcase time="0.0200000000000102" classname="validate_inputs" name="disabled_validators_raise_warnings_individual_validators_"/>
    <testcase time="0.0159999999999911" classname="validate_inputs" name="disabled_validators_raise_warnings_validator_list_"/>
    <testcase time="0.0169999999999959" classname="validate_inputs" name="disabled_validators_raise_warnings_nested_validator_list_"/>
    <testcase time="0.0939999999999941" classname="validate_inputs" name="valid_inputs_produce_desired_output_individual_validators_"/>
    <testcase time="0.0200000000000102" classname="validate_inputs" name="valid_inputs_produce_desired_output_validator_list_"/>
    <testcase time="0.0180000000000007" classname="validate_inputs" name="valid_inputs_produce_desired_output_nested_validator_list_"/>
    <testcase time="0.0250000000000057" classname="validate_inputs" name="invalid_inputs_raise_errors_in_output_individual_validators_"/>
    <testcase time="0.0229999999999961" classname="validate_inputs" name="invalid_inputs_raise_errors_in_output_individual_validators_"/>
    <testcase time="0.0219999999999914" classname="validate_inputs" name="invalid_inputs_raise_errors_in_output_individual_validators_"/>
    <testcase time="0.0240000000000009" classname="validate_inputs" name="invalid_inputs_raise_errors_in_output_validator_list_"/>
    <testcase time="0.0220000000000198" classname="validate_inputs" name="invalid_inputs_raise_errors_in_output_validator_list_"/>
    <testcase time="0.0219999999999914" classname="validate_inputs" name="invalid_inputs_raise_errors_in_output_validator_list_"/>
    <testcase time="0.0250000000000057" classname="validate_inputs" name="invalid_inputs_raise_errors_in_output_nested_validator_list_"/>
    <testcase time="0.0219999999999914" classname="validate_inputs" name="invalid_inputs_raise_errors_in_output_nested_validator_list_"/>
    <testcase time="0.0219999999999914" classname="validate_inputs" name="invalid_inputs_raise_errors_in_output_nested_validator_list_"/>
    <testcase time="0.0260000000000105" classname="validate_inputs" name="error_message_is_formatted_properly"/>
    <testcase time="0.00800000000000978" classname="validate_inputs" name="error_message_is_formatted_properly"/>
    <testcase time="0.00600000000000023" classname="validate_inputs" name="error_message_is_formatted_properly"/>
    <testcase time="0.00699999999997658" classname="validate_inputs" name="error_message_is_formatted_properly"/>
    <testcase time="0.00600000000000023" classname="validate_inputs" name="error_message_is_formatted_properly"/>
    <testcase time="0.00200000000000955" classname="validate_inputs" name="error_message_is_formatted_properly"/>
    <testcase time="0.00300000000001432" classname="validate_inputs" name="error_message_is_formatted_properly"/>
    <testcase time="0.00199999999998113" classname="validate_inputs" name="error_message_is_formatted_properly"/>
    <testcase time="0.00200000000000955" classname="validate_inputs" name="error_message_is_formatted_properly"/>
    <testcase time="0.00200000000000955" classname="validate_inputs" name="error_message_is_formatted_properly"/>
    <testcase time="0.00199999999998113" classname="validate_inputs" name="error_message_is_formatted_properly"/>
    <testcase time="0.00300000000001432" classname="validate_inputs" name="error_message_is_formatted_properly"/>
    <testcase time="0.00199999999998113" classname="validate_inputs" name="error_message_is_formatted_properly"/>
    <testcase time="0.00200000000000955" classname="validate_inputs" name="error_message_is_formatted_properly"/>
    <testcase time="0.00200000000000955" classname="validate_inputs" name="error_message_is_formatted_properly"/>
    <testcase time="0.0029999999999859" classname="validate_inputs" name="error_message_is_formatted_properly"/>
    <testcase time="0.0250000000000057" classname="validate_inputs" name="different_validation_modes_produce_proper_messages"/>
    <testcase time="0.00399999999999068" classname="validate_inputs" name="different_validation_modes_produce_proper_messages"/>
    <testcase time="0.00300000000001432" classname="validate_inputs" name="different_validation_modes_produce_proper_messages"/>
  </testsuite>
</testsuites>
