<?xml version="1.0" encoding="UTF-8"?>
<testsuites>
  <testsuite name="init" timestamp="2025-01-31T21:36:05Z" hostname="2a4ad234a6bb" tests="14" skipped="0" failures="0" errors="0" time="0.494">
    <testcase time="0.0630000000000001" classname="init" name="init_data_accepts_teal_data_object"/>
    <testcase time="0.0509999999999999" classname="init" name="init_data_accepts_teal_data_module"/>
    <testcase time="0.049" classname="init" name="init_modules_accepts_a_teal_modules_object"/>
    <testcase time="0.026" classname="init" name="init_modules_accepts_a_list_of_teal_module_elements"/>
    <testcase time="0.026" classname="init" name="init_modules_accepts_a_teal_module_object"/>
    <testcase time="0.0479999999999999" classname="init" name="init_filter_accepts_teal_slices_"/>
    <testcase time="0.01" classname="init" name="init_filter_accepts_teal_slices_"/>
    <testcase time="0.031" classname="init" name="init_throws_when_an_empty_data_is_used"/>
    <testcase time="0.033" classname="init" name="init_throws_warning_when_datanames_in_modules_incompatible_w_datanames_in_data_and_there_is_no_transformators"/>
    <testcase time="0.0329999999999999" classname="init" name="init_throws_warning_when_datanames_in_modules_incompatible_w_datanames_in_data_and_there_is_no_transformators"/>
    <testcase time="0.03" classname="init" name="init_doesn_t_throw_warning_when_datanames_in_modules_incompatible_w_datanames_in_data_and_there_are_transformators"/>
    <testcase time="0.03" classname="init" name="_all_"/>
    <testcase time="0.0309999999999999" classname="init" name="_.raw_data_and_all_"/>
    <testcase time="0.0330000000000001" classname="init" name="init_throws_when_dataname_in_filter_incompatible_w_datanames_in_data"/>
  </testsuite>
  <testsuite name="module_session_info" timestamp="2025-01-31T21:36:06Z" hostname="2a4ad234a6bb" tests="3" skipped="0" failures="0" errors="0" time="17.643">
    <testcase time="17.621" classname="module_session_info" name="creation_process_is_invoked_for_teal.lockfile.mode_enabled_and_snapshot_is_copied_to_teal_app.lock_and_removed_after_session_ended"/>
    <testcase time="0.00600000000000023" classname="module_session_info" name="creation_process_is_invoked_for_teal.lockfile.mode_enabled_and_snapshot_is_copied_to_teal_app.lock_and_removed_after_session_ended"/>
    <testcase time="0.0159999999999982" classname="module_session_info" name="creation_process_is_not_invoked_for_teal.lockfile.mode_disabled_"/>
  </testsuite>
  <testsuite name="module_teal" timestamp="2025-01-31T21:36:23Z" hostname="2a4ad234a6bb" tests="137" skipped="4" failures="0" errors="0" time="128.998">
    <testcase time="0.142000000000003" classname="module_teal" name="accepts_data_to_be_teal_data"/>
    <testcase time="0.0789999999999971" classname="module_teal" name="accepts_data_to_be_teal_data_module_returning_reactive_teal_data"/>
    <testcase time="0.0839999999999996" classname="module_teal" name="accepts_data_to_a_reactive_or_reactiveVal_teal_data"/>
    <testcase time="0.049000000000003" classname="module_teal" name="accepts_data_to_a_reactive_or_reactiveVal_teal_data"/>
    <testcase time="0.0659999999999989" classname="module_teal" name="fails_when_data_is_not_teal_data_or_teal_data_module"/>
    <testcase time="0.0279999999999987" classname="module_teal" name="app_fails_when_teal_data_module_doesn_t_return_a_reactive"/>
    <testcase time="0.0609999999999999" classname="module_teal" name="are_not_called_by_default"/>
    <testcase time="0.00300000000000011" classname="module_teal" name="are_not_called_by_default"/>
    <testcase time="1.318" classname="module_teal" name="are_called_once_their_tab_is_selected_and_data_is_teal_data_"/>
    <testcase time="0.00400000000000134" classname="module_teal" name="are_called_once_their_tab_is_selected_and_data_is_teal_data_"/>
    <testcase time="0.700999999999997" classname="module_teal" name="are_called_once_their_tab_is_selected_and_data_is_teal_data_"/>
    <testcase time="0.00100000000000122" classname="module_teal" name="are_called_once_their_tab_is_selected_and_data_is_teal_data_"/>
    <testcase time="0.869" classname="module_teal" name="are_called_once_their_tab_is_selected_and_data_returns_reactive_teal_data_"/>
    <testcase time="0.00300000000000011" classname="module_teal" name="are_called_once_their_tab_is_selected_and_data_returns_reactive_teal_data_"/>
    <testcase time="0.556000000000001" classname="module_teal" name="are_called_once_their_tab_is_selected_and_data_returns_reactive_teal_data_"/>
    <testcase time="0.000999999999997669" classname="module_teal" name="are_called_once_their_tab_is_selected_and_data_returns_reactive_teal_data_"/>
    <testcase time="0.918000000000003" classname="module_teal" name="are_called_once_their_tab_is_selected_and_teal_data_module_returns_reactive_teal_data_"/>
    <testcase time="0.00300000000000011" classname="module_teal" name="are_called_once_their_tab_is_selected_and_teal_data_module_returns_reactive_teal_data_"/>
    <testcase time="0.57" classname="module_teal" name="are_called_once_their_tab_is_selected_and_teal_data_module_returns_reactive_teal_data_"/>
    <testcase time="0.00199999999999889" classname="module_teal" name="are_called_once_their_tab_is_selected_and_teal_data_module_returns_reactive_teal_data_"/>
    <testcase time="0.347000000000001" classname="module_teal" name="are_called_only_after_teal_data_module_is_resolved"/>
    <testcase time="0.796999999999997" classname="module_teal" name="are_called_only_after_teal_data_module_is_resolved"/>
    <testcase time="0.881" classname="module_teal" name="are_called_with_data_argument_being_teal_data_"/>
    <testcase time="0.0749999999999993" classname="module_teal" name="are_not_called_when_the_teal_data_module_doesn_t_return_teal_data"/>
    <testcase time="0.285" classname="module_teal" name="are_not_called_when_the_teal_data_module_doesn_t_return_teal_data"/>
    <testcase time="0.0700000000000003" classname="module_teal" name="are_not_called_when_teal_data_module_returns_validation_error"/>
    <testcase time="0.00500000000000256" classname="module_teal" name="are_not_called_when_teal_data_module_returns_validation_error"/>
    <testcase time="0.257999999999999" classname="module_teal" name="are_not_called_when_teal_data_module_returns_validation_error"/>
    <testcase time="0.0719999999999992" classname="module_teal" name="are_not_called_when_teal_data_module_throws_an_error"/>
    <testcase time="0.00400000000000134" classname="module_teal" name="are_not_called_when_teal_data_module_throws_an_error"/>
    <testcase time="0.268000000000001" classname="module_teal" name="are_not_called_when_teal_data_module_throws_an_error"/>
    <testcase time="0.070999999999998" classname="module_teal" name="are_not_called_when_teal_data_module_returns_qenv.error"/>
    <testcase time="0.0100000000000016" classname="module_teal" name="are_not_called_when_teal_data_module_returns_qenv.error"/>
    <testcase time="0.280999999999999" classname="module_teal" name="are_not_called_when_teal_data_module_returns_qenv.error"/>
    <testcase time="0.0719999999999992" classname="module_teal" name="are_receiving_reactive_data_which_triggers_on_change"/>
    <testcase time="1.071" classname="module_teal" name="are_receiving_reactive_data_which_triggers_on_change"/>
    <testcase time="1.334" classname="module_teal" name="are_receiving_reactive_data_which_triggers_on_change"/>
    <testcase time="0.0700000000000003" classname="module_teal" name="are_not_called_again_when_data_changes"/>
    <testcase time="0.794" classname="module_teal" name="are_not_called_again_when_data_changes"/>
    <testcase time="0.670999999999999" classname="module_teal" name="are_not_called_again_when_data_changes"/>
    <testcase time="1.078" classname="module_teal" name="receives_data_with_datasets_module_datanames"/>
    <testcase time="0.000999999999997669" classname="module_teal" name="receives_data_with_datasets_module_datanames"/>
    <testcase time="1.71" classname="module_teal" name="multiple_datanames_with_all_and_.raw_data_"/>
    <testcase time="1.201" classname="module_teal" name="single_dataname_with_all_"/>
    <testcase time="0.901000000000003" classname="module_teal" name="warns_when_dataname_is_not_available"/>
    <testcase time="1.269" classname="module_teal" name="warns_when_datanames_are_not_available"/>
    <testcase time="0.486000000000004" classname="module_teal" name="warns_about_empty_data_when_none_of_module_datanames_is_available_even_if_data_is_not_empty_"/>
    <testcase time="0.491" classname="module_teal" name="warns_about_empty_data_when_none_of_module_datanames_is_available"/>
    <testcase time="0.979999999999997" classname="module_teal" name="is_called_and_receives_data_even_if_datanames_in_teal_data_are_not_sufficient"/>
    <testcase time="1.943" classname="module_teal" name="receives_all_objects_from_teal_data_when_module_datanames_all_"/>
    <testcase time="1.163" classname="module_teal" name="receives_parent_data_when_module_datanames_limited_to_a_child_data_but_join_keys_are_provided"/>
    <testcase time="0.000999999999997669" classname="module_teal" name="receives_parent_data_when_module_datanames_limited_to_a_child_data_but_join_keys_are_provided"/>
    <testcase time="1.507" classname="module_teal" name="receives_all_transformator_datasets_if_module_datanames_all_"/>
    <testcase time="1.282" classname="module_teal" name="receives_all_datasets_if_transform_datanames_all_"/>
    <testcase time="1.414" classname="module_teal" name="receives_all_raw_datasets_based_on_module_datanames"/>
    <testcase time="1.364" classname="module_teal" name="combines_datanames_from_transform_module_datanames"/>
    <testcase time="1.357" classname="module_teal" name="does_not_receive_transformator_datasets_not_specified_in_transform_datanames_nor_modue_datanames"/>
    <testcase time="1.264" classname="module_teal" name="srv_teal_module.teal_module_does_not_pass_data_if_not_in_the_args_explicitly"/>
    <testcase time="1.283" classname="module_teal" name="srv_teal_module.teal_module_passes_deprecated_datasets_to_the_server_module"/>
    <testcase time="0.0159999999999982" classname="module_teal" name="srv_teal_module.teal_module_passes_deprecated_datasets_to_the_server_module"/>
    <testcase time="1.509" classname="module_teal" name="srv_teal_module.teal_module_passes_server_args_to_the_..."/>
    <testcase time="0.851999999999997" classname="module_teal" name="srv_teal_module.teal_module_passes_quoted_arguments_to_the_teal_module_server_call"/>
    <testcase time="1.125" classname="module_teal" name="srv_teal_module.teal_module_passes_filter_panel_api_if_specified"/>
    <testcase time="1.162" classname="module_teal" name="srv_teal_module.teal_module_passes_Reporter_if_specified"/>
    <testcase time="0.347000000000001" classname="module_teal" name="does_not_receive_report_previewer_when_none_of_the_modules_contain_reporter_argument"/>
    <testcase time="1.558" classname="module_teal" name="receives_one_report_previewer_module_when_any_module_contains_reporter_argument"/>
    <testcase time="0.0859999999999985" classname="module_teal" name="is_set_to_initial_filters_when_module_specific"/>
    <testcase time="0.0609999999999999" classname="module_teal" name="is_set_to_initial_filters_with_resolved_attr_mapping_modules_label_when_module_specific_"/>
    <testcase time="0.00199999999999534" classname="module_teal" name="is_set_to_initial_filters_with_resolved_attr_mapping_modules_label_when_module_specific_"/>
    <testcase time="2.81100000000001" classname="module_teal" name="slices_in_slicesGlobal_and_in_FilteredData_refer_to_the_same_object"/>
    <testcase time="0.00799999999999557" classname="module_teal" name="slices_in_slicesGlobal_and_in_FilteredData_refer_to_the_same_object"/>
    <testcase time="3.40900000000001" classname="module_teal" name="appends_new_slice_and_activates_in_global_filters_when_added_in_a_module_if_module_specific"/>
    <testcase time="3.61099999999999" classname="module_teal" name="deactivates_in_global_filters_when_removed_from_module_if_module_specific"/>
    <testcase time="3.32000000000001" classname="module_teal" name="appends_new_slice_and_activates_in_module_when_added_in_a_module_if_module_specific"/>
    <testcase time="1.86499999999999" classname="module_teal" name="appends_added_duplicated_slice_and_makes_new_slice_id_unique"/>
    <testcase time="3.27500000000001" classname="module_teal" name="deactivates_in_module_when_removed_from_module_if_module_specific"/>
    <testcase time="0.0810000000000031" classname="module_teal" name="auto_resolves_to_mapping_m_when_setting_slices_with_mapping_global_filters_in_module_specific_">
      <skipped message="Reason: need a fix in a .slicesGlobal ('test-module_teal.R:1351:11')"/>
    </testcase>
    <testcase time="3.37599999999999" classname="module_teal" name="sets_filters_from_mapping_mod_to_all_modules_FilteredData_when_module_specific"/>
    <testcase time="2.87100000000001" classname="module_teal" name="sets_filters_from_mapping_mod_to_module_s_FilteredData_when_module_specific"/>
    <testcase time="0.00799999999999557" classname="module_teal" name="sets_filters_from_mapping_mod_to_module_s_FilteredData_when_module_specific"/>
    <testcase time="3.81999999999999" classname="module_teal" name="sets_filters_from_mapping_global_filters_to_all_modules_FilteredData_when_module_specific"/>
    <testcase time="0.0100000000000051" classname="module_teal" name="sets_filters_from_mapping_global_filters_to_all_modules_FilteredData_when_module_specific"/>
    <testcase time="2.964" classname="module_teal" name="change_in_the_slicesGlobal_causes_module_s_data_filtering"/>
    <testcase time="0.00199999999999534" classname="module_teal" name="change_in_the_slicesGlobal_causes_module_s_data_filtering"/>
    <testcase time="0.00200000000000955" classname="module_teal" name="change_in_the_slicesGlobal_causes_module_s_data_filtering"/>
    <testcase time="1.666" classname="module_teal" name="returns_no_rows_if_no_filters_set"/>
    <testcase time="1.36199999999999" classname="module_teal" name="returns_global_filters_with_active_true_inactive_false_unavailable_na"/>
    <testcase time="0.00800000000000978" classname="module_teal" name="returns_global_filters_with_active_true_inactive_false_unavailable_na"/>
    <testcase time="1.40299999999999" classname="module_teal" name="returns_column_per_module_with_active_true_inactive_false_unavailable_na"/>
    <testcase time="0.00800000000000978" classname="module_teal" name="returns_column_per_module_with_active_true_inactive_false_unavailable_na"/>
    <testcase time="0.0210000000000008" classname="module_teal" name="what_happens_when_module_label_is_duplicated_when_nested_modules_">
      <skipped message="Reason: todo ('test-module_teal.R:1613:7')"/>
    </testcase>
    <testcase time="0.0259999999999962" classname="module_teal" name="sets_back_the_same_active_filters_in_each_module">
      <skipped message="Reason: todo ('test-module_teal.R:1620:5')"/>
    </testcase>
    <testcase time="0.0109999999999957" classname="module_teal" name="doesn_t_fail_when_teal_data_has_no_datasets">
      <skipped message="Reason: todo ('test-module_teal.R:1623:5')"/>
    </testcase>
    <testcase time="1.40300000000001" classname="module_teal" name="evaluates_custom_qenv_call_and_pass_updated_teal_data_to_the_module"/>
    <testcase time="0.00199999999999534" classname="module_teal" name="evaluates_custom_qenv_call_and_pass_updated_teal_data_to_the_module"/>
    <testcase time="1.953" classname="module_teal" name="evaluates_custom_qenv_call_after_filter_is_applied"/>
    <testcase time="0.00199999999999534" classname="module_teal" name="evaluates_custom_qenv_call_after_filter_is_applied"/>
    <testcase time="0.00200000000000955" classname="module_teal" name="evaluates_custom_qenv_call_after_filter_is_applied"/>
    <testcase time="2.52099999999999" classname="module_teal" name="is_reactive_to_the_filter_changes"/>
    <testcase time="0.00200000000000955" classname="module_teal" name="is_reactive_to_the_filter_changes"/>
    <testcase time="0.00300000000000011" classname="module_teal" name="is_reactive_to_the_filter_changes"/>
    <testcase time="1.84699999999999" classname="module_teal" name="receives_all_possible_objects_while_those_not_specified_in_module_datanames_are_unfiltered"/>
    <testcase time="0.00200000000000955" classname="module_teal" name="receives_all_possible_objects_while_those_not_specified_in_module_datanames_are_unfiltered"/>
    <testcase time="1.122" classname="module_teal" name="throws_a_warning_when_transformator_returns_reactive.event"/>
    <testcase time="0.283999999999992" classname="module_teal" name="fails_when_transformator_doesn_t_return_reactive"/>
    <testcase time="0.897000000000006" classname="module_teal" name="fails_when_transformator_doesn_t_return_reactive"/>
    <testcase time="1.431" classname="module_teal" name="pauses_when_transformator_throws_validation_error"/>
    <testcase time="0.969999999999999" classname="module_teal" name="pauses_when_transformator_throws_validation_error"/>
    <testcase time="0.992000000000004" classname="module_teal" name="pauses_when_transformator_throws_qenv_error"/>
    <testcase time="1.02499999999999" classname="module_teal" name="isn_t_called_when_data_is_not_teal_data"/>
    <testcase time="1.23400000000001" classname="module_teal" name="changes_module_output_for_a_module_with_a_static_decorator"/>
    <testcase time="1.09899999999999" classname="module_teal" name="changes_module_output_for_a_module_with_a_decorator_that_is_a_function_of_an_object_name"/>
    <testcase time="1.233" classname="module_teal" name="changes_module_output_for_a_module_with_an_interactive_decorator"/>
    <testcase time="1.577" classname="module_teal" name="displays_Obs_only_column_if_all_datasets_have_no_join_keys"/>
    <testcase time="1.12700000000001" classname="module_teal" name="displays_Subjects_with_count_based_on_foreign_key_column"/>
    <testcase time="1.34299999999999" classname="module_teal" name="displays_parent_s_Subjects_with_count_based_on_primary_key"/>
    <testcase time="1.12100000000001" classname="module_teal" name="displays_parent_s_Subjects_with_count_based_on_primary_and_foreign_key"/>
    <testcase time="1.321" classname="module_teal" name="reflects_filters_and_displays_subjects_by_their_unique_id_count"/>
    <testcase time="1.89999999999999" classname="module_teal" name="reflects_added_filters_and_displays_subjects_by_their_unique_id_count"/>
    <testcase time="1.087" classname="module_teal" name="reflects_transformator_adding_new_dataset_if_specified_in_module"/>
    <testcase time="1.071" classname="module_teal" name="displays_parent_s_Subjects_with_count_based_on_primary_key"/>
    <testcase time="1.14400000000001" classname="module_teal" name="displays_only_module_datanames"/>
    <testcase time="1.196" classname="module_teal" name="displays_parent_before_child_when_join_keys_are_provided"/>
    <testcase time="1.261" classname="module_teal" name="displays_subset_of_module_datanames_if_not_sufficient"/>
    <testcase time="6.979" classname="module_teal" name="summary_table_displays_MAE_dataset_added_in_transformators"/>
    <testcase time="1.23400000000001" classname="module_teal" name="displays_unsupported_datasets"/>
    <testcase time="3.23400000000001" classname="module_teal" name="clicking_reset_button_restores_initial_filters_state_when_module_specific"/>
    <testcase time="0.0109999999999957" classname="module_teal" name="clicking_reset_button_restores_initial_filters_state_when_module_specific"/>
    <testcase time="4.35999999999999" classname="module_teal" name="clicking_reset_button_restores_initial_filters_with_respect_to_mapping_state_when_module_specific"/>
    <testcase time="0.0100000000000193" classname="module_teal" name="clicking_reset_button_restores_initial_filters_with_respect_to_mapping_state_when_module_specific"/>
    <testcase time="0.0109999999999957" classname="module_teal" name="clicking_reset_button_restores_initial_filters_with_respect_to_mapping_state_when_module_specific"/>
    <testcase time="0.981999999999999" classname="module_teal" name="are_detected_as_datanames_when_defined_as_all_"/>
    <testcase time="1.37099999999998" classname="module_teal" name="are_present_in_datanames_when_used_in_pre_processing_code"/>
    <testcase time="0.935000000000002" classname="module_teal" name="_when_used_as_non_native_pipe_are_present_in_datanames_in_the_pre_processing_code"/>
    <testcase time="0.728000000000009" classname="module_teal" name="is_fully_reproducible"/>
    <testcase time="0.00200000000000955" classname="module_teal" name="is_fully_reproducible"/>
    <testcase time="0.72399999999999" classname="module_teal" name="has_the_correct_code_with_hash_"/>
  </testsuite>
  <testsuite name="modules" timestamp="2025-01-31T21:38:32Z" hostname="2a4ad234a6bb" tests="97" skipped="0" failures="0" errors="0" time="0.376">
    <testcase time="0.0190000000000055" classname="modules" name="Calling_module_does_not_throw"/>
    <testcase time="0.00399999999999068" classname="modules" name="module_requires_label_argument_to_be_a_string_different_than_global_filters_"/>
    <testcase time="0.00499999999999545" classname="modules" name="module_requires_label_argument_to_be_a_string_different_than_global_filters_"/>
    <testcase time="0.0040000000000191" classname="modules" name="module_requires_label_argument_to_be_a_string_different_than_global_filters_"/>
    <testcase time="0.00399999999999068" classname="modules" name="module_requires_label_argument_to_be_a_string_different_than_global_filters_"/>
    <testcase time="0.00499999999999545" classname="modules" name="module_requires_label_argument_to_be_a_string_different_than_global_filters_"/>
    <testcase time="0.00399999999999068" classname="modules" name="module_warns_when_server_contains_datasets_argument"/>
    <testcase time="0.00300000000001432" classname="modules" name="module_expects_server_being_a_shiny_server_module_with_any_argument"/>
    <testcase time="0.00200000000000955" classname="modules" name="module_expects_server_being_a_shiny_server_module_with_any_argument"/>
    <testcase time="0.00199999999998113" classname="modules" name="module_expects_server_being_a_shiny_server_module_with_any_argument"/>
    <testcase time="0.0040000000000191" classname="modules" name="module_expects_server_being_a_shiny_server_module_with_any_argument"/>
    <testcase time="0.00499999999999545" classname="modules" name="module_expects_server_being_a_shiny_server_module_with_any_argument"/>
    <testcase time="0.00399999999999068" classname="modules" name="module_requires_server_args_argument_to_be_a_list"/>
    <testcase time="0.00100000000000477" classname="modules" name="module_requires_server_args_argument_to_be_a_list"/>
    <testcase time="0.00100000000000477" classname="modules" name="module_requires_server_args_argument_to_be_a_list"/>
    <testcase time="0.00499999999999545" classname="modules" name="module_requires_server_args_argument_to_be_a_list"/>
    <testcase time="0.00499999999999545" classname="modules" name="module_requires_server_args_argument_to_be_a_list"/>
    <testcase time="0.00399999999999068" classname="modules" name="module_expects_all_server_args_being_a_server_arguments_or_passed_through_..._"/>
    <testcase time="0.00100000000000477" classname="modules" name="module_expects_all_server_args_being_a_server_arguments_or_passed_through_..._"/>
    <testcase time="0.00499999999999545" classname="modules" name="module_expects_all_server_args_being_a_server_arguments_or_passed_through_..._"/>
    <testcase time="0.0040000000000191" classname="modules" name="module_requires_ui_args_argument_to_be_a_list"/>
    <testcase time="0.000999999999976353" classname="modules" name="module_requires_ui_args_argument_to_be_a_list"/>
    <testcase time="0.00200000000000955" classname="modules" name="module_requires_ui_args_argument_to_be_a_list"/>
    <testcase time="0.00499999999999545" classname="modules" name="module_requires_ui_args_argument_to_be_a_list"/>
    <testcase time="0.00499999999999545" classname="modules" name="module_requires_ui_args_argument_to_be_a_list"/>
    <testcase time="0.00600000000000023" classname="modules" name="module_throws_when_ui_has_data_or_datasets_argument"/>
    <testcase time="0.0040000000000191" classname="modules" name="module_throws_when_ui_has_data_or_datasets_argument"/>
    <testcase time="0.00399999999999068" classname="modules" name="module_expects_ui_being_a_shiny_ui_module_with_any_argument"/>
    <testcase time="0.00100000000000477" classname="modules" name="module_expects_ui_being_a_shiny_ui_module_with_any_argument"/>
    <testcase time="0.00499999999999545" classname="modules" name="module_expects_ui_being_a_shiny_ui_module_with_any_argument"/>
    <testcase time="0.00300000000001432" classname="modules" name="module_expects_all_ui_args_being_a_ui_arguments_or_passed_through_..._"/>
    <testcase time="0.000999999999976353" classname="modules" name="module_expects_all_ui_args_being_a_ui_arguments_or_passed_through_..._"/>
    <testcase time="0.00500000000002387" classname="modules" name="module_expects_all_ui_args_being_a_ui_arguments_or_passed_through_..._"/>
    <testcase time="0.0029999999999859" classname="modules" name="module_requires_datanames_argument_to_be_a_character_or_NULL"/>
    <testcase time="0.00200000000000955" classname="modules" name="module_requires_datanames_argument_to_be_a_character_or_NULL"/>
    <testcase time="0.00100000000000477" classname="modules" name="module_requires_datanames_argument_to_be_a_character_or_NULL"/>
    <testcase time="0.00399999999999068" classname="modules" name="module_requires_datanames_argument_to_be_a_character_or_NULL"/>
    <testcase time="0.00200000000000955" classname="modules" name="module_requires_datanames_argument_to_be_a_character_or_NULL"/>
    <testcase time="0.0029999999999859" classname="modules" name="module_returns_list_of_class_teal_module_containing_input_objects"/>
    <testcase time="0.00200000000000955" classname="modules" name="module_returns_list_of_class_teal_module_containing_input_objects"/>
    <testcase time="0.00100000000000477" classname="modules" name="module_returns_list_of_class_teal_module_containing_input_objects"/>
    <testcase time="0.000999999999976353" classname="modules" name="module_returns_list_of_class_teal_module_containing_input_objects"/>
    <testcase time="0.00100000000000477" classname="modules" name="module_returns_list_of_class_teal_module_containing_input_objects"/>
    <testcase time="0.00200000000000955" classname="modules" name="module_returns_list_of_class_teal_module_containing_input_objects"/>
    <testcase time="0.00100000000000477" classname="modules" name="module_returns_list_of_class_teal_module_containing_input_objects"/>
    <testcase time="0.00100000000000477" classname="modules" name="module_returns_list_of_class_teal_module_containing_input_objects"/>
    <testcase time="0.00600000000000023" classname="modules" name="modules_gives_error_if_no_arguments_other_than_label_are_used"/>
    <testcase time="0.00499999999999545" classname="modules" name="modules_gives_error_if_no_arguments_other_than_label_are_used"/>
    <testcase time="0.0029999999999859" classname="modules" name="modules_requires_label_argument_to_be_a_string_"/>
    <testcase time="0.00499999999999545" classname="modules" name="modules_requires_label_argument_to_be_a_string_"/>
    <testcase time="0.0040000000000191" classname="modules" name="modules_requires_label_argument_to_be_a_string_"/>
    <testcase time="0.00399999999999068" classname="modules" name="modules_accept_teal_module_in_..."/>
    <testcase time="0.00300000000001432" classname="modules" name="modules_accept_multiple_teal_module_objects_in_..."/>
    <testcase time="0.00399999999999068" classname="modules" name="modules_accept_multiple_teal_module_and_teal_modules_objects_in_..."/>
    <testcase time="0.007000000000005" classname="modules" name="modules_does_not_accept_objects_other_than_teal_module_s_in_..."/>
    <testcase time="0.00600000000000023" classname="modules" name="modules_does_not_accept_objects_other_than_teal_module_s_in_..."/>
    <testcase time="0.0029999999999859" classname="modules" name="modules_returns_teal_modules_object_with_label_and_children_slot"/>
    <testcase time="0.00200000000000955" classname="modules" name="modules_returns_teal_modules_object_with_label_and_children_slot"/>
    <testcase time="0.0029999999999859" classname="modules" name="modules_returns_children_as_list_with_list_named_after_label_attributes"/>
    <testcase time="0.00100000000000477" classname="modules" name="modules_returns_children_as_list_with_list_named_after_label_attributes"/>
    <testcase time="0.00200000000000955" classname="modules" name="modules_returns_children_as_list_with_list_named_after_label_attributes"/>
    <testcase time="0.00600000000000023" classname="modules" name="modules_returns_useful_error_message_if_label_argument_not_explicitly_named"/>
    <testcase time="0.0029999999999859" classname="modules" name="modules_returns_children_as_list_with_unique_names_if_labels_are_duplicated"/>
    <testcase time="0.00200000000000955" classname="modules" name="modules_returns_children_as_list_with_unique_names_if_labels_are_duplicated"/>
    <testcase time="0.00100000000000477" classname="modules" name="modules_returns_children_as_list_with_unique_names_if_labels_are_duplicated"/>
    <testcase time="0.00399999999999068" classname="modules" name="modules_depth_accepts_depth_as_integer"/>
    <testcase time="0.00499999999999545" classname="modules" name="modules_depth_accepts_depth_as_integer"/>
    <testcase time="0.0040000000000191" classname="modules" name="modules_depth_returns_depth_0_by_default"/>
    <testcase time="0.0029999999999859" classname="modules" name="modules_depth_accepts_modules_to_be_teal_module_or_teal_modules"/>
    <testcase time="0.00200000000000955" classname="modules" name="modules_depth_accepts_modules_to_be_teal_module_or_teal_modules"/>
    <testcase time="0.00399999999999068" classname="modules" name="modules_depth_returns_depth_same_as_input_for_teal_module"/>
    <testcase time="0.00300000000001432" classname="modules" name="modules_depth_increases_depth_by_1_for_each_teal_modules"/>
    <testcase time="0.00199999999998113" classname="modules" name="modules_depth_increases_depth_by_1_for_each_teal_modules"/>
    <testcase time="0.007000000000005" classname="modules" name="is_arg_used_throws_error_if_object_is_not_teal_module_or_teal_modules"/>
    <testcase time="0.00499999999999545" classname="modules" name="is_arg_used_throws_error_if_object_is_not_teal_module_or_teal_modules"/>
    <testcase time="0.00499999999999545" classname="modules" name="is_arg_used_returns_true_if_teal_module_has_given_arg_in_server_function_args"/>
    <testcase time="0.00600000000000023" classname="modules" name="is_arg_used_returns_false_if_teal_module_does_not_have_reporter_in_server_function_args"/>
    <testcase time="0.00500000000002387" classname="modules" name="is_arg_used_returns_false_if_teal_modules_has_no_children_using_given_arg_"/>
    <testcase time="0.0029999999999859" classname="modules" name="is_arg_used_returns_false_if_teal_modules_has_no_children_using_given_arg_"/>
    <testcase time="0.00499999999999545" classname="modules" name="is_arg_used_returns_true_if_teal_modules_has_at_least_one_child_using_given_arg_"/>
    <testcase time="0.0040000000000191" classname="modules" name="is_arg_used_returns_true_if_teal_modules_has_at_least_one_child_using_given_arg_"/>
    <testcase time="0.0029999999999859" classname="modules" name="is_arg_used_returns_true_if_teal_modules_has_at_least_one_child_using_given_arg_"/>
    <testcase time="0.00499999999999545" classname="modules" name="is_arg_used_returns_TRUE_FALSE_when_the_arg_is_in_function_formals"/>
    <testcase time="0.00300000000001432" classname="modules" name="is_arg_used_returns_TRUE_FALSE_when_the_arg_is_in_function_formals"/>
    <testcase time="0.007000000000005" classname="modules" name="is_arg_used_accepts_arg_to_be_a_string_only"/>
    <testcase time="0.00399999999999068" classname="modules" name="is_arg_used_accepts_arg_to_be_a_string_only"/>
    <testcase time="0.00499999999999545" classname="modules" name="is_arg_used_accepts_arg_to_be_a_string_only"/>
    <testcase time="0.007000000000005" classname="modules" name="append_module_throws_error_when_modules_is_not_inherited_from_teal_modules"/>
    <testcase time="0.00499999999999545" classname="modules" name="append_module_throws_error_when_modules_is_not_inherited_from_teal_modules"/>
    <testcase time="0.007000000000005" classname="modules" name="append_module_throws_error_is_module_is_not_inherited_from_teal_module"/>
    <testcase time="0.00499999999999545" classname="modules" name="append_module_throws_error_is_module_is_not_inherited_from_teal_module"/>
    <testcase time="0.00499999999999545" classname="modules" name="append_module_appends_a_module_to_children_of_not_nested_teal_modules"/>
    <testcase time="0.00499999999999545" classname="modules" name="append_module_appends_a_module_to_children_of_nested_teal_modules"/>
    <testcase time="0.0040000000000191" classname="modules" name="append_module_produces_teal_modules_with_unique_named_children"/>
    <testcase time="0.00799999999998136" classname="modules" name="format.teal_modules_returns_proper_structure"/>
    <testcase time="0.0040000000000191" classname="modules" name="module_datanames_is_appended_by_its_transformators_datanames"/>
    <testcase time="0.00499999999999545" classname="modules" name="module_datanames_stays_all_regardless_of_transformators"/>
  </testsuite>
  <testsuite name="rcode_utils" timestamp="2025-01-31T21:38:33Z" hostname="2a4ad234a6bb" tests="6" skipped="0" failures="0" errors="0" time="0.063">
    <testcase time="0.0159999999999911" classname="rcode_utils" name="With_no_teal.load_nest_code_option_set_get_rcode_str_install_returns_default_string"/>
    <testcase time="0.00399999999999068" classname="rcode_utils" name="With_teal.load_nest_code_option_set_to_character_get_rcode_str_install_returns_option_value"/>
    <testcase time="0.00100000000000477" classname="rcode_utils" name="With_teal.load_nest_code_option_set_to_character_get_rcode_str_install_returns_option_value"/>
    <testcase time="0.0040000000000191" classname="rcode_utils" name="When_teal.load_nest_code_option_is_not_character_get_rcode_str_install_silently_returns_default_string"/>
    <testcase time="0.000999999999976353" classname="rcode_utils" name="When_teal.load_nest_code_option_is_not_character_get_rcode_str_install_silently_returns_default_string"/>
    <testcase time="0.0370000000000061" classname="rcode_utils" name="get_rcode_libraries_returns_current_session_packages"/>
  </testsuite>
  <testsuite name="report_previewer_module" timestamp="2025-01-31T21:38:33Z" hostname="2a4ad234a6bb" tests="8" skipped="0" failures="0" errors="0" time="0.038">
    <testcase time="0.00600000000000023" classname="report_previewer_module" name="report_previewer_module_has_specific_classes"/>
    <testcase time="0.007000000000005" classname="report_previewer_module" name="report_previewer_module_throws_error_if_label_is_not_string"/>
    <testcase time="0.00499999999999545" classname="report_previewer_module" name="report_previewer_module_throws_error_if_label_is_not_string"/>
    <testcase time="0.00399999999999068" classname="report_previewer_module" name="report_previewer_module_throws_no_error_and_stores_label_if_label_is_string"/>
    <testcase time="0.00100000000000477" classname="report_previewer_module" name="report_previewer_module_throws_no_error_and_stores_label_if_label_is_string"/>
    <testcase time="0.0040000000000191" classname="report_previewer_module" name="report_previewer_module_default_label_is_Report_previewer_"/>
    <testcase time="0.00699999999997658" classname="report_previewer_module" name="report_previewer_module_does_not_accept_server_args_out_of_formals_teal.reporter_reporter_previewer_srv_"/>
    <testcase time="0.0040000000000191" classname="report_previewer_module" name="report_previewer_module_does_not_accept_server_args_out_of_formals_teal.reporter_reporter_previewer_srv_"/>
  </testsuite>
  <testsuite name="shinytest2-data_summary" timestamp="2025-01-31T21:38:33Z" hostname="2a4ad234a6bb" tests="7" skipped="0" failures="0" errors="0" time="51.218">
    <testcase time="9.03" classname="shinytest2_data_summary" name="e2e_data_summary_just_list_the_unfilterable_objects_at_the_bottom_when_provided"/>
    <testcase time="8.102" classname="shinytest2_data_summary" name="e2e_data_summary_table_is_displayed_with_2_columns_data_without_keys"/>
    <testcase time="8.01499999999999" classname="shinytest2_data_summary" name="e2e_data_summary_table_displays_datasets_by_topological_sort_of_join_keys"/>
    <testcase time="8.04900000000001" classname="shinytest2_data_summary" name="e2e_data_summary_table_is_displayed_with_3_columns_for_data_with_join_keys"/>
    <testcase time="0.25800000000001" classname="shinytest2_data_summary" name="e2e_data_summary_table_does_not_list_unsupported_objects"/>
    <testcase time="9.20599999999999" classname="shinytest2_data_summary" name="e2e_data_summary_table_does_not_list_unsupported_objects"/>
    <testcase time="8.55799999999999" classname="shinytest2_data_summary" name="e2e_data_summary_table_displays_datasets_by_names_order_if_no_join_keys"/>
  </testsuite>
  <testsuite name="shinytest2-decorators" timestamp="2025-01-31T21:39:24Z" hostname="2a4ad234a6bb" tests="9" skipped="0" failures="0" errors="0" time="23.096">
    <testcase time="11.326" classname="shinytest2_decorators" name="e2e_module_with_decorator_UI_and_output_is_modified_interactively_upon_changes_in_decorator"/>
    <testcase time="0.00500000000002387" classname="shinytest2_decorators" name="e2e_module_with_decorator_UI_and_output_is_modified_interactively_upon_changes_in_decorator"/>
    <testcase time="0.00999999999999091" classname="shinytest2_decorators" name="e2e_module_with_decorator_UI_and_output_is_modified_interactively_upon_changes_in_decorator"/>
    <testcase time="0.0480000000000018" classname="shinytest2_decorators" name="e2e_module_with_decorator_UI_and_output_is_modified_interactively_upon_changes_in_decorator"/>
    <testcase time="0.561999999999983" classname="shinytest2_decorators" name="e2e_module_with_decorator_UI_and_output_is_modified_interactively_upon_changes_in_decorator"/>
    <testcase time="11.126" classname="shinytest2_decorators" name="e2e_module_with_decorator_where_server_fails_shows_shiny_error_message"/>
    <testcase time="0.00600000000000023" classname="shinytest2_decorators" name="e2e_module_with_decorator_where_server_fails_shows_shiny_error_message"/>
    <testcase time="0.0040000000000191" classname="shinytest2_decorators" name="e2e_module_with_decorator_where_server_fails_shows_shiny_error_message"/>
    <testcase time="0.00899999999998613" classname="shinytest2_decorators" name="e2e_module_with_decorator_where_server_fails_shows_shiny_error_message"/>
  </testsuite>
  <testsuite name="shinytest2-filter_panel" timestamp="2025-01-31T21:39:47Z" hostname="2a4ad234a6bb" tests="5" skipped="0" failures="0" errors="0" time="42.165">
    <testcase time="10.51" classname="shinytest2_filter_panel" name="e2e_module_content_is_updated_when_data_is_filtered_in_filter_panel"/>
    <testcase time="11.757" classname="shinytest2_filter_panel" name="e2e_filtering_a_module_specific_filter_is_reflected_in_other_shared_module"/>
    <testcase time="4.227" classname="shinytest2_filter_panel" name="e2e_filtering_a_module_specific_filter_is_reflected_in_other_shared_module"/>
    <testcase time="11.581" classname="shinytest2_filter_panel" name="e2e_filtering_a_module_specific_filter_is_not_refected_in_other_unshared_modules"/>
    <testcase time="4.09000000000003" classname="shinytest2_filter_panel" name="e2e_filtering_a_module_specific_filter_is_not_refected_in_other_unshared_modules"/>
  </testsuite>
  <testsuite name="shinytest2-init" timestamp="2025-01-31T21:40:29Z" hostname="2a4ad234a6bb" tests="17" skipped="0" failures="0" errors="0" time="28.351">
    <testcase time="8.58799999999997" classname="shinytest2_init" name="e2e_teal_app_initializes_with_no_errors"/>
    <testcase time="8.59700000000004" classname="shinytest2_init" name="e2e_teal_app_initializes_with_sessionInfo_modal"/>
    <testcase time="2.34299999999996" classname="shinytest2_init" name="e2e_teal_app_initializes_with_sessionInfo_modal"/>
    <testcase time="0.0040000000000191" classname="shinytest2_init" name="e2e_teal_app_initializes_with_sessionInfo_modal"/>
    <testcase time="0.00200000000000955" classname="shinytest2_init" name="e2e_teal_app_initializes_with_sessionInfo_modal"/>
    <testcase time="0.0040000000000191" classname="shinytest2_init" name="e2e_teal_app_initializes_with_sessionInfo_modal"/>
    <testcase time="0.000999999999976353" classname="shinytest2_init" name="e2e_teal_app_initializes_with_sessionInfo_modal"/>
    <testcase time="0.0040000000000191" classname="shinytest2_init" name="e2e_teal_app_initializes_with_sessionInfo_modal"/>
    <testcase time="0.00199999999995271" classname="shinytest2_init" name="e2e_teal_app_initializes_with_sessionInfo_modal"/>
    <testcase time="0.0010000000000332" classname="shinytest2_init" name="e2e_teal_app_initializes_with_sessionInfo_modal"/>
    <testcase time="0.000999999999976353" classname="shinytest2_init" name="e2e_teal_app_initializes_with_sessionInfo_modal"/>
    <testcase time="0.00200000000000955" classname="shinytest2_init" name="e2e_teal_app_initializes_with_sessionInfo_modal"/>
    <testcase time="0.0010000000000332" classname="shinytest2_init" name="e2e_teal_app_initializes_with_sessionInfo_modal"/>
    <testcase time="8.74899999999997" classname="shinytest2_init" name="e2e_init_creates_UI_containing_specified_title_favicon_header_and_footer"/>
    <testcase time="0.0360000000000014" classname="shinytest2_init" name="e2e_init_creates_UI_containing_specified_title_favicon_header_and_footer"/>
    <testcase time="0.00799999999998136" classname="shinytest2_init" name="e2e_init_creates_UI_containing_specified_title_favicon_header_and_footer"/>
    <testcase time="0.0080000000000382" classname="shinytest2_init" name="e2e_init_creates_UI_containing_specified_title_favicon_header_and_footer"/>
  </testsuite>
  <testsuite name="shinytest2-landing_popup" timestamp="2025-01-31T21:40:58Z" hostname="2a4ad234a6bb" tests="11" skipped="0" failures="0" errors="0" time="46.47">
    <testcase time="8.69299999999998" classname="shinytest2_landing_popup" name="e2e_teal_app_with_landing_popup_module_initializes_with_no_errors"/>
    <testcase time="8.565" classname="shinytest2_landing_popup" name="e2e_app_with_default_landing_popup_module_creates_modal_containing_a_button"/>
    <testcase time="11.317" classname="shinytest2_landing_popup" name="e2e_when_default_landing_popup_module_is_closed_it_shows_the_underlying_teal_app"/>
    <testcase time="8.93600000000004" classname="shinytest2_landing_popup" name="e2e_app_with_customized_landing_popup_module_creates_modal_containing_specified_title_content_and_buttons"/>
    <testcase time="0.00499999999999545" classname="shinytest2_landing_popup" name="e2e_app_with_customized_landing_popup_module_creates_modal_containing_specified_title_content_and_buttons"/>
    <testcase time="0.00399999999996226" classname="shinytest2_landing_popup" name="e2e_app_with_customized_landing_popup_module_creates_modal_containing_specified_title_content_and_buttons"/>
    <testcase time="0.0040000000000191" classname="shinytest2_landing_popup" name="e2e_app_with_customized_landing_popup_module_creates_modal_containing_specified_title_content_and_buttons"/>
    <testcase time="0.0130000000000337" classname="shinytest2_landing_popup" name="e2e_app_with_customized_landing_popup_module_creates_modal_containing_specified_title_content_and_buttons"/>
    <testcase time="0.00399999999996226" classname="shinytest2_landing_popup" name="e2e_app_with_customized_landing_popup_module_creates_modal_containing_specified_title_content_and_buttons"/>
    <testcase time="0.00999999999999091" classname="shinytest2_landing_popup" name="e2e_app_with_customized_landing_popup_module_creates_modal_containing_specified_title_content_and_buttons"/>
    <testcase time="8.91900000000004" classname="shinytest2_landing_popup" name="e2e_when_customized_button_in_landing_popup_module_is_clicked_it_redirects_to_a_certain_page"/>
  </testsuite>
  <testsuite name="shinytest2-module_bookmark_manager" timestamp="2025-01-31T21:41:44Z" hostname="2a4ad234a6bb" tests="4" skipped="0" failures="0" errors="0" time="36.5">
    <testcase time="8.52600000000001" classname="shinytest2_module_bookmark_manager" name="bookmark_manager_button_is_not_rendered_by_default"/>
    <testcase time="8.54399999999998" classname="shinytest2_module_bookmark_manager" name="bookmark_manager_button_is_not_rendered_when_enableBookmarking_url_"/>
    <testcase time="8.565" classname="shinytest2_module_bookmark_manager" name="bookmark_manager_button_is_rendered_when_enableBookmarking_server_"/>
    <testcase time="10.865" classname="shinytest2_module_bookmark_manager" name="bookmark_manager_button_shows_modal_with_url_containing_state_id_when_clicked"/>
  </testsuite>
  <testsuite name="shinytest2-modules" timestamp="2025-01-31T21:42:20Z" hostname="2a4ad234a6bb" tests="5" skipped="0" failures="0" errors="0" time="39.575">
    <testcase time="8.51099999999997" classname="shinytest2_modules" name="e2e_the_module_server_logic_is_only_triggered_when_the_teal_module_becomes_active"/>
    <testcase time="1.03300000000002" classname="shinytest2_modules" name="e2e_the_module_server_logic_is_only_triggered_when_the_teal_module_becomes_active"/>
    <testcase time="10.61" classname="shinytest2_modules" name="e2e_filter_panel_only_shows_the_data_supplied_using_datanames"/>
    <testcase time="10.614" classname="shinytest2_modules" name="e2e_filter_panel_shows_all_the_datasets_when_datanames_is_all"/>
    <testcase time="8.80700000000002" classname="shinytest2_modules" name="e2e_all_the_nested_teal_modules_are_initiated_as_expected"/>
  </testsuite>
  <testsuite name="shinytest2-reporter" timestamp="2025-01-31T21:43:00Z" hostname="2a4ad234a6bb" tests="8" skipped="0" failures="0" errors="0" time="66.834">
    <testcase time="8.16199999999998" classname="shinytest2_reporter" name="e2e_reporter_tab_is_created_when_a_module_has_reporter"/>
    <testcase time="8.524" classname="shinytest2_reporter" name="e2e_reporter_tab_is_not_created_when_a_module_has_no_reporter"/>
    <testcase time="18.128" classname="shinytest2_reporter" name="e2e_adding_a_report_card_in_a_module_adds_it_in_the_report_previewer_tab"/>
    <testcase time="0.00699999999994816" classname="shinytest2_reporter" name="e2e_adding_a_report_card_in_a_module_adds_it_in_the_report_previewer_tab"/>
    <testcase time="11.498" classname="shinytest2_reporter" name="e2e_reporter_previewer_module_do_not_show_data_summary_nor_filter_panel"/>
    <testcase time="2.07899999999995" classname="shinytest2_reporter" name="e2e_reporter_previewer_module_do_not_show_data_summary_nor_filter_panel"/>
    <testcase time="15.088" classname="shinytest2_reporter" name="e2e_reporter_does_not_show_the_secondary_column_that_shows_filter_panel"/>
    <testcase time="3.34800000000001" classname="shinytest2_reporter" name="e2e_reporter_does_not_show_the_secondary_column_that_shows_filter_panel"/>
  </testsuite>
  <testsuite name="shinytest2-show-rcode" timestamp="2025-01-31T21:44:07Z" hostname="2a4ad234a6bb" tests="7" skipped="0" failures="0" errors="0" time="10.87">
    <testcase time="8.55000000000001" classname="shinytest2_show_rcode" name="e2e_teal_app_initializes_with_Show_R_Code_modal"/>
    <testcase time="2.30099999999999" classname="shinytest2_show_rcode" name="e2e_teal_app_initializes_with_Show_R_Code_modal"/>
    <testcase time="0.00499999999999545" classname="shinytest2_show_rcode" name="e2e_teal_app_initializes_with_Show_R_Code_modal"/>
    <testcase time="0.000999999999976353" classname="shinytest2_show_rcode" name="e2e_teal_app_initializes_with_Show_R_Code_modal"/>
    <testcase time="0.0040000000000191" classname="shinytest2_show_rcode" name="e2e_teal_app_initializes_with_Show_R_Code_modal"/>
    <testcase time="0.0040000000000191" classname="shinytest2_show_rcode" name="e2e_teal_app_initializes_with_Show_R_Code_modal"/>
    <testcase time="0.00499999999999545" classname="shinytest2_show_rcode" name="e2e_teal_app_initializes_with_Show_R_Code_modal"/>
  </testsuite>
  <testsuite name="shinytest2-teal_data_module" timestamp="2025-01-31T21:44:18Z" hostname="2a4ad234a6bb" tests="9" skipped="0" failures="0" errors="0" time="47.953">
    <testcase time="8.99000000000001" classname="shinytest2_teal_data_module" name="e2e_teal_data_module_will_have_a_delayed_load_of_datasets"/>
    <testcase time="5.35999999999996" classname="shinytest2_teal_data_module" name="e2e_teal_data_module_shows_validation_errors"/>
    <testcase time="9.65999999999997" classname="shinytest2_teal_data_module" name="e2e_teal_data_module_inputs_change_teal_data_object_that_is_passed_to_teal_main_UI"/>
    <testcase time="2.30400000000009" classname="shinytest2_teal_data_module" name="e2e_teal_data_module_inputs_change_teal_data_object_that_is_passed_to_teal_main_UI"/>
    <testcase time="6.20699999999999" classname="shinytest2_teal_data_module" name="e2e_teal_data_module_gets_removed_after_successful_data_load_when_once_TRUE"/>
    <testcase time="2.06499999999994" classname="shinytest2_teal_data_module" name="e2e_teal_data_module_gets_removed_after_successful_data_load_when_once_TRUE"/>
    <testcase time="7.62800000000004" classname="shinytest2_teal_data_module" name="e2e_teal_data_module_is_still_visible_after_successful_data_load_when_once_FALSE"/>
    <testcase time="3.30999999999995" classname="shinytest2_teal_data_module" name="e2e_teal_data_module_will_make_other_tabs_inactive_before_successful_data_load"/>
    <testcase time="2.42900000000009" classname="shinytest2_teal_data_module" name="e2e_teal_data_module_will_make_other_tabs_inactive_before_successful_data_load"/>
  </testsuite>
  <testsuite name="shinytest2-teal_slices" timestamp="2025-01-31T21:45:06Z" hostname="2a4ad234a6bb" tests="18" skipped="0" failures="0" errors="0" time="61.351">
    <testcase time="12.501" classname="shinytest2_teal_slices" name="e2e_teal_slices_filters_are_initialized_when_global_filters_are_created"/>
    <testcase time="2.25699999999995" classname="shinytest2_teal_slices" name="e2e_teal_slices_filters_are_initialized_when_global_filters_are_created"/>
    <testcase time="2.25300000000004" classname="shinytest2_teal_slices" name="e2e_teal_slices_filters_are_initialized_when_global_filters_are_created"/>
    <testcase time="2.25599999999997" classname="shinytest2_teal_slices" name="e2e_teal_slices_filters_are_initialized_when_global_filters_are_created"/>
    <testcase time="2.255" classname="shinytest2_teal_slices" name="e2e_teal_slices_filters_are_initialized_when_global_filters_are_created"/>
    <testcase time="2.25300000000004" classname="shinytest2_teal_slices" name="e2e_teal_slices_filters_are_initialized_when_global_filters_are_created"/>
    <testcase time="11.965" classname="shinytest2_teal_slices" name="e2e_teal_slices_filters_are_initialized_when_module_specific_filters_are_created"/>
    <testcase time="2.14599999999996" classname="shinytest2_teal_slices" name="e2e_teal_slices_filters_are_initialized_when_module_specific_filters_are_created"/>
    <testcase time="2.149" classname="shinytest2_teal_slices" name="e2e_teal_slices_filters_are_initialized_when_module_specific_filters_are_created"/>
    <testcase time="2.149" classname="shinytest2_teal_slices" name="e2e_teal_slices_filters_are_initialized_when_module_specific_filters_are_created"/>
    <testcase time="2.154" classname="shinytest2_teal_slices" name="e2e_teal_slices_filters_are_initialized_when_module_specific_filters_are_created"/>
    <testcase time="2.149" classname="shinytest2_teal_slices" name="e2e_teal_slices_filters_are_initialized_when_module_specific_filters_are_created"/>
    <testcase time="3.76400000000001" classname="shinytest2_teal_slices" name="e2e_teal_slices_filters_are_initialized_when_module_specific_filters_are_created"/>
    <testcase time="2.21600000000001" classname="shinytest2_teal_slices" name="e2e_teal_slices_filters_are_initialized_when_module_specific_filters_are_created"/>
    <testcase time="2.22000000000003" classname="shinytest2_teal_slices" name="e2e_teal_slices_filters_are_initialized_when_module_specific_filters_are_created"/>
    <testcase time="2.21799999999996" classname="shinytest2_teal_slices" name="e2e_teal_slices_filters_are_initialized_when_module_specific_filters_are_created"/>
    <testcase time="2.22000000000003" classname="shinytest2_teal_slices" name="e2e_teal_slices_filters_are_initialized_when_module_specific_filters_are_created"/>
    <testcase time="2.226" classname="shinytest2_teal_slices" name="e2e_teal_slices_filters_are_initialized_when_module_specific_filters_are_created"/>
  </testsuite>
  <testsuite name="shinytest2-utils" timestamp="2025-01-31T21:46:07Z" hostname="2a4ad234a6bb" tests="4" skipped="0" failures="0" errors="0" time="10.637">
    <testcase time="8.54300000000001" classname="shinytest2_utils" name="e2e_show_hide_hamburger_works_as_expected"/>
    <testcase time="0.00299999999992906" classname="shinytest2_utils" name="e2e_show_hide_hamburger_works_as_expected"/>
    <testcase time="2.08800000000008" classname="shinytest2_utils" name="e2e_show_hide_hamburger_works_as_expected"/>
    <testcase time="0.00299999999992906" classname="shinytest2_utils" name="e2e_show_hide_hamburger_works_as_expected"/>
  </testsuite>
  <testsuite name="shinytest2-wunder_bar" timestamp="2025-01-31T21:46:18Z" hostname="2a4ad234a6bb" tests="4" skipped="0" failures="0" errors="0" time="22.405">
    <testcase time="8.53100000000006" classname="shinytest2_wunder_bar" name="wunder_bar_srv_clicking_filter_icon_opens_filter_manager_modal"/>
    <testcase time="2.72199999999998" classname="shinytest2_wunder_bar" name="wunder_bar_srv_clicking_filter_icon_opens_filter_manager_modal"/>
    <testcase time="8.41899999999998" classname="shinytest2_wunder_bar" name="wunder_bar_srv_clicking_snapshot_icon_opens_snapshot_manager_modal"/>
    <testcase time="2.73300000000006" classname="shinytest2_wunder_bar" name="wunder_bar_srv_clicking_snapshot_icon_opens_snapshot_manager_modal"/>
  </testsuite>
  <testsuite name="teal_data_module-eval_code" timestamp="2025-01-31T21:46:40Z" hostname="2a4ad234a6bb" tests="16" skipped="0" failures="0" errors="0" time="0.135">
    <testcase time="0.00699999999994816" classname="teal_data_module_eval_code" name="within.teal_data_module_returns_an_object_with_teal_data_module_class"/>
    <testcase time="0.0040000000000191" classname="teal_data_module_eval_code" name="eval_code.teal_data_module_ui_has_modified_namespace_for_id"/>
    <testcase time="0.000999999999976353" classname="teal_data_module_eval_code" name="eval_code.teal_data_module_ui_has_modified_namespace_for_id"/>
    <testcase time="0.000999999999976353" classname="teal_data_module_eval_code" name="eval_code.teal_data_module_ui_has_modified_namespace_for_id"/>
    <testcase time="0.0250000000000909" classname="teal_data_module_eval_code" name="within.teal_data_module_modifies_the_reactive_tea_data_object"/>
    <testcase time="0.00199999999995271" classname="teal_data_module_eval_code" name="within.teal_data_module_modifies_the_reactive_tea_data_object"/>
    <testcase time="0.0240000000000009" classname="teal_data_module_eval_code" name="eval_code.teal_data_module_will_execute_several_times_until_error"/>
    <testcase time="0.00900000000001455" classname="teal_data_module_eval_code" name="eval_code.teal_data_module_will_execute_several_times_until_error"/>
    <testcase time="0.000999999999976353" classname="teal_data_module_eval_code" name="eval_code.teal_data_module_will_execute_several_times_until_error"/>
    <testcase time="0.0170000000000528" classname="teal_data_module_eval_code" name="eval_code.teal_data_module_throws_error_when_original_teal_data_module_result_is_not_reactive"/>
    <testcase time="0.0169999999999391" classname="teal_data_module_eval_code" name="eval_code.teal_data_module_propagates_qenv_error_from_the_original_first_call"/>
    <testcase time="0.000999999999976353" classname="teal_data_module_eval_code" name="eval_code.teal_data_module_propagates_qenv_error_from_the_original_first_call"/>
    <testcase time="0.0110000000000809" classname="teal_data_module_eval_code" name="eval_code.teal_data_module_handles_an_arbitrary_object_other_than_teal_data_or_qenv.error_"/>
    <testcase time="0.000999999999976353" classname="teal_data_module_eval_code" name="eval_code.teal_data_module_handles_an_arbitrary_object_other_than_teal_data_or_qenv.error_"/>
    <testcase time="0.0119999999999436" classname="teal_data_module_eval_code" name="eval_code.teal_data_module_handles_a_NULL_result"/>
    <testcase time="0.00200000000006639" classname="teal_data_module_eval_code" name="eval_code.teal_data_module_handles_a_NULL_result"/>
  </testsuite>
  <testsuite name="teal_data_module" timestamp="2025-01-31T21:46:40Z" hostname="2a4ad234a6bb" tests="4" skipped="0" failures="0" errors="0" time="0.022">
    <testcase time="0.00499999999999545" classname="teal_data_module" name="teal_data_module_returns_teal_data_module"/>
    <testcase time="0.00599999999997181" classname="teal_data_module" name="teal_data_module_throws_when_ui_has_other_formals_than_id_only"/>
    <testcase time="0.00699999999994816" classname="teal_data_module" name="teal_data_module_throws_when_server_has_other_formals_than_id_only"/>
    <testcase time="0.0040000000000191" classname="teal_data_module" name="teal_data_module_throws_when_server_has_other_formals_than_id_only"/>
  </testsuite>
  <testsuite name="teal_reporter" timestamp="2025-01-31T21:46:40Z" hostname="2a4ad234a6bb" tests="25" skipped="0" failures="0" errors="0" time="0.122">
    <testcase time="0.00999999999999091" classname="teal_reporter" name="TealReportCard_object_can_be_initialized"/>
    <testcase time="0.00499999999999545" classname="teal_reporter" name="TealReportCard_inherits_from_ReportCard"/>
    <testcase time="0.00499999999999545" classname="teal_reporter" name="TealReportCard_new_returns_an_object_of_type_TealReportCard"/>
    <testcase time="0.0100000000001046" classname="teal_reporter" name="TealReportCard_get_content_returns_content_with_metadata"/>
    <testcase time="0.000999999999976353" classname="teal_reporter" name="TealReportCard_get_content_returns_content_with_metadata"/>
    <testcase time="0.000999999999976353" classname="teal_reporter" name="TealReportCard_get_content_returns_content_with_metadata"/>
    <testcase time="0.000999999999976353" classname="teal_reporter" name="TealReportCard_get_content_returns_content_with_metadata"/>
    <testcase time="0.00200000000006639" classname="teal_reporter" name="TealReportCard_get_content_returns_content_with_metadata"/>
    <testcase time="0.00299999999992906" classname="teal_reporter" name="TealReportCard_append_src_accepts_a_character"/>
    <testcase time="0.00300000000004275" classname="teal_reporter" name="TealReportCard_append_src_returns_self"/>
    <testcase time="0.0040000000000191" classname="teal_reporter" name="TealReportCard_append_src_returns_title_and_content"/>
    <testcase time="0.0040000000000191" classname="teal_reporter" name="TealReportCard_append_encodings_accepts_list_of_character"/>
    <testcase time="0.00399999999990541" classname="teal_reporter" name="TealReportCard_append_encodings_returns_self"/>
    <testcase time="0.0040000000000191" classname="teal_reporter" name="TealReportCard_append_encodings_returns_title_and_content"/>
    <testcase time="0.00100000000009004" classname="teal_reporter" name="TealReportCard_append_encodings_returns_title_and_content"/>
    <testcase time="0.00699999999994816" classname="teal_reporter" name="TealReportCard_append_fs_accepts_only_a_teal_slices"/>
    <testcase time="0.0080000000000382" classname="teal_reporter" name="TealReportCard_append_fs_accepts_only_a_teal_slices"/>
    <testcase time="0.00699999999994816" classname="teal_reporter" name="TealReportCard_append_fs_returns_self"/>
    <testcase time="0.00700000000006185" classname="teal_reporter" name="TealReportCard_append_fs_returns_title_and_content"/>
    <testcase time="0.00299999999992906" classname="teal_reporter" name="TealReportCard_append_fs_returns_title_and_content"/>
    <testcase time="0.00499999999999545" classname="teal_reporter" name="TealSlicesBlock_new_accepts_teal_slices_only"/>
    <testcase time="0.00499999999999545" classname="teal_reporter" name="TealSlicesBlock_new_accepts_teal_slices_only"/>
    <testcase time="0.00600000000008549" classname="teal_reporter" name="TealSlicesBlock_get_content_returns_yaml_character"/>
    <testcase time="0.00799999999992451" classname="teal_reporter" name="TealSlicesBlock_to_list_returns_list_containing_teal_slices"/>
    <testcase time="0.0080000000000382" classname="teal_reporter" name="TealSlicesBlock_from_list_retains_states_from_a_list"/>
  </testsuite>
  <testsuite name="teal_slices-store" timestamp="2025-01-31T21:46:40Z" hostname="2a4ad234a6bb" tests="15" skipped="0" failures="0" errors="0" time="0.135">
    <testcase time="0.0330000000000155" classname="teal_slices_store" name="teal_slice_store_restore_supports_NULL_and_character_0_for_choices_and_selected"/>
    <testcase time="0.0040000000000191" classname="teal_slices_store" name="teal_slice_store_restore_supports_NULL_and_character_0_for_choices_and_selected"/>
    <testcase time="0.00399999999990541" classname="teal_slices_store" name="teal_slice_store_restore_supports_NULL_and_character_0_for_choices_and_selected"/>
    <testcase time="0.0130000000000337" classname="teal_slices_store" name="teal_slice_store_restore_supports_saving_POSIXct_timestamps_in_selected"/>
    <testcase time="0.00300000000004275" classname="teal_slices_store" name="teal_slice_store_restore_supports_saving_POSIXct_timestamps_in_selected"/>
    <testcase time="0.01299999999992" classname="teal_slices_store" name="teal_slice_store_restore_supports_saving_Date_dates_in_selected"/>
    <testcase time="0.00300000000004275" classname="teal_slices_store" name="teal_slice_store_restore_supports_saving_Date_dates_in_selected"/>
    <testcase time="0.0130000000000337" classname="teal_slices_store" name="teal_slice_store_restore_supports_saving_POSIXct_timestamps_in_choices"/>
    <testcase time="0.00299999999992906" classname="teal_slices_store" name="teal_slice_store_restore_supports_saving_POSIXct_timestamps_in_choices"/>
    <testcase time="0.0120000000000573" classname="teal_slices_store" name="teal_slice_store_restore_supports_saving_Date_timestamps_in_choices"/>
    <testcase time="0.00299999999992906" classname="teal_slices_store" name="teal_slice_store_restore_supports_saving_Date_timestamps_in_choices"/>
    <testcase time="0.01299999999992" classname="teal_slices_store" name="teal_slice_store_restore_restores_mixed_Date_characters_as_characters_in_selected"/>
    <testcase time="0.0130000000000337" classname="teal_slices_store" name="teal_slice_store_restore_restores_characters_as_characters_in_selected_and_choices"/>
    <testcase time="0.00200000000006639" classname="teal_slices_store" name="teal_slice_store_restore_restores_characters_as_characters_in_selected_and_choices"/>
    <testcase time="0.00299999999992906" classname="teal_slices_store" name="teal_slice_store_restore_restores_characters_as_characters_in_selected_and_choices"/>
  </testsuite>
  <testsuite name="teal_slices" timestamp="2025-01-31T21:46:40Z" hostname="2a4ad234a6bb" tests="18" skipped="0" failures="0" errors="0" time="0.13">
    <testcase time="0.00700000000006185" classname="teal_slices" name="teal_slices_produces_teal_slices_object_with_teal_specific_attributes"/>
    <testcase time="0.000999999999976353" classname="teal_slices" name="teal_slices_produces_teal_slices_object_with_teal_specific_attributes"/>
    <testcase time="0.00299999999992906" classname="teal_slices" name="teal_slices_produces_teal_slices_object_with_teal_specific_attributes"/>
    <testcase time="0.00100000000009004" classname="teal_slices" name="teal_slices_produces_teal_slices_object_with_teal_specific_attributes"/>
    <testcase time="0.00599999999997181" classname="teal_slices" name="teal_slices_fails_when_inexisting_teal_slice_id_is_specified_in_mapping"/>
    <testcase time="0.00900000000001455" classname="teal_slices" name="teal_slices_fails_when_inexisting_teal_slice_id_is_specified_in_mapping"/>
    <testcase time="0.00900000000001455" classname="teal_slices" name="teal_slices_processes_filter_mapping"/>
    <testcase time="0.0179999999999154" classname="teal_slices" name="teal_slices_processes_filter_mapping"/>
    <testcase time="0.0130000000000337" classname="teal_slices" name="teal_slices_drops_non_global_filters_if_module_specific_FALSE"/>
    <testcase time="0.00700000000006185" classname="teal_slices" name="teal_slices_drops_non_global_filters_if_module_specific_FALSE"/>
    <testcase time="0.01299999999992" classname="teal_slices" name="deep_copy_filters_copies_teal_slice_changes_pointer_of_teal_slice_object_but_values_remain_the_same"/>
    <testcase time="0.0040000000000191" classname="teal_slices" name="deep_copy_filters_copies_teal_slice_changes_pointer_of_teal_slice_object_but_values_remain_the_same"/>
    <testcase time="0.00599999999997181" classname="teal_slices" name="teal_slices_mapping_should_be_an_empty_list_or_a_named_list_or_missing"/>
    <testcase time="0.00300000000004275" classname="teal_slices" name="teal_slices_mapping_should_be_an_empty_list_or_a_named_list_or_missing"/>
    <testcase time="0.0040000000000191" classname="teal_slices" name="teal_slices_mapping_should_be_an_empty_list_or_a_named_list_or_missing"/>
    <testcase time="0.00900000000001455" classname="teal_slices" name="teal_slices_mapping_should_be_an_empty_list_or_a_named_list_or_missing"/>
    <testcase time="0.00900000000001455" classname="teal_slices" name="teal_slices_mapping_should_be_an_empty_list_or_a_named_list_or_missing"/>
    <testcase time="0.00799999999992451" classname="teal_slices" name="teal_slices_mapping_should_be_an_empty_list_or_a_named_list_or_missing"/>
  </testsuite>
  <testsuite name="teal_transform_module" timestamp="2025-01-31T21:46:41Z" hostname="2a4ad234a6bb" tests="3" skipped="0" failures="0" errors="0" time="0.387">
    <testcase time="0.128000000000043" classname="teal_transform_module" name="expression"/>
    <testcase time="0.131999999999948" classname="teal_transform_module" name="quote"/>
    <testcase time="0.127000000000066" classname="teal_transform_module" name="ui_transform_teal_data_and_srv_transform_teal_data_have_the_same_namespace_for_transform_module"/>
  </testsuite>
  <testsuite name="utils" timestamp="2025-01-31T21:46:41Z" hostname="2a4ad234a6bb" tests="33" skipped="0" failures="0" errors="0" time="0.235">
    <testcase time="0.00999999999999091" classname="utils" name="get_teal_bs_theme"/>
    <testcase time="0.0430000000000064" classname="utils" name="get_teal_bs_theme"/>
    <testcase time="0.000999999999976353" classname="utils" name="get_teal_bs_theme"/>
    <testcase time="0.00199999999995271" classname="utils" name="get_teal_bs_theme"/>
    <testcase time="0.00999999999999091" classname="utils" name="report_card_template_function_returns_TealReportCard_object_with_appropriate_content_and_labels"/>
    <testcase time="0.00100000000009004" classname="utils" name="report_card_template_function_returns_TealReportCard_object_with_appropriate_content_and_labels"/>
    <testcase time="0.00199999999995271" classname="utils" name="report_card_template_function_returns_TealReportCard_object_with_appropriate_content_and_labels"/>
    <testcase time="0.000999999999976353" classname="utils" name="report_card_template_function_returns_TealReportCard_object_with_appropriate_content_and_labels"/>
    <testcase time="0.00200000000006639" classname="utils" name="report_card_template_function_returns_TealReportCard_object_with_appropriate_content_and_labels"/>
    <testcase time="0.000999999999976353" classname="utils" name="report_card_template_function_returns_TealReportCard_object_with_appropriate_content_and_labels"/>
    <testcase time="0.0169999999999391" classname="utils" name="teal_data_to_filtered_data_return_FilteredData_class"/>
    <testcase time="0.0040000000000191" classname="utils" name="validate_app_title_tag_works_on_validating_the_title_tag"/>
    <testcase time="0.00499999999999545" classname="utils" name="validate_app_title_tag_works_on_validating_the_title_tag"/>
    <testcase time="0.0040000000000191" classname="utils" name="validate_app_title_tag_works_on_validating_the_title_tag"/>
    <testcase time="0.0040000000000191" classname="utils" name="validate_app_title_tag_works_on_validating_the_title_tag"/>
    <testcase time="0.00499999999999545" classname="utils" name="validate_app_title_tag_works_on_validating_the_title_tag"/>
    <testcase time="0.0389999999999873" classname="utils" name="build_app_title_builts_a_valid_tag"/>
    <testcase time="0.00300000000004275" classname="utils" name="build_app_title_builts_a_valid_tag"/>
    <testcase time="0.00199999999995271" classname="utils" name="build_app_title_builts_a_valid_tag"/>
    <testcase time="0.00700000000006185" classname="utils" name="create_app_id_data_accepts_teal_data_or_teal_data_module"/>
    <testcase time="0.00199999999995271" classname="utils" name="create_app_id_data_accepts_teal_data_or_teal_data_module"/>
    <testcase time="0.0040000000000191" classname="utils" name="create_app_id_data_accepts_teal_data_or_teal_data_module"/>
    <testcase time="0.00699999999994816" classname="utils" name="create_app_id_modules_accepts_modules"/>
    <testcase time="0.0080000000000382" classname="utils" name="create_app_id_modules_accepts_modules"/>
    <testcase time="0.00699999999994816" classname="utils" name="create_app_id_returns_a_character_string"/>
    <testcase time="0.0150000000001" classname="utils" name="create_app_id_returns_different_hash_for_different_data"/>
    <testcase time="0.0139999999998963" classname="utils" name="create_app_id_returns_different_hash_for_different_modules"/>
    <testcase time="0.0040000000000191" classname="utils" name="defunction_returns_a_string_when_passed_a_function"/>
    <testcase time="0.0040000000000191" classname="utils" name="defunction_returns_non_function_atomic_as_is"/>
    <testcase time="0.000999999999976353" classname="utils" name="defunction_returns_non_function_atomic_as_is"/>
    <testcase time="0.00100000000009004" classname="utils" name="defunction_returns_non_function_atomic_as_is"/>
    <testcase time="0.000999999999976353" classname="utils" name="defunction_returns_non_function_atomic_as_is"/>
    <testcase time="0.0040000000000191" classname="utils" name="defunction_recursively_goes_down_a_list"/>
  </testsuite>
  <testsuite name="validate_has_data" timestamp="2025-01-31T21:46:41Z" hostname="2a4ad234a6bb" tests="17" skipped="0" failures="0" errors="0" time="0.083">
    <testcase time="0.00599999999997181" classname="validate_has_data" name="validate_has_data_throws_no_error_when_data_has_at_least_as_many_rows_as_min_nrow"/>
    <testcase time="0.00199999999995271" classname="validate_has_data" name="validate_has_data_throws_no_error_when_data_has_at_least_as_many_rows_as_min_nrow"/>
    <testcase time="0.00599999999997181" classname="validate_has_data" name="validate_has_data_throws_error_when_min_nrow_rows_of_data"/>
    <testcase time="0.0040000000000191" classname="validate_has_data" name="validate_has_data_accepts_logical_complete_argument"/>
    <testcase time="0.00200000000006639" classname="validate_has_data" name="validate_has_data_accepts_logical_complete_argument"/>
    <testcase time="0.00599999999997181" classname="validate_has_data" name="validate_has_data_throws_error_when_data_has_NA_and_complete_is_set_to_TRUE"/>
    <testcase time="0.0040000000000191" classname="validate_has_data" name="validate_has_data_accepts_logical_allow_inf_argument"/>
    <testcase time="0.0040000000000191" classname="validate_has_data" name="validate_has_data_accepts_logical_allow_inf_argument"/>
    <testcase time="0.00599999999997181" classname="validate_has_data" name="validate_has_data_accepts_throws_error_when_data_has_Inf_values_and_allow_inf_is_set_to_FALSE"/>
    <testcase time="0.00699999999994816" classname="validate_has_data" name="validate_has_data_accepts_throws_error_when_data_has_Inf_values_and_allow_inf_is_set_to_FALSE"/>
    <testcase time="0.0040000000000191" classname="validate_has_data" name="validate_has_data_accepts_throws_error_when_data_has_Inf_values_and_allow_inf_is_set_to_FALSE"/>
    <testcase time="0.0040000000000191" classname="validate_has_data" name="validate_has_data_allow_inf_argument_ignores_non_numeric_columns"/>
    <testcase time="0.0040000000000191" classname="validate_has_data" name="validate_has_data_allow_inf_argument_ignores_non_numeric_columns"/>
    <testcase time="0.00699999999994816" classname="validate_has_data" name="validate_has_data_returns_message_when_msg_argument_is_set"/>
    <testcase time="0.00600000000008549" classname="validate_has_data" name="validate_has_data_returns_message_msg_argument_is_set_and_complete_is_set_to_TRUE"/>
    <testcase time="0.00599999999997181" classname="validate_has_data" name="validate_has_data_returns_throws_error_with_non_character_msg_input"/>
    <testcase time="0.00499999999999545" classname="validate_has_data" name="validate_has_data_returns_throws_error_with_non_character_msg_input"/>
  </testsuite>
  <testsuite name="validate_inputs" timestamp="2025-01-31T21:46:41Z" hostname="2a4ad234a6bb" tests="36" skipped="0" failures="0" errors="0" time="0.523">
    <testcase time="0.00900000000001455" classname="validate_inputs" name="invalid_arguments_raise_errors"/>
    <testcase time="0.0040000000000191" classname="validate_inputs" name="invalid_arguments_raise_errors"/>
    <testcase time="0.0199999999999818" classname="validate_inputs" name="disabled_validators_raise_warnings_individual_validators_"/>
    <testcase time="0.0149999999999864" classname="validate_inputs" name="disabled_validators_raise_warnings_validator_list_"/>
    <testcase time="0.0159999999999627" classname="validate_inputs" name="disabled_validators_raise_warnings_nested_validator_list_"/>
    <testcase time="0.0710000000000264" classname="validate_inputs" name="valid_inputs_produce_desired_output_individual_validators_"/>
    <testcase time="0.0209999999999582" classname="validate_inputs" name="valid_inputs_produce_desired_output_validator_list_"/>
    <testcase time="0.0190000000000055" classname="validate_inputs" name="valid_inputs_produce_desired_output_nested_validator_list_"/>
    <testcase time="0.0270000000000437" classname="validate_inputs" name="invalid_inputs_raise_errors_in_output_individual_validators_"/>
    <testcase time="0.0230000000000246" classname="validate_inputs" name="invalid_inputs_raise_errors_in_output_individual_validators_"/>
    <testcase time="0.0229999999999109" classname="validate_inputs" name="invalid_inputs_raise_errors_in_output_individual_validators_"/>
    <testcase time="0.0260000000000673" classname="validate_inputs" name="invalid_inputs_raise_errors_in_output_validator_list_"/>
    <testcase time="0.04099999999994" classname="validate_inputs" name="invalid_inputs_raise_errors_in_output_validator_list_"/>
    <testcase time="0.0240000000000009" classname="validate_inputs" name="invalid_inputs_raise_errors_in_output_validator_list_"/>
    <testcase time="0.0260000000000673" classname="validate_inputs" name="invalid_inputs_raise_errors_in_output_nested_validator_list_"/>
    <testcase time="0.0240000000000009" classname="validate_inputs" name="invalid_inputs_raise_errors_in_output_nested_validator_list_"/>
    <testcase time="0.0240000000000009" classname="validate_inputs" name="invalid_inputs_raise_errors_in_output_nested_validator_list_"/>
    <testcase time="0.0259999999999536" classname="validate_inputs" name="error_message_is_formatted_properly"/>
    <testcase time="0.00700000000006185" classname="validate_inputs" name="error_message_is_formatted_properly"/>
    <testcase time="0.00599999999997181" classname="validate_inputs" name="error_message_is_formatted_properly"/>
    <testcase time="0.00599999999997181" classname="validate_inputs" name="error_message_is_formatted_properly"/>
    <testcase time="0.00700000000006185" classname="validate_inputs" name="error_message_is_formatted_properly"/>
    <testcase time="0.00199999999995271" classname="validate_inputs" name="error_message_is_formatted_properly"/>
    <testcase time="0.00199999999995271" classname="validate_inputs" name="error_message_is_formatted_properly"/>
    <testcase time="0.00200000000006639" classname="validate_inputs" name="error_message_is_formatted_properly"/>
    <testcase time="0.00199999999995271" classname="validate_inputs" name="error_message_is_formatted_properly"/>
    <testcase time="0.00200000000006639" classname="validate_inputs" name="error_message_is_formatted_properly"/>
    <testcase time="0.00199999999995271" classname="validate_inputs" name="error_message_is_formatted_properly"/>
    <testcase time="0.00199999999995271" classname="validate_inputs" name="error_message_is_formatted_properly"/>
    <testcase time="0.00200000000006639" classname="validate_inputs" name="error_message_is_formatted_properly"/>
    <testcase time="0.00199999999995271" classname="validate_inputs" name="error_message_is_formatted_properly"/>
    <testcase time="0.00300000000004275" classname="validate_inputs" name="error_message_is_formatted_properly"/>
    <testcase time="0.00199999999995271" classname="validate_inputs" name="error_message_is_formatted_properly"/>
    <testcase time="0.0260000000000673" classname="validate_inputs" name="different_validation_modes_produce_proper_messages"/>
    <testcase time="0.00499999999999545" classname="validate_inputs" name="different_validation_modes_produce_proper_messages"/>
    <testcase time="0.0040000000000191" classname="validate_inputs" name="different_validation_modes_produce_proper_messages"/>
  </testsuite>
</testsuites>
