<?xml version="1.0" encoding="UTF-8"?>
<testsuites>
  <testsuite name="init" timestamp="2025-01-31T05:23:20Z" hostname="0ec82eec55dc" tests="14" skipped="0" failures="0" errors="0" time="0.49">
    <testcase time="0.0630000000000001" classname="init" name="init_data_accepts_teal_data_object"/>
    <testcase time="0.0499999999999999" classname="init" name="init_data_accepts_teal_data_module"/>
    <testcase time="0.047" classname="init" name="init_modules_accepts_a_teal_modules_object"/>
    <testcase time="0.027" classname="init" name="init_modules_accepts_a_list_of_teal_module_elements"/>
    <testcase time="0.026" classname="init" name="init_modules_accepts_a_teal_module_object"/>
    <testcase time="0.0509999999999999" classname="init" name="init_filter_accepts_teal_slices_"/>
    <testcase time="0.011" classname="init" name="init_filter_accepts_teal_slices_"/>
    <testcase time="0.032" classname="init" name="init_throws_when_an_empty_data_is_used"/>
    <testcase time="0.031" classname="init" name="init_throws_warning_when_datanames_in_modules_incompatible_w_datanames_in_data_and_there_is_no_transformators"/>
    <testcase time="0.0319999999999999" classname="init" name="init_throws_warning_when_datanames_in_modules_incompatible_w_datanames_in_data_and_there_is_no_transformators"/>
    <testcase time="0.029" classname="init" name="init_doesn_t_throw_warning_when_datanames_in_modules_incompatible_w_datanames_in_data_and_there_are_transformators"/>
    <testcase time="0.0289999999999999" classname="init" name="_all_"/>
    <testcase time="0.03" classname="init" name="_.raw_data_and_all_"/>
    <testcase time="0.032" classname="init" name="init_throws_when_dataname_in_filter_incompatible_w_datanames_in_data"/>
  </testsuite>
  <testsuite name="module_session_info" timestamp="2025-01-31T05:23:20Z" hostname="0ec82eec55dc" tests="3" skipped="0" failures="0" errors="0" time="17.124">
    <testcase time="17.101" classname="module_session_info" name="creation_process_is_invoked_for_teal.lockfile.mode_enabled_and_snapshot_is_copied_to_teal_app.lock_and_removed_after_session_ended"/>
    <testcase time="0.00700000000000145" classname="module_session_info" name="creation_process_is_invoked_for_teal.lockfile.mode_enabled_and_snapshot_is_copied_to_teal_app.lock_and_removed_after_session_ended"/>
    <testcase time="0.0159999999999982" classname="module_session_info" name="creation_process_is_not_invoked_for_teal.lockfile.mode_disabled_"/>
  </testsuite>
  <testsuite name="module_teal" timestamp="2025-01-31T05:23:37Z" hostname="0ec82eec55dc" tests="137" skipped="4" failures="0" errors="0" time="128.904">
    <testcase time="0.144000000000002" classname="module_teal" name="accepts_data_to_be_teal_data"/>
    <testcase time="0.0769999999999982" classname="module_teal" name="accepts_data_to_be_teal_data_module_returning_reactive_teal_data"/>
    <testcase time="0.0850000000000009" classname="module_teal" name="accepts_data_to_a_reactive_or_reactiveVal_teal_data"/>
    <testcase time="0.0470000000000006" classname="module_teal" name="accepts_data_to_a_reactive_or_reactiveVal_teal_data"/>
    <testcase time="0.0659999999999989" classname="module_teal" name="fails_when_data_is_not_teal_data_or_teal_data_module"/>
    <testcase time="0.0280000000000022" classname="module_teal" name="app_fails_when_teal_data_module_doesn_t_return_a_reactive"/>
    <testcase time="0.0609999999999999" classname="module_teal" name="are_not_called_by_default"/>
    <testcase time="0.00300000000000011" classname="module_teal" name="are_not_called_by_default"/>
    <testcase time="1.308" classname="module_teal" name="are_called_once_their_tab_is_selected_and_data_is_teal_data_"/>
    <testcase time="0.00399999999999778" classname="module_teal" name="are_called_once_their_tab_is_selected_and_data_is_teal_data_"/>
    <testcase time="0.702000000000002" classname="module_teal" name="are_called_once_their_tab_is_selected_and_data_is_teal_data_"/>
    <testcase time="0.00199999999999889" classname="module_teal" name="are_called_once_their_tab_is_selected_and_data_is_teal_data_"/>
    <testcase time="0.873000000000001" classname="module_teal" name="are_called_once_their_tab_is_selected_and_data_returns_reactive_teal_data_"/>
    <testcase time="0.00300000000000011" classname="module_teal" name="are_called_once_their_tab_is_selected_and_data_returns_reactive_teal_data_"/>
    <testcase time="0.552" classname="module_teal" name="are_called_once_their_tab_is_selected_and_data_returns_reactive_teal_data_"/>
    <testcase time="0.00199999999999889" classname="module_teal" name="are_called_once_their_tab_is_selected_and_data_returns_reactive_teal_data_"/>
    <testcase time="0.911999999999999" classname="module_teal" name="are_called_once_their_tab_is_selected_and_teal_data_module_returns_reactive_teal_data_"/>
    <testcase time="0.00300000000000011" classname="module_teal" name="are_called_once_their_tab_is_selected_and_teal_data_module_returns_reactive_teal_data_"/>
    <testcase time="0.574000000000002" classname="module_teal" name="are_called_once_their_tab_is_selected_and_teal_data_module_returns_reactive_teal_data_"/>
    <testcase time="0.00199999999999889" classname="module_teal" name="are_called_once_their_tab_is_selected_and_teal_data_module_returns_reactive_teal_data_"/>
    <testcase time="0.348000000000003" classname="module_teal" name="are_called_only_after_teal_data_module_is_resolved"/>
    <testcase time="0.805999999999997" classname="module_teal" name="are_called_only_after_teal_data_module_is_resolved"/>
    <testcase time="0.896000000000001" classname="module_teal" name="are_called_with_data_argument_being_teal_data_"/>
    <testcase time="0.0760000000000005" classname="module_teal" name="are_not_called_when_the_teal_data_module_doesn_t_return_teal_data"/>
    <testcase time="0.286000000000001" classname="module_teal" name="are_not_called_when_the_teal_data_module_doesn_t_return_teal_data"/>
    <testcase time="0.0689999999999991" classname="module_teal" name="are_not_called_when_teal_data_module_returns_validation_error"/>
    <testcase time="0.00500000000000256" classname="module_teal" name="are_not_called_when_teal_data_module_returns_validation_error"/>
    <testcase time="0.263999999999999" classname="module_teal" name="are_not_called_when_teal_data_module_returns_validation_error"/>
    <testcase time="0.0719999999999992" classname="module_teal" name="are_not_called_when_teal_data_module_throws_an_error"/>
    <testcase time="0.00400000000000134" classname="module_teal" name="are_not_called_when_teal_data_module_throws_an_error"/>
    <testcase time="0.266000000000002" classname="module_teal" name="are_not_called_when_teal_data_module_throws_an_error"/>
    <testcase time="0.0719999999999992" classname="module_teal" name="are_not_called_when_teal_data_module_returns_qenv.error"/>
    <testcase time="0.0100000000000016" classname="module_teal" name="are_not_called_when_teal_data_module_returns_qenv.error"/>
    <testcase time="0.286999999999999" classname="module_teal" name="are_not_called_when_teal_data_module_returns_qenv.error"/>
    <testcase time="0.0749999999999993" classname="module_teal" name="are_receiving_reactive_data_which_triggers_on_change"/>
    <testcase time="1.072" classname="module_teal" name="are_receiving_reactive_data_which_triggers_on_change"/>
    <testcase time="1.338" classname="module_teal" name="are_receiving_reactive_data_which_triggers_on_change"/>
    <testcase time="0.0670000000000002" classname="module_teal" name="are_not_called_again_when_data_changes"/>
    <testcase time="0.786000000000001" classname="module_teal" name="are_not_called_again_when_data_changes"/>
    <testcase time="0.669999999999998" classname="module_teal" name="are_not_called_again_when_data_changes"/>
    <testcase time="1.08" classname="module_teal" name="receives_data_with_datasets_module_datanames"/>
    <testcase time="0.00200000000000244" classname="module_teal" name="receives_data_with_datasets_module_datanames"/>
    <testcase time="1.711" classname="module_teal" name="multiple_datanames_with_all_and_.raw_data_"/>
    <testcase time="1.206" classname="module_teal" name="single_dataname_with_all_"/>
    <testcase time="0.908999999999999" classname="module_teal" name="warns_when_dataname_is_not_available"/>
    <testcase time="1.27800000000001" classname="module_teal" name="warns_when_datanames_are_not_available"/>
    <testcase time="0.491" classname="module_teal" name="warns_about_empty_data_when_none_of_module_datanames_is_available_even_if_data_is_not_empty_"/>
    <testcase time="0.491999999999997" classname="module_teal" name="warns_about_empty_data_when_none_of_module_datanames_is_available"/>
    <testcase time="0.975000000000001" classname="module_teal" name="is_called_and_receives_data_even_if_datanames_in_teal_data_are_not_sufficient"/>
    <testcase time="1.948" classname="module_teal" name="receives_all_objects_from_teal_data_when_module_datanames_all_"/>
    <testcase time="1.15" classname="module_teal" name="receives_parent_data_when_module_datanames_limited_to_a_child_data_but_join_keys_are_provided"/>
    <testcase time="0.000999999999997669" classname="module_teal" name="receives_parent_data_when_module_datanames_limited_to_a_child_data_but_join_keys_are_provided"/>
    <testcase time="1.499" classname="module_teal" name="receives_all_transformator_datasets_if_module_datanames_all_"/>
    <testcase time="1.284" classname="module_teal" name="receives_all_datasets_if_transform_datanames_all_"/>
    <testcase time="1.433" classname="module_teal" name="receives_all_raw_datasets_based_on_module_datanames"/>
    <testcase time="1.364" classname="module_teal" name="combines_datanames_from_transform_module_datanames"/>
    <testcase time="1.37" classname="module_teal" name="does_not_receive_transformator_datasets_not_specified_in_transform_datanames_nor_modue_datanames"/>
    <testcase time="1.263" classname="module_teal" name="srv_teal_module.teal_module_does_not_pass_data_if_not_in_the_args_explicitly"/>
    <testcase time="1.289" classname="module_teal" name="srv_teal_module.teal_module_passes_deprecated_datasets_to_the_server_module"/>
    <testcase time="0.0159999999999982" classname="module_teal" name="srv_teal_module.teal_module_passes_deprecated_datasets_to_the_server_module"/>
    <testcase time="1.463" classname="module_teal" name="srv_teal_module.teal_module_passes_server_args_to_the_..."/>
    <testcase time="0.857999999999997" classname="module_teal" name="srv_teal_module.teal_module_passes_quoted_arguments_to_the_teal_module_server_call"/>
    <testcase time="1.117" classname="module_teal" name="srv_teal_module.teal_module_passes_filter_panel_api_if_specified"/>
    <testcase time="1.163" classname="module_teal" name="srv_teal_module.teal_module_passes_Reporter_if_specified"/>
    <testcase time="0.349000000000004" classname="module_teal" name="does_not_receive_report_previewer_when_none_of_the_modules_contain_reporter_argument"/>
    <testcase time="1.523" classname="module_teal" name="receives_one_report_previewer_module_when_any_module_contains_reporter_argument"/>
    <testcase time="0.078000000000003" classname="module_teal" name="is_set_to_initial_filters_when_module_specific"/>
    <testcase time="0.0599999999999952" classname="module_teal" name="is_set_to_initial_filters_with_resolved_attr_mapping_modules_label_when_module_specific_"/>
    <testcase time="0.00200000000000244" classname="module_teal" name="is_set_to_initial_filters_with_resolved_attr_mapping_modules_label_when_module_specific_"/>
    <testcase time="2.792" classname="module_teal" name="slices_in_slicesGlobal_and_in_FilteredData_refer_to_the_same_object"/>
    <testcase time="0.0069999999999979" classname="module_teal" name="slices_in_slicesGlobal_and_in_FilteredData_refer_to_the_same_object"/>
    <testcase time="3.386" classname="module_teal" name="appends_new_slice_and_activates_in_global_filters_when_added_in_a_module_if_module_specific"/>
    <testcase time="3.613" classname="module_teal" name="deactivates_in_global_filters_when_removed_from_module_if_module_specific"/>
    <testcase time="3.331" classname="module_teal" name="appends_new_slice_and_activates_in_module_when_added_in_a_module_if_module_specific"/>
    <testcase time="1.84099999999999" classname="module_teal" name="appends_added_duplicated_slice_and_makes_new_slice_id_unique"/>
    <testcase time="3.158" classname="module_teal" name="deactivates_in_module_when_removed_from_module_if_module_specific"/>
    <testcase time="0.0889999999999986" classname="module_teal" name="auto_resolves_to_mapping_m_when_setting_slices_with_mapping_global_filters_in_module_specific_">
      <skipped message="Reason: need a fix in a .slicesGlobal ('test-module_teal.R:1351:11')"/>
    </testcase>
    <testcase time="3.923" classname="module_teal" name="sets_filters_from_mapping_mod_to_all_modules_FilteredData_when_module_specific"/>
    <testcase time="2.792" classname="module_teal" name="sets_filters_from_mapping_mod_to_module_s_FilteredData_when_module_specific"/>
    <testcase time="0.00799999999999557" classname="module_teal" name="sets_filters_from_mapping_mod_to_module_s_FilteredData_when_module_specific"/>
    <testcase time="3.83500000000001" classname="module_teal" name="sets_filters_from_mapping_global_filters_to_all_modules_FilteredData_when_module_specific"/>
    <testcase time="0.00800000000000978" classname="module_teal" name="sets_filters_from_mapping_global_filters_to_all_modules_FilteredData_when_module_specific"/>
    <testcase time="2.55799999999999" classname="module_teal" name="change_in_the_slicesGlobal_causes_module_s_data_filtering"/>
    <testcase time="0.00199999999999534" classname="module_teal" name="change_in_the_slicesGlobal_causes_module_s_data_filtering"/>
    <testcase time="0.00200000000000955" classname="module_teal" name="change_in_the_slicesGlobal_causes_module_s_data_filtering"/>
    <testcase time="1.23" classname="module_teal" name="returns_no_rows_if_no_filters_set"/>
    <testcase time="1.45699999999999" classname="module_teal" name="returns_global_filters_with_active_true_inactive_false_unavailable_na"/>
    <testcase time="0.0100000000000051" classname="module_teal" name="returns_global_filters_with_active_true_inactive_false_unavailable_na"/>
    <testcase time="1.544" classname="module_teal" name="returns_column_per_module_with_active_true_inactive_false_unavailable_na"/>
    <testcase time="0.00999999999999091" classname="module_teal" name="returns_column_per_module_with_active_true_inactive_false_unavailable_na"/>
    <testcase time="0.0220000000000056" classname="module_teal" name="what_happens_when_module_label_is_duplicated_when_nested_modules_">
      <skipped message="Reason: todo ('test-module_teal.R:1613:7')"/>
    </testcase>
    <testcase time="0.0259999999999962" classname="module_teal" name="sets_back_the_same_active_filters_in_each_module">
      <skipped message="Reason: todo ('test-module_teal.R:1620:5')"/>
    </testcase>
    <testcase time="0.0120000000000005" classname="module_teal" name="doesn_t_fail_when_teal_data_has_no_datasets">
      <skipped message="Reason: todo ('test-module_teal.R:1623:5')"/>
    </testcase>
    <testcase time="1.57300000000001" classname="module_teal" name="evaluates_custom_qenv_call_and_pass_updated_teal_data_to_the_module"/>
    <testcase time="0.00300000000000011" classname="module_teal" name="evaluates_custom_qenv_call_and_pass_updated_teal_data_to_the_module"/>
    <testcase time="2.42" classname="module_teal" name="evaluates_custom_qenv_call_after_filter_is_applied"/>
    <testcase time="0.00199999999999534" classname="module_teal" name="evaluates_custom_qenv_call_after_filter_is_applied"/>
    <testcase time="0.00300000000000011" classname="module_teal" name="evaluates_custom_qenv_call_after_filter_is_applied"/>
    <testcase time="2.43000000000001" classname="module_teal" name="is_reactive_to_the_filter_changes"/>
    <testcase time="0.00199999999999534" classname="module_teal" name="is_reactive_to_the_filter_changes"/>
    <testcase time="0.00199999999999534" classname="module_teal" name="is_reactive_to_the_filter_changes"/>
    <testcase time="1.98400000000001" classname="module_teal" name="receives_all_possible_objects_while_those_not_specified_in_module_datanames_are_unfiltered"/>
    <testcase time="0.00199999999999534" classname="module_teal" name="receives_all_possible_objects_while_those_not_specified_in_module_datanames_are_unfiltered"/>
    <testcase time="0.994" classname="module_teal" name="throws_a_warning_when_transformator_returns_reactive.event"/>
    <testcase time="0.216999999999999" classname="module_teal" name="fails_when_transformator_doesn_t_return_reactive"/>
    <testcase time="0.789000000000001" classname="module_teal" name="fails_when_transformator_doesn_t_return_reactive"/>
    <testcase time="0.951999999999998" classname="module_teal" name="pauses_when_transformator_throws_validation_error"/>
    <testcase time="1.044" classname="module_teal" name="pauses_when_transformator_throws_validation_error"/>
    <testcase time="1.026" classname="module_teal" name="pauses_when_transformator_throws_qenv_error"/>
    <testcase time="1.018" classname="module_teal" name="isn_t_called_when_data_is_not_teal_data"/>
    <testcase time="1.31700000000001" classname="module_teal" name="changes_module_output_for_a_module_with_a_static_decorator"/>
    <testcase time="1.10299999999999" classname="module_teal" name="changes_module_output_for_a_module_with_a_decorator_that_is_a_function_of_an_object_name"/>
    <testcase time="1.28100000000001" classname="module_teal" name="changes_module_output_for_a_module_with_an_interactive_decorator"/>
    <testcase time="1.636" classname="module_teal" name="displays_Obs_only_column_if_all_datasets_have_no_join_keys"/>
    <testcase time="1.158" classname="module_teal" name="displays_Subjects_with_count_based_on_foreign_key_column"/>
    <testcase time="1.14399999999999" classname="module_teal" name="displays_parent_s_Subjects_with_count_based_on_primary_key"/>
    <testcase time="1.44900000000001" classname="module_teal" name="displays_parent_s_Subjects_with_count_based_on_primary_and_foreign_key"/>
    <testcase time="1.32899999999999" classname="module_teal" name="reflects_filters_and_displays_subjects_by_their_unique_id_count"/>
    <testcase time="1.851" classname="module_teal" name="reflects_added_filters_and_displays_subjects_by_their_unique_id_count"/>
    <testcase time="1.00700000000001" classname="module_teal" name="reflects_transformator_adding_new_dataset_if_specified_in_module"/>
    <testcase time="1.122" classname="module_teal" name="displays_parent_s_Subjects_with_count_based_on_primary_key"/>
    <testcase time="1.14699999999999" classname="module_teal" name="displays_only_module_datanames"/>
    <testcase time="1.191" classname="module_teal" name="displays_parent_before_child_when_join_keys_are_provided"/>
    <testcase time="1.16800000000001" classname="module_teal" name="displays_subset_of_module_datanames_if_not_sufficient"/>
    <testcase time="7.057" classname="module_teal" name="summary_table_displays_MAE_dataset_added_in_transformators"/>
    <testcase time="1.23499999999999" classname="module_teal" name="displays_unsupported_datasets"/>
    <testcase time="3.21700000000001" classname="module_teal" name="clicking_reset_button_restores_initial_filters_state_when_module_specific"/>
    <testcase time="0.0109999999999957" classname="module_teal" name="clicking_reset_button_restores_initial_filters_state_when_module_specific"/>
    <testcase time="4.34899999999999" classname="module_teal" name="clicking_reset_button_restores_initial_filters_with_respect_to_mapping_state_when_module_specific"/>
    <testcase time="0.00900000000001455" classname="module_teal" name="clicking_reset_button_restores_initial_filters_with_respect_to_mapping_state_when_module_specific"/>
    <testcase time="0.00899999999998613" classname="module_teal" name="clicking_reset_button_restores_initial_filters_with_respect_to_mapping_state_when_module_specific"/>
    <testcase time="0.984000000000009" classname="module_teal" name="are_detected_as_datanames_when_defined_as_all_"/>
    <testcase time="1.262" classname="module_teal" name="are_present_in_datanames_when_used_in_pre_processing_code"/>
    <testcase time="0.932999999999993" classname="module_teal" name="_when_used_as_non_native_pipe_are_present_in_datanames_in_the_pre_processing_code"/>
    <testcase time="0.795000000000016" classname="module_teal" name="is_fully_reproducible"/>
    <testcase time="0.00199999999998113" classname="module_teal" name="is_fully_reproducible"/>
    <testcase time="0.730000000000018" classname="module_teal" name="has_the_correct_code_with_hash_"/>
  </testsuite>
  <testsuite name="modules" timestamp="2025-01-31T05:25:46Z" hostname="0ec82eec55dc" tests="97" skipped="0" failures="0" errors="0" time="0.386">
    <testcase time="0.0199999999999818" classname="modules" name="Calling_module_does_not_throw"/>
    <testcase time="0.0040000000000191" classname="modules" name="module_requires_label_argument_to_be_a_string_different_than_global_filters_"/>
    <testcase time="0.00499999999999545" classname="modules" name="module_requires_label_argument_to_be_a_string_different_than_global_filters_"/>
    <testcase time="0.00399999999999068" classname="modules" name="module_requires_label_argument_to_be_a_string_different_than_global_filters_"/>
    <testcase time="0.00499999999999545" classname="modules" name="module_requires_label_argument_to_be_a_string_different_than_global_filters_"/>
    <testcase time="0.00500000000002387" classname="modules" name="module_requires_label_argument_to_be_a_string_different_than_global_filters_"/>
    <testcase time="0.00399999999999068" classname="modules" name="module_warns_when_server_contains_datasets_argument"/>
    <testcase time="0.0029999999999859" classname="modules" name="module_expects_server_being_a_shiny_server_module_with_any_argument"/>
    <testcase time="0.00200000000000955" classname="modules" name="module_expects_server_being_a_shiny_server_module_with_any_argument"/>
    <testcase time="0.00100000000000477" classname="modules" name="module_expects_server_being_a_shiny_server_module_with_any_argument"/>
    <testcase time="0.00499999999999545" classname="modules" name="module_expects_server_being_a_shiny_server_module_with_any_argument"/>
    <testcase time="0.00399999999999068" classname="modules" name="module_expects_server_being_a_shiny_server_module_with_any_argument"/>
    <testcase time="0.0040000000000191" classname="modules" name="module_requires_server_args_argument_to_be_a_list"/>
    <testcase time="0.000999999999976353" classname="modules" name="module_requires_server_args_argument_to_be_a_list"/>
    <testcase time="0.00200000000000955" classname="modules" name="module_requires_server_args_argument_to_be_a_list"/>
    <testcase time="0.00399999999999068" classname="modules" name="module_requires_server_args_argument_to_be_a_list"/>
    <testcase time="0.00500000000002387" classname="modules" name="module_requires_server_args_argument_to_be_a_list"/>
    <testcase time="0.0029999999999859" classname="modules" name="module_expects_all_server_args_being_a_server_arguments_or_passed_through_..._"/>
    <testcase time="0.00200000000000955" classname="modules" name="module_expects_all_server_args_being_a_server_arguments_or_passed_through_..._"/>
    <testcase time="0.00399999999999068" classname="modules" name="module_expects_all_server_args_being_a_server_arguments_or_passed_through_..._"/>
    <testcase time="0.00300000000001432" classname="modules" name="module_requires_ui_args_argument_to_be_a_list"/>
    <testcase time="0.00199999999998113" classname="modules" name="module_requires_ui_args_argument_to_be_a_list"/>
    <testcase time="0.00100000000000477" classname="modules" name="module_requires_ui_args_argument_to_be_a_list"/>
    <testcase time="0.00499999999999545" classname="modules" name="module_requires_ui_args_argument_to_be_a_list"/>
    <testcase time="0.0040000000000191" classname="modules" name="module_requires_ui_args_argument_to_be_a_list"/>
    <testcase time="0.00600000000000023" classname="modules" name="module_throws_when_ui_has_data_or_datasets_argument"/>
    <testcase time="0.00499999999999545" classname="modules" name="module_throws_when_ui_has_data_or_datasets_argument"/>
    <testcase time="0.0029999999999859" classname="modules" name="module_expects_ui_being_a_shiny_ui_module_with_any_argument"/>
    <testcase time="0.00100000000000477" classname="modules" name="module_expects_ui_being_a_shiny_ui_module_with_any_argument"/>
    <testcase time="0.00499999999999545" classname="modules" name="module_expects_ui_being_a_shiny_ui_module_with_any_argument"/>
    <testcase time="0.00300000000001432" classname="modules" name="module_expects_all_ui_args_being_a_ui_arguments_or_passed_through_..._"/>
    <testcase time="0.00100000000000477" classname="modules" name="module_expects_all_ui_args_being_a_ui_arguments_or_passed_through_..._"/>
    <testcase time="0.00499999999999545" classname="modules" name="module_expects_all_ui_args_being_a_ui_arguments_or_passed_through_..._"/>
    <testcase time="0.0029999999999859" classname="modules" name="module_requires_datanames_argument_to_be_a_character_or_NULL"/>
    <testcase time="0.00200000000000955" classname="modules" name="module_requires_datanames_argument_to_be_a_character_or_NULL"/>
    <testcase time="0.00100000000000477" classname="modules" name="module_requires_datanames_argument_to_be_a_character_or_NULL"/>
    <testcase time="0.00499999999999545" classname="modules" name="module_requires_datanames_argument_to_be_a_character_or_NULL"/>
    <testcase time="0.00100000000000477" classname="modules" name="module_requires_datanames_argument_to_be_a_character_or_NULL"/>
    <testcase time="0.00399999999999068" classname="modules" name="module_returns_list_of_class_teal_module_containing_input_objects"/>
    <testcase time="0.00100000000000477" classname="modules" name="module_returns_list_of_class_teal_module_containing_input_objects"/>
    <testcase time="0.00200000000000955" classname="modules" name="module_returns_list_of_class_teal_module_containing_input_objects"/>
    <testcase time="0.000999999999976353" classname="modules" name="module_returns_list_of_class_teal_module_containing_input_objects"/>
    <testcase time="0.00100000000000477" classname="modules" name="module_returns_list_of_class_teal_module_containing_input_objects"/>
    <testcase time="0.00100000000000477" classname="modules" name="module_returns_list_of_class_teal_module_containing_input_objects"/>
    <testcase time="0.00200000000000955" classname="modules" name="module_returns_list_of_class_teal_module_containing_input_objects"/>
    <testcase time="0.00100000000000477" classname="modules" name="module_returns_list_of_class_teal_module_containing_input_objects"/>
    <testcase time="0.00699999999997658" classname="modules" name="modules_gives_error_if_no_arguments_other_than_label_are_used"/>
    <testcase time="0.0040000000000191" classname="modules" name="modules_gives_error_if_no_arguments_other_than_label_are_used"/>
    <testcase time="0.00399999999999068" classname="modules" name="modules_requires_label_argument_to_be_a_string_"/>
    <testcase time="0.00499999999999545" classname="modules" name="modules_requires_label_argument_to_be_a_string_"/>
    <testcase time="0.0040000000000191" classname="modules" name="modules_requires_label_argument_to_be_a_string_"/>
    <testcase time="0.00399999999999068" classname="modules" name="modules_accept_teal_module_in_..."/>
    <testcase time="0.0029999999999859" classname="modules" name="modules_accept_multiple_teal_module_objects_in_..."/>
    <testcase time="0.0040000000000191" classname="modules" name="modules_accept_multiple_teal_module_and_teal_modules_objects_in_..."/>
    <testcase time="0.00699999999997658" classname="modules" name="modules_does_not_accept_objects_other_than_teal_module_s_in_..."/>
    <testcase time="0.00600000000000023" classname="modules" name="modules_does_not_accept_objects_other_than_teal_module_s_in_..."/>
    <testcase time="0.00300000000001432" classname="modules" name="modules_returns_teal_modules_object_with_label_and_children_slot"/>
    <testcase time="0.00200000000000955" classname="modules" name="modules_returns_teal_modules_object_with_label_and_children_slot"/>
    <testcase time="0.0029999999999859" classname="modules" name="modules_returns_children_as_list_with_list_named_after_label_attributes"/>
    <testcase time="0.00200000000000955" classname="modules" name="modules_returns_children_as_list_with_list_named_after_label_attributes"/>
    <testcase time="0.00100000000000477" classname="modules" name="modules_returns_children_as_list_with_list_named_after_label_attributes"/>
    <testcase time="0.00699999999997658" classname="modules" name="modules_returns_useful_error_message_if_label_argument_not_explicitly_named"/>
    <testcase time="0.00300000000001432" classname="modules" name="modules_returns_children_as_list_with_unique_names_if_labels_are_duplicated"/>
    <testcase time="0.00200000000000955" classname="modules" name="modules_returns_children_as_list_with_unique_names_if_labels_are_duplicated"/>
    <testcase time="0.000999999999976353" classname="modules" name="modules_returns_children_as_list_with_unique_names_if_labels_are_duplicated"/>
    <testcase time="0.0040000000000191" classname="modules" name="modules_depth_accepts_depth_as_integer"/>
    <testcase time="0.00499999999999545" classname="modules" name="modules_depth_accepts_depth_as_integer"/>
    <testcase time="0.00399999999999068" classname="modules" name="modules_depth_returns_depth_0_by_default"/>
    <testcase time="0.00300000000001432" classname="modules" name="modules_depth_accepts_modules_to_be_teal_module_or_teal_modules"/>
    <testcase time="0.00199999999998113" classname="modules" name="modules_depth_accepts_modules_to_be_teal_module_or_teal_modules"/>
    <testcase time="0.0040000000000191" classname="modules" name="modules_depth_returns_depth_same_as_input_for_teal_module"/>
    <testcase time="0.00399999999999068" classname="modules" name="modules_depth_increases_depth_by_1_for_each_teal_modules"/>
    <testcase time="0.00100000000000477" classname="modules" name="modules_depth_increases_depth_by_1_for_each_teal_modules"/>
    <testcase time="0.007000000000005" classname="modules" name="is_arg_used_throws_error_if_object_is_not_teal_module_or_teal_modules"/>
    <testcase time="0.00499999999999545" classname="modules" name="is_arg_used_throws_error_if_object_is_not_teal_module_or_teal_modules"/>
    <testcase time="0.00499999999999545" classname="modules" name="is_arg_used_returns_true_if_teal_module_has_given_arg_in_server_function_args"/>
    <testcase time="0.00499999999999545" classname="modules" name="is_arg_used_returns_false_if_teal_module_does_not_have_reporter_in_server_function_args"/>
    <testcase time="0.00499999999999545" classname="modules" name="is_arg_used_returns_false_if_teal_modules_has_no_children_using_given_arg_"/>
    <testcase time="0.00300000000001432" classname="modules" name="is_arg_used_returns_false_if_teal_modules_has_no_children_using_given_arg_"/>
    <testcase time="0.00499999999999545" classname="modules" name="is_arg_used_returns_true_if_teal_modules_has_at_least_one_child_using_given_arg_"/>
    <testcase time="0.00300000000001432" classname="modules" name="is_arg_used_returns_true_if_teal_modules_has_at_least_one_child_using_given_arg_"/>
    <testcase time="0.00399999999999068" classname="modules" name="is_arg_used_returns_true_if_teal_modules_has_at_least_one_child_using_given_arg_"/>
    <testcase time="0.00399999999999068" classname="modules" name="is_arg_used_returns_TRUE_FALSE_when_the_arg_is_in_function_formals"/>
    <testcase time="0.00300000000001432" classname="modules" name="is_arg_used_returns_TRUE_FALSE_when_the_arg_is_in_function_formals"/>
    <testcase time="0.007000000000005" classname="modules" name="is_arg_used_accepts_arg_to_be_a_string_only"/>
    <testcase time="0.00499999999999545" classname="modules" name="is_arg_used_accepts_arg_to_be_a_string_only"/>
    <testcase time="0.00499999999999545" classname="modules" name="is_arg_used_accepts_arg_to_be_a_string_only"/>
    <testcase time="0.007000000000005" classname="modules" name="append_module_throws_error_when_modules_is_not_inherited_from_teal_modules"/>
    <testcase time="0.00399999999999068" classname="modules" name="append_module_throws_error_when_modules_is_not_inherited_from_teal_modules"/>
    <testcase time="0.007000000000005" classname="modules" name="append_module_throws_error_is_module_is_not_inherited_from_teal_module"/>
    <testcase time="0.0149999999999864" classname="modules" name="append_module_throws_error_is_module_is_not_inherited_from_teal_module"/>
    <testcase time="0.00600000000000023" classname="modules" name="append_module_appends_a_module_to_children_of_not_nested_teal_modules"/>
    <testcase time="0.00600000000000023" classname="modules" name="append_module_appends_a_module_to_children_of_nested_teal_modules"/>
    <testcase time="0.0040000000000191" classname="modules" name="append_module_produces_teal_modules_with_unique_named_children"/>
    <testcase time="0.00899999999998613" classname="modules" name="format.teal_modules_returns_proper_structure"/>
    <testcase time="0.00399999999999068" classname="modules" name="module_datanames_is_appended_by_its_transformators_datanames"/>
    <testcase time="0.00300000000001432" classname="modules" name="module_datanames_stays_all_regardless_of_transformators"/>
  </testsuite>
  <testsuite name="rcode_utils" timestamp="2025-01-31T05:25:47Z" hostname="0ec82eec55dc" tests="6" skipped="0" failures="0" errors="0" time="0.052">
    <testcase time="0.00600000000000023" classname="rcode_utils" name="With_no_teal.load_nest_code_option_set_get_rcode_str_install_returns_default_string"/>
    <testcase time="0.00399999999999068" classname="rcode_utils" name="With_teal.load_nest_code_option_set_to_character_get_rcode_str_install_returns_option_value"/>
    <testcase time="0.00100000000000477" classname="rcode_utils" name="With_teal.load_nest_code_option_set_to_character_get_rcode_str_install_returns_option_value"/>
    <testcase time="0.00300000000001432" classname="rcode_utils" name="When_teal.load_nest_code_option_is_not_character_get_rcode_str_install_silently_returns_default_string"/>
    <testcase time="0.00199999999998113" classname="rcode_utils" name="When_teal.load_nest_code_option_is_not_character_get_rcode_str_install_silently_returns_default_string"/>
    <testcase time="0.0360000000000014" classname="rcode_utils" name="get_rcode_libraries_returns_current_session_packages"/>
  </testsuite>
  <testsuite name="report_previewer_module" timestamp="2025-01-31T05:25:47Z" hostname="0ec82eec55dc" tests="8" skipped="0" failures="0" errors="0" time="0.038">
    <testcase time="0.00600000000000023" classname="report_previewer_module" name="report_previewer_module_has_specific_classes"/>
    <testcase time="0.007000000000005" classname="report_previewer_module" name="report_previewer_module_throws_error_if_label_is_not_string"/>
    <testcase time="0.00499999999999545" classname="report_previewer_module" name="report_previewer_module_throws_error_if_label_is_not_string"/>
    <testcase time="0.00300000000001432" classname="report_previewer_module" name="report_previewer_module_throws_no_error_and_stores_label_if_label_is_string"/>
    <testcase time="0.00199999999998113" classname="report_previewer_module" name="report_previewer_module_throws_no_error_and_stores_label_if_label_is_string"/>
    <testcase time="0.00300000000001432" classname="report_previewer_module" name="report_previewer_module_default_label_is_Report_previewer_"/>
    <testcase time="0.007000000000005" classname="report_previewer_module" name="report_previewer_module_does_not_accept_server_args_out_of_formals_teal.reporter_reporter_previewer_srv_"/>
    <testcase time="0.00499999999999545" classname="report_previewer_module" name="report_previewer_module_does_not_accept_server_args_out_of_formals_teal.reporter_reporter_previewer_srv_"/>
  </testsuite>
  <testsuite name="shinytest2-data_summary" timestamp="2025-01-31T05:25:47Z" hostname="0ec82eec55dc" tests="7" skipped="0" failures="0" errors="0" time="51.627">
    <testcase time="8.79599999999999" classname="shinytest2_data_summary" name="e2e_data_summary_just_list_the_unfilterable_objects_at_the_bottom_when_provided"/>
    <testcase time="8.345" classname="shinytest2_data_summary" name="e2e_data_summary_table_is_displayed_with_2_columns_data_without_keys"/>
    <testcase time="8.023" classname="shinytest2_data_summary" name="e2e_data_summary_table_displays_datasets_by_topological_sort_of_join_keys"/>
    <testcase time="8.017" classname="shinytest2_data_summary" name="e2e_data_summary_table_is_displayed_with_3_columns_for_data_with_join_keys"/>
    <testcase time="0.260000000000019" classname="shinytest2_data_summary" name="e2e_data_summary_table_does_not_list_unsupported_objects"/>
    <testcase time="9.441" classname="shinytest2_data_summary" name="e2e_data_summary_table_does_not_list_unsupported_objects"/>
    <testcase time="8.74499999999998" classname="shinytest2_data_summary" name="e2e_data_summary_table_displays_datasets_by_names_order_if_no_join_keys"/>
  </testsuite>
  <testsuite name="shinytest2-decorators" timestamp="2025-01-31T05:26:39Z" hostname="0ec82eec55dc" tests="9" skipped="0" failures="0" errors="0" time="22.932">
    <testcase time="11.171" classname="shinytest2_decorators" name="e2e_module_with_decorator_UI_and_output_is_modified_interactively_upon_changes_in_decorator"/>
    <testcase time="0.00399999999999068" classname="shinytest2_decorators" name="e2e_module_with_decorator_UI_and_output_is_modified_interactively_upon_changes_in_decorator"/>
    <testcase time="0.00999999999999091" classname="shinytest2_decorators" name="e2e_module_with_decorator_UI_and_output_is_modified_interactively_upon_changes_in_decorator"/>
    <testcase time="0.0480000000000018" classname="shinytest2_decorators" name="e2e_module_with_decorator_UI_and_output_is_modified_interactively_upon_changes_in_decorator"/>
    <testcase time="0.563000000000017" classname="shinytest2_decorators" name="e2e_module_with_decorator_UI_and_output_is_modified_interactively_upon_changes_in_decorator"/>
    <testcase time="11.117" classname="shinytest2_decorators" name="e2e_module_with_decorator_where_server_fails_shows_shiny_error_message"/>
    <testcase time="0.00600000000000023" classname="shinytest2_decorators" name="e2e_module_with_decorator_where_server_fails_shows_shiny_error_message"/>
    <testcase time="0.00399999999999068" classname="shinytest2_decorators" name="e2e_module_with_decorator_where_server_fails_shows_shiny_error_message"/>
    <testcase time="0.00900000000001455" classname="shinytest2_decorators" name="e2e_module_with_decorator_where_server_fails_shows_shiny_error_message"/>
  </testsuite>
  <testsuite name="shinytest2-filter_panel" timestamp="2025-01-31T05:27:01Z" hostname="0ec82eec55dc" tests="5" skipped="0" failures="0" errors="0" time="42.222">
    <testcase time="10.561" classname="shinytest2_filter_panel" name="e2e_module_content_is_updated_when_data_is_filtered_in_filter_panel"/>
    <testcase time="11.83" classname="shinytest2_filter_panel" name="e2e_filtering_a_module_specific_filter_is_reflected_in_other_shared_module"/>
    <testcase time="4.19500000000002" classname="shinytest2_filter_panel" name="e2e_filtering_a_module_specific_filter_is_reflected_in_other_shared_module"/>
    <testcase time="11.568" classname="shinytest2_filter_panel" name="e2e_filtering_a_module_specific_filter_is_not_refected_in_other_unshared_modules"/>
    <testcase time="4.06799999999998" classname="shinytest2_filter_panel" name="e2e_filtering_a_module_specific_filter_is_not_refected_in_other_unshared_modules"/>
  </testsuite>
  <testsuite name="shinytest2-init" timestamp="2025-01-31T05:27:44Z" hostname="0ec82eec55dc" tests="17" skipped="0" failures="0" errors="0" time="28.215">
    <testcase time="8.56099999999998" classname="shinytest2_init" name="e2e_teal_app_initializes_with_no_errors"/>
    <testcase time="8.75400000000002" classname="shinytest2_init" name="e2e_teal_app_initializes_with_sessionInfo_modal"/>
    <testcase time="2.30000000000001" classname="shinytest2_init" name="e2e_teal_app_initializes_with_sessionInfo_modal"/>
    <testcase time="0.0040000000000191" classname="shinytest2_init" name="e2e_teal_app_initializes_with_sessionInfo_modal"/>
    <testcase time="0.00200000000000955" classname="shinytest2_init" name="e2e_teal_app_initializes_with_sessionInfo_modal"/>
    <testcase time="0.00399999999996226" classname="shinytest2_init" name="e2e_teal_app_initializes_with_sessionInfo_modal"/>
    <testcase time="0.0010000000000332" classname="shinytest2_init" name="e2e_teal_app_initializes_with_sessionInfo_modal"/>
    <testcase time="0.00499999999999545" classname="shinytest2_init" name="e2e_teal_app_initializes_with_sessionInfo_modal"/>
    <testcase time="0.000999999999976353" classname="shinytest2_init" name="e2e_teal_app_initializes_with_sessionInfo_modal"/>
    <testcase time="0.0010000000000332" classname="shinytest2_init" name="e2e_teal_app_initializes_with_sessionInfo_modal"/>
    <testcase time="0.00199999999995271" classname="shinytest2_init" name="e2e_teal_app_initializes_with_sessionInfo_modal"/>
    <testcase time="0.0010000000000332" classname="shinytest2_init" name="e2e_teal_app_initializes_with_sessionInfo_modal"/>
    <testcase time="0.000999999999976353" classname="shinytest2_init" name="e2e_teal_app_initializes_with_sessionInfo_modal"/>
    <testcase time="8.524" classname="shinytest2_init" name="e2e_init_creates_UI_containing_specified_title_favicon_header_and_footer"/>
    <testcase time="0.0380000000000109" classname="shinytest2_init" name="e2e_init_creates_UI_containing_specified_title_favicon_header_and_footer"/>
    <testcase time="0.00799999999998136" classname="shinytest2_init" name="e2e_init_creates_UI_containing_specified_title_favicon_header_and_footer"/>
    <testcase time="0.0080000000000382" classname="shinytest2_init" name="e2e_init_creates_UI_containing_specified_title_favicon_header_and_footer"/>
  </testsuite>
  <testsuite name="shinytest2-landing_popup" timestamp="2025-01-31T05:28:12Z" hostname="0ec82eec55dc" tests="11" skipped="0" failures="0" errors="0" time="47.084">
    <testcase time="8.84199999999998" classname="shinytest2_landing_popup" name="e2e_teal_app_with_landing_popup_module_initializes_with_no_errors"/>
    <testcase time="9.226" classname="shinytest2_landing_popup" name="e2e_app_with_default_landing_popup_module_creates_modal_containing_a_button"/>
    <testcase time="11.284" classname="shinytest2_landing_popup" name="e2e_when_default_landing_popup_module_is_closed_it_shows_the_underlying_teal_app"/>
    <testcase time="9.01600000000002" classname="shinytest2_landing_popup" name="e2e_app_with_customized_landing_popup_module_creates_modal_containing_specified_title_content_and_buttons"/>
    <testcase time="0.00499999999999545" classname="shinytest2_landing_popup" name="e2e_app_with_customized_landing_popup_module_creates_modal_containing_specified_title_content_and_buttons"/>
    <testcase time="0.0040000000000191" classname="shinytest2_landing_popup" name="e2e_app_with_customized_landing_popup_module_creates_modal_containing_specified_title_content_and_buttons"/>
    <testcase time="0.00399999999996226" classname="shinytest2_landing_popup" name="e2e_app_with_customized_landing_popup_module_creates_modal_containing_specified_title_content_and_buttons"/>
    <testcase time="0.0130000000000337" classname="shinytest2_landing_popup" name="e2e_app_with_customized_landing_popup_module_creates_modal_containing_specified_title_content_and_buttons"/>
    <testcase time="0.00499999999999545" classname="shinytest2_landing_popup" name="e2e_app_with_customized_landing_popup_module_creates_modal_containing_specified_title_content_and_buttons"/>
    <testcase time="0.00899999999995771" classname="shinytest2_landing_popup" name="e2e_app_with_customized_landing_popup_module_creates_modal_containing_specified_title_content_and_buttons"/>
    <testcase time="8.67600000000004" classname="shinytest2_landing_popup" name="e2e_when_customized_button_in_landing_popup_module_is_clicked_it_redirects_to_a_certain_page"/>
  </testsuite>
  <testsuite name="shinytest2-module_bookmark_manager" timestamp="2025-01-31T05:28:59Z" hostname="0ec82eec55dc" tests="4" skipped="0" failures="0" errors="0" time="36.723">
    <testcase time="8.79999999999995" classname="shinytest2_module_bookmark_manager" name="bookmark_manager_button_is_not_rendered_by_default"/>
    <testcase time="8.51300000000003" classname="shinytest2_module_bookmark_manager" name="bookmark_manager_button_is_not_rendered_when_enableBookmarking_url_"/>
    <testcase time="8.52999999999997" classname="shinytest2_module_bookmark_manager" name="bookmark_manager_button_is_rendered_when_enableBookmarking_server_"/>
    <testcase time="10.88" classname="shinytest2_module_bookmark_manager" name="bookmark_manager_button_shows_modal_with_url_containing_state_id_when_clicked"/>
  </testsuite>
  <testsuite name="shinytest2-modules" timestamp="2025-01-31T05:29:36Z" hostname="0ec82eec55dc" tests="5" skipped="0" failures="0" errors="0" time="39.502">
    <testcase time="8.44200000000001" classname="shinytest2_modules" name="e2e_the_module_server_logic_is_only_triggered_when_the_teal_module_becomes_active"/>
    <testcase time="1.02800000000002" classname="shinytest2_modules" name="e2e_the_module_server_logic_is_only_triggered_when_the_teal_module_becomes_active"/>
    <testcase time="10.595" classname="shinytest2_modules" name="e2e_filter_panel_only_shows_the_data_supplied_using_datanames"/>
    <testcase time="10.5890000000001" classname="shinytest2_modules" name="e2e_filter_panel_shows_all_the_datasets_when_datanames_is_all"/>
    <testcase time="8.84799999999996" classname="shinytest2_modules" name="e2e_all_the_nested_teal_modules_are_initiated_as_expected"/>
  </testsuite>
  <testsuite name="shinytest2-reporter" timestamp="2025-01-31T05:30:15Z" hostname="0ec82eec55dc" tests="8" skipped="0" failures="0" errors="0" time="66.638">
    <testcase time="8.15300000000002" classname="shinytest2_reporter" name="e2e_reporter_tab_is_created_when_a_module_has_reporter"/>
    <testcase time="8.49900000000002" classname="shinytest2_reporter" name="e2e_reporter_tab_is_not_created_when_a_module_has_no_reporter"/>
    <testcase time="18.067" classname="shinytest2_reporter" name="e2e_adding_a_report_card_in_a_module_adds_it_in_the_report_previewer_tab"/>
    <testcase time="0.007000000000005" classname="shinytest2_reporter" name="e2e_adding_a_report_card_in_a_module_adds_it_in_the_report_previewer_tab"/>
    <testcase time="11.527" classname="shinytest2_reporter" name="e2e_reporter_previewer_module_do_not_show_data_summary_nor_filter_panel"/>
    <testcase time="2.077" classname="shinytest2_reporter" name="e2e_reporter_previewer_module_do_not_show_data_summary_nor_filter_panel"/>
    <testcase time="14.987" classname="shinytest2_reporter" name="e2e_reporter_does_not_show_the_secondary_column_that_shows_filter_panel"/>
    <testcase time="3.32100000000003" classname="shinytest2_reporter" name="e2e_reporter_does_not_show_the_secondary_column_that_shows_filter_panel"/>
  </testsuite>
  <testsuite name="shinytest2-show-rcode" timestamp="2025-01-31T05:31:22Z" hostname="0ec82eec55dc" tests="7" skipped="0" failures="0" errors="0" time="10.842">
    <testcase time="8.52799999999996" classname="shinytest2_show_rcode" name="e2e_teal_app_initializes_with_Show_R_Code_modal"/>
    <testcase time="2.28900000000004" classname="shinytest2_show_rcode" name="e2e_teal_app_initializes_with_Show_R_Code_modal"/>
    <testcase time="0.00499999999999545" classname="shinytest2_show_rcode" name="e2e_teal_app_initializes_with_Show_R_Code_modal"/>
    <testcase time="0.000999999999976353" classname="shinytest2_show_rcode" name="e2e_teal_app_initializes_with_Show_R_Code_modal"/>
    <testcase time="0.0040000000000191" classname="shinytest2_show_rcode" name="e2e_teal_app_initializes_with_Show_R_Code_modal"/>
    <testcase time="0.00499999999999545" classname="shinytest2_show_rcode" name="e2e_teal_app_initializes_with_Show_R_Code_modal"/>
    <testcase time="0.00999999999999091" classname="shinytest2_show_rcode" name="e2e_teal_app_initializes_with_Show_R_Code_modal"/>
  </testsuite>
  <testsuite name="shinytest2-teal_data_module" timestamp="2025-01-31T05:31:33Z" hostname="0ec82eec55dc" tests="9" skipped="0" failures="0" errors="0" time="47.925">
    <testcase time="8.91699999999997" classname="shinytest2_teal_data_module" name="e2e_teal_data_module_will_have_a_delayed_load_of_datasets"/>
    <testcase time="5.35700000000003" classname="shinytest2_teal_data_module" name="e2e_teal_data_module_shows_validation_errors"/>
    <testcase time="9.57999999999998" classname="shinytest2_teal_data_module" name="e2e_teal_data_module_inputs_change_teal_data_object_that_is_passed_to_teal_main_UI"/>
    <testcase time="2.30200000000002" classname="shinytest2_teal_data_module" name="e2e_teal_data_module_inputs_change_teal_data_object_that_is_passed_to_teal_main_UI"/>
    <testcase time="6.23299999999995" classname="shinytest2_teal_data_module" name="e2e_teal_data_module_gets_removed_after_successful_data_load_when_once_TRUE"/>
    <testcase time="2.06400000000008" classname="shinytest2_teal_data_module" name="e2e_teal_data_module_gets_removed_after_successful_data_load_when_once_TRUE"/>
    <testcase time="7.66999999999996" classname="shinytest2_teal_data_module" name="e2e_teal_data_module_is_still_visible_after_successful_data_load_when_once_FALSE"/>
    <testcase time="3.37700000000007" classname="shinytest2_teal_data_module" name="e2e_teal_data_module_will_make_other_tabs_inactive_before_successful_data_load"/>
    <testcase time="2.42499999999995" classname="shinytest2_teal_data_module" name="e2e_teal_data_module_will_make_other_tabs_inactive_before_successful_data_load"/>
  </testsuite>
  <testsuite name="shinytest2-teal_slices" timestamp="2025-01-31T05:32:21Z" hostname="0ec82eec55dc" tests="18" skipped="0" failures="0" errors="0" time="61.241">
    <testcase time="12.484" classname="shinytest2_teal_slices" name="e2e_teal_slices_filters_are_initialized_when_global_filters_are_created"/>
    <testcase time="2.26199999999994" classname="shinytest2_teal_slices" name="e2e_teal_slices_filters_are_initialized_when_global_filters_are_created"/>
    <testcase time="2.25800000000004" classname="shinytest2_teal_slices" name="e2e_teal_slices_filters_are_initialized_when_global_filters_are_created"/>
    <testcase time="2.26099999999997" classname="shinytest2_teal_slices" name="e2e_teal_slices_filters_are_initialized_when_global_filters_are_created"/>
    <testcase time="2.255" classname="shinytest2_teal_slices" name="e2e_teal_slices_filters_are_initialized_when_global_filters_are_created"/>
    <testcase time="2.24900000000002" classname="shinytest2_teal_slices" name="e2e_teal_slices_filters_are_initialized_when_global_filters_are_created"/>
    <testcase time="11.862" classname="shinytest2_teal_slices" name="e2e_teal_slices_filters_are_initialized_when_module_specific_filters_are_created"/>
    <testcase time="2.14700000000005" classname="shinytest2_teal_slices" name="e2e_teal_slices_filters_are_initialized_when_module_specific_filters_are_created"/>
    <testcase time="2.14800000000002" classname="shinytest2_teal_slices" name="e2e_teal_slices_filters_are_initialized_when_module_specific_filters_are_created"/>
    <testcase time="2.14699999999993" classname="shinytest2_teal_slices" name="e2e_teal_slices_filters_are_initialized_when_module_specific_filters_are_created"/>
    <testcase time="2.15100000000007" classname="shinytest2_teal_slices" name="e2e_teal_slices_filters_are_initialized_when_module_specific_filters_are_created"/>
    <testcase time="2.14199999999994" classname="shinytest2_teal_slices" name="e2e_teal_slices_filters_are_initialized_when_module_specific_filters_are_created"/>
    <testcase time="3.76900000000001" classname="shinytest2_teal_slices" name="e2e_teal_slices_filters_are_initialized_when_module_specific_filters_are_created"/>
    <testcase time="2.22700000000009" classname="shinytest2_teal_slices" name="e2e_teal_slices_filters_are_initialized_when_module_specific_filters_are_created"/>
    <testcase time="2.22699999999998" classname="shinytest2_teal_slices" name="e2e_teal_slices_filters_are_initialized_when_module_specific_filters_are_created"/>
    <testcase time="2.21600000000001" classname="shinytest2_teal_slices" name="e2e_teal_slices_filters_are_initialized_when_module_specific_filters_are_created"/>
    <testcase time="2.21600000000001" classname="shinytest2_teal_slices" name="e2e_teal_slices_filters_are_initialized_when_module_specific_filters_are_created"/>
    <testcase time="2.21999999999991" classname="shinytest2_teal_slices" name="e2e_teal_slices_filters_are_initialized_when_module_specific_filters_are_created"/>
  </testsuite>
  <testsuite name="shinytest2-utils" timestamp="2025-01-31T05:33:22Z" hostname="0ec82eec55dc" tests="4" skipped="0" failures="0" errors="0" time="10.574">
    <testcase time="8.48300000000006" classname="shinytest2_utils" name="e2e_show_hide_hamburger_works_as_expected"/>
    <testcase time="0.00300000000004275" classname="shinytest2_utils" name="e2e_show_hide_hamburger_works_as_expected"/>
    <testcase time="2.0859999999999" classname="shinytest2_utils" name="e2e_show_hide_hamburger_works_as_expected"/>
    <testcase time="0.00200000000006639" classname="shinytest2_utils" name="e2e_show_hide_hamburger_works_as_expected"/>
  </testsuite>
  <testsuite name="shinytest2-wunder_bar" timestamp="2025-01-31T05:33:32Z" hostname="0ec82eec55dc" tests="4" skipped="0" failures="0" errors="0" time="22.294">
    <testcase time="8.48699999999997" classname="shinytest2_wunder_bar" name="wunder_bar_srv_clicking_filter_icon_opens_filter_manager_modal"/>
    <testcase time="2.72000000000003" classname="shinytest2_wunder_bar" name="wunder_bar_srv_clicking_filter_icon_opens_filter_manager_modal"/>
    <testcase time="8.35599999999999" classname="shinytest2_wunder_bar" name="wunder_bar_srv_clicking_snapshot_icon_opens_snapshot_manager_modal"/>
    <testcase time="2.73099999999999" classname="shinytest2_wunder_bar" name="wunder_bar_srv_clicking_snapshot_icon_opens_snapshot_manager_modal"/>
  </testsuite>
  <testsuite name="teal_data_module-eval_code" timestamp="2025-01-31T05:33:55Z" hostname="0ec82eec55dc" tests="16" skipped="0" failures="0" errors="0" time="0.138">
    <testcase time="0.00599999999997181" classname="teal_data_module_eval_code" name="within.teal_data_module_returns_an_object_with_teal_data_module_class"/>
    <testcase time="0.0040000000000191" classname="teal_data_module_eval_code" name="eval_code.teal_data_module_ui_has_modified_namespace_for_id"/>
    <testcase time="0.000999999999976353" classname="teal_data_module_eval_code" name="eval_code.teal_data_module_ui_has_modified_namespace_for_id"/>
    <testcase time="0.00200000000006639" classname="teal_data_module_eval_code" name="eval_code.teal_data_module_ui_has_modified_namespace_for_id"/>
    <testcase time="0.0309999999999491" classname="teal_data_module_eval_code" name="within.teal_data_module_modifies_the_reactive_tea_data_object"/>
    <testcase time="0.000999999999976353" classname="teal_data_module_eval_code" name="within.teal_data_module_modifies_the_reactive_tea_data_object"/>
    <testcase time="0.0240000000000009" classname="teal_data_module_eval_code" name="eval_code.teal_data_module_will_execute_several_times_until_error"/>
    <testcase time="0.00799999999992451" classname="teal_data_module_eval_code" name="eval_code.teal_data_module_will_execute_several_times_until_error"/>
    <testcase time="0.00200000000006639" classname="teal_data_module_eval_code" name="eval_code.teal_data_module_will_execute_several_times_until_error"/>
    <testcase time="0.0159999999999627" classname="teal_data_module_eval_code" name="eval_code.teal_data_module_throws_error_when_original_teal_data_module_result_is_not_reactive"/>
    <testcase time="0.0159999999999627" classname="teal_data_module_eval_code" name="eval_code.teal_data_module_propagates_qenv_error_from_the_original_first_call"/>
    <testcase time="0.00200000000006639" classname="teal_data_module_eval_code" name="eval_code.teal_data_module_propagates_qenv_error_from_the_original_first_call"/>
    <testcase time="0.0109999999999673" classname="teal_data_module_eval_code" name="eval_code.teal_data_module_handles_an_arbitrary_object_other_than_teal_data_or_qenv.error_"/>
    <testcase time="0.000999999999976353" classname="teal_data_module_eval_code" name="eval_code.teal_data_module_handles_an_arbitrary_object_other_than_teal_data_or_qenv.error_"/>
    <testcase time="0.0120000000000573" classname="teal_data_module_eval_code" name="eval_code.teal_data_module_handles_a_NULL_result"/>
    <testcase time="0.000999999999976353" classname="teal_data_module_eval_code" name="eval_code.teal_data_module_handles_a_NULL_result"/>
  </testsuite>
  <testsuite name="teal_data_module" timestamp="2025-01-31T05:33:55Z" hostname="0ec82eec55dc" tests="4" skipped="0" failures="0" errors="0" time="0.023">
    <testcase time="0.00599999999997181" classname="teal_data_module" name="teal_data_module_returns_teal_data_module"/>
    <testcase time="0.00599999999997181" classname="teal_data_module" name="teal_data_module_throws_when_ui_has_other_formals_than_id_only"/>
    <testcase time="0.00700000000006185" classname="teal_data_module" name="teal_data_module_throws_when_server_has_other_formals_than_id_only"/>
    <testcase time="0.0040000000000191" classname="teal_data_module" name="teal_data_module_throws_when_server_has_other_formals_than_id_only"/>
  </testsuite>
  <testsuite name="teal_reporter" timestamp="2025-01-31T05:33:55Z" hostname="0ec82eec55dc" tests="25" skipped="0" failures="0" errors="0" time="0.118">
    <testcase time="0.00999999999999091" classname="teal_reporter" name="TealReportCard_object_can_be_initialized"/>
    <testcase time="0.0040000000000191" classname="teal_reporter" name="TealReportCard_inherits_from_ReportCard"/>
    <testcase time="0.00499999999999545" classname="teal_reporter" name="TealReportCard_new_returns_an_object_of_type_TealReportCard"/>
    <testcase time="0.00900000000001455" classname="teal_reporter" name="TealReportCard_get_content_returns_content_with_metadata"/>
    <testcase time="0.00199999999995271" classname="teal_reporter" name="TealReportCard_get_content_returns_content_with_metadata"/>
    <testcase time="0.000999999999976353" classname="teal_reporter" name="TealReportCard_get_content_returns_content_with_metadata"/>
    <testcase time="0.000999999999976353" classname="teal_reporter" name="TealReportCard_get_content_returns_content_with_metadata"/>
    <testcase time="0.00100000000009004" classname="teal_reporter" name="TealReportCard_get_content_returns_content_with_metadata"/>
    <testcase time="0.00399999999990541" classname="teal_reporter" name="TealReportCard_append_src_accepts_a_character"/>
    <testcase time="0.00300000000004275" classname="teal_reporter" name="TealReportCard_append_src_returns_self"/>
    <testcase time="0.0040000000000191" classname="teal_reporter" name="TealReportCard_append_src_returns_title_and_content"/>
    <testcase time="0.0040000000000191" classname="teal_reporter" name="TealReportCard_append_encodings_accepts_list_of_character"/>
    <testcase time="0.0040000000000191" classname="teal_reporter" name="TealReportCard_append_encodings_returns_self"/>
    <testcase time="0.00399999999990541" classname="teal_reporter" name="TealReportCard_append_encodings_returns_title_and_content"/>
    <testcase time="0.00100000000009004" classname="teal_reporter" name="TealReportCard_append_encodings_returns_title_and_content"/>
    <testcase time="0.00599999999997181" classname="teal_reporter" name="TealReportCard_append_fs_accepts_only_a_teal_slices"/>
    <testcase time="0.00799999999992451" classname="teal_reporter" name="TealReportCard_append_fs_accepts_only_a_teal_slices"/>
    <testcase time="0.00700000000006185" classname="teal_reporter" name="TealReportCard_append_fs_returns_self"/>
    <testcase time="0.00699999999994816" classname="teal_reporter" name="TealReportCard_append_fs_returns_title_and_content"/>
    <testcase time="0.00300000000004275" classname="teal_reporter" name="TealReportCard_append_fs_returns_title_and_content"/>
    <testcase time="0.0040000000000191" classname="teal_reporter" name="TealSlicesBlock_new_accepts_teal_slices_only"/>
    <testcase time="0.00499999999999545" classname="teal_reporter" name="TealSlicesBlock_new_accepts_teal_slices_only"/>
    <testcase time="0.00599999999997181" classname="teal_reporter" name="TealSlicesBlock_get_content_returns_yaml_character"/>
    <testcase time="0.00700000000006185" classname="teal_reporter" name="TealSlicesBlock_to_list_returns_list_containing_teal_slices"/>
    <testcase time="0.00799999999992451" classname="teal_reporter" name="TealSlicesBlock_from_list_retains_states_from_a_list"/>
  </testsuite>
  <testsuite name="teal_slices-store" timestamp="2025-01-31T05:33:55Z" hostname="0ec82eec55dc" tests="15" skipped="0" failures="0" errors="0" time="0.132">
    <testcase time="0.0320000000000391" classname="teal_slices_store" name="teal_slice_store_restore_supports_NULL_and_character_0_for_choices_and_selected"/>
    <testcase time="0.00300000000004275" classname="teal_slices_store" name="teal_slice_store_restore_supports_NULL_and_character_0_for_choices_and_selected"/>
    <testcase time="0.00399999999990541" classname="teal_slices_store" name="teal_slice_store_restore_supports_NULL_and_character_0_for_choices_and_selected"/>
    <testcase time="0.0120000000000573" classname="teal_slices_store" name="teal_slice_store_restore_supports_saving_POSIXct_timestamps_in_selected"/>
    <testcase time="0.00299999999992906" classname="teal_slices_store" name="teal_slice_store_restore_supports_saving_POSIXct_timestamps_in_selected"/>
    <testcase time="0.0120000000000573" classname="teal_slices_store" name="teal_slice_store_restore_supports_saving_Date_dates_in_selected"/>
    <testcase time="0.0040000000000191" classname="teal_slices_store" name="teal_slice_store_restore_supports_saving_Date_dates_in_selected"/>
    <testcase time="0.0119999999999436" classname="teal_slices_store" name="teal_slice_store_restore_supports_saving_POSIXct_timestamps_in_choices"/>
    <testcase time="0.00300000000004275" classname="teal_slices_store" name="teal_slice_store_restore_supports_saving_POSIXct_timestamps_in_choices"/>
    <testcase time="0.0119999999999436" classname="teal_slices_store" name="teal_slice_store_restore_supports_saving_Date_timestamps_in_choices"/>
    <testcase time="0.0040000000000191" classname="teal_slices_store" name="teal_slice_store_restore_supports_saving_Date_timestamps_in_choices"/>
    <testcase time="0.0130000000000337" classname="teal_slices_store" name="teal_slice_store_restore_restores_mixed_Date_characters_as_characters_in_selected"/>
    <testcase time="0.0119999999999436" classname="teal_slices_store" name="teal_slice_store_restore_restores_characters_as_characters_in_selected_and_choices"/>
    <testcase time="0.00200000000006639" classname="teal_slices_store" name="teal_slice_store_restore_restores_characters_as_characters_in_selected_and_choices"/>
    <testcase time="0.0040000000000191" classname="teal_slices_store" name="teal_slice_store_restore_restores_characters_as_characters_in_selected_and_choices"/>
  </testsuite>
  <testsuite name="teal_slices" timestamp="2025-01-31T05:33:55Z" hostname="0ec82eec55dc" tests="18" skipped="0" failures="0" errors="0" time="0.122">
    <testcase time="0.00599999999997181" classname="teal_slices" name="teal_slices_produces_teal_slices_object_with_teal_specific_attributes"/>
    <testcase time="0.000999999999976353" classname="teal_slices" name="teal_slices_produces_teal_slices_object_with_teal_specific_attributes"/>
    <testcase time="0.00300000000004275" classname="teal_slices" name="teal_slices_produces_teal_slices_object_with_teal_specific_attributes"/>
    <testcase time="0.000999999999976353" classname="teal_slices" name="teal_slices_produces_teal_slices_object_with_teal_specific_attributes"/>
    <testcase time="0.00599999999997181" classname="teal_slices" name="teal_slices_fails_when_inexisting_teal_slice_id_is_specified_in_mapping"/>
    <testcase time="0.00900000000001455" classname="teal_slices" name="teal_slices_fails_when_inexisting_teal_slice_id_is_specified_in_mapping"/>
    <testcase time="0.00700000000006185" classname="teal_slices" name="teal_slices_processes_filter_mapping"/>
    <testcase time="0.00799999999992451" classname="teal_slices" name="teal_slices_processes_filter_mapping"/>
    <testcase time="0.0120000000000573" classname="teal_slices" name="teal_slices_drops_non_global_filters_if_module_specific_FALSE"/>
    <testcase time="0.00999999999999091" classname="teal_slices" name="teal_slices_drops_non_global_filters_if_module_specific_FALSE"/>
    <testcase time="0.01400000000001" classname="teal_slices" name="deep_copy_filters_copies_teal_slice_changes_pointer_of_teal_slice_object_but_values_remain_the_same"/>
    <testcase time="0.0040000000000191" classname="teal_slices" name="deep_copy_filters_copies_teal_slice_changes_pointer_of_teal_slice_object_but_values_remain_the_same"/>
    <testcase time="0.00599999999997181" classname="teal_slices" name="teal_slices_mapping_should_be_an_empty_list_or_a_named_list_or_missing"/>
    <testcase time="0.0040000000000191" classname="teal_slices" name="teal_slices_mapping_should_be_an_empty_list_or_a_named_list_or_missing"/>
    <testcase time="0.00399999999990541" classname="teal_slices" name="teal_slices_mapping_should_be_an_empty_list_or_a_named_list_or_missing"/>
    <testcase time="0.00900000000001455" classname="teal_slices" name="teal_slices_mapping_should_be_an_empty_list_or_a_named_list_or_missing"/>
    <testcase time="0.00900000000001455" classname="teal_slices" name="teal_slices_mapping_should_be_an_empty_list_or_a_named_list_or_missing"/>
    <testcase time="0.00900000000001455" classname="teal_slices" name="teal_slices_mapping_should_be_an_empty_list_or_a_named_list_or_missing"/>
  </testsuite>
  <testsuite name="teal_transform_module" timestamp="2025-01-31T05:33:55Z" hostname="0ec82eec55dc" tests="3" skipped="0" failures="0" errors="0" time="0.39">
    <testcase time="0.13900000000001" classname="teal_transform_module" name="expression"/>
    <testcase time="0.125999999999976" classname="teal_transform_module" name="quote"/>
    <testcase time="0.125" classname="teal_transform_module" name="ui_transform_teal_data_and_srv_transform_teal_data_have_the_same_namespace_for_transform_module"/>
  </testsuite>
  <testsuite name="utils" timestamp="2025-01-31T05:33:56Z" hostname="0ec82eec55dc" tests="33" skipped="0" failures="0" errors="0" time="0.231">
    <testcase time="0.0109999999999673" classname="utils" name="get_teal_bs_theme"/>
    <testcase time="0.0330000000000155" classname="utils" name="get_teal_bs_theme"/>
    <testcase time="0.00200000000006639" classname="utils" name="get_teal_bs_theme"/>
    <testcase time="0.000999999999976353" classname="utils" name="get_teal_bs_theme"/>
    <testcase time="0.0109999999999673" classname="utils" name="report_card_template_function_returns_TealReportCard_object_with_appropriate_content_and_labels"/>
    <testcase time="0.000999999999976353" classname="utils" name="report_card_template_function_returns_TealReportCard_object_with_appropriate_content_and_labels"/>
    <testcase time="0.00100000000009004" classname="utils" name="report_card_template_function_returns_TealReportCard_object_with_appropriate_content_and_labels"/>
    <testcase time="0.00199999999995271" classname="utils" name="report_card_template_function_returns_TealReportCard_object_with_appropriate_content_and_labels"/>
    <testcase time="0.000999999999976353" classname="utils" name="report_card_template_function_returns_TealReportCard_object_with_appropriate_content_and_labels"/>
    <testcase time="0.00100000000009004" classname="utils" name="report_card_template_function_returns_TealReportCard_object_with_appropriate_content_and_labels"/>
    <testcase time="0.0189999999998918" classname="utils" name="teal_data_to_filtered_data_return_FilteredData_class"/>
    <testcase time="0.00500000000010914" classname="utils" name="validate_app_title_tag_works_on_validating_the_title_tag"/>
    <testcase time="0.00399999999990541" classname="utils" name="validate_app_title_tag_works_on_validating_the_title_tag"/>
    <testcase time="0.00499999999999545" classname="utils" name="validate_app_title_tag_works_on_validating_the_title_tag"/>
    <testcase time="0.0040000000000191" classname="utils" name="validate_app_title_tag_works_on_validating_the_title_tag"/>
    <testcase time="0.00499999999999545" classname="utils" name="validate_app_title_tag_works_on_validating_the_title_tag"/>
    <testcase time="0.0400000000000773" classname="utils" name="build_app_title_builts_a_valid_tag"/>
    <testcase time="0.00399999999990541" classname="utils" name="build_app_title_builts_a_valid_tag"/>
    <testcase time="0.00200000000006639" classname="utils" name="build_app_title_builts_a_valid_tag"/>
    <testcase time="0.00699999999994816" classname="utils" name="create_app_id_data_accepts_teal_data_or_teal_data_module"/>
    <testcase time="0.00200000000006639" classname="utils" name="create_app_id_data_accepts_teal_data_or_teal_data_module"/>
    <testcase time="0.00499999999999545" classname="utils" name="create_app_id_data_accepts_teal_data_or_teal_data_module"/>
    <testcase time="0.00699999999994816" classname="utils" name="create_app_id_modules_accepts_modules"/>
    <testcase time="0.00700000000006185" classname="utils" name="create_app_id_modules_accepts_modules"/>
    <testcase time="0.00699999999994816" classname="utils" name="create_app_id_returns_a_character_string"/>
    <testcase time="0.0149999999999864" classname="utils" name="create_app_id_returns_different_hash_for_different_data"/>
    <testcase time="0.0149999999999864" classname="utils" name="create_app_id_returns_different_hash_for_different_modules"/>
    <testcase time="0.0040000000000191" classname="utils" name="defunction_returns_a_string_when_passed_a_function"/>
    <testcase time="0.00300000000004275" classname="utils" name="defunction_returns_non_function_atomic_as_is"/>
    <testcase time="0.000999999999976353" classname="utils" name="defunction_returns_non_function_atomic_as_is"/>
    <testcase time="0.000999999999976353" classname="utils" name="defunction_returns_non_function_atomic_as_is"/>
    <testcase time="0.00200000000006639" classname="utils" name="defunction_returns_non_function_atomic_as_is"/>
    <testcase time="0.00299999999992906" classname="utils" name="defunction_recursively_goes_down_a_list"/>
  </testsuite>
  <testsuite name="validate_has_data" timestamp="2025-01-31T05:33:56Z" hostname="0ec82eec55dc" tests="17" skipped="0" failures="0" errors="0" time="0.092">
    <testcase time="0.0160000000000764" classname="validate_has_data" name="validate_has_data_throws_no_error_when_data_has_at_least_as_many_rows_as_min_nrow"/>
    <testcase time="0.00199999999995271" classname="validate_has_data" name="validate_has_data_throws_no_error_when_data_has_at_least_as_many_rows_as_min_nrow"/>
    <testcase time="0.00599999999997181" classname="validate_has_data" name="validate_has_data_throws_error_when_min_nrow_rows_of_data"/>
    <testcase time="0.0040000000000191" classname="validate_has_data" name="validate_has_data_accepts_logical_complete_argument"/>
    <testcase time="0.00199999999995271" classname="validate_has_data" name="validate_has_data_accepts_logical_complete_argument"/>
    <testcase time="0.00600000000008549" classname="validate_has_data" name="validate_has_data_throws_error_when_data_has_NA_and_complete_is_set_to_TRUE"/>
    <testcase time="0.0040000000000191" classname="validate_has_data" name="validate_has_data_accepts_logical_allow_inf_argument"/>
    <testcase time="0.00499999999999545" classname="validate_has_data" name="validate_has_data_accepts_logical_allow_inf_argument"/>
    <testcase time="0.00599999999997181" classname="validate_has_data" name="validate_has_data_accepts_throws_error_when_data_has_Inf_values_and_allow_inf_is_set_to_FALSE"/>
    <testcase time="0.00599999999997181" classname="validate_has_data" name="validate_has_data_accepts_throws_error_when_data_has_Inf_values_and_allow_inf_is_set_to_FALSE"/>
    <testcase time="0.0040000000000191" classname="validate_has_data" name="validate_has_data_accepts_throws_error_when_data_has_Inf_values_and_allow_inf_is_set_to_FALSE"/>
    <testcase time="0.00300000000004275" classname="validate_has_data" name="validate_has_data_allow_inf_argument_ignores_non_numeric_columns"/>
    <testcase time="0.00499999999999545" classname="validate_has_data" name="validate_has_data_allow_inf_argument_ignores_non_numeric_columns"/>
    <testcase time="0.00599999999997181" classname="validate_has_data" name="validate_has_data_returns_message_when_msg_argument_is_set"/>
    <testcase time="0.00599999999997181" classname="validate_has_data" name="validate_has_data_returns_message_msg_argument_is_set_and_complete_is_set_to_TRUE"/>
    <testcase time="0.00700000000006185" classname="validate_has_data" name="validate_has_data_returns_throws_error_with_non_character_msg_input"/>
    <testcase time="0.0040000000000191" classname="validate_has_data" name="validate_has_data_returns_throws_error_with_non_character_msg_input"/>
  </testsuite>
  <testsuite name="validate_inputs" timestamp="2025-01-31T05:33:56Z" hostname="0ec82eec55dc" tests="36" skipped="0" failures="0" errors="0" time="0.514">
    <testcase time="0.00899999999990087" classname="validate_inputs" name="invalid_arguments_raise_errors"/>
    <testcase time="0.0040000000000191" classname="validate_inputs" name="invalid_arguments_raise_errors"/>
    <testcase time="0.0199999999999818" classname="validate_inputs" name="disabled_validators_raise_warnings_individual_validators_"/>
    <testcase time="0.0150000000001" classname="validate_inputs" name="disabled_validators_raise_warnings_validator_list_"/>
    <testcase time="0.0149999999999864" classname="validate_inputs" name="disabled_validators_raise_warnings_nested_validator_list_"/>
    <testcase time="0.06899999999996" classname="validate_inputs" name="valid_inputs_produce_desired_output_individual_validators_"/>
    <testcase time="0.0190000000000055" classname="validate_inputs" name="valid_inputs_produce_desired_output_validator_list_"/>
    <testcase time="0.0180000000000291" classname="validate_inputs" name="valid_inputs_produce_desired_output_nested_validator_list_"/>
    <testcase time="0.0259999999999536" classname="validate_inputs" name="invalid_inputs_raise_errors_in_output_individual_validators_"/>
    <testcase time="0.0230000000000246" classname="validate_inputs" name="invalid_inputs_raise_errors_in_output_individual_validators_"/>
    <testcase time="0.0230000000000246" classname="validate_inputs" name="invalid_inputs_raise_errors_in_output_individual_validators_"/>
    <testcase time="0.02699999999993" classname="validate_inputs" name="invalid_inputs_raise_errors_in_output_validator_list_"/>
    <testcase time="0.0250000000000909" classname="validate_inputs" name="invalid_inputs_raise_errors_in_output_validator_list_"/>
    <testcase time="0.0240000000000009" classname="validate_inputs" name="invalid_inputs_raise_errors_in_output_validator_list_"/>
    <testcase time="0.02699999999993" classname="validate_inputs" name="invalid_inputs_raise_errors_in_output_nested_validator_list_"/>
    <testcase time="0.0230000000000246" classname="validate_inputs" name="invalid_inputs_raise_errors_in_output_nested_validator_list_"/>
    <testcase time="0.0240000000000009" classname="validate_inputs" name="invalid_inputs_raise_errors_in_output_nested_validator_list_"/>
    <testcase time="0.0259999999999536" classname="validate_inputs" name="error_message_is_formatted_properly"/>
    <testcase time="0.00600000000008549" classname="validate_inputs" name="error_message_is_formatted_properly"/>
    <testcase time="0.00599999999997181" classname="validate_inputs" name="error_message_is_formatted_properly"/>
    <testcase time="0.00699999999994816" classname="validate_inputs" name="error_message_is_formatted_properly"/>
    <testcase time="0.00600000000008549" classname="validate_inputs" name="error_message_is_formatted_properly"/>
    <testcase time="0.00199999999995271" classname="validate_inputs" name="error_message_is_formatted_properly"/>
    <testcase time="0.00199999999995271" classname="validate_inputs" name="error_message_is_formatted_properly"/>
    <testcase time="0.00200000000006639" classname="validate_inputs" name="error_message_is_formatted_properly"/>
    <testcase time="0.00199999999995271" classname="validate_inputs" name="error_message_is_formatted_properly"/>
    <testcase time="0.00300000000004275" classname="validate_inputs" name="error_message_is_formatted_properly"/>
    <testcase time="0.00199999999995271" classname="validate_inputs" name="error_message_is_formatted_properly"/>
    <testcase time="0.00200000000006639" classname="validate_inputs" name="error_message_is_formatted_properly"/>
    <testcase time="0.00199999999995271" classname="validate_inputs" name="error_message_is_formatted_properly"/>
    <testcase time="0.00199999999995271" classname="validate_inputs" name="error_message_is_formatted_properly"/>
    <testcase time="0.00300000000004275" classname="validate_inputs" name="error_message_is_formatted_properly"/>
    <testcase time="0.00200000000006639" classname="validate_inputs" name="error_message_is_formatted_properly"/>
    <testcase time="0.02699999999993" classname="validate_inputs" name="different_validation_modes_produce_proper_messages"/>
    <testcase time="0.0170000000000528" classname="validate_inputs" name="different_validation_modes_produce_proper_messages"/>
    <testcase time="0.0040000000000191" classname="validate_inputs" name="different_validation_modes_produce_proper_messages"/>
  </testsuite>
</testsuites>
