<?xml version="1.0" encoding="UTF-8"?>
<testsuites>
  <testsuite name="filter_manager" timestamp="2024-05-22T11:13:24Z" hostname="9780a8fa6fe3" tests="4" skipped="0" failures="0" errors="0" time="0.312">
    <testcase time="0.164" classname="filter_manager" name="filter_manager_srv_initializes_properly_processes_input_arguments"/>
    <testcase time="0.047" classname="filter_manager" name="filter_manager_srv_initializes_properly_processes_input_arguments"/>
    <testcase time="0.099" classname="filter_manager" name="filter_manager_srv_initializes_properly_processes_input_arguments"/>
    <testcase time="0.002" classname="filter_manager" name="filter_manager_srv_initializes_properly_processes_input_arguments"/>
  </testsuite>
  <testsuite name="init" timestamp="2024-05-22T11:13:24Z" hostname="9780a8fa6fe3" tests="10" skipped="0" failures="0" errors="0" time="0.326">
    <testcase time="0.0479999999999999" classname="init" name="init_data_accepts_teal_data_object"/>
    <testcase time="0.0290000000000001" classname="init" name="init_data_accepts_teal_data_module"/>
    <testcase time="0.036" classname="init" name="init_modules_accepts_a_teal_modules_object"/>
    <testcase time="0.0329999999999999" classname="init" name="init_modules_accepts_a_list_of_teal_module_elements"/>
    <testcase time="0.032" classname="init" name="init_modules_accepts_a_teal_module_object"/>
    <testcase time="0.0349999999999999" classname="init" name="init_filter_accepts_teal_slices_"/>
    <testcase time="0.01" classname="init" name="init_filter_accepts_teal_slices_"/>
    <testcase time="0.0389999999999999" classname="init" name="init_throws_when_an_empty_data_is_used"/>
    <testcase time="0.032" classname="init" name="init_throws_when_datanames_in_modules_incompatible_w_datanames_in_data"/>
    <testcase time="0.032" classname="init" name="init_throws_when_dataname_in_filter_incompatible_w_datanames_in_data"/>
  </testsuite>
  <testsuite name="module_nested_tabs" timestamp="2024-05-22T11:13:25Z" hostname="9780a8fa6fe3" tests="33" skipped="0" failures="0" errors="0" time="1.01">
    <testcase time="0.0569999999999999" classname="module_nested_tabs" name="srv_nested_tabs_throws_error_if_reporter_is_not_inherited_from_class_Reporter"/>
    <testcase time="0.0640000000000001" classname="module_nested_tabs" name="passed_shiny_module_is_initialized_only_when_the_UI_is_triggered"/>
    <testcase time="0.042" classname="module_nested_tabs" name="passed_shiny_module_is_initialized_only_when_the_UI_is_triggered"/>
    <testcase time="0.04" classname="module_nested_tabs" name="nested_teal_modules_are_initialized_when_the_UI_is_triggered"/>
    <testcase time="0.0489999999999999" classname="module_nested_tabs" name="nested_teal_modules_are_initialized_when_the_UI_is_triggered"/>
    <testcase time="0.024" classname="module_nested_tabs" name="modules_reactive_is_a_list_of_reactives"/>
    <testcase time="0.00099999999999989" classname="module_nested_tabs" name="modules_reactive_is_a_list_of_reactives"/>
    <testcase time="0.002" classname="module_nested_tabs" name="modules_reactive_is_a_list_of_reactives"/>
    <testcase time="0.04" classname="module_nested_tabs" name="modules_reactive_returns_modules_according_to_selection_in_the_nested_tabs"/>
    <testcase time="0.0170000000000001" classname="module_nested_tabs" name="modules_reactive_returns_modules_according_to_selection_in_the_nested_tabs"/>
    <testcase time="0.00600000000000001" classname="module_nested_tabs" name="Change_of_this_tab_returns_active_module_from_this_tab"/>
    <testcase time="0.004" classname="module_nested_tabs" name="Change_of_this_tab_returns_active_module_from_this_tab"/>
    <testcase time="0.0209999999999999" classname="module_nested_tabs" name="srv_nested_tabs.teal_module_does_not_pass_data_if_not_in_the_args_explicitly"/>
    <testcase time="0.056" classname="module_nested_tabs" name="srv_nested_tabs.teal_module_does_pass_data_if_in_the_args_explicitly"/>
    <testcase time="0.0170000000000001" classname="module_nested_tabs" name="srv_nested_tabs.teal_module_passes_data_to_the_server_module"/>
    <testcase time="0.004" classname="module_nested_tabs" name="srv_nested_tabs.teal_module_passes_deprecated_datasets_to_the_server_module"/>
    <testcase time="0.0109999999999999" classname="module_nested_tabs" name="srv_nested_tabs.teal_module_passes_deprecated_datasets_to_the_server_module"/>
    <testcase time="0.0130000000000001" classname="module_nested_tabs" name="srv_nested_tabs.teal_module_passes_server_args_to_the_..."/>
    <testcase time="0.0209999999999999" classname="module_nested_tabs" name="srv_nested_tabs.teal_module_doesn_t_pass_filter_panel_api_if_not_in_the_args_explicitly"/>
    <testcase time="0.02" classname="module_nested_tabs" name="srv_nested_tabs.teal_module_passes_filter_panel_api_when_passed_in_the_args_explicitly"/>
    <testcase time="0.012" classname="module_nested_tabs" name="srv_nested_tabs.teal_module_passes_filter_panel_api_to_the_server_module"/>
    <testcase time="0.272" classname="module_nested_tabs" name=".datasets_to_data_returns_data_which_is_filtered"/>
    <testcase time="0.00199999999999978" classname="module_nested_tabs" name=".datasets_to_data_returns_data_which_is_filtered"/>
    <testcase time="0.0530000000000004" classname="module_nested_tabs" name=".datasets_to_data_returns_only_data_requested_by_modules_datanames"/>
    <testcase time="0.0449999999999999" classname="module_nested_tabs" name=".datasets_to_data_returns_teal_data_object"/>
    <testcase time="0.00199999999999978" classname="module_nested_tabs" name=".datasets_to_data_returns_teal_data_object"/>
    <testcase time="0.0129999999999999" classname="module_nested_tabs" name=".datasets_to_data_returns_teal_data_object"/>
    <testcase time="0.012" classname="module_nested_tabs" name="calculate_hashes_takes_a_FilteredData_and_vector_of_datanames_as_input"/>
    <testcase time="0.0110000000000001" classname="module_nested_tabs" name="calculate_hashes_returns_a_named_list"/>
    <testcase time="0.00200000000000022" classname="module_nested_tabs" name="calculate_hashes_returns_a_named_list"/>
    <testcase time="0.00099999999999989" classname="module_nested_tabs" name="calculate_hashes_returns_a_named_list"/>
    <testcase time="0.0669999999999997" classname="module_nested_tabs" name="calculate_hashes_returns_the_hash_of_the_non_Filtered_dataset"/>
    <testcase time="0.00900000000000034" classname="module_nested_tabs" name="calculate_hashes_returns_the_hash_of_the_non_Filtered_dataset"/>
  </testsuite>
  <testsuite name="module_tabs_with_filters" timestamp="2024-05-22T11:13:25Z" hostname="9780a8fa6fe3" tests="8" skipped="0" failures="0" errors="0" time="0.969">
    <testcase time="0.0229999999999997" classname="module_tabs_with_filters" name="srv_tabs_with_filters_throws_error_if_reporter_is_not_of_class_Reporter"/>
    <testcase time="0.339" classname="module_tabs_with_filters" name="active_module_returns_module_specs_from_active_tab_when_filter.module_specific_FALSE"/>
    <testcase time="0.0499999999999998" classname="module_tabs_with_filters" name="active_module_returns_module_specs_from_active_tab_when_filter.module_specific_FALSE"/>
    <testcase time="0.0190000000000001" classname="module_tabs_with_filters" name="srv_tabs_with_filters_throws_error_if_reporter_is_not_of_class_Reporter"/>
    <testcase time="0.23" classname="module_tabs_with_filters" name="active_datanames_returns_dataname_from_single_tab"/>
    <testcase time="0.106" classname="module_tabs_with_filters" name="active_datanames_returns_dataname_from_active_tab_after_change"/>
    <testcase time="0.182" classname="module_tabs_with_filters" name="active_datanames_returns_dataname_from_active_tab_after_change"/>
    <testcase time="0.02" classname="module_tabs_with_filters" name="active_datanames_returns_dataname_from_active_tab_after_change"/>
  </testsuite>
  <testsuite name="module_teal" timestamp="2024-05-22T11:13:26Z" hostname="9780a8fa6fe3" tests="8" skipped="0" failures="0" errors="0" time="0.219">
    <testcase time="0.0380000000000003" classname="module_teal" name="srv_teal_fails_when_teal_data_rv_is_not_reactive"/>
    <testcase time="0.0349999999999997" classname="module_teal" name="srv_teal_when_teal_data_rv_changes_datasets_reactive_is_initialized_as_list_of_FilteredData"/>
    <testcase time="0.0329999999999999" classname="module_teal" name="srv_teal_initialized_datasets_reactive_list_reflects_modules_structure"/>
    <testcase time="0.00200000000000022" classname="module_teal" name="srv_teal_initialized_datasets_reactive_list_reflects_modules_structure"/>
    <testcase time="0.04" classname="module_teal" name="srv_teal_initialized_data_containing_same_FilteredData_when_the_filter_is_global"/>
    <testcase time="0.00199999999999978" classname="module_teal" name="srv_teal_initialized_data_containing_same_FilteredData_when_the_filter_is_global"/>
    <testcase time="0.0670000000000002" classname="module_teal" name="srv_teal_initialized_data_containing_different_FilteredData_when_the_filter_is_module_specific"/>
    <testcase time="0.00199999999999978" classname="module_teal" name="srv_teal_initialized_data_containing_different_FilteredData_when_the_filter_is_module_specific"/>
  </testsuite>
  <testsuite name="module_teal_with_splash" timestamp="2024-05-22T11:13:27Z" hostname="9780a8fa6fe3" tests="41" skipped="0" failures="0" errors="0" time="0.522">
    <testcase time="0.0270000000000001" classname="module_teal_with_splash" name="srv_teal_with_splash_data_accepts_a_teal_data_module"/>
    <testcase time="0.0169999999999999" classname="module_teal_with_splash" name="srv_teal_with_splash_throws_when_teal_data_module_doesn_t_return_reactive"/>
    <testcase time="0.0270000000000001" classname="module_teal_with_splash" name="srv_teal_with_splash_teal_data_rv_evaluates_the_server_of_teal_data_module"/>
    <testcase time="0.00200000000000022" classname="module_teal_with_splash" name="srv_teal_with_splash_teal_data_rv_evaluates_the_server_of_teal_data_module"/>
    <testcase time="0.0219999999999998" classname="module_teal_with_splash" name="srv_teal_with_splash_passes_teal_data_to_reactive"/>
    <testcase time="0.00300000000000011" classname="module_teal_with_splash" name="srv_teal_with_splash_passes_teal_data_to_reactive"/>
    <testcase time="0.0219999999999998" classname="module_teal_with_splash" name="srv_teal_with_splash_passes_when_datanames_are_empty_with_warning"/>
    <testcase time="0.00200000000000022" classname="module_teal_with_splash" name="srv_teal_with_splash_passes_when_datanames_are_empty_with_warning"/>
    <testcase time="0.00199999999999978" classname="module_teal_with_splash" name="srv_teal_with_splash_passes_when_datanames_are_empty_with_warning"/>
    <testcase time="0.028" classname="module_teal_with_splash" name="srv_teal_with_splash_teal_data_rv_validate_throws_when_teal_data_module_returns_error"/>
    <testcase time="0.00800000000000001" classname="module_teal_with_splash" name="srv_teal_with_splash_teal_data_rv_validate_throws_when_teal_data_module_returns_error"/>
    <testcase time="0.0220000000000002" classname="module_teal_with_splash" name="srv_teal_with_splash_teal_data_rv_validate_throws_then_qenv.error_occurs"/>
    <testcase time="0.0089999999999999" classname="module_teal_with_splash" name="srv_teal_with_splash_teal_data_rv_validate_throws_then_qenv.error_occurs"/>
    <testcase time="0.0289999999999999" classname="module_teal_with_splash" name="srv_teal_with_splash_teal_data_rv_validate_throws_when_teal_data_module_doesn_t_return_teal_data"/>
    <testcase time="0.00800000000000001" classname="module_teal_with_splash" name="srv_teal_with_splash_teal_data_rv_validate_throws_when_teal_data_module_doesn_t_return_teal_data"/>
    <testcase time="0.0230000000000001" classname="module_teal_with_splash" name="srv_teal_with_splash_teal_data_rv_validate_throws_when_incompatible_module_s_datanames"/>
    <testcase time="0.00699999999999967" classname="module_teal_with_splash" name="srv_teal_with_splash_teal_data_rv_validate_throws_when_incompatible_module_s_datanames"/>
    <testcase time="0.056" classname="module_teal_with_splash" name="srv_teal_with_splash_teal_data_rv_validate_returns_teal_data_if_incompatible_filter_s_datanames"/>
    <testcase time="0.00500000000000034" classname="module_teal_with_splash" name="srv_teal_with_splash_teal_data_rv_validate_returns_teal_data_if_incompatible_filter_s_datanames"/>
    <testcase time="0.00099999999999989" classname="module_teal_with_splash" name="srv_teal_with_splash_teal_data_rv_validate_returns_teal_data_if_incompatible_filter_s_datanames"/>
    <testcase time="0.024" classname="module_teal_with_splash" name="srv_teal_with_splash_gets_observe_event_from_srv_teal"/>
    <testcase time="0.0249999999999999" classname="module_teal_with_splash" name="srv_teal_with_splash_accepts_data_after_within.teal_data_module"/>
    <testcase time="0.0089999999999999" classname="module_teal_with_splash" name="srv_teal_with_splash_accepts_data_after_within.teal_data_module"/>
    <testcase time="0.004" classname="module_teal_with_splash" name="srv_teal_with_splash_accepts_data_after_within.teal_data_module"/>
    <testcase time="0.00300000000000011" classname="module_teal_with_splash" name="srv_teal_with_splash_accepts_data_after_within.teal_data_module"/>
    <testcase time="0.00199999999999978" classname="module_teal_with_splash" name="srv_teal_with_splash_accepts_data_after_within.teal_data_module"/>
    <testcase time="0.032" classname="module_teal_with_splash" name="srv_teal_with_splash_throws_error_when_within.teal_data_module_returns_qenv.error"/>
    <testcase time="0.004" classname="module_teal_with_splash" name="srv_teal_with_splash_throws_error_when_within.teal_data_module_returns_qenv.error"/>
    <testcase time="0.00100000000000033" classname="module_teal_with_splash" name="srv_teal_with_splash_throws_error_when_within.teal_data_module_returns_qenv.error"/>
    <testcase time="0.00800000000000001" classname="module_teal_with_splash" name="srv_teal_with_splash_throws_error_when_within.teal_data_module_returns_qenv.error"/>
    <testcase time="0.00199999999999978" classname="module_teal_with_splash" name="srv_teal_with_splash_throws_error_when_within.teal_data_module_returns_qenv.error"/>
    <testcase time="0.024" classname="module_teal_with_splash" name="srv_teal_with_splash_throws_error_when_within.teal_data_module_returns_NULL"/>
    <testcase time="0.004" classname="module_teal_with_splash" name="srv_teal_with_splash_throws_error_when_within.teal_data_module_returns_NULL"/>
    <testcase time="0.00199999999999978" classname="module_teal_with_splash" name="srv_teal_with_splash_throws_error_when_within.teal_data_module_returns_NULL"/>
    <testcase time="0.0130000000000003" classname="module_teal_with_splash" name="srv_teal_with_splash_throws_error_when_within.teal_data_module_returns_NULL"/>
    <testcase time="0.00199999999999978" classname="module_teal_with_splash" name="srv_teal_with_splash_throws_error_when_within.teal_data_module_returns_NULL"/>
    <testcase time="0.0260000000000002" classname="module_teal_with_splash" name="srv_teal_with_splash_throws_error_when_within.teal_data_module_returns_arbitrary_object_other_than_teal_data_or_qenv.error_"/>
    <testcase time="0.00499999999999989" classname="module_teal_with_splash" name="srv_teal_with_splash_throws_error_when_within.teal_data_module_returns_arbitrary_object_other_than_teal_data_or_qenv.error_"/>
    <testcase time="0.00199999999999978" classname="module_teal_with_splash" name="srv_teal_with_splash_throws_error_when_within.teal_data_module_returns_arbitrary_object_other_than_teal_data_or_qenv.error_"/>
    <testcase time="0.00800000000000001" classname="module_teal_with_splash" name="srv_teal_with_splash_throws_error_when_within.teal_data_module_returns_arbitrary_object_other_than_teal_data_or_qenv.error_"/>
    <testcase time="0.00199999999999978" classname="module_teal_with_splash" name="srv_teal_with_splash_throws_error_when_within.teal_data_module_returns_arbitrary_object_other_than_teal_data_or_qenv.error_"/>
  </testsuite>
  <testsuite name="modules" timestamp="2024-05-22T11:13:27Z" hostname="9780a8fa6fe3" tests="95" skipped="0" failures="0" errors="0" time="0.532">
    <testcase time="0.00800000000000001" classname="modules" name="Calling_module_does_not_throw"/>
    <testcase time="0.00300000000000011" classname="modules" name="module_requires_label_argument_to_be_a_string_different_than_global_filters_"/>
    <testcase time="0.00499999999999989" classname="modules" name="module_requires_label_argument_to_be_a_string_different_than_global_filters_"/>
    <testcase time="0.00500000000000078" classname="modules" name="module_requires_label_argument_to_be_a_string_different_than_global_filters_"/>
    <testcase time="0.00399999999999956" classname="modules" name="module_requires_label_argument_to_be_a_string_different_than_global_filters_"/>
    <testcase time="0.00999999999999979" classname="modules" name="module_requires_label_argument_to_be_a_string_different_than_global_filters_"/>
    <testcase time="0.00400000000000045" classname="modules" name="module_warns_when_server_contains_datasets_argument"/>
    <testcase time="0.00399999999999956" classname="modules" name="module_expects_server_being_a_shiny_server_module_with_any_argument"/>
    <testcase time="0.00200000000000067" classname="modules" name="module_expects_server_being_a_shiny_server_module_with_any_argument"/>
    <testcase time="0.00199999999999978" classname="modules" name="module_expects_server_being_a_shiny_server_module_with_any_argument"/>
    <testcase time="0.00499999999999989" classname="modules" name="module_expects_server_being_a_shiny_server_module_with_any_argument"/>
    <testcase time="0.00499999999999989" classname="modules" name="module_expects_server_being_a_shiny_server_module_with_any_argument"/>
    <testcase time="0.00400000000000045" classname="modules" name="module_requires_server_args_argument_to_be_a_list"/>
    <testcase time="0.000999999999999446" classname="modules" name="module_requires_server_args_argument_to_be_a_list"/>
    <testcase time="0.00199999999999978" classname="modules" name="module_requires_server_args_argument_to_be_a_list"/>
    <testcase time="0.00400000000000045" classname="modules" name="module_requires_server_args_argument_to_be_a_list"/>
    <testcase time="0.00499999999999989" classname="modules" name="module_requires_server_args_argument_to_be_a_list"/>
    <testcase time="0.00399999999999956" classname="modules" name="module_expects_all_server_args_being_a_server_arguments_or_passed_through_..._"/>
    <testcase time="0.00100000000000033" classname="modules" name="module_expects_all_server_args_being_a_server_arguments_or_passed_through_..._"/>
    <testcase time="0.00499999999999989" classname="modules" name="module_expects_all_server_args_being_a_server_arguments_or_passed_through_..._"/>
    <testcase time="0.00400000000000045" classname="modules" name="module_requires_ui_args_argument_to_be_a_list"/>
    <testcase time="0.000999999999999446" classname="modules" name="module_requires_ui_args_argument_to_be_a_list"/>
    <testcase time="0.00200000000000067" classname="modules" name="module_requires_ui_args_argument_to_be_a_list"/>
    <testcase time="0.00399999999999956" classname="modules" name="module_requires_ui_args_argument_to_be_a_list"/>
    <testcase time="0.00499999999999989" classname="modules" name="module_requires_ui_args_argument_to_be_a_list"/>
    <testcase time="0.0120000000000005" classname="modules" name="module_throws_when_ui_has_data_or_datasets_argument"/>
    <testcase time="0.00499999999999989" classname="modules" name="module_throws_when_ui_has_data_or_datasets_argument"/>
    <testcase time="0.00399999999999956" classname="modules" name="module_expects_ui_being_a_shiny_ui_module_with_any_argument"/>
    <testcase time="0.00200000000000067" classname="modules" name="module_expects_ui_being_a_shiny_ui_module_with_any_argument"/>
    <testcase time="0.00499999999999989" classname="modules" name="module_expects_ui_being_a_shiny_ui_module_with_any_argument"/>
    <testcase time="0.00300000000000011" classname="modules" name="module_expects_all_ui_args_being_a_ui_arguments_or_passed_through_..._"/>
    <testcase time="0.00199999999999978" classname="modules" name="module_expects_all_ui_args_being_a_ui_arguments_or_passed_through_..._"/>
    <testcase time="0.00399999999999956" classname="modules" name="module_expects_all_ui_args_being_a_ui_arguments_or_passed_through_..._"/>
    <testcase time="0.00400000000000045" classname="modules" name="module_requires_datanames_argument_to_be_a_character_or_NULL"/>
    <testcase time="0.000999999999999446" classname="modules" name="module_requires_datanames_argument_to_be_a_character_or_NULL"/>
    <testcase time="0.00200000000000067" classname="modules" name="module_requires_datanames_argument_to_be_a_character_or_NULL"/>
    <testcase time="0.00499999999999989" classname="modules" name="module_requires_datanames_argument_to_be_a_character_or_NULL"/>
    <testcase time="0.000999999999999446" classname="modules" name="module_requires_datanames_argument_to_be_a_character_or_NULL"/>
    <testcase time="0.00400000000000045" classname="modules" name="module_returns_list_of_class_teal_module_containing_input_objects"/>
    <testcase time="0.00100000000000033" classname="modules" name="module_returns_list_of_class_teal_module_containing_input_objects"/>
    <testcase time="0.000999999999999446" classname="modules" name="module_returns_list_of_class_teal_module_containing_input_objects"/>
    <testcase time="0.00100000000000033" classname="modules" name="module_returns_list_of_class_teal_module_containing_input_objects"/>
    <testcase time="0.00199999999999978" classname="modules" name="module_returns_list_of_class_teal_module_containing_input_objects"/>
    <testcase time="0.00100000000000033" classname="modules" name="module_returns_list_of_class_teal_module_containing_input_objects"/>
    <testcase time="0.000999999999999446" classname="modules" name="module_returns_list_of_class_teal_module_containing_input_objects"/>
    <testcase time="0.00100000000000033" classname="modules" name="module_returns_list_of_class_teal_module_containing_input_objects"/>
    <testcase time="0.00699999999999967" classname="modules" name="modules_gives_error_if_no_arguments_other_than_label_are_used"/>
    <testcase time="0.0100000000000007" classname="modules" name="modules_gives_error_if_no_arguments_other_than_label_are_used"/>
    <testcase time="0.00399999999999956" classname="modules" name="modules_requires_label_argument_to_be_a_string_"/>
    <testcase time="0.00600000000000023" classname="modules" name="modules_requires_label_argument_to_be_a_string_"/>
    <testcase time="0.00599999999999934" classname="modules" name="modules_requires_label_argument_to_be_a_string_"/>
    <testcase time="0.00400000000000045" classname="modules" name="modules_accept_teal_module_in_..."/>
    <testcase time="0.00300000000000011" classname="modules" name="modules_accept_multiple_teal_module_objects_in_..."/>
    <testcase time="0.00399999999999956" classname="modules" name="modules_accept_multiple_teal_module_and_teal_modules_objects_in_..."/>
    <testcase time="0.00700000000000056" classname="modules" name="modules_does_not_accept_objects_other_than_teal_module_s_in_..."/>
    <testcase time="0.00699999999999967" classname="modules" name="modules_does_not_accept_objects_other_than_teal_module_s_in_..."/>
    <testcase time="0.00400000000000045" classname="modules" name="modules_returns_teal_modules_object_with_label_and_children_slot"/>
    <testcase time="0.000999999999999446" classname="modules" name="modules_returns_teal_modules_object_with_label_and_children_slot"/>
    <testcase time="0.00400000000000045" classname="modules" name="modules_returns_children_as_list_with_list_named_after_label_attributes"/>
    <testcase time="0.000999999999999446" classname="modules" name="modules_returns_children_as_list_with_list_named_after_label_attributes"/>
    <testcase time="0.00100000000000033" classname="modules" name="modules_returns_children_as_list_with_list_named_after_label_attributes"/>
    <testcase time="0.00699999999999967" classname="modules" name="modules_returns_useful_error_message_if_label_argument_not_explicitly_named"/>
    <testcase time="0.00400000000000045" classname="modules" name="modules_returns_children_as_list_with_unique_names_if_labels_are_duplicated"/>
    <testcase time="0.00600000000000023" classname="modules" name="modules_returns_children_as_list_with_unique_names_if_labels_are_duplicated"/>
    <testcase time="0.00199999999999978" classname="modules" name="modules_returns_children_as_list_with_unique_names_if_labels_are_duplicated"/>
    <testcase time="0.00399999999999956" classname="modules" name="modules_depth_accepts_depth_as_integer"/>
    <testcase time="0.00600000000000023" classname="modules" name="modules_depth_accepts_depth_as_integer"/>
    <testcase time="0.00400000000000045" classname="modules" name="modules_depth_returns_depth_0_by_default"/>
    <testcase time="0.00499999999999989" classname="modules" name="modules_depth_accepts_modules_to_be_teal_module_or_teal_modules"/>
    <testcase time="0.000999999999999446" classname="modules" name="modules_depth_accepts_modules_to_be_teal_module_or_teal_modules"/>
    <testcase time="0.00400000000000045" classname="modules" name="modules_depth_returns_depth_same_as_input_for_teal_module"/>
    <testcase time="0.00399999999999956" classname="modules" name="modules_depth_increases_depth_by_1_for_each_teal_modules"/>
    <testcase time="0.00100000000000033" classname="modules" name="modules_depth_increases_depth_by_1_for_each_teal_modules"/>
    <testcase time="0.00699999999999967" classname="modules" name="is_arg_used_throws_error_if_object_is_not_teal_module_or_teal_modules"/>
    <testcase time="0.00499999999999989" classname="modules" name="is_arg_used_throws_error_if_object_is_not_teal_module_or_teal_modules"/>
    <testcase time="0.00500000000000078" classname="modules" name="is_arg_used_returns_true_if_teal_module_has_given_arg_in_server_function_args"/>
    <testcase time="0.00499999999999989" classname="modules" name="is_arg_used_returns_false_if_teal_module_does_not_have_reporter_in_server_function_args"/>
    <testcase time="0.00499999999999989" classname="modules" name="is_arg_used_returns_false_if_teal_modules_has_no_children_using_given_arg_"/>
    <testcase time="0.00300000000000011" classname="modules" name="is_arg_used_returns_false_if_teal_modules_has_no_children_using_given_arg_"/>
    <testcase time="0.00599999999999934" classname="modules" name="is_arg_used_returns_true_if_teal_modules_has_at_least_one_child_using_given_arg_"/>
    <testcase time="0.00700000000000056" classname="modules" name="is_arg_used_returns_true_if_teal_modules_has_at_least_one_child_using_given_arg_"/>
    <testcase time="0.00399999999999956" classname="modules" name="is_arg_used_returns_true_if_teal_modules_has_at_least_one_child_using_given_arg_"/>
    <testcase time="0.00499999999999989" classname="modules" name="is_arg_used_returns_TRUE_FALSE_when_the_arg_is_in_function_formals"/>
    <testcase time="0.00300000000000011" classname="modules" name="is_arg_used_returns_TRUE_FALSE_when_the_arg_is_in_function_formals"/>
    <testcase time="0.00800000000000001" classname="modules" name="is_arg_used_accepts_arg_to_be_a_string_only"/>
    <testcase time="0.00499999999999989" classname="modules" name="is_arg_used_accepts_arg_to_be_a_string_only"/>
    <testcase time="0.00499999999999989" classname="modules" name="is_arg_used_accepts_arg_to_be_a_string_only"/>
    <testcase time="0.00800000000000001" classname="modules" name="append_module_throws_error_when_modules_is_not_inherited_from_teal_modules"/>
    <testcase time="0.00499999999999989" classname="modules" name="append_module_throws_error_when_modules_is_not_inherited_from_teal_modules"/>
    <testcase time="0.00700000000000056" classname="modules" name="append_module_throws_error_is_module_is_not_inherited_from_teal_module"/>
    <testcase time="0.00499999999999989" classname="modules" name="append_module_throws_error_is_module_is_not_inherited_from_teal_module"/>
    <testcase time="0.141999999999999" classname="modules" name="append_module_appends_a_module_to_children_of_not_nested_teal_modules"/>
    <testcase time="0.00600000000000023" classname="modules" name="append_module_appends_a_module_to_children_of_nested_teal_modules"/>
    <testcase time="0.00400000000000045" classname="modules" name="append_module_produces_teal_modules_with_unique_named_children"/>
    <testcase time="0.00399999999999956" classname="modules" name="format.teal_modules_returns_proper_structure"/>
  </testsuite>
  <testsuite name="rcode_utils" timestamp="2024-05-22T11:13:28Z" hostname="9780a8fa6fe3" tests="7" skipped="0" failures="0" errors="0" time="0.053">
    <testcase time="0.00600000000000023" classname="rcode_utils" name="With_no_teal.load_nest_code_option_set_get_rcode_str_install_returns_default_string"/>
    <testcase time="0.00300000000000011" classname="rcode_utils" name="With_teal.load_nest_code_option_set_to_character_get_rcode_str_install_returns_option_value"/>
    <testcase time="0.000999999999999446" classname="rcode_utils" name="With_teal.load_nest_code_option_set_to_character_get_rcode_str_install_returns_option_value"/>
    <testcase time="0.00300000000000011" classname="rcode_utils" name="When_teal.load_nest_code_option_is_not_character_get_rcode_str_install_silently_returns_default_string"/>
    <testcase time="0.00100000000000033" classname="rcode_utils" name="When_teal.load_nest_code_option_is_not_character_get_rcode_str_install_silently_returns_default_string"/>
    <testcase time="0.0289999999999999" classname="rcode_utils" name="get_rcode_libraries_returns_current_session_packages"/>
    <testcase time="0.00999999999999979" classname="rcode_utils" name="get_datasets_code_returns_code_only_for_specified_datanames"/>
  </testsuite>
  <testsuite name="report_previewer_module" timestamp="2024-05-22T11:13:28Z" hostname="9780a8fa6fe3" tests="5" skipped="0" failures="0" errors="0" time="0.023">
    <testcase time="0.00999999999999979" classname="report_previewer_module" name="report_previewer_module_throws_error_if_label_is_not_string"/>
    <testcase time="0.00400000000000045" classname="report_previewer_module" name="report_previewer_module_throws_error_if_label_is_not_string"/>
    <testcase time="0.00399999999999956" classname="report_previewer_module" name="report_previewer_module_throws_no_error_and_stores_label_if_label_is_string"/>
    <testcase time="0.00200000000000067" classname="report_previewer_module" name="report_previewer_module_throws_no_error_and_stores_label_if_label_is_string"/>
    <testcase time="0.00299999999999923" classname="report_previewer_module" name="report_previewer_module_default_label_is_Report_previewer_"/>
  </testsuite>
  <testsuite name="shinytest2-filter_panel" timestamp="2024-05-22T11:13:28Z" hostname="9780a8fa6fe3" tests="5" skipped="0" failures="0" errors="0" time="26.706">
    <testcase time="5.771" classname="shinytest2_filter_panel" name="e2e_module_content_is_updated_when_a_data_is_filtered_in_filter_panel"/>
    <testcase time="5.531" classname="shinytest2_filter_panel" name="e2e_filtering_a_module_specific_filter_is_refected_in_other_shared_module"/>
    <testcase time="5.36" classname="shinytest2_filter_panel" name="e2e_filtering_a_module_specific_filter_is_refected_in_other_shared_module"/>
    <testcase time="5.612" classname="shinytest2_filter_panel" name="e2e_filtering_a_module_specific_filter_is_not_refected_in_other_unshared_modules"/>
    <testcase time="4.432" classname="shinytest2_filter_panel" name="e2e_filtering_a_module_specific_filter_is_not_refected_in_other_unshared_modules"/>
  </testsuite>
  <testsuite name="shinytest2-init" timestamp="2024-05-22T11:13:55Z" hostname="9780a8fa6fe3" tests="17" skipped="0" failures="0" errors="0" time="11.154">
    <testcase time="3.475" classname="shinytest2_init" name="e2e_teal_app_initializes_with_no_errors"/>
    <testcase time="3.436" classname="shinytest2_init" name="e2e_teal_app_initializes_with_sessionInfo_modal"/>
    <testcase time="0.762" classname="shinytest2_init" name="e2e_teal_app_initializes_with_sessionInfo_modal"/>
    <testcase time="0.00400000000000489" classname="shinytest2_init" name="e2e_teal_app_initializes_with_sessionInfo_modal"/>
    <testcase time="0.00199999999999534" classname="shinytest2_init" name="e2e_teal_app_initializes_with_sessionInfo_modal"/>
    <testcase time="0.00400000000000489" classname="shinytest2_init" name="e2e_teal_app_initializes_with_sessionInfo_modal"/>
    <testcase time="0.000999999999997669" classname="shinytest2_init" name="e2e_teal_app_initializes_with_sessionInfo_modal"/>
    <testcase time="0.00399999999999778" classname="shinytest2_init" name="e2e_teal_app_initializes_with_sessionInfo_modal"/>
    <testcase time="0.00100000000000477" classname="shinytest2_init" name="e2e_teal_app_initializes_with_sessionInfo_modal"/>
    <testcase time="0.000999999999997669" classname="shinytest2_init" name="e2e_teal_app_initializes_with_sessionInfo_modal"/>
    <testcase time="0.00200000000000244" classname="shinytest2_init" name="e2e_teal_app_initializes_with_sessionInfo_modal"/>
    <testcase time="0.000999999999997669" classname="shinytest2_init" name="e2e_teal_app_initializes_with_sessionInfo_modal"/>
    <testcase time="0.000999999999997669" classname="shinytest2_init" name="e2e_teal_app_initializes_with_sessionInfo_modal"/>
    <testcase time="3.41" classname="shinytest2_init" name="e2e_init_creates_UI_containing_specified_title_favicon_header_and_footer"/>
    <testcase time="0.0339999999999989" classname="shinytest2_init" name="e2e_init_creates_UI_containing_specified_title_favicon_header_and_footer"/>
    <testcase time="0.00800000000000267" classname="shinytest2_init" name="e2e_init_creates_UI_containing_specified_title_favicon_header_and_footer"/>
    <testcase time="0.00799999999999557" classname="shinytest2_init" name="e2e_init_creates_UI_containing_specified_title_favicon_header_and_footer"/>
  </testsuite>
  <testsuite name="shinytest2-landing_popup" timestamp="2024-05-22T11:14:06Z" hostname="9780a8fa6fe3" tests="11" skipped="0" failures="0" errors="0" time="19.25">
    <testcase time="3.724" classname="shinytest2_landing_popup" name="e2e_teal_app_with_landing_popup_module_initializes_with_no_errors"/>
    <testcase time="3.607" classname="shinytest2_landing_popup" name="e2e_app_with_default_landing_popup_module_creates_modal_containing_a_button"/>
    <testcase time="4.593" classname="shinytest2_landing_popup" name="e2e_when_default_landing_popup_module_is_closed_it_shows_the_underlying_teal_app"/>
    <testcase time="3.687" classname="shinytest2_landing_popup" name="e2e_app_with_customized_landing_popup_module_creates_modal_containing_specified_title_content_and_buttons"/>
    <testcase time="0.00399999999999778" classname="shinytest2_landing_popup" name="e2e_app_with_customized_landing_popup_module_creates_modal_containing_specified_title_content_and_buttons"/>
    <testcase time="0.00399999999999778" classname="shinytest2_landing_popup" name="e2e_app_with_customized_landing_popup_module_creates_modal_containing_specified_title_content_and_buttons"/>
    <testcase time="0.00500000000000256" classname="shinytest2_landing_popup" name="e2e_app_with_customized_landing_popup_module_creates_modal_containing_specified_title_content_and_buttons"/>
    <testcase time="0.0129999999999981" classname="shinytest2_landing_popup" name="e2e_app_with_customized_landing_popup_module_creates_modal_containing_specified_title_content_and_buttons"/>
    <testcase time="0.00399999999999778" classname="shinytest2_landing_popup" name="e2e_app_with_customized_landing_popup_module_creates_modal_containing_specified_title_content_and_buttons"/>
    <testcase time="0.0100000000000051" classname="shinytest2_landing_popup" name="e2e_app_with_customized_landing_popup_module_creates_modal_containing_specified_title_content_and_buttons"/>
    <testcase time="3.599" classname="shinytest2_landing_popup" name="e2e_when_customized_button_in_landing_popup_module_is_clicked_it_redirects_to_a_certain_page"/>
  </testsuite>
  <testsuite name="shinytest2-module_bookmark_manager" timestamp="2024-05-22T11:14:25Z" hostname="9780a8fa6fe3" tests="4" skipped="0" failures="0" errors="0" time="26.003">
    <testcase time="6.246" classname="shinytest2_module_bookmark_manager" name="bookmark_manager_button_is_not_rendered_by_default"/>
    <testcase time="6.39100000000001" classname="shinytest2_module_bookmark_manager" name="bookmark_manager_button_is_not_rendered_when_enableBookmarking_url_"/>
    <testcase time="6.307" classname="shinytest2_module_bookmark_manager" name="bookmark_manager_button_is_rendered_when_enableBookmarking_server_"/>
    <testcase time="7.059" classname="shinytest2_module_bookmark_manager" name="bookmark_manager_button_shows_modal_with_url_containing_state_id_when_clicked"/>
  </testsuite>
  <testsuite name="shinytest2-modules" timestamp="2024-05-22T11:14:51Z" hostname="9780a8fa6fe3" tests="6" skipped="0" failures="0" errors="0" time="18.746">
    <testcase time="3.358" classname="shinytest2_modules" name="e2e_the_module_server_logic_is_only_triggered_when_the_teal_module_becomes_active"/>
    <testcase time="0.691000000000003" classname="shinytest2_modules" name="e2e_the_module_server_logic_is_only_triggered_when_the_teal_module_becomes_active"/>
    <testcase time="3.94999999999999" classname="shinytest2_modules" name="e2e_filter_panel_only_shows_the_data_supplied_using_datanames"/>
    <testcase time="3.90700000000001" classname="shinytest2_modules" name="e2e_filter_panel_shows_all_the_datasets_when_datanames_is_all"/>
    <testcase time="3.298" classname="shinytest2_modules" name="e2e_filter_panel_is_not_displayed_when_datanames_is_NULL"/>
    <testcase time="3.542" classname="shinytest2_modules" name="e2e_all_the_nested_teal_modules_are_initiated_as_expected"/>
  </testsuite>
  <testsuite name="shinytest2-reporter" timestamp="2024-05-22T11:15:10Z" hostname="9780a8fa6fe3" tests="4" skipped="0" failures="0" errors="0" time="34.014">
    <testcase time="3.489" classname="shinytest2_reporter" name="e2e_reporter_tab_is_created_when_a_module_has_reporter"/>
    <testcase time="3.498" classname="shinytest2_reporter" name="e2e_reporter_tab_is_not_created_when_a_module_has_no_reporter"/>
    <testcase time="27.02" classname="shinytest2_reporter" name="e2e_adding_a_report_card_in_a_module_adds_it_in_the_report_previewer_tab"/>
    <testcase time="0.007000000000005" classname="shinytest2_reporter" name="e2e_adding_a_report_card_in_a_module_adds_it_in_the_report_previewer_tab"/>
  </testsuite>
  <testsuite name="shinytest2-show-rcode" timestamp="2024-05-22T11:15:44Z" hostname="9780a8fa6fe3" tests="9" skipped="0" failures="0" errors="0" time="4.179">
    <testcase time="3.39699999999999" classname="shinytest2_show_rcode" name="e2e_teal_app_initializes_with_Show_R_Code_modal"/>
    <testcase time="0.763000000000005" classname="shinytest2_show_rcode" name="e2e_teal_app_initializes_with_Show_R_Code_modal"/>
    <testcase time="0.00399999999999068" classname="shinytest2_show_rcode" name="e2e_teal_app_initializes_with_Show_R_Code_modal"/>
    <testcase time="0.00100000000000477" classname="shinytest2_show_rcode" name="e2e_teal_app_initializes_with_Show_R_Code_modal"/>
    <testcase time="0.00399999999999068" classname="shinytest2_show_rcode" name="e2e_teal_app_initializes_with_Show_R_Code_modal"/>
    <testcase time="0.0040000000000191" classname="shinytest2_show_rcode" name="e2e_teal_app_initializes_with_Show_R_Code_modal"/>
    <testcase time="0.00399999999999068" classname="shinytest2_show_rcode" name="e2e_teal_app_initializes_with_Show_R_Code_modal"/>
    <testcase time="0.00100000000000477" classname="shinytest2_show_rcode" name="e2e_teal_app_initializes_with_Show_R_Code_modal"/>
    <testcase time="0.00100000000000477" classname="shinytest2_show_rcode" name="e2e_teal_app_initializes_with_Show_R_Code_modal"/>
  </testsuite>
  <testsuite name="shinytest2-teal_data_module" timestamp="2024-05-22T11:15:48Z" hostname="9780a8fa6fe3" tests="4" skipped="0" failures="0" errors="0" time="12.859">
    <testcase time="4.684" classname="shinytest2_teal_data_module" name="e2e_teal_data_module_will_have_a_delayed_load_of_datasets"/>
    <testcase time="3.09399999999999" classname="shinytest2_teal_data_module" name="e2e_teal_data_module_shows_validation_errors"/>
    <testcase time="4.37299999999999" classname="shinytest2_teal_data_module" name="e2e_teal_data_module_inputs_change_teal_data_object_that_is_passed_to_teal_main_UI"/>
    <testcase time="0.707999999999998" classname="shinytest2_teal_data_module" name="e2e_teal_data_module_inputs_change_teal_data_object_that_is_passed_to_teal_main_UI"/>
  </testsuite>
  <testsuite name="shinytest2-teal_slices" timestamp="2024-05-22T11:16:01Z" hostname="9780a8fa6fe3" tests="18" skipped="0" failures="0" errors="0" time="24.595">
    <testcase time="5.41000000000003" classname="shinytest2_teal_slices" name="e2e_teal_slices_filters_are_initialized_when_global_filters_are_created"/>
    <testcase time="0.703999999999979" classname="shinytest2_teal_slices" name="e2e_teal_slices_filters_are_initialized_when_global_filters_are_created"/>
    <testcase time="0.707999999999998" classname="shinytest2_teal_slices" name="e2e_teal_slices_filters_are_initialized_when_global_filters_are_created"/>
    <testcase time="0.852000000000004" classname="shinytest2_teal_slices" name="e2e_teal_slices_filters_are_initialized_when_global_filters_are_created"/>
    <testcase time="0.712999999999994" classname="shinytest2_teal_slices" name="e2e_teal_slices_filters_are_initialized_when_global_filters_are_created"/>
    <testcase time="0.715000000000003" classname="shinytest2_teal_slices" name="e2e_teal_slices_filters_are_initialized_when_global_filters_are_created"/>
    <testcase time="5.70400000000001" classname="shinytest2_teal_slices" name="e2e_teal_slices_filters_are_initialized_when_module_specific_filters_are_created"/>
    <testcase time="0.592000000000013" classname="shinytest2_teal_slices" name="e2e_teal_slices_filters_are_initialized_when_module_specific_filters_are_created"/>
    <testcase time="0.591999999999985" classname="shinytest2_teal_slices" name="e2e_teal_slices_filters_are_initialized_when_module_specific_filters_are_created"/>
    <testcase time="0.596000000000004" classname="shinytest2_teal_slices" name="e2e_teal_slices_filters_are_initialized_when_module_specific_filters_are_created"/>
    <testcase time="0.942000000000007" classname="shinytest2_teal_slices" name="e2e_teal_slices_filters_are_initialized_when_module_specific_filters_are_created"/>
    <testcase time="0.599999999999994" classname="shinytest2_teal_slices" name="e2e_teal_slices_filters_are_initialized_when_module_specific_filters_are_created"/>
    <testcase time="3.02600000000001" classname="shinytest2_teal_slices" name="e2e_teal_slices_filters_are_initialized_when_module_specific_filters_are_created"/>
    <testcase time="0.699999999999989" classname="shinytest2_teal_slices" name="e2e_teal_slices_filters_are_initialized_when_module_specific_filters_are_created"/>
    <testcase time="0.682999999999993" classname="shinytest2_teal_slices" name="e2e_teal_slices_filters_are_initialized_when_module_specific_filters_are_created"/>
    <testcase time="0.683999999999997" classname="shinytest2_teal_slices" name="e2e_teal_slices_filters_are_initialized_when_module_specific_filters_are_created"/>
    <testcase time="0.680000000000007" classname="shinytest2_teal_slices" name="e2e_teal_slices_filters_are_initialized_when_module_specific_filters_are_created"/>
    <testcase time="0.693999999999988" classname="shinytest2_teal_slices" name="e2e_teal_slices_filters_are_initialized_when_module_specific_filters_are_created"/>
  </testsuite>
  <testsuite name="shinytest2-utils" timestamp="2024-05-22T11:16:25Z" hostname="9780a8fa6fe3" tests="4" skipped="0" failures="0" errors="0" time="4.071">
    <testcase time="3.52200000000002" classname="shinytest2_utils" name="e2e_show_hide_hamburger_works_as_expected"/>
    <testcase time="0.0029999999999859" classname="shinytest2_utils" name="e2e_show_hide_hamburger_works_as_expected"/>
    <testcase time="0.543000000000006" classname="shinytest2_utils" name="e2e_show_hide_hamburger_works_as_expected"/>
    <testcase time="0.0029999999999859" classname="shinytest2_utils" name="e2e_show_hide_hamburger_works_as_expected"/>
  </testsuite>
  <testsuite name="shinytest2-wunder_bar" timestamp="2024-05-22T11:16:29Z" hostname="9780a8fa6fe3" tests="4" skipped="0" failures="0" errors="0" time="9.021">
    <testcase time="3.47400000000002" classname="shinytest2_wunder_bar" name="wunder_bar_srv_clicking_filter_icon_opens_filter_manager_modal"/>
    <testcase time="1.07999999999998" classname="shinytest2_wunder_bar" name="wunder_bar_srv_clicking_filter_icon_opens_filter_manager_modal"/>
    <testcase time="3.43000000000001" classname="shinytest2_wunder_bar" name="wunder_bar_srv_clicking_snapshot_icon_opens_snapshot_manager_modal"/>
    <testcase time="1.03700000000001" classname="shinytest2_wunder_bar" name="wunder_bar_srv_clicking_snapshot_icon_opens_snapshot_manager_modal"/>
  </testsuite>
  <testsuite name="snapshot_manager" timestamp="2024-05-22T11:16:38Z" hostname="9780a8fa6fe3" tests="2" skipped="0" failures="0" errors="0" time="0.086">
    <testcase time="0.0569999999999879" classname="snapshot_manager" name="snapshot_manager_holds_initial_state_in_history"/>
    <testcase time="0.0289999999999964" classname="snapshot_manager" name="snapshot_manager_holds_initial_state_in_history"/>
  </testsuite>
  <testsuite name="tdata" timestamp="2024-05-22T11:16:38Z" hostname="9780a8fa6fe3" tests="41" skipped="0" failures="0" errors="0" time="5.326">
    <testcase time="4.97200000000001" classname="tdata" name="new_tdata_accepts_reactive_and_not_reactive_MAE_and_data.frames"/>
    <testcase time="0.00800000000000978" classname="tdata" name="new_tdata_throws_error_if_data_is_not_a_list_with_unique_names"/>
    <testcase time="0.00499999999999545" classname="tdata" name="new_tdata_throws_error_if_data_is_not_a_list_with_unique_names"/>
    <testcase time="0.00600000000000023" classname="tdata" name="new_tdata_throws_error_if_data_is_not_a_list_with_unique_names"/>
    <testcase time="0.007000000000005" classname="tdata" name="new_tdata_throws_error_if_contents_of_data_list_are_not_of_correct_type"/>
    <testcase time="0.007000000000005" classname="tdata" name="new_tdata_throws_error_if_code_is_not_character_or_reactive_character"/>
    <testcase time="0.00899999999998613" classname="tdata" name="new_tdata_throws_error_if_code_is_not_character_or_reactive_character"/>
    <testcase time="0.00600000000000023" classname="tdata" name="new_tdata_accepts_character_and_reactive_characters_for_code_argument"/>
    <testcase time="0.00499999999999545" classname="tdata" name="new_tdata_accepts_character_and_reactive_characters_for_code_argument"/>
    <testcase time="0.00800000000000978" classname="tdata" name="new_tdata_throws_error_if_join_keys_is_not_of_class_join_keys"/>
    <testcase time="0.00600000000000023" classname="tdata" name="new_tdata_throws_no_error_if_join_keys_is_of_class_join_keys"/>
    <testcase time="0.00899999999998613" classname="tdata" name="new_tdata_throws_error_if_metadata_is_not_a_list_with_unique_names_a_subset_of_the_names_of_data"/>
    <testcase time="0.00600000000000023" classname="tdata" name="new_tdata_throws_error_if_metadata_is_not_a_list_with_unique_names_a_subset_of_the_names_of_data"/>
    <testcase time="0.007000000000005" classname="tdata" name="new_tdata_throws_error_if_metadata_is_not_a_list_with_unique_names_a_subset_of_the_names_of_data"/>
    <testcase time="0.00600000000000023" classname="tdata" name="new_tdata_does_not_throw_error_with_valid_metadata"/>
    <testcase time="0.00800000000000978" classname="tdata" name="get_metadata_returns_NULL_if_no_metadata"/>
    <testcase time="0.00799999999998136" classname="tdata" name="get_metadata_returns_NULL_if_no_metadata_for_given_dataset"/>
    <testcase time="0.00600000000000023" classname="tdata" name="get_metadata_returns_metadata_for_given_dataset"/>
    <testcase time="0.007000000000005" classname="tdata" name="get_metadata_returns_NULL_if_dataset_doesn_t_exist"/>
    <testcase time="0.007000000000005" classname="tdata" name="get_code_returns_empty_character_if_tdata_object_has_no_code"/>
    <testcase time="0.00800000000000978" classname="tdata" name="get_code_returns_character_of_code_if_tdata_object_has_code"/>
    <testcase time="0.00499999999999545" classname="tdata" name="get_code_returns_character_of_code_if_tdata_object_has_code"/>
    <testcase time="0.007000000000005" classname="tdata" name="get_code_tdata_accepts_tdata"/>
    <testcase time="0.00899999999998613" classname="tdata" name="get_code_tdata_throws_error_when_input_is_not_tdata"/>
    <testcase time="0.007000000000005" classname="tdata" name="get_code_tdata_throws_error_when_input_is_not_tdata"/>
    <testcase time="0.007000000000005" classname="tdata" name="get_code_tdata_returns_character_code"/>
    <testcase time="0.046999999999997" classname="tdata" name="tdata2env_returns_environment_containing_tdata_contents_"/>
    <testcase time="0.00199999999998113" classname="tdata" name="tdata2env_returns_environment_containing_tdata_contents_"/>
    <testcase time="0.0340000000000202" classname="tdata" name="tdata2env_returns_environment_containing_tdata_contents_"/>
    <testcase time="0.00899999999998613" classname="tdata" name="tdata2env_throws_error_if_argument_is_not_tdata"/>
    <testcase time="0.00900000000001455" classname="tdata" name="join_keys_returns_NULL_if_no_join_keys_object_exists_inside_tdata"/>
    <testcase time="0.00799999999998136" classname="tdata" name="join_keys_returns_join_keys_object_if_it_exists_inside_tdata"/>
    <testcase time="0.0160000000000196" classname="tdata" name="as_tdata_accepts_all_possible_inputs"/>
    <testcase time="0.00799999999998136" classname="tdata" name="as_tdata_accepts_all_possible_inputs"/>
    <testcase time="0.00900000000001455" classname="tdata" name="as_tdata_accepts_all_possible_inputs"/>
    <testcase time="0.0120000000000005" classname="tdata" name="as_tdata_always_returns_tdata_object"/>
    <testcase time="0.00199999999998113" classname="tdata" name="as_tdata_always_returns_tdata_object"/>
    <testcase time="0.00100000000000477" classname="tdata" name="as_tdata_always_returns_tdata_object"/>
    <testcase time="0.00800000000000978" classname="tdata" name="datasets_are_maintained_during_conversion"/>
    <testcase time="0.00600000000000023" classname="tdata" name="datasets_are_maintained_during_conversion"/>
    <testcase time="0.00899999999998613" classname="tdata" name="as_tdata_maintains_code_during_conversion"/>
  </testsuite>
  <testsuite name="teal_data_module-eval_code" timestamp="2024-05-22T11:16:44Z" hostname="9780a8fa6fe3" tests="16" skipped="0" failures="0" errors="0" time="0.117">
    <testcase time="0.007000000000005" classname="teal_data_module_eval_code" name="within.teal_data_module_returns_an_object_with_teal_data_module_class"/>
    <testcase time="0.0040000000000191" classname="teal_data_module_eval_code" name="eval_code.teal_data_module_ui_has_modified_namespace_for_id"/>
    <testcase time="0.00199999999998113" classname="teal_data_module_eval_code" name="eval_code.teal_data_module_ui_has_modified_namespace_for_id"/>
    <testcase time="0.00100000000000477" classname="teal_data_module_eval_code" name="eval_code.teal_data_module_ui_has_modified_namespace_for_id"/>
    <testcase time="0.0159999999999911" classname="teal_data_module_eval_code" name="within.teal_data_module_modifies_the_reactive_tea_data_object"/>
    <testcase time="0.00200000000000955" classname="teal_data_module_eval_code" name="within.teal_data_module_modifies_the_reactive_tea_data_object"/>
    <testcase time="0.0169999999999959" classname="teal_data_module_eval_code" name="eval_code.teal_data_module_will_execute_several_times_until_error"/>
    <testcase time="0.00200000000000955" classname="teal_data_module_eval_code" name="eval_code.teal_data_module_will_execute_several_times_until_error"/>
    <testcase time="0.00200000000000955" classname="teal_data_module_eval_code" name="eval_code.teal_data_module_will_execute_several_times_until_error"/>
    <testcase time="0.0169999999999959" classname="teal_data_module_eval_code" name="eval_code.teal_data_module_throws_error_when_original_teal_data_module_result_is_not_reactive"/>
    <testcase time="0.0149999999999864" classname="teal_data_module_eval_code" name="eval_code.teal_data_module_propagates_qenv_error_from_the_original_first_call"/>
    <testcase time="0.00100000000000477" classname="teal_data_module_eval_code" name="eval_code.teal_data_module_propagates_qenv_error_from_the_original_first_call"/>
    <testcase time="0.0130000000000052" classname="teal_data_module_eval_code" name="eval_code.teal_data_module_handles_an_arbitrary_object_other_than_teal_data_or_qenv.error_"/>
    <testcase time="0.00199999999998113" classname="teal_data_module_eval_code" name="eval_code.teal_data_module_handles_an_arbitrary_object_other_than_teal_data_or_qenv.error_"/>
    <testcase time="0.0150000000000148" classname="teal_data_module_eval_code" name="eval_code.teal_data_module_handles_a_NULL_result"/>
    <testcase time="0.00100000000000477" classname="teal_data_module_eval_code" name="eval_code.teal_data_module_handles_a_NULL_result"/>
  </testsuite>
  <testsuite name="teal_data_module" timestamp="2024-05-22T11:16:44Z" hostname="9780a8fa6fe3" tests="3" skipped="0" failures="0" errors="0" time="0.024">
    <testcase time="0.00699999999997658" classname="teal_data_module" name="teal_data_module_returns_teal_data_module"/>
    <testcase time="0.00800000000000978" classname="teal_data_module" name="teal_data_module_throws_when_ui_has_other_formals_than_id_only"/>
    <testcase time="0.00900000000001455" classname="teal_data_module" name="teal_data_module_throws_when_server_has_other_formals_than_id_only"/>
  </testsuite>
  <testsuite name="teal_reporter" timestamp="2024-05-22T11:16:44Z" hostname="9780a8fa6fe3" tests="25" skipped="0" failures="0" errors="0" time="0.145">
    <testcase time="0.0109999999999957" classname="teal_reporter" name="TealReportCard_object_can_be_initialized"/>
    <testcase time="0.00499999999999545" classname="teal_reporter" name="TealReportCard_inherits_from_ReportCard"/>
    <testcase time="0.00600000000000023" classname="teal_reporter" name="TealReportCard_new_returns_an_object_of_type_TealReportCard"/>
    <testcase time="0.0120000000000005" classname="teal_reporter" name="TealReportCard_get_content_returns_content_with_metadata"/>
    <testcase time="0.00100000000000477" classname="teal_reporter" name="TealReportCard_get_content_returns_content_with_metadata"/>
    <testcase time="0.000999999999976353" classname="teal_reporter" name="TealReportCard_get_content_returns_content_with_metadata"/>
    <testcase time="0.00100000000000477" classname="teal_reporter" name="TealReportCard_get_content_returns_content_with_metadata"/>
    <testcase time="0.00200000000000955" classname="teal_reporter" name="TealReportCard_get_content_returns_content_with_metadata"/>
    <testcase time="0.00499999999999545" classname="teal_reporter" name="TealReportCard_append_src_accepts_a_character"/>
    <testcase time="0.00399999999999068" classname="teal_reporter" name="TealReportCard_append_src_returns_self"/>
    <testcase time="0.00500000000002387" classname="teal_reporter" name="TealReportCard_append_src_returns_title_and_content"/>
    <testcase time="0.00399999999999068" classname="teal_reporter" name="TealReportCard_append_encodings_accepts_list_of_character"/>
    <testcase time="0.00499999999999545" classname="teal_reporter" name="TealReportCard_append_encodings_returns_self"/>
    <testcase time="0.00499999999999545" classname="teal_reporter" name="TealReportCard_append_encodings_returns_title_and_content"/>
    <testcase time="0.00100000000000477" classname="teal_reporter" name="TealReportCard_append_encodings_returns_title_and_content"/>
    <testcase time="0.00899999999998613" classname="teal_reporter" name="TealReportCard_append_fs_accepts_only_a_teal_slices"/>
    <testcase time="0.00900000000001455" classname="teal_reporter" name="TealReportCard_append_fs_accepts_only_a_teal_slices"/>
    <testcase time="0.00899999999998613" classname="teal_reporter" name="TealReportCard_append_fs_returns_self"/>
    <testcase time="0.00900000000001455" classname="teal_reporter" name="TealReportCard_append_fs_returns_title_and_content"/>
    <testcase time="0.0029999999999859" classname="teal_reporter" name="TealReportCard_append_fs_returns_title_and_content"/>
    <testcase time="0.00500000000002387" classname="teal_reporter" name="TealSlicesBlock_new_accepts_teal_slices_only"/>
    <testcase time="0.00600000000000023" classname="teal_reporter" name="TealSlicesBlock_new_accepts_teal_slices_only"/>
    <testcase time="0.00899999999998613" classname="teal_reporter" name="TealSlicesBlock_get_content_returns_yaml_character"/>
    <testcase time="0.00800000000000978" classname="teal_reporter" name="TealSlicesBlock_to_list_returns_list_containing_teal_slices"/>
    <testcase time="0.00999999999999091" classname="teal_reporter" name="TealSlicesBlock_from_list_retains_states_from_a_list"/>
  </testsuite>
  <testsuite name="teal_slices-store" timestamp="2024-05-22T11:16:44Z" hostname="9780a8fa6fe3" tests="15" skipped="0" failures="0" errors="0" time="0.165">
    <testcase time="0.0409999999999968" classname="teal_slices_store" name="teal_slice_store_restore_supports_NULL_and_character_0_for_choices_and_selected"/>
    <testcase time="0.00399999999999068" classname="teal_slices_store" name="teal_slice_store_restore_supports_NULL_and_character_0_for_choices_and_selected"/>
    <testcase time="0.0040000000000191" classname="teal_slices_store" name="teal_slice_store_restore_supports_NULL_and_character_0_for_choices_and_selected"/>
    <testcase time="0.0159999999999911" classname="teal_slices_store" name="teal_slice_store_restore_supports_saving_POSIXct_timestamps_in_selected"/>
    <testcase time="0.00399999999999068" classname="teal_slices_store" name="teal_slice_store_restore_supports_saving_POSIXct_timestamps_in_selected"/>
    <testcase time="0.0150000000000148" classname="teal_slices_store" name="teal_slice_store_restore_supports_saving_Date_dates_in_selected"/>
    <testcase time="0.00399999999999068" classname="teal_slices_store" name="teal_slice_store_restore_supports_saving_Date_dates_in_selected"/>
    <testcase time="0.0150000000000148" classname="teal_slices_store" name="teal_slice_store_restore_supports_saving_POSIXct_timestamps_in_choices"/>
    <testcase time="0.00399999999999068" classname="teal_slices_store" name="teal_slice_store_restore_supports_saving_POSIXct_timestamps_in_choices"/>
    <testcase time="0.0159999999999911" classname="teal_slices_store" name="teal_slice_store_restore_supports_saving_Date_timestamps_in_choices"/>
    <testcase time="0.0040000000000191" classname="teal_slices_store" name="teal_slice_store_restore_supports_saving_Date_timestamps_in_choices"/>
    <testcase time="0.0159999999999911" classname="teal_slices_store" name="teal_slice_store_restore_restores_mixed_Date_characters_as_characters_in_selected"/>
    <testcase time="0.0149999999999864" classname="teal_slices_store" name="teal_slice_store_restore_restores_characters_as_characters_in_selected_and_choices"/>
    <testcase time="0.00300000000001432" classname="teal_slices_store" name="teal_slice_store_restore_restores_characters_as_characters_in_selected_and_choices"/>
    <testcase time="0.00399999999999068" classname="teal_slices_store" name="teal_slice_store_restore_restores_characters_as_characters_in_selected_and_choices"/>
  </testsuite>
  <testsuite name="teal_slices" timestamp="2024-05-22T11:16:44Z" hostname="9780a8fa6fe3" tests="18" skipped="0" failures="0" errors="0" time="0.128">
    <testcase time="0.0279999999999916" classname="teal_slices" name="teal_slices_produces_teal_slices_object_with_teal_specific_attributes"/>
    <testcase time="0.00100000000000477" classname="teal_slices" name="teal_slices_produces_teal_slices_object_with_teal_specific_attributes"/>
    <testcase time="0.00200000000000955" classname="teal_slices" name="teal_slices_produces_teal_slices_object_with_teal_specific_attributes"/>
    <testcase time="0.00200000000000955" classname="teal_slices" name="teal_slices_produces_teal_slices_object_with_teal_specific_attributes"/>
    <testcase time="0.00499999999999545" classname="teal_slices" name="teal_slices_fails_when_inexisting_teal_slice_id_is_specified_in_mapping"/>
    <testcase time="0.007000000000005" classname="teal_slices" name="teal_slices_fails_when_inexisting_teal_slice_id_is_specified_in_mapping"/>
    <testcase time="0.00799999999998136" classname="teal_slices" name="teal_slices_processes_filter_mapping"/>
    <testcase time="0.00800000000000978" classname="teal_slices" name="teal_slices_processes_filter_mapping"/>
    <testcase time="0.0120000000000005" classname="teal_slices" name="teal_slices_drops_non_global_filters_if_module_specific_FALSE"/>
    <testcase time="0.00800000000000978" classname="teal_slices" name="teal_slices_drops_non_global_filters_if_module_specific_FALSE"/>
    <testcase time="0.0129999999999768" classname="teal_slices" name="deep_copy_filters_copies_teal_slice_changes_pointer_of_teal_slice_object_but_values_remain_the_same"/>
    <testcase time="0.00300000000001432" classname="teal_slices" name="deep_copy_filters_copies_teal_slice_changes_pointer_of_teal_slice_object_but_values_remain_the_same"/>
    <testcase time="0.00600000000000023" classname="teal_slices" name="teal_slices_mapping_should_be_an_empty_list_or_a_named_list_or_missing"/>
    <testcase time="0.00399999999999068" classname="teal_slices" name="teal_slices_mapping_should_be_an_empty_list_or_a_named_list_or_missing"/>
    <testcase time="0.0040000000000191" classname="teal_slices" name="teal_slices_mapping_should_be_an_empty_list_or_a_named_list_or_missing"/>
    <testcase time="0.00499999999999545" classname="teal_slices" name="teal_slices_mapping_should_be_an_empty_list_or_a_named_list_or_missing"/>
    <testcase time="0.00600000000000023" classname="teal_slices" name="teal_slices_mapping_should_be_an_empty_list_or_a_named_list_or_missing"/>
    <testcase time="0.00600000000000023" classname="teal_slices" name="teal_slices_mapping_should_be_an_empty_list_or_a_named_list_or_missing"/>
  </testsuite>
  <testsuite name="utils" timestamp="2024-05-22T11:16:44Z" hostname="9780a8fa6fe3" tests="35" skipped="0" failures="0" errors="0" time="0.314">
    <testcase time="0.00699999999997658" classname="utils" name="get_teal_bs_theme"/>
    <testcase time="0.0200000000000102" classname="utils" name="get_teal_bs_theme"/>
    <testcase time="0.00200000000000955" classname="utils" name="get_teal_bs_theme"/>
    <testcase time="0.00100000000000477" classname="utils" name="get_teal_bs_theme"/>
    <testcase time="0.0109999999999957" classname="utils" name="report_card_template_function_returns_TealReportCard_object_with_appropriate_content_and_labels"/>
    <testcase time="0.00100000000000477" classname="utils" name="report_card_template_function_returns_TealReportCard_object_with_appropriate_content_and_labels"/>
    <testcase time="0.000999999999976353" classname="utils" name="report_card_template_function_returns_TealReportCard_object_with_appropriate_content_and_labels"/>
    <testcase time="0.00200000000000955" classname="utils" name="report_card_template_function_returns_TealReportCard_object_with_appropriate_content_and_labels"/>
    <testcase time="0.00200000000000955" classname="utils" name="report_card_template_function_returns_TealReportCard_object_with_appropriate_content_and_labels"/>
    <testcase time="0.00100000000000477" classname="utils" name="report_card_template_function_returns_TealReportCard_object_with_appropriate_content_and_labels"/>
    <testcase time="0.0109999999999957" classname="utils" name="teal_data_to_filtered_data_return_FilteredData_class"/>
    <testcase time="0.00499999999999545" classname="utils" name="teal_data_datanames_returns_names_of_the_env_s_objects_when_datanames_not_set"/>
    <testcase time="0.00399999999999068" classname="utils" name="teal_data_datanames_returns_datanames_which_are_set_by_teal.data_datanames"/>
    <testcase time="0.159999999999997" classname="utils" name="modules_datasets_returns_correct_structure"/>
    <testcase time="0.00500000000002387" classname="utils" name="validate_app_title_tag_works_on_validating_the_title_tag"/>
    <testcase time="0.00499999999999545" classname="utils" name="validate_app_title_tag_works_on_validating_the_title_tag"/>
    <testcase time="0.00399999999999068" classname="utils" name="validate_app_title_tag_works_on_validating_the_title_tag"/>
    <testcase time="0.00499999999999545" classname="utils" name="validate_app_title_tag_works_on_validating_the_title_tag"/>
    <testcase time="0.00499999999999545" classname="utils" name="validate_app_title_tag_works_on_validating_the_title_tag"/>
    <testcase time="0.00300000000001432" classname="utils" name="build_app_title_builts_a_valid_tag"/>
    <testcase time="0.000999999999976353" classname="utils" name="build_app_title_builts_a_valid_tag"/>
    <testcase time="0.00500000000002387" classname="utils" name="create_app_id_data_accepts_teal_data_or_teal_data_module"/>
    <testcase time="0.000999999999976353" classname="utils" name="create_app_id_data_accepts_teal_data_or_teal_data_module"/>
    <testcase time="0.00500000000002387" classname="utils" name="create_app_id_data_accepts_teal_data_or_teal_data_module"/>
    <testcase time="0.00399999999999068" classname="utils" name="create_app_id_modules_accepts_modules"/>
    <testcase time="0.00499999999999545" classname="utils" name="create_app_id_modules_accepts_modules"/>
    <testcase time="0.00399999999999068" classname="utils" name="create_app_id_returns_a_character_string"/>
    <testcase time="0.0100000000000193" classname="utils" name="create_app_id_returns_different_hash_for_different_data"/>
    <testcase time="0.00999999999999091" classname="utils" name="create_app_id_returns_different_hash_for_different_modules"/>
    <testcase time="0.00399999999999068" classname="utils" name="defunction_returns_a_string_when_passed_a_function"/>
    <testcase time="0.00300000000001432" classname="utils" name="defunction_returns_non_function_atomic_as_is"/>
    <testcase time="0.00100000000000477" classname="utils" name="defunction_returns_non_function_atomic_as_is"/>
    <testcase time="0.00100000000000477" classname="utils" name="defunction_returns_non_function_atomic_as_is"/>
    <testcase time="0.00199999999998113" classname="utils" name="defunction_returns_non_function_atomic_as_is"/>
    <testcase time="0.00300000000001432" classname="utils" name="defunction_recursively_goes_down_a_list"/>
  </testsuite>
  <testsuite name="validate_has_data" timestamp="2024-05-22T11:16:45Z" hostname="9780a8fa6fe3" tests="17" skipped="0" failures="0" errors="0" time="0.085">
    <testcase time="0.00600000000000023" classname="validate_has_data" name="validate_has_data_throws_no_error_when_data_has_at_least_as_many_rows_as_min_nrow"/>
    <testcase time="0.00199999999998113" classname="validate_has_data" name="validate_has_data_throws_no_error_when_data_has_at_least_as_many_rows_as_min_nrow"/>
    <testcase time="0.00600000000000023" classname="validate_has_data" name="validate_has_data_throws_error_when_min_nrow_rows_of_data"/>
    <testcase time="0.0040000000000191" classname="validate_has_data" name="validate_has_data_accepts_logical_complete_argument"/>
    <testcase time="0.00199999999998113" classname="validate_has_data" name="validate_has_data_accepts_logical_complete_argument"/>
    <testcase time="0.00600000000000023" classname="validate_has_data" name="validate_has_data_throws_error_when_data_has_NA_and_complete_is_set_to_TRUE"/>
    <testcase time="0.0040000000000191" classname="validate_has_data" name="validate_has_data_accepts_logical_allow_inf_argument"/>
    <testcase time="0.00399999999999068" classname="validate_has_data" name="validate_has_data_accepts_logical_allow_inf_argument"/>
    <testcase time="0.007000000000005" classname="validate_has_data" name="validate_has_data_accepts_throws_error_when_data_has_Inf_values_and_allow_inf_is_set_to_FALSE"/>
    <testcase time="0.00600000000000023" classname="validate_has_data" name="validate_has_data_accepts_throws_error_when_data_has_Inf_values_and_allow_inf_is_set_to_FALSE"/>
    <testcase time="0.00499999999999545" classname="validate_has_data" name="validate_has_data_accepts_throws_error_when_data_has_Inf_values_and_allow_inf_is_set_to_FALSE"/>
    <testcase time="0.00399999999999068" classname="validate_has_data" name="validate_has_data_allow_inf_argument_ignores_non_numeric_columns"/>
    <testcase time="0.00499999999999545" classname="validate_has_data" name="validate_has_data_allow_inf_argument_ignores_non_numeric_columns"/>
    <testcase time="0.00600000000000023" classname="validate_has_data" name="validate_has_data_returns_message_when_msg_argument_is_set"/>
    <testcase time="0.007000000000005" classname="validate_has_data" name="validate_has_data_returns_message_msg_argument_is_set_and_complete_is_set_to_TRUE"/>
    <testcase time="0.00600000000000023" classname="validate_has_data" name="validate_has_data_returns_throws_error_with_non_character_msg_input"/>
    <testcase time="0.00499999999999545" classname="validate_has_data" name="validate_has_data_returns_throws_error_with_non_character_msg_input"/>
  </testsuite>
  <testsuite name="validate_inputs" timestamp="2024-05-22T11:16:45Z" hostname="9780a8fa6fe3" tests="36" skipped="0" failures="0" errors="0" time="0.523">
    <testcase time="0.0100000000000193" classname="validate_inputs" name="invalid_arguments_raise_errors"/>
    <testcase time="0.00399999999999068" classname="validate_inputs" name="invalid_arguments_raise_errors"/>
    <testcase time="0.0200000000000102" classname="validate_inputs" name="disabled_validators_raise_warnings_individual_validators_"/>
    <testcase time="0.0149999999999864" classname="validate_inputs" name="disabled_validators_raise_warnings_validator_list_"/>
    <testcase time="0.0150000000000148" classname="validate_inputs" name="disabled_validators_raise_warnings_nested_validator_list_"/>
    <testcase time="0.0829999999999984" classname="validate_inputs" name="valid_inputs_produce_desired_output_individual_validators_"/>
    <testcase time="0.0209999999999866" classname="validate_inputs" name="valid_inputs_produce_desired_output_validator_list_"/>
    <testcase time="0.0190000000000055" classname="validate_inputs" name="valid_inputs_produce_desired_output_nested_validator_list_"/>
    <testcase time="0.0270000000000152" classname="validate_inputs" name="invalid_inputs_raise_errors_in_output_individual_validators_"/>
    <testcase time="0.0249999999999773" classname="validate_inputs" name="invalid_inputs_raise_errors_in_output_individual_validators_"/>
    <testcase time="0.0250000000000057" classname="validate_inputs" name="invalid_inputs_raise_errors_in_output_individual_validators_"/>
    <testcase time="0.0279999999999916" classname="validate_inputs" name="invalid_inputs_raise_errors_in_output_validator_list_"/>
    <testcase time="0.0360000000000014" classname="validate_inputs" name="invalid_inputs_raise_errors_in_output_validator_list_"/>
    <testcase time="0.021000000000015" classname="validate_inputs" name="invalid_inputs_raise_errors_in_output_validator_list_"/>
    <testcase time="0.0219999999999914" classname="validate_inputs" name="invalid_inputs_raise_errors_in_output_nested_validator_list_"/>
    <testcase time="0.0200000000000102" classname="validate_inputs" name="invalid_inputs_raise_errors_in_output_nested_validator_list_"/>
    <testcase time="0.0209999999999866" classname="validate_inputs" name="invalid_inputs_raise_errors_in_output_nested_validator_list_"/>
    <testcase time="0.0270000000000152" classname="validate_inputs" name="error_message_is_formatted_properly"/>
    <testcase time="0.00799999999998136" classname="validate_inputs" name="error_message_is_formatted_properly"/>
    <testcase time="0.00600000000000023" classname="validate_inputs" name="error_message_is_formatted_properly"/>
    <testcase time="0.007000000000005" classname="validate_inputs" name="error_message_is_formatted_properly"/>
    <testcase time="0.00600000000000023" classname="validate_inputs" name="error_message_is_formatted_properly"/>
    <testcase time="0.00200000000000955" classname="validate_inputs" name="error_message_is_formatted_properly"/>
    <testcase time="0.0029999999999859" classname="validate_inputs" name="error_message_is_formatted_properly"/>
    <testcase time="0.00200000000000955" classname="validate_inputs" name="error_message_is_formatted_properly"/>
    <testcase time="0.00200000000000955" classname="validate_inputs" name="error_message_is_formatted_properly"/>
    <testcase time="0.00199999999998113" classname="validate_inputs" name="error_message_is_formatted_properly"/>
    <testcase time="0.00200000000000955" classname="validate_inputs" name="error_message_is_formatted_properly"/>
    <testcase time="0.00200000000000955" classname="validate_inputs" name="error_message_is_formatted_properly"/>
    <testcase time="0.00199999999998113" classname="validate_inputs" name="error_message_is_formatted_properly"/>
    <testcase time="0.00300000000001432" classname="validate_inputs" name="error_message_is_formatted_properly"/>
    <testcase time="0.00199999999998113" classname="validate_inputs" name="error_message_is_formatted_properly"/>
    <testcase time="0.00200000000000955" classname="validate_inputs" name="error_message_is_formatted_properly"/>
    <testcase time="0.0250000000000057" classname="validate_inputs" name="different_validation_modes_produce_proper_messages"/>
    <testcase time="0.00399999999999068" classname="validate_inputs" name="different_validation_modes_produce_proper_messages"/>
    <testcase time="0.0040000000000191" classname="validate_inputs" name="different_validation_modes_produce_proper_messages"/>
  </testsuite>
</testsuites>
