<?xml version="1.0" encoding="UTF-8"?>
<testsuites>
  <testsuite name="init" timestamp="2024-08-15T06:56:01Z" hostname="0df6062cf0a2" tests="10" skipped="0" failures="0" errors="0" time="0.381">
    <testcase time="0.0950000000000001" classname="init" name="init_data_accepts_teal_data_object"/>
    <testcase time="0.0589999999999999" classname="init" name="init_data_accepts_teal_data_module"/>
    <testcase time="0.035" classname="init" name="init_modules_accepts_a_teal_modules_object"/>
    <testcase time="0.028" classname="init" name="init_modules_accepts_a_list_of_teal_module_elements"/>
    <testcase time="0.025" classname="init" name="init_modules_accepts_a_teal_module_object"/>
    <testcase time="0.0449999999999999" classname="init" name="init_filter_accepts_teal_slices_"/>
    <testcase time="0.00700000000000001" classname="init" name="init_filter_accepts_teal_slices_"/>
    <testcase time="0.029" classname="init" name="init_throws_when_an_empty_data_is_used"/>
    <testcase time="0.027" classname="init" name="init_throws_warning_when_datanames_in_modules_incompatible_w_datanames_in_data"/>
    <testcase time="0.031" classname="init" name="init_throws_when_dataname_in_filter_incompatible_w_datanames_in_data"/>
  </testsuite>
  <testsuite name="module_teal" timestamp="2024-08-15T06:56:01Z" hostname="0df6062cf0a2" tests="135" skipped="6" failures="0" errors="0" time="39.714">
    <testcase time="0.207" classname="module_teal" name="accepts_data_to_be_teal_data"/>
    <testcase time="0.0630000000000002" classname="module_teal" name="accepts_data_to_be_teal_data_module_returning_reactive_teal_data"/>
    <testcase time="0.0619999999999998" classname="module_teal" name="accepts_data_to_a_reactive_or_reactiveVal_teal_data"/>
    <testcase time="0.0630000000000002" classname="module_teal" name="accepts_data_to_a_reactive_or_reactiveVal_teal_data"/>
    <testcase time="0.0559999999999998" classname="module_teal" name="fails_when_data_is_not_teal_data_or_teal_data_module"/>
    <testcase time="0.0250000000000001" classname="module_teal" name="app_fails_when_teal_data_module_doesn_t_return_a_reactive"/>
    <testcase time="0.099" classname="module_teal" name="are_not_called_by_default"/>
    <testcase time="0.00299999999999989" classname="module_teal" name="are_not_called_by_default"/>
    <testcase time="0.002" classname="module_teal" name="are_not_called_by_default"/>
    <testcase time="0.0670000000000002" classname="module_teal" name="are_called_once_their_tab_is_selected_and_data_is_teal_data_"/>
    <testcase time="0.687" classname="module_teal" name="are_called_once_their_tab_is_selected_and_data_is_teal_data_"/>
    <testcase time="0.00300000000000011" classname="module_teal" name="are_called_once_their_tab_is_selected_and_data_is_teal_data_"/>
    <testcase time="0.0749999999999997" classname="module_teal" name="are_called_once_their_tab_is_selected_and_data_is_teal_data_"/>
    <testcase time="0.00200000000000022" classname="module_teal" name="are_called_once_their_tab_is_selected_and_data_is_teal_data_"/>
    <testcase time="0.089" classname="module_teal" name="are_called_once_their_tab_is_selected_and_data_returns_reactive_teal_data_"/>
    <testcase time="0.358" classname="module_teal" name="are_called_once_their_tab_is_selected_and_data_returns_reactive_teal_data_"/>
    <testcase time="0.004" classname="module_teal" name="are_called_once_their_tab_is_selected_and_data_returns_reactive_teal_data_"/>
    <testcase time="0.0500000000000003" classname="module_teal" name="are_called_once_their_tab_is_selected_and_data_returns_reactive_teal_data_"/>
    <testcase time="0.00199999999999978" classname="module_teal" name="are_called_once_their_tab_is_selected_and_data_returns_reactive_teal_data_"/>
    <testcase time="0.0940000000000003" classname="module_teal" name="are_called_once_their_tab_is_selected_and_teal_data_module_returns_reactive_teal_data_"/>
    <testcase time="0.398" classname="module_teal" name="are_called_once_their_tab_is_selected_and_teal_data_module_returns_reactive_teal_data_"/>
    <testcase time="0.00300000000000011" classname="module_teal" name="are_called_once_their_tab_is_selected_and_teal_data_module_returns_reactive_teal_data_"/>
    <testcase time="0.0529999999999999" classname="module_teal" name="are_called_once_their_tab_is_selected_and_teal_data_module_returns_reactive_teal_data_"/>
    <testcase time="0.00100000000000033" classname="module_teal" name="are_called_once_their_tab_is_selected_and_teal_data_module_returns_reactive_teal_data_"/>
    <testcase time="0.081" classname="module_teal" name="are_called_with_data_argument_being_teal_data_"/>
    <testcase time="0.224" classname="module_teal" name="are_called_with_data_argument_being_teal_data_"/>
    <testcase time="0.214" classname="module_teal" name="are_not_called_when_the_teal_data_module_doesn_t_return_teal_data"/>
    <testcase time="0.012" classname="module_teal" name="are_not_called_when_the_teal_data_module_doesn_t_return_teal_data"/>
    <testcase time="0.0829999999999997" classname="module_teal" name="are_not_called_when_the_teal_data_module_doesn_t_return_teal_data"/>
    <testcase time="0.0940000000000003" classname="module_teal" name="are_not_called_when_the_teal_data_module_returns_validation_error"/>
    <testcase time="0.085" classname="module_teal" name="are_not_called_when_the_teal_data_module_returns_validation_error"/>
    <testcase time="0.0780000000000003" classname="module_teal" name="are_not_called_when_the_teal_data_module_throw_en_error"/>
    <testcase time="0.0110000000000001" classname="module_teal" name="are_not_called_when_the_teal_data_module_throw_en_error"/>
    <testcase time="0.0829999999999993" classname="module_teal" name="are_not_called_when_the_teal_data_module_throw_en_error"/>
    <testcase time="0.0770000000000008" classname="module_teal" name="are_not_called_when_the_teal_data_module_returns_qenv.error"/>
    <testcase time="0.0139999999999993" classname="module_teal" name="are_not_called_when_the_teal_data_module_returns_qenv.error"/>
    <testcase time="0.0810000000000004" classname="module_teal" name="are_not_called_when_the_teal_data_module_returns_qenv.error"/>
    <testcase time="0.077" classname="module_teal" name="are_receiving_reactive_data_which_triggers_on_change"/>
    <testcase time="0.386" classname="module_teal" name="are_receiving_reactive_data_which_triggers_on_change"/>
    <testcase time="0.356" classname="module_teal" name="are_receiving_reactive_data_which_triggers_on_change"/>
    <testcase time="0.0830000000000002" classname="module_teal" name="are_not_called_again_when_data_changes"/>
    <testcase time="0.226" classname="module_teal" name="are_not_called_again_when_data_changes"/>
    <testcase time="0.210999999999999" classname="module_teal" name="are_not_called_again_when_data_changes"/>
    <testcase time="0.36" classname="module_teal" name="receives_data_with_datasets_module_datanames"/>
    <testcase time="0.00199999999999978" classname="module_teal" name="receives_data_with_datasets_module_datanames"/>
    <testcase time="0.223" classname="module_teal" name="throws_warning_when_dataname_is_not_available"/>
    <testcase time="0.334000000000001" classname="module_teal" name="is_called_and_receives_data_even_if_datanames_in_teal_data_are_not_sufficient"/>
    <testcase time="0.586" classname="module_teal" name="receives_all_objects_from_env_except_DATA._raw__when_DATA_is_present_in_the_env_and_module_datanames_all_and_datanames_is_empty"/>
    <testcase time="0.548999999999999" classname="module_teal" name="receives_datanames_when_module_datanames_all_"/>
    <testcase time="0.484" classname="module_teal" name="receives_parent_data_when_module_datanames_limited_to_a_child_data_but_join_keys_are_provided"/>
    <testcase time="0.00200000000000067" classname="module_teal" name="receives_parent_data_when_module_datanames_limited_to_a_child_data_but_join_keys_are_provided"/>
    <testcase time="0.391999999999999" classname="module_teal" name="receives_extra_datanames_added_in_a_transform_if_specified_in_module_datanames"/>
    <testcase time="0.393000000000001" classname="module_teal" name="doesn_t_receive_extra_transform_datasets_not_set_in_datanames_if_module_datanames_all_"/>
    <testcase time="0.436999999999999" classname="module_teal" name="receives_extra_transform_datasets_if_module_datanames_all_and_datanames_empty"/>
    <testcase time="0.577999999999999" classname="module_teal" name="doesn_t_receive_extra_datanames_in_a_transform_if_not_specified_in_module_datanames"/>
    <testcase time="0.370000000000001" classname="module_teal" name="srv_teal_module.teal_module_does_not_pass_data_if_not_in_the_args_explicitly"/>
    <testcase time="0.369" classname="module_teal" name="srv_teal_module.teal_module_passes_deprecated_datasets_to_the_server_module"/>
    <testcase time="0.0139999999999993" classname="module_teal" name="srv_teal_module.teal_module_passes_deprecated_datasets_to_the_server_module"/>
    <testcase time="0.388" classname="module_teal" name="srv_teal_module.teal_module_passes_server_args_to_the_..."/>
    <testcase time="0.379000000000001" classname="module_teal" name="srv_teal_module.teal_module_passes_filter_panel_api_if_specified"/>
    <testcase time="0.404999999999999" classname="module_teal" name="srv_teal_module.teal_module_passes_Reporter_if_specified"/>
    <testcase time="0.443" classname="module_teal" name="receives_all_possible_objects_while_those_not_specified_in_module_datanames_are_unfiltered"/>
    <testcase time="0.00200000000000067" classname="module_teal" name="receives_all_possible_objects_while_those_not_specified_in_module_datanames_are_unfiltered"/>
    <testcase time="0.000999999999999446" classname="module_teal" name="receives_all_possible_objects_while_those_not_specified_in_module_datanames_are_unfiltered"/>
    <testcase time="0.00200000000000067" classname="module_teal" name="receives_all_possible_objects_while_those_not_specified_in_module_datanames_are_unfiltered"/>
    <testcase time="0.0779999999999994" classname="module_teal" name="is_set_to_initial_filters_when_module_specific"/>
    <testcase time="0.077" classname="module_teal" name="is_set_to_initial_filters_with_resolved_attr_mapping_modules_label_when_module_specific_"/>
    <testcase time="0.000999999999999446" classname="module_teal" name="is_set_to_initial_filters_with_resolved_attr_mapping_modules_label_when_module_specific_"/>
    <testcase time="1.137" classname="module_teal" name="slices_in_slicesGlobal_and_in_FilteredData_refer_to_the_same_object"/>
    <testcase time="0.0080000000000009" classname="module_teal" name="slices_in_slicesGlobal_and_in_FilteredData_refer_to_the_same_object"/>
    <testcase time="1.409" classname="module_teal" name="appends_new_slice_and_activates_in_global_filters_when_added_in_a_module_if_module_specific"/>
    <testcase time="1.255" classname="module_teal" name="deactivates_in_global_filters_when_removed_from_module_if_module_specific"/>
    <testcase time="1.186" classname="module_teal" name="appends_new_slice_and_activates_in_module_when_added_in_a_module_if_module_specific"/>
    <testcase time="1.122" classname="module_teal" name="appends_added_duplicated_slice_and_makes_new_slice_id_unique"/>
    <testcase time="1.291" classname="module_teal" name="deactivates_in_module_when_removed_from_module_if_module_specific"/>
    <testcase time="0.0899999999999999" classname="module_teal" name="auto_resolves_to_mapping_m_when_setting_slices_with_mapping_global_filters_in_module_specific_">
      <skipped message="Reason: need a fix in a .slicesGlobal ('test-module_teal.R:1177:11')"/>
    </testcase>
    <testcase time="1.362" classname="module_teal" name="sets_filters_from_mapping_mod_to_all_modules_FilteredData_when_module_specific"/>
    <testcase time="0.945" classname="module_teal" name="sets_filters_from_mapping_mod_to_module_s_FilteredData_when_module_specific"/>
    <testcase time="0.00800000000000267" classname="module_teal" name="sets_filters_from_mapping_mod_to_module_s_FilteredData_when_module_specific"/>
    <testcase time="1.269" classname="module_teal" name="sets_filters_from_mapping_global_filters_to_all_modules_FilteredData_when_module_specific"/>
    <testcase time="0.0219999999999985" classname="module_teal" name="sets_filters_from_mapping_global_filters_to_all_modules_FilteredData_when_module_specific"/>
    <testcase time="1.152" classname="module_teal" name="change_in_the_slicesGlobal_causes_module_s_data_filtering"/>
    <testcase time="0.00600000000000023" classname="module_teal" name="change_in_the_slicesGlobal_causes_module_s_data_filtering"/>
    <testcase time="0.00199999999999889" classname="module_teal" name="change_in_the_slicesGlobal_causes_module_s_data_filtering"/>
    <testcase time="0.00100000000000122" classname="module_teal" name="change_in_the_slicesGlobal_causes_module_s_data_filtering"/>
    <testcase time="0.000999999999997669" classname="module_teal" name="change_in_the_slicesGlobal_causes_module_s_data_filtering"/>
    <testcase time="0.389000000000003" classname="module_teal" name="returns_no_rows_if_no_filters_set"/>
    <testcase time="1.088" classname="module_teal" name="returns_global_filters_with_active_true_inactive_false_unavailable_na"/>
    <testcase time="0.0100000000000016" classname="module_teal" name="returns_global_filters_with_active_true_inactive_false_unavailable_na"/>
    <testcase time="0.838999999999999" classname="module_teal" name="returns_column_per_module_with_active_true_inactive_false_unavailable_na"/>
    <testcase time="0.0130000000000017" classname="module_teal" name="returns_column_per_module_with_active_true_inactive_false_unavailable_na"/>
    <testcase time="0.032" classname="module_teal" name="what_happens_when_module_label_is_duplicated_when_nested_modules_">
      <skipped message="Reason: todo ('test-module_teal.R:1442:7')"/>
    </testcase>
    <testcase time="0.0259999999999998" classname="module_teal" name="sets_back_the_same_active_filters_in_each_module">
      <skipped message="Reason: todo ('test-module_teal.R:1449:5')"/>
    </testcase>
    <testcase time="0.0159999999999982" classname="module_teal" name="doesn_t_fail_when_teal_data_has_no_datasets">
      <skipped message="Reason: todo ('test-module_teal.R:1452:5')"/>
    </testcase>
    <testcase time="0.429000000000002" classname="module_teal" name="evaluates_custom_qenv_call_and_pass_update_teal_data_to_the_module"/>
    <testcase time="0.00199999999999889" classname="module_teal" name="evaluates_custom_qenv_call_and_pass_update_teal_data_to_the_module"/>
    <testcase time="0.00199999999999889" classname="module_teal" name="evaluates_custom_qenv_call_and_pass_update_teal_data_to_the_module"/>
    <testcase time="0.00200000000000244" classname="module_teal" name="evaluates_custom_qenv_call_and_pass_update_teal_data_to_the_module"/>
    <testcase time="0.690999999999999" classname="module_teal" name="evaluates_custom_qenv_call_after_filter_is_applied"/>
    <testcase time="0.00300000000000011" classname="module_teal" name="evaluates_custom_qenv_call_after_filter_is_applied"/>
    <testcase time="0.00199999999999889" classname="module_teal" name="evaluates_custom_qenv_call_after_filter_is_applied"/>
    <testcase time="0.00200000000000244" classname="module_teal" name="evaluates_custom_qenv_call_after_filter_is_applied"/>
    <testcase time="0.00199999999999889" classname="module_teal" name="evaluates_custom_qenv_call_after_filter_is_applied"/>
    <testcase time="0.997" classname="module_teal" name="is_reactive_to_the_filter_changes"/>
    <testcase time="0.00199999999999889" classname="module_teal" name="is_reactive_to_the_filter_changes"/>
    <testcase time="0.00200000000000244" classname="module_teal" name="is_reactive_to_the_filter_changes"/>
    <testcase time="0.00199999999999889" classname="module_teal" name="is_reactive_to_the_filter_changes"/>
    <testcase time="0.00199999999999889" classname="module_teal" name="is_reactive_to_the_filter_changes"/>
    <testcase time="0.579000000000001" classname="module_teal" name="receives_all_possible_objects_while_those_not_specified_in_module_datanames_are_unfiltered"/>
    <testcase time="0.00199999999999889" classname="module_teal" name="receives_all_possible_objects_while_those_not_specified_in_module_datanames_are_unfiltered"/>
    <testcase time="0.0670000000000002" classname="module_teal" name="fails_when_transformer_doesn_t_return_reactive"/>
    <testcase time="0.274999999999999" classname="module_teal" name="continues_when_transformer_throws_validation_error_and_returns_unchanged_data"/>
    <testcase time="0.00200000000000244" classname="module_teal" name="continues_when_transformer_throws_validation_error_and_returns_unchanged_data"/>
    <testcase time="0.288" classname="module_teal" name="continues_when_transformer_throws_validation_error_and_returns_unchanged_data"/>
    <testcase time="0.00199999999999889" classname="module_teal" name="continues_when_transformer_throws_validation_error_and_returns_unchanged_data"/>
    <testcase time="0.0199999999999996" classname="module_teal" name="continues_when_transformer_throws_qenv_error_and_returns_unchanged_data">
      <skipped message="Reason: todo ('test-module_teal.R:1710:5')"/>
    </testcase>
    <testcase time="0.449000000000002" classname="module_teal" name="upstream_data_change_is_updated_on_transformer_fallback"/>
    <testcase time="0.538" classname="module_teal" name="upstream_data_change_with_double_reactivity_resolves_with_correct_this_that"/>
    <testcase time="0.0199999999999996" classname="module_teal" name="isn_t_called_when_data_is_not_teal_data">
      <skipped message="Reason: todo ('test-module_teal.R:1768:5')"/>
    </testcase>
    <testcase time="0.398999999999997" classname="module_teal" name="displays_Obs_only_column_if_all_datasets_have_no_join_keys"/>
    <testcase time="0.399999999999999" classname="module_teal" name="displays_Subjects_with_count_based_on_foreign_key_column"/>
    <testcase time="0.393000000000001" classname="module_teal" name="displays_parent_s_Subjects_with_count_based_on_primary_key"/>
    <testcase time="0.465000000000003" classname="module_teal" name="displays_parent_s_Subjects_with_count_based_on_primary_and_foreign_key"/>
    <testcase time="0.534999999999997" classname="module_teal" name="reflects_filters_and_displays_subjects_by_their_unique_id_count"/>
    <testcase time="0.887" classname="module_teal" name="reflects_added_filters_and_displays_subjects_by_their_unique_id_count"/>
    <testcase time="0.289999999999999" classname="module_teal" name="reflects_transform_adding_new_dataset"/>
    <testcase time="0.303000000000004" classname="module_teal" name="displays_parent_s_Subjects_with_count_based_on_primary_key"/>
    <testcase time="0.347000000000001" classname="module_teal" name="displays_only_module_datanames"/>
    <testcase time="0.436999999999998" classname="module_teal" name="displays_parent_before_child_when_join_keys_are_provided"/>
    <testcase time="0.371000000000002" classname="module_teal" name="displays_subset_of_module_datanames_if_not_sufficient"/>
    <testcase time="2.121" classname="module_teal" name="clicking_reset_button_restores_initial_filters_state_when_module_specific"/>
    <testcase time="0.0110000000000028" classname="module_teal" name="clicking_reset_button_restores_initial_filters_state_when_module_specific"/>
    <testcase time="1.866" classname="module_teal" name="clicking_reset_button_restores_initial_filters_with_respect_to_mapping_state_when_module_specific"/>
    <testcase time="0.00900000000000034" classname="module_teal" name="clicking_reset_button_restores_initial_filters_with_respect_to_mapping_state_when_module_specific"/>
    <testcase time="0.00800000000000267" classname="module_teal" name="clicking_reset_button_restores_initial_filters_with_respect_to_mapping_state_when_module_specific"/>
  </testsuite>
  <testsuite name="modules" timestamp="2024-08-15T06:56:41Z" hostname="0df6062cf0a2" tests="95" skipped="0" failures="0" errors="0" time="0.376">
    <testcase time="0.0449999999999946" classname="modules" name="Calling_module_does_not_throw"/>
    <testcase time="0.00400000000000489" classname="modules" name="module_requires_label_argument_to_be_a_string_different_than_global_filters_"/>
    <testcase time="0.00399999999999778" classname="modules" name="module_requires_label_argument_to_be_a_string_different_than_global_filters_"/>
    <testcase time="0.00399999999999778" classname="modules" name="module_requires_label_argument_to_be_a_string_different_than_global_filters_"/>
    <testcase time="0.00500000000000256" classname="modules" name="module_requires_label_argument_to_be_a_string_different_than_global_filters_"/>
    <testcase time="0.00399999999999778" classname="modules" name="module_requires_label_argument_to_be_a_string_different_than_global_filters_"/>
    <testcase time="0.00300000000000011" classname="modules" name="module_warns_when_server_contains_datasets_argument"/>
    <testcase time="0.00300000000000011" classname="modules" name="module_expects_server_being_a_shiny_server_module_with_any_argument"/>
    <testcase time="0.00200000000000244" classname="modules" name="module_expects_server_being_a_shiny_server_module_with_any_argument"/>
    <testcase time="0.000999999999997669" classname="modules" name="module_expects_server_being_a_shiny_server_module_with_any_argument"/>
    <testcase time="0.00500000000000256" classname="modules" name="module_expects_server_being_a_shiny_server_module_with_any_argument"/>
    <testcase time="0.00399999999999778" classname="modules" name="module_expects_server_being_a_shiny_server_module_with_any_argument"/>
    <testcase time="0.00300000000000011" classname="modules" name="module_requires_server_args_argument_to_be_a_list"/>
    <testcase time="0.000999999999997669" classname="modules" name="module_requires_server_args_argument_to_be_a_list"/>
    <testcase time="0.00200000000000244" classname="modules" name="module_requires_server_args_argument_to_be_a_list"/>
    <testcase time="0.00399999999999778" classname="modules" name="module_requires_server_args_argument_to_be_a_list"/>
    <testcase time="0.00500000000000256" classname="modules" name="module_requires_server_args_argument_to_be_a_list"/>
    <testcase time="0.00300000000000011" classname="modules" name="module_expects_all_server_args_being_a_server_arguments_or_passed_through_..._"/>
    <testcase time="0.000999999999997669" classname="modules" name="module_expects_all_server_args_being_a_server_arguments_or_passed_through_..._"/>
    <testcase time="0.00500000000000256" classname="modules" name="module_expects_all_server_args_being_a_server_arguments_or_passed_through_..._"/>
    <testcase time="0.00300000000000011" classname="modules" name="module_requires_ui_args_argument_to_be_a_list"/>
    <testcase time="0.00200000000000244" classname="modules" name="module_requires_ui_args_argument_to_be_a_list"/>
    <testcase time="0.000999999999997669" classname="modules" name="module_requires_ui_args_argument_to_be_a_list"/>
    <testcase time="0.00399999999999778" classname="modules" name="module_requires_ui_args_argument_to_be_a_list"/>
    <testcase time="0.00500000000000256" classname="modules" name="module_requires_ui_args_argument_to_be_a_list"/>
    <testcase time="0.00600000000000023" classname="modules" name="module_throws_when_ui_has_data_or_datasets_argument"/>
    <testcase time="0.00499999999999545" classname="modules" name="module_throws_when_ui_has_data_or_datasets_argument"/>
    <testcase time="0.00300000000000011" classname="modules" name="module_expects_ui_being_a_shiny_ui_module_with_any_argument"/>
    <testcase time="0.00100000000000477" classname="modules" name="module_expects_ui_being_a_shiny_ui_module_with_any_argument"/>
    <testcase time="0.00499999999999545" classname="modules" name="module_expects_ui_being_a_shiny_ui_module_with_any_argument"/>
    <testcase time="0.00300000000000011" classname="modules" name="module_expects_all_ui_args_being_a_ui_arguments_or_passed_through_..._"/>
    <testcase time="0.00100000000000477" classname="modules" name="module_expects_all_ui_args_being_a_ui_arguments_or_passed_through_..._"/>
    <testcase time="0.00499999999999545" classname="modules" name="module_expects_all_ui_args_being_a_ui_arguments_or_passed_through_..._"/>
    <testcase time="0.00300000000000011" classname="modules" name="module_requires_datanames_argument_to_be_a_character_or_NULL"/>
    <testcase time="0.00200000000000244" classname="modules" name="module_requires_datanames_argument_to_be_a_character_or_NULL"/>
    <testcase time="0.000999999999997669" classname="modules" name="module_requires_datanames_argument_to_be_a_character_or_NULL"/>
    <testcase time="0.00500000000000256" classname="modules" name="module_requires_datanames_argument_to_be_a_character_or_NULL"/>
    <testcase time="0.000999999999997669" classname="modules" name="module_requires_datanames_argument_to_be_a_character_or_NULL"/>
    <testcase time="0.00300000000000011" classname="modules" name="module_returns_list_of_class_teal_module_containing_input_objects"/>
    <testcase time="0.00200000000000244" classname="modules" name="module_returns_list_of_class_teal_module_containing_input_objects"/>
    <testcase time="0.000999999999997669" classname="modules" name="module_returns_list_of_class_teal_module_containing_input_objects"/>
    <testcase time="0.00100000000000477" classname="modules" name="module_returns_list_of_class_teal_module_containing_input_objects"/>
    <testcase time="0.000999999999997669" classname="modules" name="module_returns_list_of_class_teal_module_containing_input_objects"/>
    <testcase time="0.000999999999997669" classname="modules" name="module_returns_list_of_class_teal_module_containing_input_objects"/>
    <testcase time="0.00200000000000244" classname="modules" name="module_returns_list_of_class_teal_module_containing_input_objects"/>
    <testcase time="0.000999999999997669" classname="modules" name="module_returns_list_of_class_teal_module_containing_input_objects"/>
    <testcase time="0.0100000000000051" classname="modules" name="modules_gives_error_if_no_arguments_other_than_label_are_used"/>
    <testcase time="0.00399999999999778" classname="modules" name="modules_gives_error_if_no_arguments_other_than_label_are_used"/>
    <testcase time="0.00300000000000011" classname="modules" name="modules_requires_label_argument_to_be_a_string_"/>
    <testcase time="0.00499999999999545" classname="modules" name="modules_requires_label_argument_to_be_a_string_"/>
    <testcase time="0.00400000000000489" classname="modules" name="modules_requires_label_argument_to_be_a_string_"/>
    <testcase time="0.00300000000000011" classname="modules" name="modules_accept_teal_module_in_..."/>
    <testcase time="0.00399999999999778" classname="modules" name="modules_accept_multiple_teal_module_objects_in_..."/>
    <testcase time="0.00300000000000011" classname="modules" name="modules_accept_multiple_teal_module_and_teal_modules_objects_in_..."/>
    <testcase time="0.00600000000000023" classname="modules" name="modules_does_not_accept_objects_other_than_teal_module_s_in_..."/>
    <testcase time="0.00600000000000023" classname="modules" name="modules_does_not_accept_objects_other_than_teal_module_s_in_..."/>
    <testcase time="0.00300000000000011" classname="modules" name="modules_returns_teal_modules_object_with_label_and_children_slot"/>
    <testcase time="0.000999999999997669" classname="modules" name="modules_returns_teal_modules_object_with_label_and_children_slot"/>
    <testcase time="0.00400000000000489" classname="modules" name="modules_returns_children_as_list_with_list_named_after_label_attributes"/>
    <testcase time="0.000999999999997669" classname="modules" name="modules_returns_children_as_list_with_list_named_after_label_attributes"/>
    <testcase time="0.000999999999997669" classname="modules" name="modules_returns_children_as_list_with_list_named_after_label_attributes"/>
    <testcase time="0.00600000000000023" classname="modules" name="modules_returns_useful_error_message_if_label_argument_not_explicitly_named"/>
    <testcase time="0.00400000000000489" classname="modules" name="modules_returns_children_as_list_with_unique_names_if_labels_are_duplicated"/>
    <testcase time="0.000999999999997669" classname="modules" name="modules_returns_children_as_list_with_unique_names_if_labels_are_duplicated"/>
    <testcase time="0.000999999999997669" classname="modules" name="modules_returns_children_as_list_with_unique_names_if_labels_are_duplicated"/>
    <testcase time="0.00400000000000489" classname="modules" name="modules_depth_accepts_depth_as_integer"/>
    <testcase time="0.00499999999999545" classname="modules" name="modules_depth_accepts_depth_as_integer"/>
    <testcase time="0.00300000000000011" classname="modules" name="modules_depth_returns_depth_0_by_default"/>
    <testcase time="0.00399999999999778" classname="modules" name="modules_depth_accepts_modules_to_be_teal_module_or_teal_modules"/>
    <testcase time="0.00100000000000477" classname="modules" name="modules_depth_accepts_modules_to_be_teal_module_or_teal_modules"/>
    <testcase time="0.00399999999999778" classname="modules" name="modules_depth_returns_depth_same_as_input_for_teal_module"/>
    <testcase time="0.00300000000000011" classname="modules" name="modules_depth_increases_depth_by_1_for_each_teal_modules"/>
    <testcase time="0.00200000000000244" classname="modules" name="modules_depth_increases_depth_by_1_for_each_teal_modules"/>
    <testcase time="0.00600000000000023" classname="modules" name="is_arg_used_throws_error_if_object_is_not_teal_module_or_teal_modules"/>
    <testcase time="0.00399999999999778" classname="modules" name="is_arg_used_throws_error_if_object_is_not_teal_module_or_teal_modules"/>
    <testcase time="0.00500000000000256" classname="modules" name="is_arg_used_returns_true_if_teal_module_has_given_arg_in_server_function_args"/>
    <testcase time="0.00499999999999545" classname="modules" name="is_arg_used_returns_false_if_teal_module_does_not_have_reporter_in_server_function_args"/>
    <testcase time="0.00500000000000256" classname="modules" name="is_arg_used_returns_false_if_teal_modules_has_no_children_using_given_arg_"/>
    <testcase time="0.00300000000000011" classname="modules" name="is_arg_used_returns_false_if_teal_modules_has_no_children_using_given_arg_"/>
    <testcase time="0.00500000000000256" classname="modules" name="is_arg_used_returns_true_if_teal_modules_has_at_least_one_child_using_given_arg_"/>
    <testcase time="0.00300000000000011" classname="modules" name="is_arg_used_returns_true_if_teal_modules_has_at_least_one_child_using_given_arg_"/>
    <testcase time="0.00300000000000011" classname="modules" name="is_arg_used_returns_true_if_teal_modules_has_at_least_one_child_using_given_arg_"/>
    <testcase time="0.00499999999999545" classname="modules" name="is_arg_used_returns_TRUE_FALSE_when_the_arg_is_in_function_formals"/>
    <testcase time="0.00200000000000244" classname="modules" name="is_arg_used_returns_TRUE_FALSE_when_the_arg_is_in_function_formals"/>
    <testcase time="0.0069999999999979" classname="modules" name="is_arg_used_accepts_arg_to_be_a_string_only"/>
    <testcase time="0.00399999999999778" classname="modules" name="is_arg_used_accepts_arg_to_be_a_string_only"/>
    <testcase time="0.00500000000000256" classname="modules" name="is_arg_used_accepts_arg_to_be_a_string_only"/>
    <testcase time="0.0069999999999979" classname="modules" name="append_module_throws_error_when_modules_is_not_inherited_from_teal_modules"/>
    <testcase time="0.00500000000000256" classname="modules" name="append_module_throws_error_when_modules_is_not_inherited_from_teal_modules"/>
    <testcase time="0.0069999999999979" classname="modules" name="append_module_throws_error_is_module_is_not_inherited_from_teal_module"/>
    <testcase time="0.00400000000000489" classname="modules" name="append_module_throws_error_is_module_is_not_inherited_from_teal_module"/>
    <testcase time="0.00600000000000023" classname="modules" name="append_module_appends_a_module_to_children_of_not_nested_teal_modules"/>
    <testcase time="0.00499999999999545" classname="modules" name="append_module_appends_a_module_to_children_of_nested_teal_modules"/>
    <testcase time="0.00400000000000489" classname="modules" name="append_module_produces_teal_modules_with_unique_named_children"/>
    <testcase time="0.00399999999999778" classname="modules" name="format.teal_modules_returns_proper_structure"/>
  </testsuite>
  <testsuite name="rcode_utils" timestamp="2024-08-15T06:56:41Z" hostname="0df6062cf0a2" tests="7" skipped="0" failures="0" errors="0" time="0.055">
    <testcase time="0.00999999999999801" classname="rcode_utils" name="With_no_teal.load_nest_code_option_set_get_rcode_str_install_returns_default_string"/>
    <testcase time="0.00300000000000011" classname="rcode_utils" name="With_teal.load_nest_code_option_set_to_character_get_rcode_str_install_returns_option_value"/>
    <testcase time="0.000999999999997669" classname="rcode_utils" name="With_teal.load_nest_code_option_set_to_character_get_rcode_str_install_returns_option_value"/>
    <testcase time="0.00300000000000011" classname="rcode_utils" name="When_teal.load_nest_code_option_is_not_character_get_rcode_str_install_silently_returns_default_string"/>
    <testcase time="0.00100000000000477" classname="rcode_utils" name="When_teal.load_nest_code_option_is_not_character_get_rcode_str_install_silently_returns_default_string"/>
    <testcase time="0.027000000000001" classname="rcode_utils" name="get_rcode_libraries_returns_current_session_packages"/>
    <testcase time="0.00999999999999801" classname="rcode_utils" name="get_datasets_code_returns_code_only_for_specified_datanames"/>
  </testsuite>
  <testsuite name="report_previewer_module" timestamp="2024-08-15T06:56:41Z" hostname="0df6062cf0a2" tests="8" skipped="0" failures="0" errors="0" time="0.035">
    <testcase time="0.00600000000000023" classname="report_previewer_module" name="report_previewer_module_has_specific_classes"/>
    <testcase time="0.00600000000000023" classname="report_previewer_module" name="report_previewer_module_throws_error_if_label_is_not_string"/>
    <testcase time="0.00399999999999778" classname="report_previewer_module" name="report_previewer_module_throws_error_if_label_is_not_string"/>
    <testcase time="0.00399999999999778" classname="report_previewer_module" name="report_previewer_module_throws_no_error_and_stores_label_if_label_is_string"/>
    <testcase time="0.00100000000000477" classname="report_previewer_module" name="report_previewer_module_throws_no_error_and_stores_label_if_label_is_string"/>
    <testcase time="0.00300000000000011" classname="report_previewer_module" name="report_previewer_module_default_label_is_Report_previewer_"/>
    <testcase time="0.00600000000000023" classname="report_previewer_module" name="report_previewer_module_does_not_accept_server_args_out_of_formals_teal.reporter_reporter_previewer_srv_"/>
    <testcase time="0.00499999999999545" classname="report_previewer_module" name="report_previewer_module_does_not_accept_server_args_out_of_formals_teal.reporter_reporter_previewer_srv_"/>
  </testsuite>
  <testsuite name="shinytest2-data_summary" timestamp="2024-08-15T06:56:41Z" hostname="0df6062cf0a2" tests="6" skipped="0" failures="0" errors="0" time="35.859">
    <testcase time="3.724" classname="shinytest2_data_summary" name="e2e_data_summary_list_only_data_names_if_there_is_no_MAE_or_data.frames_in_teal_data"/>
    <testcase time="3.214" classname="shinytest2_data_summary" name="e2e_data_summary_is_displayed_with_2_columns_data_without_keys"/>
    <testcase time="3.516" classname="shinytest2_data_summary" name="e2e_data_summary_displays_datasets_by_topological_sort_of_join_keys"/>
    <testcase time="3.428" classname="shinytest2_data_summary" name="e2e_data_summary_is_displayed_with_3_columns_for_data_with_join_keys"/>
    <testcase time="13.565" classname="shinytest2_data_summary" name="e2e_data_summary_is_displayed_properly_if_teal_data_include_data.frames_with_join_keys_MAE_objects_and_vectors"/>
    <testcase time="8.41199999999999" classname="shinytest2_data_summary" name="e2e_data_summary_displays_datasets_by_datanames_order_if_no_join_keys"/>
  </testsuite>
  <testsuite name="shinytest2-filter_panel" timestamp="2024-08-15T06:57:18Z" hostname="0df6062cf0a2" tests="5" skipped="0" failures="0" errors="0" time="40.836">
    <testcase time="9.748" classname="shinytest2_filter_panel" name="e2e_module_content_is_updated_when_a_data_is_filtered_in_filter_panel"/>
    <testcase time="11.24" classname="shinytest2_filter_panel" name="e2e_filtering_a_module_specific_filter_is_reflected_in_other_shared_module"/>
    <testcase time="4.648" classname="shinytest2_filter_panel" name="e2e_filtering_a_module_specific_filter_is_reflected_in_other_shared_module"/>
    <testcase time="11.18" classname="shinytest2_filter_panel" name="e2e_filtering_a_module_specific_filter_is_not_refected_in_other_unshared_modules"/>
    <testcase time="4.02" classname="shinytest2_filter_panel" name="e2e_filtering_a_module_specific_filter_is_not_refected_in_other_unshared_modules"/>
  </testsuite>
  <testsuite name="shinytest2-init" timestamp="2024-08-15T06:57:59Z" hostname="0df6062cf0a2" tests="17" skipped="0" failures="0" errors="0" time="25.795">
    <testcase time="7.953" classname="shinytest2_init" name="e2e_teal_app_initializes_with_no_errors"/>
    <testcase time="7.71400000000001" classname="shinytest2_init" name="e2e_teal_app_initializes_with_sessionInfo_modal"/>
    <testcase time="2.28099999999998" classname="shinytest2_init" name="e2e_teal_app_initializes_with_sessionInfo_modal"/>
    <testcase time="0.0040000000000191" classname="shinytest2_init" name="e2e_teal_app_initializes_with_sessionInfo_modal"/>
    <testcase time="0.00100000000000477" classname="shinytest2_init" name="e2e_teal_app_initializes_with_sessionInfo_modal"/>
    <testcase time="0.00399999999999068" classname="shinytest2_init" name="e2e_teal_app_initializes_with_sessionInfo_modal"/>
    <testcase time="0.00100000000000477" classname="shinytest2_init" name="e2e_teal_app_initializes_with_sessionInfo_modal"/>
    <testcase time="0.00399999999999068" classname="shinytest2_init" name="e2e_teal_app_initializes_with_sessionInfo_modal"/>
    <testcase time="0.00100000000000477" classname="shinytest2_init" name="e2e_teal_app_initializes_with_sessionInfo_modal"/>
    <testcase time="0.00200000000000955" classname="shinytest2_init" name="e2e_teal_app_initializes_with_sessionInfo_modal"/>
    <testcase time="0.000999999999976353" classname="shinytest2_init" name="e2e_teal_app_initializes_with_sessionInfo_modal"/>
    <testcase time="0.00100000000000477" classname="shinytest2_init" name="e2e_teal_app_initializes_with_sessionInfo_modal"/>
    <testcase time="0.00100000000000477" classname="shinytest2_init" name="e2e_teal_app_initializes_with_sessionInfo_modal"/>
    <testcase time="7.77799999999999" classname="shinytest2_init" name="e2e_init_creates_UI_containing_specified_title_favicon_header_and_footer"/>
    <testcase time="0.0349999999999966" classname="shinytest2_init" name="e2e_init_creates_UI_containing_specified_title_favicon_header_and_footer"/>
    <testcase time="0.007000000000005" classname="shinytest2_init" name="e2e_init_creates_UI_containing_specified_title_favicon_header_and_footer"/>
    <testcase time="0.007000000000005" classname="shinytest2_init" name="e2e_init_creates_UI_containing_specified_title_favicon_header_and_footer"/>
  </testsuite>
  <testsuite name="shinytest2-landing_popup" timestamp="2024-08-15T06:58:24Z" hostname="0df6062cf0a2" tests="11" skipped="0" failures="0" errors="0" time="41.969">
    <testcase time="7.851" classname="shinytest2_landing_popup" name="e2e_teal_app_with_landing_popup_module_initializes_with_no_errors"/>
    <testcase time="7.87700000000001" classname="shinytest2_landing_popup" name="e2e_app_with_default_landing_popup_module_creates_modal_containing_a_button"/>
    <testcase time="10.335" classname="shinytest2_landing_popup" name="e2e_when_default_landing_popup_module_is_closed_it_shows_the_underlying_teal_app"/>
    <testcase time="7.88399999999999" classname="shinytest2_landing_popup" name="e2e_app_with_customized_landing_popup_module_creates_modal_containing_specified_title_content_and_buttons"/>
    <testcase time="0.00399999999999068" classname="shinytest2_landing_popup" name="e2e_app_with_customized_landing_popup_module_creates_modal_containing_specified_title_content_and_buttons"/>
    <testcase time="0.0040000000000191" classname="shinytest2_landing_popup" name="e2e_app_with_customized_landing_popup_module_creates_modal_containing_specified_title_content_and_buttons"/>
    <testcase time="0.00399999999999068" classname="shinytest2_landing_popup" name="e2e_app_with_customized_landing_popup_module_creates_modal_containing_specified_title_content_and_buttons"/>
    <testcase time="0.0130000000000052" classname="shinytest2_landing_popup" name="e2e_app_with_customized_landing_popup_module_creates_modal_containing_specified_title_content_and_buttons"/>
    <testcase time="0.00399999999999068" classname="shinytest2_landing_popup" name="e2e_app_with_customized_landing_popup_module_creates_modal_containing_specified_title_content_and_buttons"/>
    <testcase time="0.00999999999999091" classname="shinytest2_landing_popup" name="e2e_app_with_customized_landing_popup_module_creates_modal_containing_specified_title_content_and_buttons"/>
    <testcase time="7.983" classname="shinytest2_landing_popup" name="e2e_when_customized_button_in_landing_popup_module_is_clicked_it_redirects_to_a_certain_page"/>
  </testsuite>
  <testsuite name="shinytest2-module_bookmark_manager" timestamp="2024-08-15T06:59:06Z" hostname="0df6062cf0a2" tests="4" skipped="0" failures="0" errors="0" time="33.226">
    <testcase time="7.71800000000002" classname="shinytest2_module_bookmark_manager" name="bookmark_manager_button_is_not_rendered_by_default"/>
    <testcase time="7.69399999999999" classname="shinytest2_module_bookmark_manager" name="bookmark_manager_button_is_not_rendered_when_enableBookmarking_url_"/>
    <testcase time="7.696" classname="shinytest2_module_bookmark_manager" name="bookmark_manager_button_is_rendered_when_enableBookmarking_server_"/>
    <testcase time="10.118" classname="shinytest2_module_bookmark_manager" name="bookmark_manager_button_shows_modal_with_url_containing_state_id_when_clicked"/>
  </testsuite>
  <testsuite name="shinytest2-modules" timestamp="2024-08-15T06:59:39Z" hostname="0df6062cf0a2" tests="5" skipped="0" failures="0" errors="0" time="36.329">
    <testcase time="7.90400000000002" classname="shinytest2_modules" name="e2e_the_module_server_logic_is_only_triggered_when_the_teal_module_becomes_active"/>
    <testcase time="0.949999999999989" classname="shinytest2_modules" name="e2e_the_module_server_logic_is_only_triggered_when_the_teal_module_becomes_active"/>
    <testcase time="9.84" classname="shinytest2_modules" name="e2e_filter_panel_only_shows_the_data_supplied_using_datanames"/>
    <testcase time="9.785" classname="shinytest2_modules" name="e2e_filter_panel_shows_all_the_datasets_when_datanames_is_all"/>
    <testcase time="7.84999999999999" classname="shinytest2_modules" name="e2e_all_the_nested_teal_modules_are_initiated_as_expected"/>
  </testsuite>
  <testsuite name="shinytest2-reporter" timestamp="2024-08-15T07:00:16Z" hostname="0df6062cf0a2" tests="8" skipped="0" failures="0" errors="0" time="68.554">
    <testcase time="8.22999999999999" classname="shinytest2_reporter" name="e2e_reporter_tab_is_created_when_a_module_has_reporter"/>
    <testcase time="7.738" classname="shinytest2_reporter" name="e2e_reporter_tab_is_not_created_when_a_module_has_no_reporter"/>
    <testcase time="17.566" classname="shinytest2_reporter" name="e2e_adding_a_report_card_in_a_module_adds_it_in_the_report_previewer_tab"/>
    <testcase time="0.00599999999997181" classname="shinytest2_reporter" name="e2e_adding_a_report_card_in_a_module_adds_it_in_the_report_previewer_tab"/>
    <testcase time="10.948" classname="shinytest2_reporter" name="e2e_reporter_previewer_module_do_not_show_data_summary_nor_filter_panel"/>
    <testcase time="3.29599999999999" classname="shinytest2_reporter" name="e2e_reporter_previewer_module_do_not_show_data_summary_nor_filter_panel"/>
    <testcase time="17.928" classname="shinytest2_reporter" name="e2e_reporter_does_not_show_the_secondary_column_that_shows_filter_panel"/>
    <testcase time="2.84199999999998" classname="shinytest2_reporter" name="e2e_reporter_does_not_show_the_secondary_column_that_shows_filter_panel"/>
  </testsuite>
  <testsuite name="shinytest2-show-rcode" timestamp="2024-08-15T07:01:25Z" hostname="0df6062cf0a2" tests="9" skipped="0" failures="0" errors="0" time="10.299">
    <testcase time="8" classname="shinytest2_show_rcode" name="e2e_teal_app_initializes_with_Show_R_Code_modal"/>
    <testcase time="2.28000000000003" classname="shinytest2_show_rcode" name="e2e_teal_app_initializes_with_Show_R_Code_modal"/>
    <testcase time="0.00399999999996226" classname="shinytest2_show_rcode" name="e2e_teal_app_initializes_with_Show_R_Code_modal"/>
    <testcase time="0.0010000000000332" classname="shinytest2_show_rcode" name="e2e_teal_app_initializes_with_Show_R_Code_modal"/>
    <testcase time="0.00399999999996226" classname="shinytest2_show_rcode" name="e2e_teal_app_initializes_with_Show_R_Code_modal"/>
    <testcase time="0.0040000000000191" classname="shinytest2_show_rcode" name="e2e_teal_app_initializes_with_Show_R_Code_modal"/>
    <testcase time="0.0040000000000191" classname="shinytest2_show_rcode" name="e2e_teal_app_initializes_with_Show_R_Code_modal"/>
    <testcase time="0.000999999999976353" classname="shinytest2_show_rcode" name="e2e_teal_app_initializes_with_Show_R_Code_modal"/>
    <testcase time="0.000999999999976353" classname="shinytest2_show_rcode" name="e2e_teal_app_initializes_with_Show_R_Code_modal"/>
  </testsuite>
  <testsuite name="shinytest2-teal_data_module" timestamp="2024-08-15T07:01:35Z" hostname="0df6062cf0a2" tests="9" skipped="0" failures="0" errors="0" time="52.635">
    <testcase time="10.724" classname="shinytest2_teal_data_module" name="e2e_teal_data_module_will_have_a_delayed_load_of_datasets"/>
    <testcase time="5.27799999999996" classname="shinytest2_teal_data_module" name="e2e_teal_data_module_shows_validation_errors"/>
    <testcase time="10.72" classname="shinytest2_teal_data_module" name="e2e_teal_data_module_inputs_change_teal_data_object_that_is_passed_to_teal_main_UI"/>
    <testcase time="2.30199999999996" classname="shinytest2_teal_data_module" name="e2e_teal_data_module_inputs_change_teal_data_object_that_is_passed_to_teal_main_UI"/>
    <testcase time="8.17500000000001" classname="shinytest2_teal_data_module" name="e2e_teal_data_module_gets_removed_after_successful_data_load_when_once_TRUE"/>
    <testcase time="2.67599999999999" classname="shinytest2_teal_data_module" name="e2e_teal_data_module_gets_removed_after_successful_data_load_when_once_TRUE"/>
    <testcase time="7.40400000000005" classname="shinytest2_teal_data_module" name="e2e_teal_data_module_is_still_visible_after_successful_data_load_when_once_FALSE"/>
    <testcase time="2.98699999999997" classname="shinytest2_teal_data_module" name="e2e_teal_data_module_will_make_other_tabs_inactive_before_successful_data_load"/>
    <testcase time="2.36900000000003" classname="shinytest2_teal_data_module" name="e2e_teal_data_module_will_make_other_tabs_inactive_before_successful_data_load"/>
  </testsuite>
  <testsuite name="shinytest2-teal_slices" timestamp="2024-08-15T07:02:27Z" hostname="0df6062cf0a2" tests="18" skipped="0" failures="0" errors="0" time="60.95">
    <testcase time="11.617" classname="shinytest2_teal_slices" name="e2e_teal_slices_filters_are_initialized_when_global_filters_are_created"/>
    <testcase time="2.66000000000003" classname="shinytest2_teal_slices" name="e2e_teal_slices_filters_are_initialized_when_global_filters_are_created"/>
    <testcase time="2.25200000000001" classname="shinytest2_teal_slices" name="e2e_teal_slices_filters_are_initialized_when_global_filters_are_created"/>
    <testcase time="2.24399999999997" classname="shinytest2_teal_slices" name="e2e_teal_slices_filters_are_initialized_when_global_filters_are_created"/>
    <testcase time="2.24799999999999" classname="shinytest2_teal_slices" name="e2e_teal_slices_filters_are_initialized_when_global_filters_are_created"/>
    <testcase time="2.24400000000003" classname="shinytest2_teal_slices" name="e2e_teal_slices_filters_are_initialized_when_global_filters_are_created"/>
    <testcase time="11.272" classname="shinytest2_teal_slices" name="e2e_teal_slices_filters_are_initialized_when_module_specific_filters_are_created"/>
    <testcase time="3.16000000000003" classname="shinytest2_teal_slices" name="e2e_teal_slices_filters_are_initialized_when_module_specific_filters_are_created"/>
    <testcase time="2.13599999999997" classname="shinytest2_teal_slices" name="e2e_teal_slices_filters_are_initialized_when_module_specific_filters_are_created"/>
    <testcase time="2.13600000000002" classname="shinytest2_teal_slices" name="e2e_teal_slices_filters_are_initialized_when_module_specific_filters_are_created"/>
    <testcase time="2.13799999999998" classname="shinytest2_teal_slices" name="e2e_teal_slices_filters_are_initialized_when_module_specific_filters_are_created"/>
    <testcase time="2.13999999999999" classname="shinytest2_teal_slices" name="e2e_teal_slices_filters_are_initialized_when_module_specific_filters_are_created"/>
    <testcase time="3.67400000000004" classname="shinytest2_teal_slices" name="e2e_teal_slices_filters_are_initialized_when_module_specific_filters_are_created"/>
    <testcase time="2.21199999999999" classname="shinytest2_teal_slices" name="e2e_teal_slices_filters_are_initialized_when_module_specific_filters_are_created"/>
    <testcase time="2.19999999999999" classname="shinytest2_teal_slices" name="e2e_teal_slices_filters_are_initialized_when_module_specific_filters_are_created"/>
    <testcase time="2.20800000000003" classname="shinytest2_teal_slices" name="e2e_teal_slices_filters_are_initialized_when_module_specific_filters_are_created"/>
    <testcase time="2.20400000000001" classname="shinytest2_teal_slices" name="e2e_teal_slices_filters_are_initialized_when_module_specific_filters_are_created"/>
    <testcase time="2.20499999999998" classname="shinytest2_teal_slices" name="e2e_teal_slices_filters_are_initialized_when_module_specific_filters_are_created"/>
  </testsuite>
  <testsuite name="shinytest2-utils" timestamp="2024-08-15T07:03:28Z" hostname="0df6062cf0a2" tests="4" skipped="0" failures="0" errors="0" time="10.094">
    <testcase time="8.00999999999999" classname="shinytest2_utils" name="e2e_show_hide_hamburger_works_as_expected"/>
    <testcase time="0.00200000000000955" classname="shinytest2_utils" name="e2e_show_hide_hamburger_works_as_expected"/>
    <testcase time="2.07900000000001" classname="shinytest2_utils" name="e2e_show_hide_hamburger_works_as_expected"/>
    <testcase time="0.0029999999999859" classname="shinytest2_utils" name="e2e_show_hide_hamburger_works_as_expected"/>
  </testsuite>
  <testsuite name="shinytest2-wunder_bar" timestamp="2024-08-15T07:03:38Z" hostname="0df6062cf0a2" tests="4" skipped="0" failures="0" errors="0" time="20.66">
    <testcase time="7.77199999999999" classname="shinytest2_wunder_bar" name="wunder_bar_srv_clicking_filter_icon_opens_filter_manager_modal"/>
    <testcase time="2.71099999999996" classname="shinytest2_wunder_bar" name="wunder_bar_srv_clicking_filter_icon_opens_filter_manager_modal"/>
    <testcase time="7.45400000000001" classname="shinytest2_wunder_bar" name="wunder_bar_srv_clicking_snapshot_icon_opens_snapshot_manager_modal"/>
    <testcase time="2.72300000000001" classname="shinytest2_wunder_bar" name="wunder_bar_srv_clicking_snapshot_icon_opens_snapshot_manager_modal"/>
  </testsuite>
  <testsuite name="teal_data_module-eval_code" timestamp="2024-08-15T07:03:59Z" hostname="0df6062cf0a2" tests="16" skipped="0" failures="0" errors="0" time="0.104">
    <testcase time="0.00599999999997181" classname="teal_data_module_eval_code" name="within.teal_data_module_returns_an_object_with_teal_data_module_class"/>
    <testcase time="0.0040000000000191" classname="teal_data_module_eval_code" name="eval_code.teal_data_module_ui_has_modified_namespace_for_id"/>
    <testcase time="0.0010000000000332" classname="teal_data_module_eval_code" name="eval_code.teal_data_module_ui_has_modified_namespace_for_id"/>
    <testcase time="0.000999999999976353" classname="teal_data_module_eval_code" name="eval_code.teal_data_module_ui_has_modified_namespace_for_id"/>
    <testcase time="0.01400000000001" classname="teal_data_module_eval_code" name="within.teal_data_module_modifies_the_reactive_tea_data_object"/>
    <testcase time="0.00200000000000955" classname="teal_data_module_eval_code" name="within.teal_data_module_modifies_the_reactive_tea_data_object"/>
    <testcase time="0.0139999999999532" classname="teal_data_module_eval_code" name="eval_code.teal_data_module_will_execute_several_times_until_error"/>
    <testcase time="0.00900000000001455" classname="teal_data_module_eval_code" name="eval_code.teal_data_module_will_execute_several_times_until_error"/>
    <testcase time="0.0010000000000332" classname="teal_data_module_eval_code" name="eval_code.teal_data_module_will_execute_several_times_until_error"/>
    <testcase time="0.0139999999999532" classname="teal_data_module_eval_code" name="eval_code.teal_data_module_throws_error_when_original_teal_data_module_result_is_not_reactive"/>
    <testcase time="0.0110000000000241" classname="teal_data_module_eval_code" name="eval_code.teal_data_module_propagates_qenv_error_from_the_original_first_call"/>
    <testcase time="0.00200000000000955" classname="teal_data_module_eval_code" name="eval_code.teal_data_module_propagates_qenv_error_from_the_original_first_call"/>
    <testcase time="0.00999999999999091" classname="teal_data_module_eval_code" name="eval_code.teal_data_module_handles_an_arbitrary_object_other_than_teal_data_or_qenv.error_"/>
    <testcase time="0.00200000000000955" classname="teal_data_module_eval_code" name="eval_code.teal_data_module_handles_an_arbitrary_object_other_than_teal_data_or_qenv.error_"/>
    <testcase time="0.0109999999999673" classname="teal_data_module_eval_code" name="eval_code.teal_data_module_handles_a_NULL_result"/>
    <testcase time="0.00200000000000955" classname="teal_data_module_eval_code" name="eval_code.teal_data_module_handles_a_NULL_result"/>
  </testsuite>
  <testsuite name="teal_data_module" timestamp="2024-08-15T07:03:59Z" hostname="0df6062cf0a2" tests="4" skipped="0" failures="0" errors="0" time="0.023">
    <testcase time="0.00499999999999545" classname="teal_data_module" name="teal_data_module_returns_teal_data_module"/>
    <testcase time="0.007000000000005" classname="teal_data_module" name="teal_data_module_throws_when_ui_has_other_formals_than_id_only"/>
    <testcase time="0.00600000000002865" classname="teal_data_module" name="teal_data_module_throws_when_server_has_other_formals_than_id_only"/>
    <testcase time="0.00499999999999545" classname="teal_data_module" name="teal_data_module_throws_when_server_has_other_formals_than_id_only"/>
  </testsuite>
  <testsuite name="teal_reporter" timestamp="2024-08-15T07:03:59Z" hostname="0df6062cf0a2" tests="25" skipped="0" failures="0" errors="0" time="0.127">
    <testcase time="0.00900000000001455" classname="teal_reporter" name="TealReportCard_object_can_be_initialized"/>
    <testcase time="0.00399999999996226" classname="teal_reporter" name="TealReportCard_inherits_from_ReportCard"/>
    <testcase time="0.00499999999999545" classname="teal_reporter" name="TealReportCard_new_returns_an_object_of_type_TealReportCard"/>
    <testcase time="0.00900000000001455" classname="teal_reporter" name="TealReportCard_get_content_returns_content_with_metadata"/>
    <testcase time="0.00200000000000955" classname="teal_reporter" name="TealReportCard_get_content_returns_content_with_metadata"/>
    <testcase time="0.000999999999976353" classname="teal_reporter" name="TealReportCard_get_content_returns_content_with_metadata"/>
    <testcase time="0.0010000000000332" classname="teal_reporter" name="TealReportCard_get_content_returns_content_with_metadata"/>
    <testcase time="0.000999999999976353" classname="teal_reporter" name="TealReportCard_get_content_returns_content_with_metadata"/>
    <testcase time="0.0040000000000191" classname="teal_reporter" name="TealReportCard_append_src_accepts_a_character"/>
    <testcase time="0.00399999999996226" classname="teal_reporter" name="TealReportCard_append_src_returns_self"/>
    <testcase time="0.00300000000004275" classname="teal_reporter" name="TealReportCard_append_src_returns_title_and_content"/>
    <testcase time="0.00399999999996226" classname="teal_reporter" name="TealReportCard_append_encodings_accepts_list_of_character"/>
    <testcase time="0.0040000000000191" classname="teal_reporter" name="TealReportCard_append_encodings_returns_self"/>
    <testcase time="0.0040000000000191" classname="teal_reporter" name="TealReportCard_append_encodings_returns_title_and_content"/>
    <testcase time="0.000999999999976353" classname="teal_reporter" name="TealReportCard_append_encodings_returns_title_and_content"/>
    <testcase time="0.007000000000005" classname="teal_reporter" name="TealReportCard_append_fs_accepts_only_a_teal_slices"/>
    <testcase time="0.007000000000005" classname="teal_reporter" name="TealReportCard_append_fs_accepts_only_a_teal_slices"/>
    <testcase time="0.007000000000005" classname="teal_reporter" name="TealReportCard_append_fs_returns_self"/>
    <testcase time="0.00799999999998136" classname="teal_reporter" name="TealReportCard_append_fs_returns_title_and_content"/>
    <testcase time="0.0029999999999859" classname="teal_reporter" name="TealReportCard_append_fs_returns_title_and_content"/>
    <testcase time="0.0040000000000191" classname="teal_reporter" name="TealSlicesBlock_new_accepts_teal_slices_only"/>
    <testcase time="0.00499999999999545" classname="teal_reporter" name="TealSlicesBlock_new_accepts_teal_slices_only"/>
    <testcase time="0.007000000000005" classname="teal_reporter" name="TealSlicesBlock_get_content_returns_yaml_character"/>
    <testcase time="0.0149999999999864" classname="teal_reporter" name="TealSlicesBlock_to_list_returns_list_containing_teal_slices"/>
    <testcase time="0.0080000000000382" classname="teal_reporter" name="TealSlicesBlock_from_list_retains_states_from_a_list"/>
  </testsuite>
  <testsuite name="teal_slices-store" timestamp="2024-08-15T07:03:59Z" hostname="0df6062cf0a2" tests="15" skipped="0" failures="0" errors="0" time="0.129">
    <testcase time="0.0319999999999823" classname="teal_slices_store" name="teal_slice_store_restore_supports_NULL_and_character_0_for_choices_and_selected"/>
    <testcase time="0.0029999999999859" classname="teal_slices_store" name="teal_slice_store_restore_supports_NULL_and_character_0_for_choices_and_selected"/>
    <testcase time="0.0040000000000191" classname="teal_slices_store" name="teal_slice_store_restore_supports_NULL_and_character_0_for_choices_and_selected"/>
    <testcase time="0.0120000000000005" classname="teal_slices_store" name="teal_slice_store_restore_supports_saving_POSIXct_timestamps_in_selected"/>
    <testcase time="0.0029999999999859" classname="teal_slices_store" name="teal_slice_store_restore_supports_saving_POSIXct_timestamps_in_selected"/>
    <testcase time="0.0120000000000005" classname="teal_slices_store" name="teal_slice_store_restore_supports_saving_Date_dates_in_selected"/>
    <testcase time="0.0029999999999859" classname="teal_slices_store" name="teal_slice_store_restore_supports_saving_Date_dates_in_selected"/>
    <testcase time="0.0120000000000005" classname="teal_slices_store" name="teal_slice_store_restore_supports_saving_POSIXct_timestamps_in_choices"/>
    <testcase time="0.00300000000004275" classname="teal_slices_store" name="teal_slice_store_restore_supports_saving_POSIXct_timestamps_in_choices"/>
    <testcase time="0.0120000000000005" classname="teal_slices_store" name="teal_slice_store_restore_supports_saving_Date_timestamps_in_choices"/>
    <testcase time="0.0029999999999859" classname="teal_slices_store" name="teal_slice_store_restore_supports_saving_Date_timestamps_in_choices"/>
    <testcase time="0.0129999999999768" classname="teal_slices_store" name="teal_slice_store_restore_restores_mixed_Date_characters_as_characters_in_selected"/>
    <testcase time="0.0120000000000005" classname="teal_slices_store" name="teal_slice_store_restore_restores_characters_as_characters_in_selected_and_choices"/>
    <testcase time="0.00200000000000955" classname="teal_slices_store" name="teal_slice_store_restore_restores_characters_as_characters_in_selected_and_choices"/>
    <testcase time="0.0029999999999859" classname="teal_slices_store" name="teal_slice_store_restore_restores_characters_as_characters_in_selected_and_choices"/>
  </testsuite>
  <testsuite name="teal_slices" timestamp="2024-08-15T07:03:59Z" hostname="0df6062cf0a2" tests="18" skipped="0" failures="0" errors="0" time="0.103">
    <testcase time="0.007000000000005" classname="teal_slices" name="teal_slices_produces_teal_slices_object_with_teal_specific_attributes"/>
    <testcase time="0.0010000000000332" classname="teal_slices" name="teal_slices_produces_teal_slices_object_with_teal_specific_attributes"/>
    <testcase time="0.0029999999999859" classname="teal_slices" name="teal_slices_produces_teal_slices_object_with_teal_specific_attributes"/>
    <testcase time="0.000999999999976353" classname="teal_slices" name="teal_slices_produces_teal_slices_object_with_teal_specific_attributes"/>
    <testcase time="0.00499999999999545" classname="teal_slices" name="teal_slices_fails_when_inexisting_teal_slice_id_is_specified_in_mapping"/>
    <testcase time="0.007000000000005" classname="teal_slices" name="teal_slices_fails_when_inexisting_teal_slice_id_is_specified_in_mapping"/>
    <testcase time="0.007000000000005" classname="teal_slices" name="teal_slices_processes_filter_mapping"/>
    <testcase time="0.007000000000005" classname="teal_slices" name="teal_slices_processes_filter_mapping"/>
    <testcase time="0.0129999999999768" classname="teal_slices" name="teal_slices_drops_non_global_filters_if_module_specific_FALSE"/>
    <testcase time="0.007000000000005" classname="teal_slices" name="teal_slices_drops_non_global_filters_if_module_specific_FALSE"/>
    <testcase time="0.0120000000000005" classname="teal_slices" name="deep_copy_filters_copies_teal_slice_changes_pointer_of_teal_slice_object_but_values_remain_the_same"/>
    <testcase time="0.0040000000000191" classname="teal_slices" name="deep_copy_filters_copies_teal_slice_changes_pointer_of_teal_slice_object_but_values_remain_the_same"/>
    <testcase time="0.00499999999999545" classname="teal_slices" name="teal_slices_mapping_should_be_an_empty_list_or_a_named_list_or_missing"/>
    <testcase time="0.0040000000000191" classname="teal_slices" name="teal_slices_mapping_should_be_an_empty_list_or_a_named_list_or_missing"/>
    <testcase time="0.00399999999996226" classname="teal_slices" name="teal_slices_mapping_should_be_an_empty_list_or_a_named_list_or_missing"/>
    <testcase time="0.0050000000000523" classname="teal_slices" name="teal_slices_mapping_should_be_an_empty_list_or_a_named_list_or_missing"/>
    <testcase time="0.00499999999999545" classname="teal_slices" name="teal_slices_mapping_should_be_an_empty_list_or_a_named_list_or_missing"/>
    <testcase time="0.00599999999997181" classname="teal_slices" name="teal_slices_mapping_should_be_an_empty_list_or_a_named_list_or_missing"/>
  </testsuite>
  <testsuite name="utils" timestamp="2024-08-15T07:03:59Z" hostname="0df6062cf0a2" tests="38" skipped="0" failures="1" errors="0" time="67.118">
    <testcase time="0.007000000000005" classname="utils" name="get_teal_bs_theme"/>
    <testcase time="0.0219999999999914" classname="utils" name="get_teal_bs_theme"/>
    <testcase time="0.0010000000000332" classname="utils" name="get_teal_bs_theme"/>
    <testcase time="0.000999999999976353" classname="utils" name="get_teal_bs_theme"/>
    <testcase time="0.0100000000000477" classname="utils" name="report_card_template_function_returns_TealReportCard_object_with_appropriate_content_and_labels"/>
    <testcase time="0.00199999999995271" classname="utils" name="report_card_template_function_returns_TealReportCard_object_with_appropriate_content_and_labels"/>
    <testcase time="0.0010000000000332" classname="utils" name="report_card_template_function_returns_TealReportCard_object_with_appropriate_content_and_labels"/>
    <testcase time="0.00200000000000955" classname="utils" name="report_card_template_function_returns_TealReportCard_object_with_appropriate_content_and_labels"/>
    <testcase time="0.000999999999976353" classname="utils" name="report_card_template_function_returns_TealReportCard_object_with_appropriate_content_and_labels"/>
    <testcase time="0.0010000000000332" classname="utils" name="report_card_template_function_returns_TealReportCard_object_with_appropriate_content_and_labels"/>
    <testcase time="0.00799999999998136" classname="utils" name="teal_data_to_filtered_data_return_FilteredData_class"/>
    <testcase time="0.00399999999996226" classname="utils" name="teal_data_datanames_returns_names_of_the_env_s_objects_when_datanames_not_set"/>
    <testcase time="0.0040000000000191" classname="utils" name="teal_data_datanames_returns_datanames_which_are_set_by_teal.data_datanames"/>
    <testcase time="0.00499999999999545" classname="utils" name="validate_app_title_tag_works_on_validating_the_title_tag"/>
    <testcase time="0.0040000000000191" classname="utils" name="validate_app_title_tag_works_on_validating_the_title_tag"/>
    <testcase time="0.00499999999999545" classname="utils" name="validate_app_title_tag_works_on_validating_the_title_tag"/>
    <testcase time="0.0040000000000191" classname="utils" name="validate_app_title_tag_works_on_validating_the_title_tag"/>
    <testcase time="0.00399999999996226" classname="utils" name="validate_app_title_tag_works_on_validating_the_title_tag"/>
    <testcase time="0.0040000000000191" classname="utils" name="build_app_title_builts_a_valid_tag"/>
    <testcase time="0.00200000000000955" classname="utils" name="build_app_title_builts_a_valid_tag"/>
    <testcase time="0.00399999999996226" classname="utils" name="create_app_id_data_accepts_teal_data_or_teal_data_module"/>
    <testcase time="0.00200000000000955" classname="utils" name="create_app_id_data_accepts_teal_data_or_teal_data_module"/>
    <testcase time="0.0040000000000191" classname="utils" name="create_app_id_data_accepts_teal_data_or_teal_data_module"/>
    <testcase time="0.00499999999999545" classname="utils" name="create_app_id_modules_accepts_modules"/>
    <testcase time="0.00499999999999545" classname="utils" name="create_app_id_modules_accepts_modules"/>
    <testcase time="0.0040000000000191" classname="utils" name="create_app_id_returns_a_character_string"/>
    <testcase time="0.0109999999999673" classname="utils" name="create_app_id_returns_different_hash_for_different_data"/>
    <testcase time="0.0100000000000477" classname="utils" name="create_app_id_returns_different_hash_for_different_modules"/>
    <testcase time="0.0029999999999859" classname="utils" name="defunction_returns_a_string_when_passed_a_function"/>
    <testcase time="0.00399999999996226" classname="utils" name="defunction_returns_non_function_atomic_as_is"/>
    <testcase time="0.0010000000000332" classname="utils" name="defunction_returns_non_function_atomic_as_is"/>
    <testcase time="0.000999999999976353" classname="utils" name="defunction_returns_non_function_atomic_as_is"/>
    <testcase time="0.0010000000000332" classname="utils" name="defunction_returns_non_function_atomic_as_is"/>
    <testcase time="0.00399999999996226" classname="utils" name="defunction_recursively_goes_down_a_list"/>
    <testcase time="66.8480000000001" classname="utils" name="create_renv_lockfile_creates_a_lock_file_during_the_execution"/>
    <testcase time="0.0869999999999891" classname="utils" name="create_renv_lockfile_creates_a_lock_file_during_the_execution">
      <failure type="failure" message="file.exists(renv_file_name) is not TRUE ('test-utils.R:207:3')">file.exists(renv_file_name) is not TRUE

`actual`:   FALSE
`expected`: TRUE </failure>
    </testcase>
    <testcase time="0.01299999999992" classname="utils" name="create_renv_lockfile_creates_a_lock_file_during_the_execution"/>
    <testcase time="0.0190000000000055" classname="utils" name="check_modules_datanames_message_is_the_same_in_html_tags_and_in_string"/>
  </testsuite>
  <testsuite name="validate_has_data" timestamp="2024-08-15T07:05:06Z" hostname="0df6062cf0a2" tests="17" skipped="0" failures="0" errors="0" time="0.083">
    <testcase time="0.00600000000008549" classname="validate_has_data" name="validate_has_data_throws_no_error_when_data_has_at_least_as_many_rows_as_min_nrow"/>
    <testcase time="0.00199999999995271" classname="validate_has_data" name="validate_has_data_throws_no_error_when_data_has_at_least_as_many_rows_as_min_nrow"/>
    <testcase time="0.00599999999997181" classname="validate_has_data" name="validate_has_data_throws_error_when_min_nrow_rows_of_data"/>
    <testcase time="0.0040000000000191" classname="validate_has_data" name="validate_has_data_accepts_logical_complete_argument"/>
    <testcase time="0.000999999999976353" classname="validate_has_data" name="validate_has_data_accepts_logical_complete_argument"/>
    <testcase time="0.00700000000006185" classname="validate_has_data" name="validate_has_data_throws_error_when_data_has_NA_and_complete_is_set_to_TRUE"/>
    <testcase time="0.00299999999992906" classname="validate_has_data" name="validate_has_data_accepts_logical_allow_inf_argument"/>
    <testcase time="0.00499999999999545" classname="validate_has_data" name="validate_has_data_accepts_logical_allow_inf_argument"/>
    <testcase time="0.00600000000008549" classname="validate_has_data" name="validate_has_data_accepts_throws_error_when_data_has_Inf_values_and_allow_inf_is_set_to_FALSE"/>
    <testcase time="0.00699999999994816" classname="validate_has_data" name="validate_has_data_accepts_throws_error_when_data_has_Inf_values_and_allow_inf_is_set_to_FALSE"/>
    <testcase time="0.0040000000000191" classname="validate_has_data" name="validate_has_data_accepts_throws_error_when_data_has_Inf_values_and_allow_inf_is_set_to_FALSE"/>
    <testcase time="0.0040000000000191" classname="validate_has_data" name="validate_has_data_allow_inf_argument_ignores_non_numeric_columns"/>
    <testcase time="0.0040000000000191" classname="validate_has_data" name="validate_has_data_allow_inf_argument_ignores_non_numeric_columns"/>
    <testcase time="0.00699999999994816" classname="validate_has_data" name="validate_has_data_returns_message_when_msg_argument_is_set"/>
    <testcase time="0.00599999999997181" classname="validate_has_data" name="validate_has_data_returns_message_msg_argument_is_set_and_complete_is_set_to_TRUE"/>
    <testcase time="0.00700000000006185" classname="validate_has_data" name="validate_has_data_returns_throws_error_with_non_character_msg_input"/>
    <testcase time="0.0040000000000191" classname="validate_has_data" name="validate_has_data_returns_throws_error_with_non_character_msg_input"/>
  </testsuite>
  <testsuite name="validate_inputs" timestamp="2024-08-15T07:05:06Z" hostname="0df6062cf0a2" tests="36" skipped="0" failures="0" errors="0" time="0.527">
    <testcase time="0.00999999999999091" classname="validate_inputs" name="invalid_arguments_raise_errors"/>
    <testcase time="0.00399999999990541" classname="validate_inputs" name="invalid_arguments_raise_errors"/>
    <testcase time="0.0200000000000955" classname="validate_inputs" name="disabled_validators_raise_warnings_individual_validators_"/>
    <testcase time="0.01400000000001" classname="validate_inputs" name="disabled_validators_raise_warnings_validator_list_"/>
    <testcase time="0.0149999999999864" classname="validate_inputs" name="disabled_validators_raise_warnings_nested_validator_list_"/>
    <testcase time="0.142999999999915" classname="validate_inputs" name="valid_inputs_produce_desired_output_individual_validators_"/>
    <testcase time="0.0220000000000482" classname="validate_inputs" name="valid_inputs_produce_desired_output_validator_list_"/>
    <testcase time="0.0170000000000528" classname="validate_inputs" name="valid_inputs_produce_desired_output_nested_validator_list_"/>
    <testcase time="0.0209999999999582" classname="validate_inputs" name="invalid_inputs_raise_errors_in_output_individual_validators_"/>
    <testcase time="0.0190000000000055" classname="validate_inputs" name="invalid_inputs_raise_errors_in_output_individual_validators_"/>
    <testcase time="0.0199999999999818" classname="validate_inputs" name="invalid_inputs_raise_errors_in_output_individual_validators_"/>
    <testcase time="0.0209999999999582" classname="validate_inputs" name="invalid_inputs_raise_errors_in_output_validator_list_"/>
    <testcase time="0.0190000000000055" classname="validate_inputs" name="invalid_inputs_raise_errors_in_output_validator_list_"/>
    <testcase time="0.0190000000000055" classname="validate_inputs" name="invalid_inputs_raise_errors_in_output_validator_list_"/>
    <testcase time="0.0210000000000719" classname="validate_inputs" name="invalid_inputs_raise_errors_in_output_nested_validator_list_"/>
    <testcase time="0.0190000000000055" classname="validate_inputs" name="invalid_inputs_raise_errors_in_output_nested_validator_list_"/>
    <testcase time="0.0199999999999818" classname="validate_inputs" name="invalid_inputs_raise_errors_in_output_nested_validator_list_"/>
    <testcase time="0.0259999999999536" classname="validate_inputs" name="error_message_is_formatted_properly"/>
    <testcase time="0.00599999999997181" classname="validate_inputs" name="error_message_is_formatted_properly"/>
    <testcase time="0.00600000000008549" classname="validate_inputs" name="error_message_is_formatted_properly"/>
    <testcase time="0.00599999999997181" classname="validate_inputs" name="error_message_is_formatted_properly"/>
    <testcase time="0.00599999999997181" classname="validate_inputs" name="error_message_is_formatted_properly"/>
    <testcase time="0.00200000000006639" classname="validate_inputs" name="error_message_is_formatted_properly"/>
    <testcase time="0.00199999999995271" classname="validate_inputs" name="error_message_is_formatted_properly"/>
    <testcase time="0.00199999999995271" classname="validate_inputs" name="error_message_is_formatted_properly"/>
    <testcase time="0.00200000000006639" classname="validate_inputs" name="error_message_is_formatted_properly"/>
    <testcase time="0.00199999999995271" classname="validate_inputs" name="error_message_is_formatted_properly"/>
    <testcase time="0.00200000000006639" classname="validate_inputs" name="error_message_is_formatted_properly"/>
    <testcase time="0.00199999999995271" classname="validate_inputs" name="error_message_is_formatted_properly"/>
    <testcase time="0.00200000000006639" classname="validate_inputs" name="error_message_is_formatted_properly"/>
    <testcase time="0.00199999999995271" classname="validate_inputs" name="error_message_is_formatted_properly"/>
    <testcase time="0.00199999999995271" classname="validate_inputs" name="error_message_is_formatted_properly"/>
    <testcase time="0.00300000000004275" classname="validate_inputs" name="error_message_is_formatted_properly"/>
    <testcase time="0.0230000000000246" classname="validate_inputs" name="different_validation_modes_produce_proper_messages"/>
    <testcase time="0.00299999999992906" classname="validate_inputs" name="different_validation_modes_produce_proper_messages"/>
    <testcase time="0.0040000000000191" classname="validate_inputs" name="different_validation_modes_produce_proper_messages"/>
  </testsuite>
</testsuites>
