<?xml version="1.0" encoding="UTF-8"?>
<testsuites>
  <testsuite name="init" timestamp="2025-07-16T12:06:44Z" hostname="587956c918f0" tests="14" skipped="0" failures="0" errors="0" time="0.623">
    <testcase time="0.0670000000000001" classname="init" name="init_data_accepts_teal_data_object"/>
    <testcase time="0.074" classname="init" name="init_data_accepts_teal_data_module"/>
    <testcase time="0.111" classname="init" name="init_modules_accepts_a_teal_modules_object"/>
    <testcase time="0.031" classname="init" name="init_modules_accepts_a_list_of_teal_module_elements"/>
    <testcase time="0.034" classname="init" name="init_modules_accepts_a_teal_module_object"/>
    <testcase time="0.0599999999999999" classname="init" name="init_filter_accepts_teal_slices_"/>
    <testcase time="0.014" classname="init" name="init_filter_accepts_teal_slices_"/>
    <testcase time="0.036" classname="init" name="init_throws_when_an_empty_data_is_used"/>
    <testcase time="0.034" classname="init" name="init_throws_warning_when_datanames_in_modules_incompatible_w_datanames_in_data_and_there_is_no_transformators"/>
    <testcase time="0.032" classname="init" name="init_throws_warning_when_datanames_in_modules_incompatible_w_datanames_in_data_and_there_is_no_transformators"/>
    <testcase time="0.032" classname="init" name="init_doesn_t_throw_warning_when_datanames_in_modules_incompatible_w_datanames_in_data_and_there_are_transformators"/>
    <testcase time="0.0299999999999998" classname="init" name="_all_"/>
    <testcase time="0.0350000000000001" classname="init" name="_.raw_data_and_all_"/>
    <testcase time="0.0329999999999999" classname="init" name="init_throws_when_dataname_in_filter_incompatible_w_datanames_in_data"/>
  </testsuite>
  <testsuite name="module_session_info" timestamp="2025-07-16T12:06:45Z" hostname="587956c918f0" tests="3" skipped="0" failures="0" errors="0" time="16.988">
    <testcase time="16.966" classname="module_session_info" name="creation_process_is_invoked_for_teal.lockfile.mode_enabled_and_snapshot_is_copied_to_teal_app.lock_and_removed_after_session_ended"/>
    <testcase time="0.00600000000000023" classname="module_session_info" name="creation_process_is_invoked_for_teal.lockfile.mode_enabled_and_snapshot_is_copied_to_teal_app.lock_and_removed_after_session_ended"/>
    <testcase time="0.0159999999999982" classname="module_session_info" name="creation_process_is_not_invoked_for_teal.lockfile.mode_disabled_"/>
  </testsuite>
  <testsuite name="module_teal" timestamp="2025-07-16T12:07:02Z" hostname="587956c918f0" tests="92" skipped="3" failures="5" errors="83" time="10.84">
    <testcase time="0.0970000000000013" classname="module_teal" name="accepts_data_to_be_teal_data">
      <failure type="failure" message="Expected `shiny::testServer(...)` to run without any errors. ('test-module_teal.R:70:5')">Expected `shiny::testServer(...)` to run without any errors.
ℹ Actually got a &lt;simpleError&gt; with text:
  'preview_report_button_ui' is not an exported object from 'namespace:teal.reporter'</failure>
    </testcase>
    <testcase time="0.0489999999999995" classname="module_teal" name="accepts_data_to_be_teal_data_module_returning_reactive_teal_data">
      <failure type="failure" message="Expected `shiny::testServer(...)` to run without any errors. ('test-module_teal.R:84:5')">Expected `shiny::testServer(...)` to run without any errors.
ℹ Actually got a &lt;simpleError&gt; with text:
  'preview_report_button_ui' is not an exported object from 'namespace:teal.reporter'</failure>
    </testcase>
    <testcase time="0.0869999999999997" classname="module_teal" name="accepts_data_to_a_reactive_or_reactiveVal_teal_data">
      <failure type="failure" message="Expected `shiny::testServer(...)` to run without any errors. ('test-module_teal.R:98:5')">Expected `shiny::testServer(...)` to run without any errors.
ℹ Actually got a &lt;simpleError&gt; with text:
  'preview_report_button_ui' is not an exported object from 'namespace:teal.reporter'</failure>
    </testcase>
    <testcase time="0.0340000000000025" classname="module_teal" name="accepts_data_to_a_reactive_or_reactiveVal_teal_data">
      <failure type="failure" message="Expected `shiny::testServer(...)` to run without any errors. ('test-module_teal.R:111:5')">Expected `shiny::testServer(...)` to run without any errors.
ℹ Actually got a &lt;simpleError&gt; with text:
  'preview_report_button_ui' is not an exported object from 'namespace:teal.reporter'</failure>
    </testcase>
    <testcase time="0.0730000000000004" classname="module_teal" name="fails_when_data_is_not_teal_data_or_teal_data_module"/>
    <testcase time="0.0209999999999972" classname="module_teal" name="app_fails_when_teal_data_module_doesn_t_return_a_reactive">
      <failure type="failure" message="`shiny::testServer(...)` threw an error with unexpected message. ('test-module_teal.R:140:5')">`shiny::testServer(...)` threw an error with unexpected message.
Expected match: "Must be a reactive"
Actual message: "'preview_report_button_ui' is not an exported object from 'namespace:teal.reporter'"
Backtrace:
     ▆
  1. ├─testthat::expect_error(...) at test-module_teal.R:140:5
  2. │ └─testthat:::quasi_capture(...)
  3. │   ├─testthat (local) .capture(...)
  4. │   │ └─base::withCallingHandlers(...)
  5. │   └─rlang::eval_bare(quo_get_expr(.quo), quo_get_env(.quo))
  6. ├─shiny::testServer(...)
  7. │ ├─shiny:::withMockContext(session, rlang::exec(app, !!!args))
  8. │ │ ├─shiny::isolate(...)
  9. │ │ │ ├─shiny::..stacktraceoff..(...)
 10. │ │ │ └─ctx$run(...)
 11. │ │ │   ├─promises::with_promise_domain(...)
 12. │ │ │   │ └─domain$wrapSync(expr)
 13. │ │ │   ├─shiny::withReactiveDomain(...)
 14. │ │ │   │ └─promises::with_promise_domain(...)
 15. │ │ │   │   └─domain$wrapSync(expr)
 16. │ │ │   │     └─base::force(expr)
 17. │ │ │   ├─shiny::captureStackTraces(...)
 18. │ │ │   │ └─promises::with_promise_domain(...)
 19. │ │ │   │   └─domain$wrapSync(expr)
 20. │ │ │   │     └─base::withCallingHandlers(expr, error = doCaptureStack)
 21. │ │ │   └─env$runWith(self, func)
 22. │ │ │     └─shiny (local) contextFunc()
 23. │ │ │       └─shiny::..stacktraceon..(expr)
 24. │ │ ├─shiny::withReactiveDomain(...)
 25. │ │ │ └─promises::with_promise_domain(...)
 26. │ │ │   └─domain$wrapSync(expr)
 27. │ │ │     └─base::force(expr)
 28. │ │ └─withr::with_options(...)
 29. │ │   └─base::force(code)
 30. │ ├─rlang::exec(app, !!!args)
 31. │ └─teal (local) `&lt;fn&gt;`(id = "test", data = `&lt;tl_dt_md&gt;`, modules = `&lt;tel_mdls&gt;`)
 32. │   └─shiny::moduleServer(...)
 33. │     ├─session$setReturned(callModule(module, id, session = session))
 34. │     └─shiny::callModule(module, id, session = session)
 35. │       ├─shiny::withReactiveDomain(...)
 36. │       │ └─promises::with_promise_domain(...)
 37. │       │   └─domain$wrapSync(expr)
 38. │       │     └─base::force(expr)
 39. │       └─teal::module(...)
 40. │         ├─shiny::insertUI(...)
 41. │         │ └─base::force(ui)
 42. │         ├─htmltools::tagList(...)
 43. │         │ └─rlang::dots_list(...)
 44. │         ├─tags$span(...)
 45. │         │ └─rlang::dots_list(...)
 46. │         └─tags$div(...)
 47. │           └─rlang::dots_list(...)
 48. └─base::.handleSimpleError(...)
 49.   └─shiny (local) h(simpleError(msg, call))</failure>
    </testcase>
    <testcase time="0.184000000000001" classname="module_teal" name="are_not_called_by_default">
      <error type="error" message="Error: 'preview_report_button_ui' is not an exported object from 'namespace:teal.reporter' ('test-module_teal.R:159:5')">Error: 'preview_report_button_ui' is not an exported object from 'namespace:teal.reporter'
Backtrace:
     ▆
  1. ├─shiny::testServer(...) at test-module_teal.R:159:5
  2. │ ├─shiny:::withMockContext(session, rlang::exec(app, !!!args))
  3. │ │ ├─shiny::isolate(...)
  4. │ │ │ ├─shiny::..stacktraceoff..(...)
  5. │ │ │ └─ctx$run(...)
  6. │ │ │   ├─promises::with_promise_domain(...)
  7. │ │ │   │ └─domain$wrapSync(expr)
  8. │ │ │   ├─shiny::withReactiveDomain(...)
  9. │ │ │   │ └─promises::with_promise_domain(...)
 10. │ │ │   │   └─domain$wrapSync(expr)
 11. │ │ │   │     └─base::force(expr)
 12. │ │ │   ├─shiny::captureStackTraces(...)
 13. │ │ │   │ └─promises::with_promise_domain(...)
 14. │ │ │   │   └─domain$wrapSync(expr)
 15. │ │ │   │     └─base::withCallingHandlers(expr, error = doCaptureStack)
 16. │ │ │   └─env$runWith(self, func)
 17. │ │ │     └─shiny (local) contextFunc()
 18. │ │ │       └─shiny::..stacktraceon..(expr)
 19. │ │ ├─shiny::withReactiveDomain(...)
 20. │ │ │ └─promises::with_promise_domain(...)
 21. │ │ │   └─domain$wrapSync(expr)
 22. │ │ │     └─base::force(expr)
 23. │ │ └─withr::with_options(...)
 24. │ │   └─base::force(code)
 25. │ ├─rlang::exec(app, !!!args)
 26. │ └─teal (local) `&lt;fn&gt;`(id = "test", data = `&lt;rctvExpr&gt;`, modules = `&lt;tel_mdls&gt;`)
 27. │   └─shiny::moduleServer(...)
 28. │     ├─session$setReturned(callModule(module, id, session = session))
 29. │     └─shiny::callModule(module, id, session = session)
 30. │       ├─shiny::withReactiveDomain(...)
 31. │       │ └─promises::with_promise_domain(...)
 32. │       │   └─domain$wrapSync(expr)
 33. │       │     └─base::force(expr)
 34. │       └─teal::module(...)
 35. │         ├─shiny::insertUI(...)
 36. │         │ └─base::force(ui)
 37. │         ├─htmltools::tagList(...)
 38. │         │ └─rlang::dots_list(...)
 39. │         ├─tags$span(...)
 40. │         │ └─rlang::dots_list(...)
 41. │         └─tags$div(...)
 42. │           └─rlang::dots_list(...)
 43. └─base::.handleSimpleError(...)
 44.   └─shiny (local) h(simpleError(msg, call))</error>
    </testcase>
    <testcase time="0.0599999999999987" classname="module_teal" name="are_called_once_their_tab_is_selected_and_data_is_teal_data_">
      <error type="error" message="Error: 'preview_report_button_ui' is not an exported object from 'namespace:teal.reporter' ('test-module_teal.R:177:5')">Error: 'preview_report_button_ui' is not an exported object from 'namespace:teal.reporter'
Backtrace:
     ▆
  1. ├─shiny::testServer(...) at test-module_teal.R:177:5
  2. │ ├─shiny:::withMockContext(session, rlang::exec(app, !!!args))
  3. │ │ ├─shiny::isolate(...)
  4. │ │ │ ├─shiny::..stacktraceoff..(...)
  5. │ │ │ └─ctx$run(...)
  6. │ │ │   ├─promises::with_promise_domain(...)
  7. │ │ │   │ └─domain$wrapSync(expr)
  8. │ │ │   ├─shiny::withReactiveDomain(...)
  9. │ │ │   │ └─promises::with_promise_domain(...)
 10. │ │ │   │   └─domain$wrapSync(expr)
 11. │ │ │   │     └─base::force(expr)
 12. │ │ │   ├─shiny::captureStackTraces(...)
 13. │ │ │   │ └─promises::with_promise_domain(...)
 14. │ │ │   │   └─domain$wrapSync(expr)
 15. │ │ │   │     └─base::withCallingHandlers(expr, error = doCaptureStack)
 16. │ │ │   └─env$runWith(self, func)
 17. │ │ │     └─shiny (local) contextFunc()
 18. │ │ │       └─shiny::..stacktraceon..(expr)
 19. │ │ ├─shiny::withReactiveDomain(...)
 20. │ │ │ └─promises::with_promise_domain(...)
 21. │ │ │   └─domain$wrapSync(expr)
 22. │ │ │     └─base::force(expr)
 23. │ │ └─withr::with_options(...)
 24. │ │   └─base::force(code)
 25. │ ├─rlang::exec(app, !!!args)
 26. │ └─teal (local) `&lt;fn&gt;`(id = "test", data = `&lt;teal_dat&gt;`, modules = `&lt;tel_mdls&gt;`)
 27. │   └─shiny::moduleServer(...)
 28. │     ├─session$setReturned(callModule(module, id, session = session))
 29. │     └─shiny::callModule(module, id, session = session)
 30. │       ├─shiny::withReactiveDomain(...)
 31. │       │ └─promises::with_promise_domain(...)
 32. │       │   └─domain$wrapSync(expr)
 33. │       │     └─base::force(expr)
 34. │       └─teal::module(...)
 35. │         ├─shiny::insertUI(...)
 36. │         │ └─base::force(ui)
 37. │         ├─htmltools::tagList(...)
 38. │         │ └─rlang::dots_list(...)
 39. │         ├─tags$span(...)
 40. │         │ └─rlang::dots_list(...)
 41. │         └─tags$div(...)
 42. │           └─rlang::dots_list(...)
 43. └─base::.handleSimpleError(...)
 44.   └─shiny (local) h(simpleError(msg, call))</error>
    </testcase>
    <testcase time="0.0630000000000024" classname="module_teal" name="are_called_once_their_tab_is_selected_and_data_returns_reactive_teal_data_">
      <error type="error" message="Error: 'preview_report_button_ui' is not an exported object from 'namespace:teal.reporter' ('test-module_teal.R:199:5')">Error: 'preview_report_button_ui' is not an exported object from 'namespace:teal.reporter'
Backtrace:
     ▆
  1. ├─shiny::testServer(...) at test-module_teal.R:199:5
  2. │ ├─shiny:::withMockContext(session, rlang::exec(app, !!!args))
  3. │ │ ├─shiny::isolate(...)
  4. │ │ │ ├─shiny::..stacktraceoff..(...)
  5. │ │ │ └─ctx$run(...)
  6. │ │ │   ├─promises::with_promise_domain(...)
  7. │ │ │   │ └─domain$wrapSync(expr)
  8. │ │ │   ├─shiny::withReactiveDomain(...)
  9. │ │ │   │ └─promises::with_promise_domain(...)
 10. │ │ │   │   └─domain$wrapSync(expr)
 11. │ │ │   │     └─base::force(expr)
 12. │ │ │   ├─shiny::captureStackTraces(...)
 13. │ │ │   │ └─promises::with_promise_domain(...)
 14. │ │ │   │   └─domain$wrapSync(expr)
 15. │ │ │   │     └─base::withCallingHandlers(expr, error = doCaptureStack)
 16. │ │ │   └─env$runWith(self, func)
 17. │ │ │     └─shiny (local) contextFunc()
 18. │ │ │       └─shiny::..stacktraceon..(expr)
 19. │ │ ├─shiny::withReactiveDomain(...)
 20. │ │ │ └─promises::with_promise_domain(...)
 21. │ │ │   └─domain$wrapSync(expr)
 22. │ │ │     └─base::force(expr)
 23. │ │ └─withr::with_options(...)
 24. │ │   └─base::force(code)
 25. │ ├─rlang::exec(app, !!!args)
 26. │ └─teal (local) `&lt;fn&gt;`(id = "test", data = `&lt;rctvExpr&gt;`, modules = `&lt;tel_mdls&gt;`)
 27. │   └─shiny::moduleServer(...)
 28. │     ├─session$setReturned(callModule(module, id, session = session))
 29. │     └─shiny::callModule(module, id, session = session)
 30. │       ├─shiny::withReactiveDomain(...)
 31. │       │ └─promises::with_promise_domain(...)
 32. │       │   └─domain$wrapSync(expr)
 33. │       │     └─base::force(expr)
 34. │       └─teal::module(...)
 35. │         ├─shiny::insertUI(...)
 36. │         │ └─base::force(ui)
 37. │         ├─htmltools::tagList(...)
 38. │         │ └─rlang::dots_list(...)
 39. │         ├─tags$span(...)
 40. │         │ └─rlang::dots_list(...)
 41. │         └─tags$div(...)
 42. │           └─rlang::dots_list(...)
 43. └─base::.handleSimpleError(...)
 44.   └─shiny (local) h(simpleError(msg, call))</error>
    </testcase>
    <testcase time="0.0649999999999977" classname="module_teal" name="are_called_once_their_tab_is_selected_and_teal_data_module_returns_reactive_teal_data_">
      <error type="error" message="Error: 'preview_report_button_ui' is not an exported object from 'namespace:teal.reporter' ('test-module_teal.R:222:5')">Error: 'preview_report_button_ui' is not an exported object from 'namespace:teal.reporter'
Backtrace:
     ▆
  1. ├─shiny::testServer(...) at test-module_teal.R:222:5
  2. │ ├─shiny:::withMockContext(session, rlang::exec(app, !!!args))
  3. │ │ ├─shiny::isolate(...)
  4. │ │ │ ├─shiny::..stacktraceoff..(...)
  5. │ │ │ └─ctx$run(...)
  6. │ │ │   ├─promises::with_promise_domain(...)
  7. │ │ │   │ └─domain$wrapSync(expr)
  8. │ │ │   ├─shiny::withReactiveDomain(...)
  9. │ │ │   │ └─promises::with_promise_domain(...)
 10. │ │ │   │   └─domain$wrapSync(expr)
 11. │ │ │   │     └─base::force(expr)
 12. │ │ │   ├─shiny::captureStackTraces(...)
 13. │ │ │   │ └─promises::with_promise_domain(...)
 14. │ │ │   │   └─domain$wrapSync(expr)
 15. │ │ │   │     └─base::withCallingHandlers(expr, error = doCaptureStack)
 16. │ │ │   └─env$runWith(self, func)
 17. │ │ │     └─shiny (local) contextFunc()
 18. │ │ │       └─shiny::..stacktraceon..(expr)
 19. │ │ ├─shiny::withReactiveDomain(...)
 20. │ │ │ └─promises::with_promise_domain(...)
 21. │ │ │   └─domain$wrapSync(expr)
 22. │ │ │     └─base::force(expr)
 23. │ │ └─withr::with_options(...)
 24. │ │   └─base::force(code)
 25. │ ├─rlang::exec(app, !!!args)
 26. │ └─teal (local) `&lt;fn&gt;`(id = "test", data = `&lt;tl_dt_md&gt;`, modules = `&lt;tel_mdls&gt;`)
 27. │   └─shiny::moduleServer(...)
 28. │     ├─session$setReturned(callModule(module, id, session = session))
 29. │     └─shiny::callModule(module, id, session = session)
 30. │       ├─shiny::withReactiveDomain(...)
 31. │       │ └─promises::with_promise_domain(...)
 32. │       │   └─domain$wrapSync(expr)
 33. │       │     └─base::force(expr)
 34. │       └─teal::module(...)
 35. │         ├─shiny::insertUI(...)
 36. │         │ └─base::force(ui)
 37. │         ├─htmltools::tagList(...)
 38. │         │ └─rlang::dots_list(...)
 39. │         ├─tags$span(...)
 40. │         │ └─rlang::dots_list(...)
 41. │         └─tags$div(...)
 42. │           └─rlang::dots_list(...)
 43. └─base::.handleSimpleError(...)
 44.   └─shiny (local) h(simpleError(msg, call))</error>
    </testcase>
    <testcase time="0.0549999999999997" classname="module_teal" name="are_called_only_after_teal_data_module_is_resolved">
      <error type="error" message="Error: 'preview_report_button_ui' is not an exported object from 'namespace:teal.reporter' ('test-module_teal.R:252:5')">Error: 'preview_report_button_ui' is not an exported object from 'namespace:teal.reporter'
Backtrace:
     ▆
  1. ├─shiny::testServer(...) at test-module_teal.R:252:5
  2. │ ├─shiny:::withMockContext(session, rlang::exec(app, !!!args))
  3. │ │ ├─shiny::isolate(...)
  4. │ │ │ ├─shiny::..stacktraceoff..(...)
  5. │ │ │ └─ctx$run(...)
  6. │ │ │   ├─promises::with_promise_domain(...)
  7. │ │ │   │ └─domain$wrapSync(expr)
  8. │ │ │   ├─shiny::withReactiveDomain(...)
  9. │ │ │   │ └─promises::with_promise_domain(...)
 10. │ │ │   │   └─domain$wrapSync(expr)
 11. │ │ │   │     └─base::force(expr)
 12. │ │ │   ├─shiny::captureStackTraces(...)
 13. │ │ │   │ └─promises::with_promise_domain(...)
 14. │ │ │   │   └─domain$wrapSync(expr)
 15. │ │ │   │     └─base::withCallingHandlers(expr, error = doCaptureStack)
 16. │ │ │   └─env$runWith(self, func)
 17. │ │ │     └─shiny (local) contextFunc()
 18. │ │ │       └─shiny::..stacktraceon..(expr)
 19. │ │ ├─shiny::withReactiveDomain(...)
 20. │ │ │ └─promises::with_promise_domain(...)
 21. │ │ │   └─domain$wrapSync(expr)
 22. │ │ │     └─base::force(expr)
 23. │ │ └─withr::with_options(...)
 24. │ │   └─base::force(code)
 25. │ ├─rlang::exec(app, !!!args)
 26. │ └─teal (local) `&lt;fn&gt;`(id = "test", data = `&lt;tl_dt_md&gt;`, modules = `&lt;tel_mdls&gt;`)
 27. │   └─shiny::moduleServer(...)
 28. │     ├─session$setReturned(callModule(module, id, session = session))
 29. │     └─shiny::callModule(module, id, session = session)
 30. │       ├─shiny::withReactiveDomain(...)
 31. │       │ └─promises::with_promise_domain(...)
 32. │       │   └─domain$wrapSync(expr)
 33. │       │     └─base::force(expr)
 34. │       └─teal::module(...)
 35. │         ├─shiny::insertUI(...)
 36. │         │ └─base::force(ui)
 37. │         ├─htmltools::tagList(...)
 38. │         │ └─rlang::dots_list(...)
 39. │         ├─tags$span(...)
 40. │         │ └─rlang::dots_list(...)
 41. │         └─tags$div(...)
 42. │           └─rlang::dots_list(...)
 43. └─base::.handleSimpleError(...)
 44.   └─shiny (local) h(simpleError(msg, call))</error>
    </testcase>
    <testcase time="0.0570000000000022" classname="module_teal" name="are_called_with_data_argument_being_teal_data_">
      <error type="error" message="Error: 'preview_report_button_ui' is not an exported object from 'namespace:teal.reporter' ('test-module_teal.R:282:5')">Error: 'preview_report_button_ui' is not an exported object from 'namespace:teal.reporter'
Backtrace:
     ▆
  1. ├─shiny::testServer(...) at test-module_teal.R:282:5
  2. │ ├─shiny:::withMockContext(session, rlang::exec(app, !!!args))
  3. │ │ ├─shiny::isolate(...)
  4. │ │ │ ├─shiny::..stacktraceoff..(...)
  5. │ │ │ └─ctx$run(...)
  6. │ │ │   ├─promises::with_promise_domain(...)
  7. │ │ │   │ └─domain$wrapSync(expr)
  8. │ │ │   ├─shiny::withReactiveDomain(...)
  9. │ │ │   │ └─promises::with_promise_domain(...)
 10. │ │ │   │   └─domain$wrapSync(expr)
 11. │ │ │   │     └─base::force(expr)
 12. │ │ │   ├─shiny::captureStackTraces(...)
 13. │ │ │   │ └─promises::with_promise_domain(...)
 14. │ │ │   │   └─domain$wrapSync(expr)
 15. │ │ │   │     └─base::withCallingHandlers(expr, error = doCaptureStack)
 16. │ │ │   └─env$runWith(self, func)
 17. │ │ │     └─shiny (local) contextFunc()
 18. │ │ │       └─shiny::..stacktraceon..(expr)
 19. │ │ ├─shiny::withReactiveDomain(...)
 20. │ │ │ └─promises::with_promise_domain(...)
 21. │ │ │   └─domain$wrapSync(expr)
 22. │ │ │     └─base::force(expr)
 23. │ │ └─withr::with_options(...)
 24. │ │   └─base::force(code)
 25. │ ├─rlang::exec(app, !!!args)
 26. │ └─teal (local) `&lt;fn&gt;`(id = "test", data = `&lt;teal_dat&gt;`, modules = `&lt;tel_mdls&gt;`)
 27. │   └─shiny::moduleServer(...)
 28. │     ├─session$setReturned(callModule(module, id, session = session))
 29. │     └─shiny::callModule(module, id, session = session)
 30. │       ├─shiny::withReactiveDomain(...)
 31. │       │ └─promises::with_promise_domain(...)
 32. │       │   └─domain$wrapSync(expr)
 33. │       │     └─base::force(expr)
 34. │       └─teal::module(...)
 35. │         ├─shiny::insertUI(...)
 36. │         │ └─base::force(ui)
 37. │         ├─htmltools::tagList(...)
 38. │         │ └─rlang::dots_list(...)
 39. │         ├─tags$span(...)
 40. │         │ └─rlang::dots_list(...)
 41. │         └─tags$div(...)
 42. │           └─rlang::dots_list(...)
 43. └─base::.handleSimpleError(...)
 44.   └─shiny (local) h(simpleError(msg, call))</error>
    </testcase>
    <testcase time="0.0629999999999988" classname="module_teal" name="are_not_called_when_the_teal_data_module_doesn_t_return_teal_data">
      <error type="error" message="Error: 'preview_report_button_ui' is not an exported object from 'namespace:teal.reporter' ('test-module_teal.R:299:5')">Error: 'preview_report_button_ui' is not an exported object from 'namespace:teal.reporter'
Backtrace:
     ▆
  1. ├─shiny::testServer(...) at test-module_teal.R:299:5
  2. │ ├─shiny:::withMockContext(session, rlang::exec(app, !!!args))
  3. │ │ ├─shiny::isolate(...)
  4. │ │ │ ├─shiny::..stacktraceoff..(...)
  5. │ │ │ └─ctx$run(...)
  6. │ │ │   ├─promises::with_promise_domain(...)
  7. │ │ │   │ └─domain$wrapSync(expr)
  8. │ │ │   ├─shiny::withReactiveDomain(...)
  9. │ │ │   │ └─promises::with_promise_domain(...)
 10. │ │ │   │   └─domain$wrapSync(expr)
 11. │ │ │   │     └─base::force(expr)
 12. │ │ │   ├─shiny::captureStackTraces(...)
 13. │ │ │   │ └─promises::with_promise_domain(...)
 14. │ │ │   │   └─domain$wrapSync(expr)
 15. │ │ │   │     └─base::withCallingHandlers(expr, error = doCaptureStack)
 16. │ │ │   └─env$runWith(self, func)
 17. │ │ │     └─shiny (local) contextFunc()
 18. │ │ │       └─shiny::..stacktraceon..(expr)
 19. │ │ ├─shiny::withReactiveDomain(...)
 20. │ │ │ └─promises::with_promise_domain(...)
 21. │ │ │   └─domain$wrapSync(expr)
 22. │ │ │     └─base::force(expr)
 23. │ │ └─withr::with_options(...)
 24. │ │   └─base::force(code)
 25. │ ├─rlang::exec(app, !!!args)
 26. │ └─teal (local) `&lt;fn&gt;`(id = "test", data = `&lt;tl_dt_md&gt;`, modules = `&lt;tel_mdls&gt;`)
 27. │   └─shiny::moduleServer(...)
 28. │     ├─session$setReturned(callModule(module, id, session = session))
 29. │     └─shiny::callModule(module, id, session = session)
 30. │       ├─shiny::withReactiveDomain(...)
 31. │       │ └─promises::with_promise_domain(...)
 32. │       │   └─domain$wrapSync(expr)
 33. │       │     └─base::force(expr)
 34. │       └─teal::module(...)
 35. │         ├─shiny::insertUI(...)
 36. │         │ └─base::force(ui)
 37. │         ├─htmltools::tagList(...)
 38. │         │ └─rlang::dots_list(...)
 39. │         ├─tags$span(...)
 40. │         │ └─rlang::dots_list(...)
 41. │         └─tags$div(...)
 42. │           └─rlang::dots_list(...)
 43. └─base::.handleSimpleError(...)
 44.   └─shiny (local) h(simpleError(msg, call))</error>
    </testcase>
    <testcase time="0.0560000000000009" classname="module_teal" name="are_not_called_when_teal_data_module_returns_validation_error">
      <error type="error" message="Error: 'preview_report_button_ui' is not an exported object from 'namespace:teal.reporter' ('test-module_teal.R:325:5')">Error: 'preview_report_button_ui' is not an exported object from 'namespace:teal.reporter'
Backtrace:
     ▆
  1. ├─shiny::testServer(...) at test-module_teal.R:325:5
  2. │ ├─shiny:::withMockContext(session, rlang::exec(app, !!!args))
  3. │ │ ├─shiny::isolate(...)
  4. │ │ │ ├─shiny::..stacktraceoff..(...)
  5. │ │ │ └─ctx$run(...)
  6. │ │ │   ├─promises::with_promise_domain(...)
  7. │ │ │   │ └─domain$wrapSync(expr)
  8. │ │ │   ├─shiny::withReactiveDomain(...)
  9. │ │ │   │ └─promises::with_promise_domain(...)
 10. │ │ │   │   └─domain$wrapSync(expr)
 11. │ │ │   │     └─base::force(expr)
 12. │ │ │   ├─shiny::captureStackTraces(...)
 13. │ │ │   │ └─promises::with_promise_domain(...)
 14. │ │ │   │   └─domain$wrapSync(expr)
 15. │ │ │   │     └─base::withCallingHandlers(expr, error = doCaptureStack)
 16. │ │ │   └─env$runWith(self, func)
 17. │ │ │     └─shiny (local) contextFunc()
 18. │ │ │       └─shiny::..stacktraceon..(expr)
 19. │ │ ├─shiny::withReactiveDomain(...)
 20. │ │ │ └─promises::with_promise_domain(...)
 21. │ │ │   └─domain$wrapSync(expr)
 22. │ │ │     └─base::force(expr)
 23. │ │ └─withr::with_options(...)
 24. │ │   └─base::force(code)
 25. │ ├─rlang::exec(app, !!!args)
 26. │ └─teal (local) `&lt;fn&gt;`(id = "test", data = `&lt;tl_dt_md&gt;`, modules = `&lt;tel_mdls&gt;`)
 27. │   └─shiny::moduleServer(...)
 28. │     ├─session$setReturned(callModule(module, id, session = session))
 29. │     └─shiny::callModule(module, id, session = session)
 30. │       ├─shiny::withReactiveDomain(...)
 31. │       │ └─promises::with_promise_domain(...)
 32. │       │   └─domain$wrapSync(expr)
 33. │       │     └─base::force(expr)
 34. │       └─teal::module(...)
 35. │         ├─shiny::insertUI(...)
 36. │         │ └─base::force(ui)
 37. │         ├─htmltools::tagList(...)
 38. │         │ └─rlang::dots_list(...)
 39. │         ├─tags$span(...)
 40. │         │ └─rlang::dots_list(...)
 41. │         └─tags$div(...)
 42. │           └─rlang::dots_list(...)
 43. └─base::.handleSimpleError(...)
 44.   └─shiny (local) h(simpleError(msg, call))</error>
    </testcase>
    <testcase time="0.0569999999999986" classname="module_teal" name="are_not_called_when_teal_data_module_throws_an_error">
      <error type="error" message="Error: 'preview_report_button_ui' is not an exported object from 'namespace:teal.reporter' ('test-module_teal.R:352:5')">Error: 'preview_report_button_ui' is not an exported object from 'namespace:teal.reporter'
Backtrace:
     ▆
  1. ├─shiny::testServer(...) at test-module_teal.R:352:5
  2. │ ├─shiny:::withMockContext(session, rlang::exec(app, !!!args))
  3. │ │ ├─shiny::isolate(...)
  4. │ │ │ ├─shiny::..stacktraceoff..(...)
  5. │ │ │ └─ctx$run(...)
  6. │ │ │   ├─promises::with_promise_domain(...)
  7. │ │ │   │ └─domain$wrapSync(expr)
  8. │ │ │   ├─shiny::withReactiveDomain(...)
  9. │ │ │   │ └─promises::with_promise_domain(...)
 10. │ │ │   │   └─domain$wrapSync(expr)
 11. │ │ │   │     └─base::force(expr)
 12. │ │ │   ├─shiny::captureStackTraces(...)
 13. │ │ │   │ └─promises::with_promise_domain(...)
 14. │ │ │   │   └─domain$wrapSync(expr)
 15. │ │ │   │     └─base::withCallingHandlers(expr, error = doCaptureStack)
 16. │ │ │   └─env$runWith(self, func)
 17. │ │ │     └─shiny (local) contextFunc()
 18. │ │ │       └─shiny::..stacktraceon..(expr)
 19. │ │ ├─shiny::withReactiveDomain(...)
 20. │ │ │ └─promises::with_promise_domain(...)
 21. │ │ │   └─domain$wrapSync(expr)
 22. │ │ │     └─base::force(expr)
 23. │ │ └─withr::with_options(...)
 24. │ │   └─base::force(code)
 25. │ ├─rlang::exec(app, !!!args)
 26. │ └─teal (local) `&lt;fn&gt;`(id = "test", data = `&lt;tl_dt_md&gt;`, modules = `&lt;tel_mdls&gt;`)
 27. │   └─shiny::moduleServer(...)
 28. │     ├─session$setReturned(callModule(module, id, session = session))
 29. │     └─shiny::callModule(module, id, session = session)
 30. │       ├─shiny::withReactiveDomain(...)
 31. │       │ └─promises::with_promise_domain(...)
 32. │       │   └─domain$wrapSync(expr)
 33. │       │     └─base::force(expr)
 34. │       └─teal::module(...)
 35. │         ├─shiny::insertUI(...)
 36. │         │ └─base::force(ui)
 37. │         ├─htmltools::tagList(...)
 38. │         │ └─rlang::dots_list(...)
 39. │         ├─tags$span(...)
 40. │         │ └─rlang::dots_list(...)
 41. │         └─tags$div(...)
 42. │           └─rlang::dots_list(...)
 43. └─base::.handleSimpleError(...)
 44.   └─shiny (local) h(simpleError(msg, call))</error>
    </testcase>
    <testcase time="0.0600000000000023" classname="module_teal" name="are_not_called_when_teal_data_module_returns_qenv.error">
      <error type="error" message="Error: 'preview_report_button_ui' is not an exported object from 'namespace:teal.reporter' ('test-module_teal.R:379:5')">Error: 'preview_report_button_ui' is not an exported object from 'namespace:teal.reporter'
Backtrace:
     ▆
  1. ├─shiny::testServer(...) at test-module_teal.R:379:5
  2. │ ├─shiny:::withMockContext(session, rlang::exec(app, !!!args))
  3. │ │ ├─shiny::isolate(...)
  4. │ │ │ ├─shiny::..stacktraceoff..(...)
  5. │ │ │ └─ctx$run(...)
  6. │ │ │   ├─promises::with_promise_domain(...)
  7. │ │ │   │ └─domain$wrapSync(expr)
  8. │ │ │   ├─shiny::withReactiveDomain(...)
  9. │ │ │   │ └─promises::with_promise_domain(...)
 10. │ │ │   │   └─domain$wrapSync(expr)
 11. │ │ │   │     └─base::force(expr)
 12. │ │ │   ├─shiny::captureStackTraces(...)
 13. │ │ │   │ └─promises::with_promise_domain(...)
 14. │ │ │   │   └─domain$wrapSync(expr)
 15. │ │ │   │     └─base::withCallingHandlers(expr, error = doCaptureStack)
 16. │ │ │   └─env$runWith(self, func)
 17. │ │ │     └─shiny (local) contextFunc()
 18. │ │ │       └─shiny::..stacktraceon..(expr)
 19. │ │ ├─shiny::withReactiveDomain(...)
 20. │ │ │ └─promises::with_promise_domain(...)
 21. │ │ │   └─domain$wrapSync(expr)
 22. │ │ │     └─base::force(expr)
 23. │ │ └─withr::with_options(...)
 24. │ │   └─base::force(code)
 25. │ ├─rlang::exec(app, !!!args)
 26. │ └─teal (local) `&lt;fn&gt;`(id = "test", data = `&lt;tl_dt_md&gt;`, modules = `&lt;tel_mdls&gt;`)
 27. │   └─shiny::moduleServer(...)
 28. │     ├─session$setReturned(callModule(module, id, session = session))
 29. │     └─shiny::callModule(module, id, session = session)
 30. │       ├─shiny::withReactiveDomain(...)
 31. │       │ └─promises::with_promise_domain(...)
 32. │       │   └─domain$wrapSync(expr)
 33. │       │     └─base::force(expr)
 34. │       └─teal::module(...)
 35. │         ├─shiny::insertUI(...)
 36. │         │ └─base::force(ui)
 37. │         ├─htmltools::tagList(...)
 38. │         │ └─rlang::dots_list(...)
 39. │         ├─tags$span(...)
 40. │         │ └─rlang::dots_list(...)
 41. │         └─tags$div(...)
 42. │           └─rlang::dots_list(...)
 43. └─base::.handleSimpleError(...)
 44.   └─shiny (local) h(simpleError(msg, call))</error>
    </testcase>
    <testcase time="0.0549999999999997" classname="module_teal" name="are_receiving_reactive_data_which_triggers_on_change">
      <error type="error" message="Error: 'preview_report_button_ui' is not an exported object from 'namespace:teal.reporter' ('test-module_teal.R:406:5')">Error: 'preview_report_button_ui' is not an exported object from 'namespace:teal.reporter'
Backtrace:
     ▆
  1. ├─shiny::testServer(...) at test-module_teal.R:406:5
  2. │ ├─shiny:::withMockContext(session, rlang::exec(app, !!!args))
  3. │ │ ├─shiny::isolate(...)
  4. │ │ │ ├─shiny::..stacktraceoff..(...)
  5. │ │ │ └─ctx$run(...)
  6. │ │ │   ├─promises::with_promise_domain(...)
  7. │ │ │   │ └─domain$wrapSync(expr)
  8. │ │ │   ├─shiny::withReactiveDomain(...)
  9. │ │ │   │ └─promises::with_promise_domain(...)
 10. │ │ │   │   └─domain$wrapSync(expr)
 11. │ │ │   │     └─base::force(expr)
 12. │ │ │   ├─shiny::captureStackTraces(...)
 13. │ │ │   │ └─promises::with_promise_domain(...)
 14. │ │ │   │   └─domain$wrapSync(expr)
 15. │ │ │   │     └─base::withCallingHandlers(expr, error = doCaptureStack)
 16. │ │ │   └─env$runWith(self, func)
 17. │ │ │     └─shiny (local) contextFunc()
 18. │ │ │       └─shiny::..stacktraceon..(expr)
 19. │ │ ├─shiny::withReactiveDomain(...)
 20. │ │ │ └─promises::with_promise_domain(...)
 21. │ │ │   └─domain$wrapSync(expr)
 22. │ │ │     └─base::force(expr)
 23. │ │ └─withr::with_options(...)
 24. │ │   └─base::force(code)
 25. │ ├─rlang::exec(app, !!!args)
 26. │ └─teal (local) `&lt;fn&gt;`(id = "test", data = `&lt;tl_dt_md&gt;`, modules = `&lt;tel_mdls&gt;`)
 27. │   └─shiny::moduleServer(...)
 28. │     ├─session$setReturned(callModule(module, id, session = session))
 29. │     └─shiny::callModule(module, id, session = session)
 30. │       ├─shiny::withReactiveDomain(...)
 31. │       │ └─promises::with_promise_domain(...)
 32. │       │   └─domain$wrapSync(expr)
 33. │       │     └─base::force(expr)
 34. │       └─teal::module(...)
 35. │         ├─shiny::insertUI(...)
 36. │         │ └─base::force(ui)
 37. │         ├─htmltools::tagList(...)
 38. │         │ └─rlang::dots_list(...)
 39. │         ├─tags$span(...)
 40. │         │ └─rlang::dots_list(...)
 41. │         └─tags$div(...)
 42. │           └─rlang::dots_list(...)
 43. └─base::.handleSimpleError(...)
 44.   └─shiny (local) h(simpleError(msg, call))</error>
    </testcase>
    <testcase time="0.0579999999999998" classname="module_teal" name="are_not_called_again_when_data_changes">
      <error type="error" message="Error: 'preview_report_button_ui' is not an exported object from 'namespace:teal.reporter' ('test-module_teal.R:440:5')">Error: 'preview_report_button_ui' is not an exported object from 'namespace:teal.reporter'
Backtrace:
     ▆
  1. ├─shiny::testServer(...) at test-module_teal.R:440:5
  2. │ ├─shiny:::withMockContext(session, rlang::exec(app, !!!args))
  3. │ │ ├─shiny::isolate(...)
  4. │ │ │ ├─shiny::..stacktraceoff..(...)
  5. │ │ │ └─ctx$run(...)
  6. │ │ │   ├─promises::with_promise_domain(...)
  7. │ │ │   │ └─domain$wrapSync(expr)
  8. │ │ │   ├─shiny::withReactiveDomain(...)
  9. │ │ │   │ └─promises::with_promise_domain(...)
 10. │ │ │   │   └─domain$wrapSync(expr)
 11. │ │ │   │     └─base::force(expr)
 12. │ │ │   ├─shiny::captureStackTraces(...)
 13. │ │ │   │ └─promises::with_promise_domain(...)
 14. │ │ │   │   └─domain$wrapSync(expr)
 15. │ │ │   │     └─base::withCallingHandlers(expr, error = doCaptureStack)
 16. │ │ │   └─env$runWith(self, func)
 17. │ │ │     └─shiny (local) contextFunc()
 18. │ │ │       └─shiny::..stacktraceon..(expr)
 19. │ │ ├─shiny::withReactiveDomain(...)
 20. │ │ │ └─promises::with_promise_domain(...)
 21. │ │ │   └─domain$wrapSync(expr)
 22. │ │ │     └─base::force(expr)
 23. │ │ └─withr::with_options(...)
 24. │ │   └─base::force(code)
 25. │ ├─rlang::exec(app, !!!args)
 26. │ └─teal (local) `&lt;fn&gt;`(id = "test", data = `&lt;tl_dt_md&gt;`, modules = `&lt;tel_mdls&gt;`)
 27. │   └─shiny::moduleServer(...)
 28. │     ├─session$setReturned(callModule(module, id, session = session))
 29. │     └─shiny::callModule(module, id, session = session)
 30. │       ├─shiny::withReactiveDomain(...)
 31. │       │ └─promises::with_promise_domain(...)
 32. │       │   └─domain$wrapSync(expr)
 33. │       │     └─base::force(expr)
 34. │       └─teal::module(...)
 35. │         ├─shiny::insertUI(...)
 36. │         │ └─base::force(ui)
 37. │         ├─htmltools::tagList(...)
 38. │         │ └─rlang::dots_list(...)
 39. │         ├─tags$span(...)
 40. │         │ └─rlang::dots_list(...)
 41. │         └─tags$div(...)
 42. │           └─rlang::dots_list(...)
 43. └─base::.handleSimpleError(...)
 44.   └─shiny (local) h(simpleError(msg, call))</error>
    </testcase>
    <testcase time="0.0559999999999974" classname="module_teal" name="receives_data_with_datasets_module_datanames">
      <error type="error" message="Error: 'preview_report_button_ui' is not an exported object from 'namespace:teal.reporter' ('test-module_teal.R:477:5')">Error: 'preview_report_button_ui' is not an exported object from 'namespace:teal.reporter'
Backtrace:
     ▆
  1. ├─shiny::testServer(...) at test-module_teal.R:477:5
  2. │ ├─shiny:::withMockContext(session, rlang::exec(app, !!!args))
  3. │ │ ├─shiny::isolate(...)
  4. │ │ │ ├─shiny::..stacktraceoff..(...)
  5. │ │ │ └─ctx$run(...)
  6. │ │ │   ├─promises::with_promise_domain(...)
  7. │ │ │   │ └─domain$wrapSync(expr)
  8. │ │ │   ├─shiny::withReactiveDomain(...)
  9. │ │ │   │ └─promises::with_promise_domain(...)
 10. │ │ │   │   └─domain$wrapSync(expr)
 11. │ │ │   │     └─base::force(expr)
 12. │ │ │   ├─shiny::captureStackTraces(...)
 13. │ │ │   │ └─promises::with_promise_domain(...)
 14. │ │ │   │   └─domain$wrapSync(expr)
 15. │ │ │   │     └─base::withCallingHandlers(expr, error = doCaptureStack)
 16. │ │ │   └─env$runWith(self, func)
 17. │ │ │     └─shiny (local) contextFunc()
 18. │ │ │       └─shiny::..stacktraceon..(expr)
 19. │ │ ├─shiny::withReactiveDomain(...)
 20. │ │ │ └─promises::with_promise_domain(...)
 21. │ │ │   └─domain$wrapSync(expr)
 22. │ │ │     └─base::force(expr)
 23. │ │ └─withr::with_options(...)
 24. │ │   └─base::force(code)
 25. │ ├─rlang::exec(app, !!!args)
 26. │ └─teal (local) `&lt;fn&gt;`(id = "test", data = `&lt;rctvExpr&gt;`, modules = `&lt;tel_mdls&gt;`)
 27. │   └─shiny::moduleServer(...)
 28. │     ├─session$setReturned(callModule(module, id, session = session))
 29. │     └─shiny::callModule(module, id, session = session)
 30. │       ├─shiny::withReactiveDomain(...)
 31. │       │ └─promises::with_promise_domain(...)
 32. │       │   └─domain$wrapSync(expr)
 33. │       │     └─base::force(expr)
 34. │       └─teal::module(...)
 35. │         ├─shiny::insertUI(...)
 36. │         │ └─base::force(ui)
 37. │         ├─htmltools::tagList(...)
 38. │         │ └─rlang::dots_list(...)
 39. │         ├─tags$span(...)
 40. │         │ └─rlang::dots_list(...)
 41. │         └─tags$div(...)
 42. │           └─rlang::dots_list(...)
 43. └─base::.handleSimpleError(...)
 44.   └─shiny (local) h(simpleError(msg, call))</error>
    </testcase>
    <testcase time="0.131" classname="module_teal" name="multiple_datanames_with_all_and_.raw_data_">
      <error type="error" message="Error: 'preview_report_button_ui' is not an exported object from 'namespace:teal.reporter' ('test-module_teal.R:509:7')">Error: 'preview_report_button_ui' is not an exported object from 'namespace:teal.reporter'
Backtrace:
     ▆
  1. ├─shiny::testServer(...) at test-module_teal.R:509:7
  2. │ ├─shiny:::withMockContext(session, rlang::exec(app, !!!args))
  3. │ │ ├─shiny::isolate(...)
  4. │ │ │ ├─shiny::..stacktraceoff..(...)
  5. │ │ │ └─ctx$run(...)
  6. │ │ │   ├─promises::with_promise_domain(...)
  7. │ │ │   │ └─domain$wrapSync(expr)
  8. │ │ │   ├─shiny::withReactiveDomain(...)
  9. │ │ │   │ └─promises::with_promise_domain(...)
 10. │ │ │   │   └─domain$wrapSync(expr)
 11. │ │ │   │     └─base::force(expr)
 12. │ │ │   ├─shiny::captureStackTraces(...)
 13. │ │ │   │ └─promises::with_promise_domain(...)
 14. │ │ │   │   └─domain$wrapSync(expr)
 15. │ │ │   │     └─base::withCallingHandlers(expr, error = doCaptureStack)
 16. │ │ │   └─env$runWith(self, func)
 17. │ │ │     └─shiny (local) contextFunc()
 18. │ │ │       └─shiny::..stacktraceon..(expr)
 19. │ │ ├─shiny::withReactiveDomain(...)
 20. │ │ │ └─promises::with_promise_domain(...)
 21. │ │ │   └─domain$wrapSync(expr)
 22. │ │ │     └─base::force(expr)
 23. │ │ └─withr::with_options(...)
 24. │ │   └─base::force(code)
 25. │ ├─rlang::exec(app, !!!args)
 26. │ └─teal (local) `&lt;fn&gt;`(id = "test", data = `&lt;teal_dat&gt;`, modules = `&lt;tel_mdls&gt;`)
 27. │   └─shiny::moduleServer(...)
 28. │     ├─session$setReturned(callModule(module, id, session = session))
 29. │     └─shiny::callModule(module, id, session = session)
 30. │       ├─shiny::withReactiveDomain(...)
 31. │       │ └─promises::with_promise_domain(...)
 32. │       │   └─domain$wrapSync(expr)
 33. │       │     └─base::force(expr)
 34. │       └─teal::module(...)
 35. │         ├─shiny::insertUI(...)
 36. │         │ └─base::force(ui)
 37. │         ├─htmltools::tagList(...)
 38. │         │ └─rlang::dots_list(...)
 39. │         ├─tags$span(...)
 40. │         │ └─rlang::dots_list(...)
 41. │         └─tags$div(...)
 42. │           └─rlang::dots_list(...)
 43. └─base::.handleSimpleError(...)
 44.   └─shiny (local) h(simpleError(msg, call))</error>
    </testcase>
    <testcase time="0.0690000000000026" classname="module_teal" name="single_dataname_with_all_">
      <error type="error" message="Error: 'preview_report_button_ui' is not an exported object from 'namespace:teal.reporter' ('test-module_teal.R:540:7')">Error: 'preview_report_button_ui' is not an exported object from 'namespace:teal.reporter'
Backtrace:
     ▆
  1. ├─shiny::testServer(...) at test-module_teal.R:540:7
  2. │ ├─shiny:::withMockContext(session, rlang::exec(app, !!!args))
  3. │ │ ├─shiny::isolate(...)
  4. │ │ │ ├─shiny::..stacktraceoff..(...)
  5. │ │ │ └─ctx$run(...)
  6. │ │ │   ├─promises::with_promise_domain(...)
  7. │ │ │   │ └─domain$wrapSync(expr)
  8. │ │ │   ├─shiny::withReactiveDomain(...)
  9. │ │ │   │ └─promises::with_promise_domain(...)
 10. │ │ │   │   └─domain$wrapSync(expr)
 11. │ │ │   │     └─base::force(expr)
 12. │ │ │   ├─shiny::captureStackTraces(...)
 13. │ │ │   │ └─promises::with_promise_domain(...)
 14. │ │ │   │   └─domain$wrapSync(expr)
 15. │ │ │   │     └─base::withCallingHandlers(expr, error = doCaptureStack)
 16. │ │ │   └─env$runWith(self, func)
 17. │ │ │     └─shiny (local) contextFunc()
 18. │ │ │       └─shiny::..stacktraceon..(expr)
 19. │ │ ├─shiny::withReactiveDomain(...)
 20. │ │ │ └─promises::with_promise_domain(...)
 21. │ │ │   └─domain$wrapSync(expr)
 22. │ │ │     └─base::force(expr)
 23. │ │ └─withr::with_options(...)
 24. │ │   └─base::force(code)
 25. │ ├─rlang::exec(app, !!!args)
 26. │ └─teal (local) `&lt;fn&gt;`(id = "test", data = `&lt;teal_dat&gt;`, modules = `&lt;tel_mdls&gt;`)
 27. │   └─shiny::moduleServer(...)
 28. │     ├─session$setReturned(callModule(module, id, session = session))
 29. │     └─shiny::callModule(module, id, session = session)
 30. │       ├─shiny::withReactiveDomain(...)
 31. │       │ └─promises::with_promise_domain(...)
 32. │       │   └─domain$wrapSync(expr)
 33. │       │     └─base::force(expr)
 34. │       └─teal::module(...)
 35. │         ├─shiny::insertUI(...)
 36. │         │ └─base::force(ui)
 37. │         ├─htmltools::tagList(...)
 38. │         │ └─rlang::dots_list(...)
 39. │         ├─tags$span(...)
 40. │         │ └─rlang::dots_list(...)
 41. │         └─tags$div(...)
 42. │           └─rlang::dots_list(...)
 43. └─base::.handleSimpleError(...)
 44.   └─shiny (local) h(simpleError(msg, call))</error>
    </testcase>
    <testcase time="0.0629999999999988" classname="module_teal" name="warns_when_dataname_is_not_available">
      <error type="error" message="Error: 'preview_report_button_ui' is not an exported object from 'namespace:teal.reporter' ('test-module_teal.R:571:7')">Error: 'preview_report_button_ui' is not an exported object from 'namespace:teal.reporter'
Backtrace:
     ▆
  1. ├─shiny::testServer(...) at test-module_teal.R:571:7
  2. │ ├─shiny:::withMockContext(session, rlang::exec(app, !!!args))
  3. │ │ ├─shiny::isolate(...)
  4. │ │ │ ├─shiny::..stacktraceoff..(...)
  5. │ │ │ └─ctx$run(...)
  6. │ │ │   ├─promises::with_promise_domain(...)
  7. │ │ │   │ └─domain$wrapSync(expr)
  8. │ │ │   ├─shiny::withReactiveDomain(...)
  9. │ │ │   │ └─promises::with_promise_domain(...)
 10. │ │ │   │   └─domain$wrapSync(expr)
 11. │ │ │   │     └─base::force(expr)
 12. │ │ │   ├─shiny::captureStackTraces(...)
 13. │ │ │   │ └─promises::with_promise_domain(...)
 14. │ │ │   │   └─domain$wrapSync(expr)
 15. │ │ │   │     └─base::withCallingHandlers(expr, error = doCaptureStack)
 16. │ │ │   └─env$runWith(self, func)
 17. │ │ │     └─shiny (local) contextFunc()
 18. │ │ │       └─shiny::..stacktraceon..(expr)
 19. │ │ ├─shiny::withReactiveDomain(...)
 20. │ │ │ └─promises::with_promise_domain(...)
 21. │ │ │   └─domain$wrapSync(expr)
 22. │ │ │     └─base::force(expr)
 23. │ │ └─withr::with_options(...)
 24. │ │   └─base::force(code)
 25. │ ├─rlang::exec(app, !!!args)
 26. │ └─teal (local) `&lt;fn&gt;`(id = "test", data = `&lt;teal_dat&gt;`, modules = `&lt;tel_mdls&gt;`)
 27. │   └─shiny::moduleServer(...)
 28. │     ├─session$setReturned(callModule(module, id, session = session))
 29. │     └─shiny::callModule(module, id, session = session)
 30. │       ├─shiny::withReactiveDomain(...)
 31. │       │ └─promises::with_promise_domain(...)
 32. │       │   └─domain$wrapSync(expr)
 33. │       │     └─base::force(expr)
 34. │       └─teal::module(...)
 35. │         ├─shiny::insertUI(...)
 36. │         │ └─base::force(ui)
 37. │         ├─htmltools::tagList(...)
 38. │         │ └─rlang::dots_list(...)
 39. │         ├─tags$span(...)
 40. │         │ └─rlang::dots_list(...)
 41. │         └─tags$div(...)
 42. │           └─rlang::dots_list(...)
 43. └─base::.handleSimpleError(...)
 44.   └─shiny (local) h(simpleError(msg, call))</error>
    </testcase>
    <testcase time="0.0609999999999999" classname="module_teal" name="warns_when_datanames_are_not_available">
      <error type="error" message="Error: 'preview_report_button_ui' is not an exported object from 'namespace:teal.reporter' ('test-module_teal.R:598:7')">Error: 'preview_report_button_ui' is not an exported object from 'namespace:teal.reporter'
Backtrace:
     ▆
  1. ├─shiny::testServer(...) at test-module_teal.R:598:7
  2. │ ├─shiny:::withMockContext(session, rlang::exec(app, !!!args))
  3. │ │ ├─shiny::isolate(...)
  4. │ │ │ ├─shiny::..stacktraceoff..(...)
  5. │ │ │ └─ctx$run(...)
  6. │ │ │   ├─promises::with_promise_domain(...)
  7. │ │ │   │ └─domain$wrapSync(expr)
  8. │ │ │   ├─shiny::withReactiveDomain(...)
  9. │ │ │   │ └─promises::with_promise_domain(...)
 10. │ │ │   │   └─domain$wrapSync(expr)
 11. │ │ │   │     └─base::force(expr)
 12. │ │ │   ├─shiny::captureStackTraces(...)
 13. │ │ │   │ └─promises::with_promise_domain(...)
 14. │ │ │   │   └─domain$wrapSync(expr)
 15. │ │ │   │     └─base::withCallingHandlers(expr, error = doCaptureStack)
 16. │ │ │   └─env$runWith(self, func)
 17. │ │ │     └─shiny (local) contextFunc()
 18. │ │ │       └─shiny::..stacktraceon..(expr)
 19. │ │ ├─shiny::withReactiveDomain(...)
 20. │ │ │ └─promises::with_promise_domain(...)
 21. │ │ │   └─domain$wrapSync(expr)
 22. │ │ │     └─base::force(expr)
 23. │ │ └─withr::with_options(...)
 24. │ │   └─base::force(code)
 25. │ ├─rlang::exec(app, !!!args)
 26. │ └─teal (local) `&lt;fn&gt;`(id = "test", data = `&lt;teal_dat&gt;`, modules = `&lt;tel_mdls&gt;`)
 27. │   └─shiny::moduleServer(...)
 28. │     ├─session$setReturned(callModule(module, id, session = session))
 29. │     └─shiny::callModule(module, id, session = session)
 30. │       ├─shiny::withReactiveDomain(...)
 31. │       │ └─promises::with_promise_domain(...)
 32. │       │   └─domain$wrapSync(expr)
 33. │       │     └─base::force(expr)
 34. │       └─teal::module(...)
 35. │         ├─shiny::insertUI(...)
 36. │         │ └─base::force(ui)
 37. │         ├─htmltools::tagList(...)
 38. │         │ └─rlang::dots_list(...)
 39. │         ├─tags$span(...)
 40. │         │ └─rlang::dots_list(...)
 41. │         └─tags$div(...)
 42. │           └─rlang::dots_list(...)
 43. └─base::.handleSimpleError(...)
 44.   └─shiny (local) h(simpleError(msg, call))</error>
    </testcase>
    <testcase time="0.0599999999999987" classname="module_teal" name="warns_about_empty_data_when_none_of_module_datanames_is_available_even_if_data_is_not_empty_">
      <error type="error" message="Error: 'preview_report_button_ui' is not an exported object from 'namespace:teal.reporter' ('test-module_teal.R:626:7')">Error: 'preview_report_button_ui' is not an exported object from 'namespace:teal.reporter'
Backtrace:
     ▆
  1. ├─shiny::testServer(...) at test-module_teal.R:626:7
  2. │ ├─shiny:::withMockContext(session, rlang::exec(app, !!!args))
  3. │ │ ├─shiny::isolate(...)
  4. │ │ │ ├─shiny::..stacktraceoff..(...)
  5. │ │ │ └─ctx$run(...)
  6. │ │ │   ├─promises::with_promise_domain(...)
  7. │ │ │   │ └─domain$wrapSync(expr)
  8. │ │ │   ├─shiny::withReactiveDomain(...)
  9. │ │ │   │ └─promises::with_promise_domain(...)
 10. │ │ │   │   └─domain$wrapSync(expr)
 11. │ │ │   │     └─base::force(expr)
 12. │ │ │   ├─shiny::captureStackTraces(...)
 13. │ │ │   │ └─promises::with_promise_domain(...)
 14. │ │ │   │   └─domain$wrapSync(expr)
 15. │ │ │   │     └─base::withCallingHandlers(expr, error = doCaptureStack)
 16. │ │ │   └─env$runWith(self, func)
 17. │ │ │     └─shiny (local) contextFunc()
 18. │ │ │       └─shiny::..stacktraceon..(expr)
 19. │ │ ├─shiny::withReactiveDomain(...)
 20. │ │ │ └─promises::with_promise_domain(...)
 21. │ │ │   └─domain$wrapSync(expr)
 22. │ │ │     └─base::force(expr)
 23. │ │ └─withr::with_options(...)
 24. │ │   └─base::force(code)
 25. │ ├─rlang::exec(app, !!!args)
 26. │ └─teal (local) `&lt;fn&gt;`(id = "test", data = `&lt;teal_dat&gt;`, modules = `&lt;tel_mdls&gt;`)
 27. │   └─shiny::moduleServer(...)
 28. │     ├─session$setReturned(callModule(module, id, session = session))
 29. │     └─shiny::callModule(module, id, session = session)
 30. │       ├─shiny::withReactiveDomain(...)
 31. │       │ └─promises::with_promise_domain(...)
 32. │       │   └─domain$wrapSync(expr)
 33. │       │     └─base::force(expr)
 34. │       └─teal::module(...)
 35. │         ├─shiny::insertUI(...)
 36. │         │ └─base::force(ui)
 37. │         ├─htmltools::tagList(...)
 38. │         │ └─rlang::dots_list(...)
 39. │         ├─tags$span(...)
 40. │         │ └─rlang::dots_list(...)
 41. │         └─tags$div(...)
 42. │           └─rlang::dots_list(...)
 43. └─base::.handleSimpleError(...)
 44.   └─shiny (local) h(simpleError(msg, call))</error>
    </testcase>
    <testcase time="0.0609999999999999" classname="module_teal" name="warns_about_empty_data_when_none_of_module_datanames_is_available">
      <error type="error" message="Error: 'preview_report_button_ui' is not an exported object from 'namespace:teal.reporter' ('test-module_teal.R:653:7')">Error: 'preview_report_button_ui' is not an exported object from 'namespace:teal.reporter'
Backtrace:
     ▆
  1. ├─shiny::testServer(...) at test-module_teal.R:653:7
  2. │ ├─shiny:::withMockContext(session, rlang::exec(app, !!!args))
  3. │ │ ├─shiny::isolate(...)
  4. │ │ │ ├─shiny::..stacktraceoff..(...)
  5. │ │ │ └─ctx$run(...)
  6. │ │ │   ├─promises::with_promise_domain(...)
  7. │ │ │   │ └─domain$wrapSync(expr)
  8. │ │ │   ├─shiny::withReactiveDomain(...)
  9. │ │ │   │ └─promises::with_promise_domain(...)
 10. │ │ │   │   └─domain$wrapSync(expr)
 11. │ │ │   │     └─base::force(expr)
 12. │ │ │   ├─shiny::captureStackTraces(...)
 13. │ │ │   │ └─promises::with_promise_domain(...)
 14. │ │ │   │   └─domain$wrapSync(expr)
 15. │ │ │   │     └─base::withCallingHandlers(expr, error = doCaptureStack)
 16. │ │ │   └─env$runWith(self, func)
 17. │ │ │     └─shiny (local) contextFunc()
 18. │ │ │       └─shiny::..stacktraceon..(expr)
 19. │ │ ├─shiny::withReactiveDomain(...)
 20. │ │ │ └─promises::with_promise_domain(...)
 21. │ │ │   └─domain$wrapSync(expr)
 22. │ │ │     └─base::force(expr)
 23. │ │ └─withr::with_options(...)
 24. │ │   └─base::force(code)
 25. │ ├─rlang::exec(app, !!!args)
 26. │ └─teal (local) `&lt;fn&gt;`(id = "test", data = `&lt;rctvExpr&gt;`, modules = `&lt;tel_mdls&gt;`)
 27. │   └─shiny::moduleServer(...)
 28. │     ├─session$setReturned(callModule(module, id, session = session))
 29. │     └─shiny::callModule(module, id, session = session)
 30. │       ├─shiny::withReactiveDomain(...)
 31. │       │ └─promises::with_promise_domain(...)
 32. │       │   └─domain$wrapSync(expr)
 33. │       │     └─base::force(expr)
 34. │       └─teal::module(...)
 35. │         ├─shiny::insertUI(...)
 36. │         │ └─base::force(ui)
 37. │         ├─htmltools::tagList(...)
 38. │         │ └─rlang::dots_list(...)
 39. │         ├─tags$span(...)
 40. │         │ └─rlang::dots_list(...)
 41. │         └─tags$div(...)
 42. │           └─rlang::dots_list(...)
 43. └─base::.handleSimpleError(...)
 44.   └─shiny (local) h(simpleError(msg, call))</error>
    </testcase>
    <testcase time="0.0600000000000023" classname="module_teal" name="is_called_and_receives_data_even_if_datanames_in_teal_data_are_not_sufficient">
      <error type="error" message="Error: 'preview_report_button_ui' is not an exported object from 'namespace:teal.reporter' ('test-module_teal.R:681:5')">Error: 'preview_report_button_ui' is not an exported object from 'namespace:teal.reporter'
Backtrace:
     ▆
  1. ├─shiny::testServer(...) at test-module_teal.R:681:5
  2. │ ├─shiny:::withMockContext(session, rlang::exec(app, !!!args))
  3. │ │ ├─shiny::isolate(...)
  4. │ │ │ ├─shiny::..stacktraceoff..(...)
  5. │ │ │ └─ctx$run(...)
  6. │ │ │   ├─promises::with_promise_domain(...)
  7. │ │ │   │ └─domain$wrapSync(expr)
  8. │ │ │   ├─shiny::withReactiveDomain(...)
  9. │ │ │   │ └─promises::with_promise_domain(...)
 10. │ │ │   │   └─domain$wrapSync(expr)
 11. │ │ │   │     └─base::force(expr)
 12. │ │ │   ├─shiny::captureStackTraces(...)
 13. │ │ │   │ └─promises::with_promise_domain(...)
 14. │ │ │   │   └─domain$wrapSync(expr)
 15. │ │ │   │     └─base::withCallingHandlers(expr, error = doCaptureStack)
 16. │ │ │   └─env$runWith(self, func)
 17. │ │ │     └─shiny (local) contextFunc()
 18. │ │ │       └─shiny::..stacktraceon..(expr)
 19. │ │ ├─shiny::withReactiveDomain(...)
 20. │ │ │ └─promises::with_promise_domain(...)
 21. │ │ │   └─domain$wrapSync(expr)
 22. │ │ │     └─base::force(expr)
 23. │ │ └─withr::with_options(...)
 24. │ │   └─base::force(code)
 25. │ ├─rlang::exec(app, !!!args)
 26. │ └─teal (local) `&lt;fn&gt;`(id = "test", data = `&lt;rctvExpr&gt;`, modules = `&lt;tel_mdls&gt;`)
 27. │   └─shiny::moduleServer(...)
 28. │     ├─session$setReturned(callModule(module, id, session = session))
 29. │     └─shiny::callModule(module, id, session = session)
 30. │       ├─shiny::withReactiveDomain(...)
 31. │       │ └─promises::with_promise_domain(...)
 32. │       │   └─domain$wrapSync(expr)
 33. │       │     └─base::force(expr)
 34. │       └─teal::module(...)
 35. │         ├─shiny::insertUI(...)
 36. │         │ └─base::force(ui)
 37. │         ├─htmltools::tagList(...)
 38. │         │ └─rlang::dots_list(...)
 39. │         ├─tags$span(...)
 40. │         │ └─rlang::dots_list(...)
 41. │         └─tags$div(...)
 42. │           └─rlang::dots_list(...)
 43. └─base::.handleSimpleError(...)
 44.   └─shiny (local) h(simpleError(msg, call))</error>
    </testcase>
    <testcase time="0.0560000000000009" classname="module_teal" name="receives_all_objects_from_teal_data_when_module_datanames_all_">
      <error type="error" message="Error: 'preview_report_button_ui' is not an exported object from 'namespace:teal.reporter' ('test-module_teal.R:698:5')">Error: 'preview_report_button_ui' is not an exported object from 'namespace:teal.reporter'
Backtrace:
     ▆
  1. ├─shiny::testServer(...) at test-module_teal.R:698:5
  2. │ ├─shiny:::withMockContext(session, rlang::exec(app, !!!args))
  3. │ │ ├─shiny::isolate(...)
  4. │ │ │ ├─shiny::..stacktraceoff..(...)
  5. │ │ │ └─ctx$run(...)
  6. │ │ │   ├─promises::with_promise_domain(...)
  7. │ │ │   │ └─domain$wrapSync(expr)
  8. │ │ │   ├─shiny::withReactiveDomain(...)
  9. │ │ │   │ └─promises::with_promise_domain(...)
 10. │ │ │   │   └─domain$wrapSync(expr)
 11. │ │ │   │     └─base::force(expr)
 12. │ │ │   ├─shiny::captureStackTraces(...)
 13. │ │ │   │ └─promises::with_promise_domain(...)
 14. │ │ │   │   └─domain$wrapSync(expr)
 15. │ │ │   │     └─base::withCallingHandlers(expr, error = doCaptureStack)
 16. │ │ │   └─env$runWith(self, func)
 17. │ │ │     └─shiny (local) contextFunc()
 18. │ │ │       └─shiny::..stacktraceon..(expr)
 19. │ │ ├─shiny::withReactiveDomain(...)
 20. │ │ │ └─promises::with_promise_domain(...)
 21. │ │ │   └─domain$wrapSync(expr)
 22. │ │ │     └─base::force(expr)
 23. │ │ └─withr::with_options(...)
 24. │ │   └─base::force(code)
 25. │ ├─rlang::exec(app, !!!args)
 26. │ └─teal (local) `&lt;fn&gt;`(id = "test", data = `&lt;rctvExpr&gt;`, modules = `&lt;tel_mdls&gt;`)
 27. │   └─shiny::moduleServer(...)
 28. │     ├─session$setReturned(callModule(module, id, session = session))
 29. │     └─shiny::callModule(module, id, session = session)
 30. │       ├─shiny::withReactiveDomain(...)
 31. │       │ └─promises::with_promise_domain(...)
 32. │       │   └─domain$wrapSync(expr)
 33. │       │     └─base::force(expr)
 34. │       └─teal::module(...)
 35. │         ├─shiny::insertUI(...)
 36. │         │ └─base::force(ui)
 37. │         ├─htmltools::tagList(...)
 38. │         │ └─rlang::dots_list(...)
 39. │         ├─tags$span(...)
 40. │         │ └─rlang::dots_list(...)
 41. │         └─tags$div(...)
 42. │           └─rlang::dots_list(...)
 43. └─base::.handleSimpleError(...)
 44.   └─shiny (local) h(simpleError(msg, call))</error>
    </testcase>
    <testcase time="0.0649999999999977" classname="module_teal" name="receives_parent_data_when_module_datanames_limited_to_a_child_data_but_join_keys_are_provided">
      <error type="error" message="Error: 'preview_report_button_ui' is not an exported object from 'namespace:teal.reporter' ('test-module_teal.R:728:5')">Error: 'preview_report_button_ui' is not an exported object from 'namespace:teal.reporter'
Backtrace:
     ▆
  1. ├─shiny::testServer(...) at test-module_teal.R:728:5
  2. │ ├─shiny:::withMockContext(session, rlang::exec(app, !!!args))
  3. │ │ ├─shiny::isolate(...)
  4. │ │ │ ├─shiny::..stacktraceoff..(...)
  5. │ │ │ └─ctx$run(...)
  6. │ │ │   ├─promises::with_promise_domain(...)
  7. │ │ │   │ └─domain$wrapSync(expr)
  8. │ │ │   ├─shiny::withReactiveDomain(...)
  9. │ │ │   │ └─promises::with_promise_domain(...)
 10. │ │ │   │   └─domain$wrapSync(expr)
 11. │ │ │   │     └─base::force(expr)
 12. │ │ │   ├─shiny::captureStackTraces(...)
 13. │ │ │   │ └─promises::with_promise_domain(...)
 14. │ │ │   │   └─domain$wrapSync(expr)
 15. │ │ │   │     └─base::withCallingHandlers(expr, error = doCaptureStack)
 16. │ │ │   └─env$runWith(self, func)
 17. │ │ │     └─shiny (local) contextFunc()
 18. │ │ │       └─shiny::..stacktraceon..(expr)
 19. │ │ ├─shiny::withReactiveDomain(...)
 20. │ │ │ └─promises::with_promise_domain(...)
 21. │ │ │   └─domain$wrapSync(expr)
 22. │ │ │     └─base::force(expr)
 23. │ │ └─withr::with_options(...)
 24. │ │   └─base::force(code)
 25. │ ├─rlang::exec(app, !!!args)
 26. │ └─teal (local) `&lt;fn&gt;`(id = "test", data = `&lt;rctvExpr&gt;`, modules = `&lt;tel_mdls&gt;`)
 27. │   └─shiny::moduleServer(...)
 28. │     ├─session$setReturned(callModule(module, id, session = session))
 29. │     └─shiny::callModule(module, id, session = session)
 30. │       ├─shiny::withReactiveDomain(...)
 31. │       │ └─promises::with_promise_domain(...)
 32. │       │   └─domain$wrapSync(expr)
 33. │       │     └─base::force(expr)
 34. │       └─teal::module(...)
 35. │         ├─shiny::insertUI(...)
 36. │         │ └─base::force(ui)
 37. │         ├─htmltools::tagList(...)
 38. │         │ └─rlang::dots_list(...)
 39. │         ├─tags$span(...)
 40. │         │ └─rlang::dots_list(...)
 41. │         └─tags$div(...)
 42. │           └─rlang::dots_list(...)
 43. └─base::.handleSimpleError(...)
 44.   └─shiny (local) h(simpleError(msg, call))</error>
    </testcase>
    <testcase time="0.0560000000000009" classname="module_teal" name="receives_all_transformator_datasets_if_module_datanames_all_">
      <error type="error" message="Error: 'preview_report_button_ui' is not an exported object from 'namespace:teal.reporter' ('test-module_teal.R:746:5')">Error: 'preview_report_button_ui' is not an exported object from 'namespace:teal.reporter'
Backtrace:
     ▆
  1. ├─shiny::testServer(...) at test-module_teal.R:746:5
  2. │ ├─shiny:::withMockContext(session, rlang::exec(app, !!!args))
  3. │ │ ├─shiny::isolate(...)
  4. │ │ │ ├─shiny::..stacktraceoff..(...)
  5. │ │ │ └─ctx$run(...)
  6. │ │ │   ├─promises::with_promise_domain(...)
  7. │ │ │   │ └─domain$wrapSync(expr)
  8. │ │ │   ├─shiny::withReactiveDomain(...)
  9. │ │ │   │ └─promises::with_promise_domain(...)
 10. │ │ │   │   └─domain$wrapSync(expr)
 11. │ │ │   │     └─base::force(expr)
 12. │ │ │   ├─shiny::captureStackTraces(...)
 13. │ │ │   │ └─promises::with_promise_domain(...)
 14. │ │ │   │   └─domain$wrapSync(expr)
 15. │ │ │   │     └─base::withCallingHandlers(expr, error = doCaptureStack)
 16. │ │ │   └─env$runWith(self, func)
 17. │ │ │     └─shiny (local) contextFunc()
 18. │ │ │       └─shiny::..stacktraceon..(expr)
 19. │ │ ├─shiny::withReactiveDomain(...)
 20. │ │ │ └─promises::with_promise_domain(...)
 21. │ │ │   └─domain$wrapSync(expr)
 22. │ │ │     └─base::force(expr)
 23. │ │ └─withr::with_options(...)
 24. │ │   └─base::force(code)
 25. │ ├─rlang::exec(app, !!!args)
 26. │ └─teal (local) `&lt;fn&gt;`(id = "test", data = `&lt;rctvExpr&gt;`, modules = `&lt;tel_mdls&gt;`)
 27. │   └─shiny::moduleServer(...)
 28. │     ├─session$setReturned(callModule(module, id, session = session))
 29. │     └─shiny::callModule(module, id, session = session)
 30. │       ├─shiny::withReactiveDomain(...)
 31. │       │ └─promises::with_promise_domain(...)
 32. │       │   └─domain$wrapSync(expr)
 33. │       │     └─base::force(expr)
 34. │       └─teal::module(...)
 35. │         ├─shiny::insertUI(...)
 36. │         │ └─base::force(ui)
 37. │         ├─htmltools::tagList(...)
 38. │         │ └─rlang::dots_list(...)
 39. │         ├─tags$span(...)
 40. │         │ └─rlang::dots_list(...)
 41. │         └─tags$div(...)
 42. │           └─rlang::dots_list(...)
 43. └─base::.handleSimpleError(...)
 44.   └─shiny (local) h(simpleError(msg, call))</error>
    </testcase>
    <testcase time="0.0599999999999987" classname="module_teal" name="receives_all_datasets_if_transform_datanames_all_">
      <error type="error" message="Error: 'preview_report_button_ui' is not an exported object from 'namespace:teal.reporter' ('test-module_teal.R:783:5')">Error: 'preview_report_button_ui' is not an exported object from 'namespace:teal.reporter'
Backtrace:
     ▆
  1. ├─shiny::testServer(...) at test-module_teal.R:783:5
  2. │ ├─shiny:::withMockContext(session, rlang::exec(app, !!!args))
  3. │ │ ├─shiny::isolate(...)
  4. │ │ │ ├─shiny::..stacktraceoff..(...)
  5. │ │ │ └─ctx$run(...)
  6. │ │ │   ├─promises::with_promise_domain(...)
  7. │ │ │   │ └─domain$wrapSync(expr)
  8. │ │ │   ├─shiny::withReactiveDomain(...)
  9. │ │ │   │ └─promises::with_promise_domain(...)
 10. │ │ │   │   └─domain$wrapSync(expr)
 11. │ │ │   │     └─base::force(expr)
 12. │ │ │   ├─shiny::captureStackTraces(...)
 13. │ │ │   │ └─promises::with_promise_domain(...)
 14. │ │ │   │   └─domain$wrapSync(expr)
 15. │ │ │   │     └─base::withCallingHandlers(expr, error = doCaptureStack)
 16. │ │ │   └─env$runWith(self, func)
 17. │ │ │     └─shiny (local) contextFunc()
 18. │ │ │       └─shiny::..stacktraceon..(expr)
 19. │ │ ├─shiny::withReactiveDomain(...)
 20. │ │ │ └─promises::with_promise_domain(...)
 21. │ │ │   └─domain$wrapSync(expr)
 22. │ │ │     └─base::force(expr)
 23. │ │ └─withr::with_options(...)
 24. │ │   └─base::force(code)
 25. │ ├─rlang::exec(app, !!!args)
 26. │ └─teal (local) `&lt;fn&gt;`(id = "test", data = `&lt;rctvExpr&gt;`, modules = `&lt;tel_mdls&gt;`)
 27. │   └─shiny::moduleServer(...)
 28. │     ├─session$setReturned(callModule(module, id, session = session))
 29. │     └─shiny::callModule(module, id, session = session)
 30. │       ├─shiny::withReactiveDomain(...)
 31. │       │ └─promises::with_promise_domain(...)
 32. │       │   └─domain$wrapSync(expr)
 33. │       │     └─base::force(expr)
 34. │       └─teal::module(...)
 35. │         ├─shiny::insertUI(...)
 36. │         │ └─base::force(ui)
 37. │         ├─htmltools::tagList(...)
 38. │         │ └─rlang::dots_list(...)
 39. │         ├─tags$span(...)
 40. │         │ └─rlang::dots_list(...)
 41. │         └─tags$div(...)
 42. │           └─rlang::dots_list(...)
 43. └─base::.handleSimpleError(...)
 44.   └─shiny (local) h(simpleError(msg, call))</error>
    </testcase>
    <testcase time="0.0569999999999986" classname="module_teal" name="receives_all_raw_datasets_based_on_module_datanames">
      <error type="error" message="Error: 'preview_report_button_ui' is not an exported object from 'namespace:teal.reporter' ('test-module_teal.R:820:5')">Error: 'preview_report_button_ui' is not an exported object from 'namespace:teal.reporter'
Backtrace:
     ▆
  1. ├─shiny::testServer(...) at test-module_teal.R:820:5
  2. │ ├─shiny:::withMockContext(session, rlang::exec(app, !!!args))
  3. │ │ ├─shiny::isolate(...)
  4. │ │ │ ├─shiny::..stacktraceoff..(...)
  5. │ │ │ └─ctx$run(...)
  6. │ │ │   ├─promises::with_promise_domain(...)
  7. │ │ │   │ └─domain$wrapSync(expr)
  8. │ │ │   ├─shiny::withReactiveDomain(...)
  9. │ │ │   │ └─promises::with_promise_domain(...)
 10. │ │ │   │   └─domain$wrapSync(expr)
 11. │ │ │   │     └─base::force(expr)
 12. │ │ │   ├─shiny::captureStackTraces(...)
 13. │ │ │   │ └─promises::with_promise_domain(...)
 14. │ │ │   │   └─domain$wrapSync(expr)
 15. │ │ │   │     └─base::withCallingHandlers(expr, error = doCaptureStack)
 16. │ │ │   └─env$runWith(self, func)
 17. │ │ │     └─shiny (local) contextFunc()
 18. │ │ │       └─shiny::..stacktraceon..(expr)
 19. │ │ ├─shiny::withReactiveDomain(...)
 20. │ │ │ └─promises::with_promise_domain(...)
 21. │ │ │   └─domain$wrapSync(expr)
 22. │ │ │     └─base::force(expr)
 23. │ │ └─withr::with_options(...)
 24. │ │   └─base::force(code)
 25. │ ├─rlang::exec(app, !!!args)
 26. │ └─teal (local) `&lt;fn&gt;`(id = "test", data = `&lt;rctvExpr&gt;`, modules = `&lt;tel_mdls&gt;`)
 27. │   └─shiny::moduleServer(...)
 28. │     ├─session$setReturned(callModule(module, id, session = session))
 29. │     └─shiny::callModule(module, id, session = session)
 30. │       ├─shiny::withReactiveDomain(...)
 31. │       │ └─promises::with_promise_domain(...)
 32. │       │   └─domain$wrapSync(expr)
 33. │       │     └─base::force(expr)
 34. │       └─teal::module(...)
 35. │         ├─shiny::insertUI(...)
 36. │         │ └─base::force(ui)
 37. │         ├─htmltools::tagList(...)
 38. │         │ └─rlang::dots_list(...)
 39. │         ├─tags$span(...)
 40. │         │ └─rlang::dots_list(...)
 41. │         └─tags$div(...)
 42. │           └─rlang::dots_list(...)
 43. └─base::.handleSimpleError(...)
 44.   └─shiny (local) h(simpleError(msg, call))</error>
    </testcase>
    <testcase time="0.0560000000000009" classname="module_teal" name="combines_datanames_from_transform_module_datanames">
      <error type="error" message="Error: 'preview_report_button_ui' is not an exported object from 'namespace:teal.reporter' ('test-module_teal.R:848:5')">Error: 'preview_report_button_ui' is not an exported object from 'namespace:teal.reporter'
Backtrace:
     ▆
  1. ├─shiny::testServer(...) at test-module_teal.R:848:5
  2. │ ├─shiny:::withMockContext(session, rlang::exec(app, !!!args))
  3. │ │ ├─shiny::isolate(...)
  4. │ │ │ ├─shiny::..stacktraceoff..(...)
  5. │ │ │ └─ctx$run(...)
  6. │ │ │   ├─promises::with_promise_domain(...)
  7. │ │ │   │ └─domain$wrapSync(expr)
  8. │ │ │   ├─shiny::withReactiveDomain(...)
  9. │ │ │   │ └─promises::with_promise_domain(...)
 10. │ │ │   │   └─domain$wrapSync(expr)
 11. │ │ │   │     └─base::force(expr)
 12. │ │ │   ├─shiny::captureStackTraces(...)
 13. │ │ │   │ └─promises::with_promise_domain(...)
 14. │ │ │   │   └─domain$wrapSync(expr)
 15. │ │ │   │     └─base::withCallingHandlers(expr, error = doCaptureStack)
 16. │ │ │   └─env$runWith(self, func)
 17. │ │ │     └─shiny (local) contextFunc()
 18. │ │ │       └─shiny::..stacktraceon..(expr)
 19. │ │ ├─shiny::withReactiveDomain(...)
 20. │ │ │ └─promises::with_promise_domain(...)
 21. │ │ │   └─domain$wrapSync(expr)
 22. │ │ │     └─base::force(expr)
 23. │ │ └─withr::with_options(...)
 24. │ │   └─base::force(code)
 25. │ ├─rlang::exec(app, !!!args)
 26. │ └─teal (local) `&lt;fn&gt;`(id = "test", data = `&lt;rctvExpr&gt;`, modules = `&lt;tel_mdls&gt;`)
 27. │   └─shiny::moduleServer(...)
 28. │     ├─session$setReturned(callModule(module, id, session = session))
 29. │     └─shiny::callModule(module, id, session = session)
 30. │       ├─shiny::withReactiveDomain(...)
 31. │       │ └─promises::with_promise_domain(...)
 32. │       │   └─domain$wrapSync(expr)
 33. │       │     └─base::force(expr)
 34. │       └─teal::module(...)
 35. │         ├─shiny::insertUI(...)
 36. │         │ └─base::force(ui)
 37. │         ├─htmltools::tagList(...)
 38. │         │ └─rlang::dots_list(...)
 39. │         ├─tags$span(...)
 40. │         │ └─rlang::dots_list(...)
 41. │         └─tags$div(...)
 42. │           └─rlang::dots_list(...)
 43. └─base::.handleSimpleError(...)
 44.   └─shiny (local) h(simpleError(msg, call))</error>
    </testcase>
    <testcase time="0.0620000000000012" classname="module_teal" name="does_not_receive_transformator_datasets_not_specified_in_transform_datanames_nor_modue_datanames">
      <error type="error" message="Error: 'preview_report_button_ui' is not an exported object from 'namespace:teal.reporter' ('test-module_teal.R:881:5')">Error: 'preview_report_button_ui' is not an exported object from 'namespace:teal.reporter'
Backtrace:
     ▆
  1. ├─shiny::testServer(...) at test-module_teal.R:881:5
  2. │ ├─shiny:::withMockContext(session, rlang::exec(app, !!!args))
  3. │ │ ├─shiny::isolate(...)
  4. │ │ │ ├─shiny::..stacktraceoff..(...)
  5. │ │ │ └─ctx$run(...)
  6. │ │ │   ├─promises::with_promise_domain(...)
  7. │ │ │   │ └─domain$wrapSync(expr)
  8. │ │ │   ├─shiny::withReactiveDomain(...)
  9. │ │ │   │ └─promises::with_promise_domain(...)
 10. │ │ │   │   └─domain$wrapSync(expr)
 11. │ │ │   │     └─base::force(expr)
 12. │ │ │   ├─shiny::captureStackTraces(...)
 13. │ │ │   │ └─promises::with_promise_domain(...)
 14. │ │ │   │   └─domain$wrapSync(expr)
 15. │ │ │   │     └─base::withCallingHandlers(expr, error = doCaptureStack)
 16. │ │ │   └─env$runWith(self, func)
 17. │ │ │     └─shiny (local) contextFunc()
 18. │ │ │       └─shiny::..stacktraceon..(expr)
 19. │ │ ├─shiny::withReactiveDomain(...)
 20. │ │ │ └─promises::with_promise_domain(...)
 21. │ │ │   └─domain$wrapSync(expr)
 22. │ │ │     └─base::force(expr)
 23. │ │ └─withr::with_options(...)
 24. │ │   └─base::force(code)
 25. │ ├─rlang::exec(app, !!!args)
 26. │ └─teal (local) `&lt;fn&gt;`(id = "test", data = `&lt;rctvExpr&gt;`, modules = `&lt;tel_mdls&gt;`)
 27. │   └─shiny::moduleServer(...)
 28. │     ├─session$setReturned(callModule(module, id, session = session))
 29. │     └─shiny::callModule(module, id, session = session)
 30. │       ├─shiny::withReactiveDomain(...)
 31. │       │ └─promises::with_promise_domain(...)
 32. │       │   └─domain$wrapSync(expr)
 33. │       │     └─base::force(expr)
 34. │       └─teal::module(...)
 35. │         ├─shiny::insertUI(...)
 36. │         │ └─base::force(ui)
 37. │         ├─htmltools::tagList(...)
 38. │         │ └─rlang::dots_list(...)
 39. │         ├─tags$span(...)
 40. │         │ └─rlang::dots_list(...)
 41. │         └─tags$div(...)
 42. │           └─rlang::dots_list(...)
 43. └─base::.handleSimpleError(...)
 44.   └─shiny (local) h(simpleError(msg, call))</error>
    </testcase>
    <testcase time="0.0599999999999987" classname="module_teal" name="srv_teal_module.teal_module_does_not_pass_data_if_not_in_the_args_explicitly">
      <error type="error" message="Error: 'preview_report_button_ui' is not an exported object from 'namespace:teal.reporter' ('test-module_teal.R:919:5')">Error: 'preview_report_button_ui' is not an exported object from 'namespace:teal.reporter'
Backtrace:
     ▆
  1. ├─shiny::testServer(...) at test-module_teal.R:919:5
  2. │ ├─shiny:::withMockContext(session, rlang::exec(app, !!!args))
  3. │ │ ├─shiny::isolate(...)
  4. │ │ │ ├─shiny::..stacktraceoff..(...)
  5. │ │ │ └─ctx$run(...)
  6. │ │ │   ├─promises::with_promise_domain(...)
  7. │ │ │   │ └─domain$wrapSync(expr)
  8. │ │ │   ├─shiny::withReactiveDomain(...)
  9. │ │ │   │ └─promises::with_promise_domain(...)
 10. │ │ │   │   └─domain$wrapSync(expr)
 11. │ │ │   │     └─base::force(expr)
 12. │ │ │   ├─shiny::captureStackTraces(...)
 13. │ │ │   │ └─promises::with_promise_domain(...)
 14. │ │ │   │   └─domain$wrapSync(expr)
 15. │ │ │   │     └─base::withCallingHandlers(expr, error = doCaptureStack)
 16. │ │ │   └─env$runWith(self, func)
 17. │ │ │     └─shiny (local) contextFunc()
 18. │ │ │       └─shiny::..stacktraceon..(expr)
 19. │ │ ├─shiny::withReactiveDomain(...)
 20. │ │ │ └─promises::with_promise_domain(...)
 21. │ │ │   └─domain$wrapSync(expr)
 22. │ │ │     └─base::force(expr)
 23. │ │ └─withr::with_options(...)
 24. │ │   └─base::force(code)
 25. │ ├─rlang::exec(app, !!!args)
 26. │ └─teal (local) `&lt;fn&gt;`(id = "test", data = `&lt;teal_dat&gt;`, modules = `&lt;tel_mdls&gt;`)
 27. │   └─shiny::moduleServer(...)
 28. │     ├─session$setReturned(callModule(module, id, session = session))
 29. │     └─shiny::callModule(module, id, session = session)
 30. │       ├─shiny::withReactiveDomain(...)
 31. │       │ └─promises::with_promise_domain(...)
 32. │       │   └─domain$wrapSync(expr)
 33. │       │     └─base::force(expr)
 34. │       └─teal::module(...)
 35. │         ├─shiny::insertUI(...)
 36. │         │ └─base::force(ui)
 37. │         ├─htmltools::tagList(...)
 38. │         │ └─rlang::dots_list(...)
 39. │         ├─tags$span(...)
 40. │         │ └─rlang::dots_list(...)
 41. │         └─tags$div(...)
 42. │           └─rlang::dots_list(...)
 43. └─base::.handleSimpleError(...)
 44.   └─shiny (local) h(simpleError(msg, call))</error>
    </testcase>
    <testcase time="0.0640000000000001" classname="module_teal" name="srv_teal_module.teal_module_passes_deprecated_datasets_to_the_server_module">
      <error type="error" message="Error: 'preview_report_button_ui' is not an exported object from 'namespace:teal.reporter' ('test-module_teal.R:939:5')">Error: 'preview_report_button_ui' is not an exported object from 'namespace:teal.reporter'
Backtrace:
     ▆
  1. ├─testthat::expect_warning(...) at test-module_teal.R:939:5
  2. │ └─testthat:::quasi_capture(...)
  3. │   ├─testthat (local) .capture(...)
  4. │   │ └─base::withCallingHandlers(...)
  5. │   └─rlang::eval_bare(quo_get_expr(.quo), quo_get_env(.quo))
  6. ├─shiny::testServer(...)
  7. │ ├─shiny:::withMockContext(session, rlang::exec(app, !!!args))
  8. │ │ ├─shiny::isolate(...)
  9. │ │ │ ├─shiny::..stacktraceoff..(...)
 10. │ │ │ └─ctx$run(...)
 11. │ │ │   ├─promises::with_promise_domain(...)
 12. │ │ │   │ └─domain$wrapSync(expr)
 13. │ │ │   ├─shiny::withReactiveDomain(...)
 14. │ │ │   │ └─promises::with_promise_domain(...)
 15. │ │ │   │   └─domain$wrapSync(expr)
 16. │ │ │   │     └─base::force(expr)
 17. │ │ │   ├─shiny::captureStackTraces(...)
 18. │ │ │   │ └─promises::with_promise_domain(...)
 19. │ │ │   │   └─domain$wrapSync(expr)
 20. │ │ │   │     └─base::withCallingHandlers(expr, error = doCaptureStack)
 21. │ │ │   └─env$runWith(self, func)
 22. │ │ │     └─shiny (local) contextFunc()
 23. │ │ │       └─shiny::..stacktraceon..(expr)
 24. │ │ ├─shiny::withReactiveDomain(...)
 25. │ │ │ └─promises::with_promise_domain(...)
 26. │ │ │   └─domain$wrapSync(expr)
 27. │ │ │     └─base::force(expr)
 28. │ │ └─withr::with_options(...)
 29. │ │   └─base::force(code)
 30. │ ├─rlang::exec(app, !!!args)
 31. │ └─teal (local) `&lt;fn&gt;`(id = "test", data = `&lt;teal_dat&gt;`, modules = `&lt;tel_mdls&gt;`)
 32. │   └─shiny::moduleServer(...)
 33. │     ├─session$setReturned(callModule(module, id, session = session))
 34. │     └─shiny::callModule(module, id, session = session)
 35. │       ├─shiny::withReactiveDomain(...)
 36. │       │ └─promises::with_promise_domain(...)
 37. │       │   └─domain$wrapSync(expr)
 38. │       │     └─base::force(expr)
 39. │       └─teal::module(...)
 40. │         ├─shiny::insertUI(...)
 41. │         │ └─base::force(ui)
 42. │         ├─htmltools::tagList(...)
 43. │         │ └─rlang::dots_list(...)
 44. │         ├─tags$span(...)
 45. │         │ └─rlang::dots_list(...)
 46. │         └─tags$div(...)
 47. │           └─rlang::dots_list(...)
 48. └─base::.handleSimpleError(...)
 49.   └─shiny (local) h(simpleError(msg, call))</error>
    </testcase>
    <testcase time="0.0599999999999987" classname="module_teal" name="srv_teal_module.teal_module_passes_server_args_to_the_...">
      <error type="error" message="Error: 'preview_report_button_ui' is not an exported object from 'namespace:teal.reporter' ('test-module_teal.R:959:5')">Error: 'preview_report_button_ui' is not an exported object from 'namespace:teal.reporter'
Backtrace:
     ▆
  1. ├─shiny::testServer(...) at test-module_teal.R:959:5
  2. │ ├─shiny:::withMockContext(session, rlang::exec(app, !!!args))
  3. │ │ ├─shiny::isolate(...)
  4. │ │ │ ├─shiny::..stacktraceoff..(...)
  5. │ │ │ └─ctx$run(...)
  6. │ │ │   ├─promises::with_promise_domain(...)
  7. │ │ │   │ └─domain$wrapSync(expr)
  8. │ │ │   ├─shiny::withReactiveDomain(...)
  9. │ │ │   │ └─promises::with_promise_domain(...)
 10. │ │ │   │   └─domain$wrapSync(expr)
 11. │ │ │   │     └─base::force(expr)
 12. │ │ │   ├─shiny::captureStackTraces(...)
 13. │ │ │   │ └─promises::with_promise_domain(...)
 14. │ │ │   │   └─domain$wrapSync(expr)
 15. │ │ │   │     └─base::withCallingHandlers(expr, error = doCaptureStack)
 16. │ │ │   └─env$runWith(self, func)
 17. │ │ │     └─shiny (local) contextFunc()
 18. │ │ │       └─shiny::..stacktraceon..(expr)
 19. │ │ ├─shiny::withReactiveDomain(...)
 20. │ │ │ └─promises::with_promise_domain(...)
 21. │ │ │   └─domain$wrapSync(expr)
 22. │ │ │     └─base::force(expr)
 23. │ │ └─withr::with_options(...)
 24. │ │   └─base::force(code)
 25. │ ├─rlang::exec(app, !!!args)
 26. │ └─teal (local) `&lt;fn&gt;`(id = "test", data = `&lt;teal_dat&gt;`, modules = `&lt;tel_mdls&gt;`)
 27. │   └─shiny::moduleServer(...)
 28. │     ├─session$setReturned(callModule(module, id, session = session))
 29. │     └─shiny::callModule(module, id, session = session)
 30. │       ├─shiny::withReactiveDomain(...)
 31. │       │ └─promises::with_promise_domain(...)
 32. │       │   └─domain$wrapSync(expr)
 33. │       │     └─base::force(expr)
 34. │       └─teal::module(...)
 35. │         ├─shiny::insertUI(...)
 36. │         │ └─base::force(ui)
 37. │         ├─htmltools::tagList(...)
 38. │         │ └─rlang::dots_list(...)
 39. │         ├─tags$span(...)
 40. │         │ └─rlang::dots_list(...)
 41. │         └─tags$div(...)
 42. │           └─rlang::dots_list(...)
 43. └─base::.handleSimpleError(...)
 44.   └─shiny (local) h(simpleError(msg, call))</error>
    </testcase>
    <testcase time="0.0590000000000011" classname="module_teal" name="srv_teal_module.teal_module_passes_quoted_arguments_to_the_teal_module_server_call">
      <error type="error" message="Error: 'preview_report_button_ui' is not an exported object from 'namespace:teal.reporter' ('test-module_teal.R:993:5')">Error: 'preview_report_button_ui' is not an exported object from 'namespace:teal.reporter'
Backtrace:
     ▆
  1. ├─shiny::testServer(...) at test-module_teal.R:993:5
  2. │ ├─shiny:::withMockContext(session, rlang::exec(app, !!!args))
  3. │ │ ├─shiny::isolate(...)
  4. │ │ │ ├─shiny::..stacktraceoff..(...)
  5. │ │ │ └─ctx$run(...)
  6. │ │ │   ├─promises::with_promise_domain(...)
  7. │ │ │   │ └─domain$wrapSync(expr)
  8. │ │ │   ├─shiny::withReactiveDomain(...)
  9. │ │ │   │ └─promises::with_promise_domain(...)
 10. │ │ │   │   └─domain$wrapSync(expr)
 11. │ │ │   │     └─base::force(expr)
 12. │ │ │   ├─shiny::captureStackTraces(...)
 13. │ │ │   │ └─promises::with_promise_domain(...)
 14. │ │ │   │   └─domain$wrapSync(expr)
 15. │ │ │   │     └─base::withCallingHandlers(expr, error = doCaptureStack)
 16. │ │ │   └─env$runWith(self, func)
 17. │ │ │     └─shiny (local) contextFunc()
 18. │ │ │       └─shiny::..stacktraceon..(expr)
 19. │ │ ├─shiny::withReactiveDomain(...)
 20. │ │ │ └─promises::with_promise_domain(...)
 21. │ │ │   └─domain$wrapSync(expr)
 22. │ │ │     └─base::force(expr)
 23. │ │ └─withr::with_options(...)
 24. │ │   └─base::force(code)
 25. │ ├─rlang::exec(app, !!!args)
 26. │ └─teal (local) `&lt;fn&gt;`(id = "test", data = `&lt;teal_dat&gt;`, modules = `&lt;tel_mdls&gt;`)
 27. │   └─shiny::moduleServer(...)
 28. │     ├─session$setReturned(callModule(module, id, session = session))
 29. │     └─shiny::callModule(module, id, session = session)
 30. │       ├─shiny::withReactiveDomain(...)
 31. │       │ └─promises::with_promise_domain(...)
 32. │       │   └─domain$wrapSync(expr)
 33. │       │     └─base::force(expr)
 34. │       └─teal::module(...)
 35. │         ├─shiny::insertUI(...)
 36. │         │ └─base::force(ui)
 37. │         ├─htmltools::tagList(...)
 38. │         │ └─rlang::dots_list(...)
 39. │         ├─tags$span(...)
 40. │         │ └─rlang::dots_list(...)
 41. │         └─tags$div(...)
 42. │           └─rlang::dots_list(...)
 43. └─base::.handleSimpleError(...)
 44.   └─shiny (local) h(simpleError(msg, call))</error>
    </testcase>
    <testcase time="0.0650000000000013" classname="module_teal" name="srv_teal_module.teal_module_passes_filter_panel_api_if_specified">
      <error type="error" message="Error: 'preview_report_button_ui' is not an exported object from 'namespace:teal.reporter' ('test-module_teal.R:1013:5')">Error: 'preview_report_button_ui' is not an exported object from 'namespace:teal.reporter'
Backtrace:
     ▆
  1. ├─shiny::testServer(...) at test-module_teal.R:1013:5
  2. │ ├─shiny:::withMockContext(session, rlang::exec(app, !!!args))
  3. │ │ ├─shiny::isolate(...)
  4. │ │ │ ├─shiny::..stacktraceoff..(...)
  5. │ │ │ └─ctx$run(...)
  6. │ │ │   ├─promises::with_promise_domain(...)
  7. │ │ │   │ └─domain$wrapSync(expr)
  8. │ │ │   ├─shiny::withReactiveDomain(...)
  9. │ │ │   │ └─promises::with_promise_domain(...)
 10. │ │ │   │   └─domain$wrapSync(expr)
 11. │ │ │   │     └─base::force(expr)
 12. │ │ │   ├─shiny::captureStackTraces(...)
 13. │ │ │   │ └─promises::with_promise_domain(...)
 14. │ │ │   │   └─domain$wrapSync(expr)
 15. │ │ │   │     └─base::withCallingHandlers(expr, error = doCaptureStack)
 16. │ │ │   └─env$runWith(self, func)
 17. │ │ │     └─shiny (local) contextFunc()
 18. │ │ │       └─shiny::..stacktraceon..(expr)
 19. │ │ ├─shiny::withReactiveDomain(...)
 20. │ │ │ └─promises::with_promise_domain(...)
 21. │ │ │   └─domain$wrapSync(expr)
 22. │ │ │     └─base::force(expr)
 23. │ │ └─withr::with_options(...)
 24. │ │   └─base::force(code)
 25. │ ├─rlang::exec(app, !!!args)
 26. │ └─teal (local) `&lt;fn&gt;`(id = "test", data = `&lt;teal_dat&gt;`, modules = `&lt;tel_mdls&gt;`)
 27. │   └─shiny::moduleServer(...)
 28. │     ├─session$setReturned(callModule(module, id, session = session))
 29. │     └─shiny::callModule(module, id, session = session)
 30. │       ├─shiny::withReactiveDomain(...)
 31. │       │ └─promises::with_promise_domain(...)
 32. │       │   └─domain$wrapSync(expr)
 33. │       │     └─base::force(expr)
 34. │       └─teal::module(...)
 35. │         ├─shiny::insertUI(...)
 36. │         │ └─base::force(ui)
 37. │         ├─htmltools::tagList(...)
 38. │         │ └─rlang::dots_list(...)
 39. │         ├─tags$span(...)
 40. │         │ └─rlang::dots_list(...)
 41. │         └─tags$div(...)
 42. │           └─rlang::dots_list(...)
 43. └─base::.handleSimpleError(...)
 44.   └─shiny (local) h(simpleError(msg, call))</error>
    </testcase>
    <testcase time="0.0589999999999975" classname="module_teal" name="srv_teal_module.teal_module_passes_Reporter_if_specified">
      <error type="error" message="Error: 'preview_report_button_ui' is not an exported object from 'namespace:teal.reporter' ('test-module_teal.R:1030:5')">Error: 'preview_report_button_ui' is not an exported object from 'namespace:teal.reporter'
Backtrace:
     ▆
  1. ├─shiny::testServer(...) at test-module_teal.R:1030:5
  2. │ ├─shiny:::withMockContext(session, rlang::exec(app, !!!args))
  3. │ │ ├─shiny::isolate(...)
  4. │ │ │ ├─shiny::..stacktraceoff..(...)
  5. │ │ │ └─ctx$run(...)
  6. │ │ │   ├─promises::with_promise_domain(...)
  7. │ │ │   │ └─domain$wrapSync(expr)
  8. │ │ │   ├─shiny::withReactiveDomain(...)
  9. │ │ │   │ └─promises::with_promise_domain(...)
 10. │ │ │   │   └─domain$wrapSync(expr)
 11. │ │ │   │     └─base::force(expr)
 12. │ │ │   ├─shiny::captureStackTraces(...)
 13. │ │ │   │ └─promises::with_promise_domain(...)
 14. │ │ │   │   └─domain$wrapSync(expr)
 15. │ │ │   │     └─base::withCallingHandlers(expr, error = doCaptureStack)
 16. │ │ │   └─env$runWith(self, func)
 17. │ │ │     └─shiny (local) contextFunc()
 18. │ │ │       └─shiny::..stacktraceon..(expr)
 19. │ │ ├─shiny::withReactiveDomain(...)
 20. │ │ │ └─promises::with_promise_domain(...)
 21. │ │ │   └─domain$wrapSync(expr)
 22. │ │ │     └─base::force(expr)
 23. │ │ └─withr::with_options(...)
 24. │ │   └─base::force(code)
 25. │ ├─rlang::exec(app, !!!args)
 26. │ └─teal (local) `&lt;fn&gt;`(id = "test", data = `&lt;teal_dat&gt;`, modules = `&lt;tel_mdls&gt;`)
 27. │   └─shiny::moduleServer(...)
 28. │     ├─session$setReturned(callModule(module, id, session = session))
 29. │     └─shiny::callModule(module, id, session = session)
 30. │       ├─shiny::withReactiveDomain(...)
 31. │       │ └─promises::with_promise_domain(...)
 32. │       │   └─domain$wrapSync(expr)
 33. │       │     └─base::force(expr)
 34. │       └─teal::module(...)
 35. │         ├─shiny::insertUI(...)
 36. │         │ └─base::force(ui)
 37. │         ├─htmltools::tagList(...)
 38. │         │ └─rlang::dots_list(...)
 39. │         ├─tags$span(...)
 40. │         │ └─rlang::dots_list(...)
 41. │         └─tags$div(...)
 42. │           └─rlang::dots_list(...)
 43. └─base::.handleSimpleError(...)
 44.   └─shiny (local) h(simpleError(msg, call))</error>
    </testcase>
    <testcase time="0.0630000000000024" classname="module_teal" name="does_not_receive_report_previewer_when_none_of_the_modules_contain_reporter_argument">
      <error type="error" message="Error: 'preview_report_button_ui' is not an exported object from 'namespace:teal.reporter' ('test-module_teal.R:1047:5')">Error: 'preview_report_button_ui' is not an exported object from 'namespace:teal.reporter'
Backtrace:
     ▆
  1. ├─shiny::testServer(...) at test-module_teal.R:1047:5
  2. │ ├─shiny:::withMockContext(session, rlang::exec(app, !!!args))
  3. │ │ ├─shiny::isolate(...)
  4. │ │ │ ├─shiny::..stacktraceoff..(...)
  5. │ │ │ └─ctx$run(...)
  6. │ │ │   ├─promises::with_promise_domain(...)
  7. │ │ │   │ └─domain$wrapSync(expr)
  8. │ │ │   ├─shiny::withReactiveDomain(...)
  9. │ │ │   │ └─promises::with_promise_domain(...)
 10. │ │ │   │   └─domain$wrapSync(expr)
 11. │ │ │   │     └─base::force(expr)
 12. │ │ │   ├─shiny::captureStackTraces(...)
 13. │ │ │   │ └─promises::with_promise_domain(...)
 14. │ │ │   │   └─domain$wrapSync(expr)
 15. │ │ │   │     └─base::withCallingHandlers(expr, error = doCaptureStack)
 16. │ │ │   └─env$runWith(self, func)
 17. │ │ │     └─shiny (local) contextFunc()
 18. │ │ │       └─shiny::..stacktraceon..(expr)
 19. │ │ ├─shiny::withReactiveDomain(...)
 20. │ │ │ └─promises::with_promise_domain(...)
 21. │ │ │   └─domain$wrapSync(expr)
 22. │ │ │     └─base::force(expr)
 23. │ │ └─withr::with_options(...)
 24. │ │   └─base::force(code)
 25. │ ├─rlang::exec(app, !!!args)
 26. │ └─teal (local) `&lt;fn&gt;`(id = "test", data = `&lt;teal_dat&gt;`, modules = `&lt;tel_mdls&gt;`)
 27. │   └─shiny::moduleServer(...)
 28. │     ├─session$setReturned(callModule(module, id, session = session))
 29. │     └─shiny::callModule(module, id, session = session)
 30. │       ├─shiny::withReactiveDomain(...)
 31. │       │ └─promises::with_promise_domain(...)
 32. │       │   └─domain$wrapSync(expr)
 33. │       │     └─base::force(expr)
 34. │       └─teal::module(...)
 35. │         ├─shiny::insertUI(...)
 36. │         │ └─base::force(ui)
 37. │         ├─htmltools::tagList(...)
 38. │         │ └─rlang::dots_list(...)
 39. │         ├─tags$span(...)
 40. │         │ └─rlang::dots_list(...)
 41. │         └─tags$div(...)
 42. │           └─rlang::dots_list(...)
 43. └─base::.handleSimpleError(...)
 44.   └─shiny (local) h(simpleError(msg, call))</error>
    </testcase>
    <testcase time="0.0649999999999977" classname="module_teal" name="is_set_to_initial_filters_when_module_specific">
      <error type="error" message="Error: 'preview_report_button_ui' is not an exported object from 'namespace:teal.reporter' ('test-module_teal.R:1076:7')">Error: 'preview_report_button_ui' is not an exported object from 'namespace:teal.reporter'
Backtrace:
     ▆
  1. ├─shiny::testServer(...) at test-module_teal.R:1076:7
  2. │ ├─shiny:::withMockContext(session, rlang::exec(app, !!!args))
  3. │ │ ├─shiny::isolate(...)
  4. │ │ │ ├─shiny::..stacktraceoff..(...)
  5. │ │ │ └─ctx$run(...)
  6. │ │ │   ├─promises::with_promise_domain(...)
  7. │ │ │   │ └─domain$wrapSync(expr)
  8. │ │ │   ├─shiny::withReactiveDomain(...)
  9. │ │ │   │ └─promises::with_promise_domain(...)
 10. │ │ │   │   └─domain$wrapSync(expr)
 11. │ │ │   │     └─base::force(expr)
 12. │ │ │   ├─shiny::captureStackTraces(...)
 13. │ │ │   │ └─promises::with_promise_domain(...)
 14. │ │ │   │   └─domain$wrapSync(expr)
 15. │ │ │   │     └─base::withCallingHandlers(expr, error = doCaptureStack)
 16. │ │ │   └─env$runWith(self, func)
 17. │ │ │     └─shiny (local) contextFunc()
 18. │ │ │       └─shiny::..stacktraceon..(expr)
 19. │ │ ├─shiny::withReactiveDomain(...)
 20. │ │ │ └─promises::with_promise_domain(...)
 21. │ │ │   └─domain$wrapSync(expr)
 22. │ │ │     └─base::force(expr)
 23. │ │ └─withr::with_options(...)
 24. │ │   └─base::force(code)
 25. │ ├─rlang::exec(app, !!!args)
 26. │ └─teal (local) `&lt;fn&gt;`(...)
 27. │   └─shiny::moduleServer(...)
 28. │     ├─session$setReturned(callModule(module, id, session = session))
 29. │     └─shiny::callModule(module, id, session = session)
 30. │       ├─shiny::withReactiveDomain(...)
 31. │       │ └─promises::with_promise_domain(...)
 32. │       │   └─domain$wrapSync(expr)
 33. │       │     └─base::force(expr)
 34. │       └─teal::module(...)
 35. │         ├─shiny::insertUI(...)
 36. │         │ └─base::force(ui)
 37. │         ├─htmltools::tagList(...)
 38. │         │ └─rlang::dots_list(...)
 39. │         ├─tags$span(...)
 40. │         │ └─rlang::dots_list(...)
 41. │         └─tags$div(...)
 42. │           └─rlang::dots_list(...)
 43. └─base::.handleSimpleError(...)
 44.   └─shiny (local) h(simpleError(msg, call))</error>
    </testcase>
    <testcase time="0.0680000000000014" classname="module_teal" name="is_set_to_initial_filters_with_resolved_attr_mapping_modules_label_when_module_specific_">
      <error type="error" message="Error: 'preview_report_button_ui' is not an exported object from 'namespace:teal.reporter' ('test-module_teal.R:1098:7')">Error: 'preview_report_button_ui' is not an exported object from 'namespace:teal.reporter'
Backtrace:
     ▆
  1. ├─shiny::testServer(...) at test-module_teal.R:1098:7
  2. │ ├─shiny:::withMockContext(session, rlang::exec(app, !!!args))
  3. │ │ ├─shiny::isolate(...)
  4. │ │ │ ├─shiny::..stacktraceoff..(...)
  5. │ │ │ └─ctx$run(...)
  6. │ │ │   ├─promises::with_promise_domain(...)
  7. │ │ │   │ └─domain$wrapSync(expr)
  8. │ │ │   ├─shiny::withReactiveDomain(...)
  9. │ │ │   │ └─promises::with_promise_domain(...)
 10. │ │ │   │   └─domain$wrapSync(expr)
 11. │ │ │   │     └─base::force(expr)
 12. │ │ │   ├─shiny::captureStackTraces(...)
 13. │ │ │   │ └─promises::with_promise_domain(...)
 14. │ │ │   │   └─domain$wrapSync(expr)
 15. │ │ │   │     └─base::withCallingHandlers(expr, error = doCaptureStack)
 16. │ │ │   └─env$runWith(self, func)
 17. │ │ │     └─shiny (local) contextFunc()
 18. │ │ │       └─shiny::..stacktraceon..(expr)
 19. │ │ ├─shiny::withReactiveDomain(...)
 20. │ │ │ └─promises::with_promise_domain(...)
 21. │ │ │   └─domain$wrapSync(expr)
 22. │ │ │     └─base::force(expr)
 23. │ │ └─withr::with_options(...)
 24. │ │   └─base::force(code)
 25. │ ├─rlang::exec(app, !!!args)
 26. │ └─teal (local) `&lt;fn&gt;`(...)
 27. │   └─shiny::moduleServer(...)
 28. │     ├─session$setReturned(callModule(module, id, session = session))
 29. │     └─shiny::callModule(module, id, session = session)
 30. │       ├─shiny::withReactiveDomain(...)
 31. │       │ └─promises::with_promise_domain(...)
 32. │       │   └─domain$wrapSync(expr)
 33. │       │     └─base::force(expr)
 34. │       └─teal::module(...)
 35. │         ├─shiny::insertUI(...)
 36. │         │ └─base::force(ui)
 37. │         ├─htmltools::tagList(...)
 38. │         │ └─rlang::dots_list(...)
 39. │         ├─tags$span(...)
 40. │         │ └─rlang::dots_list(...)
 41. │         └─tags$div(...)
 42. │           └─rlang::dots_list(...)
 43. └─base::.handleSimpleError(...)
 44.   └─shiny (local) h(simpleError(msg, call))</error>
    </testcase>
    <testcase time="0.0640000000000001" classname="module_teal" name="slices_in_slicesGlobal_and_in_FilteredData_refer_to_the_same_object">
      <error type="error" message="Error: 'preview_report_button_ui' is not an exported object from 'namespace:teal.reporter' ('test-module_teal.R:1128:7')">Error: 'preview_report_button_ui' is not an exported object from 'namespace:teal.reporter'
Backtrace:
     ▆
  1. ├─shiny::testServer(...) at test-module_teal.R:1128:7
  2. │ ├─shiny:::withMockContext(session, rlang::exec(app, !!!args))
  3. │ │ ├─shiny::isolate(...)
  4. │ │ │ ├─shiny::..stacktraceoff..(...)
  5. │ │ │ └─ctx$run(...)
  6. │ │ │   ├─promises::with_promise_domain(...)
  7. │ │ │   │ └─domain$wrapSync(expr)
  8. │ │ │   ├─shiny::withReactiveDomain(...)
  9. │ │ │   │ └─promises::with_promise_domain(...)
 10. │ │ │   │   └─domain$wrapSync(expr)
 11. │ │ │   │     └─base::force(expr)
 12. │ │ │   ├─shiny::captureStackTraces(...)
 13. │ │ │   │ └─promises::with_promise_domain(...)
 14. │ │ │   │   └─domain$wrapSync(expr)
 15. │ │ │   │     └─base::withCallingHandlers(expr, error = doCaptureStack)
 16. │ │ │   └─env$runWith(self, func)
 17. │ │ │     └─shiny (local) contextFunc()
 18. │ │ │       └─shiny::..stacktraceon..(expr)
 19. │ │ ├─shiny::withReactiveDomain(...)
 20. │ │ │ └─promises::with_promise_domain(...)
 21. │ │ │   └─domain$wrapSync(expr)
 22. │ │ │     └─base::force(expr)
 23. │ │ └─withr::with_options(...)
 24. │ │   └─base::force(code)
 25. │ ├─rlang::exec(app, !!!args)
 26. │ └─teal (local) `&lt;fn&gt;`(...)
 27. │   └─shiny::moduleServer(...)
 28. │     ├─session$setReturned(callModule(module, id, session = session))
 29. │     └─shiny::callModule(module, id, session = session)
 30. │       ├─shiny::withReactiveDomain(...)
 31. │       │ └─promises::with_promise_domain(...)
 32. │       │   └─domain$wrapSync(expr)
 33. │       │     └─base::force(expr)
 34. │       └─teal::module(...)
 35. │         ├─shiny::insertUI(...)
 36. │         │ └─base::force(ui)
 37. │         ├─htmltools::tagList(...)
 38. │         │ └─rlang::dots_list(...)
 39. │         ├─tags$span(...)
 40. │         │ └─rlang::dots_list(...)
 41. │         └─tags$div(...)
 42. │           └─rlang::dots_list(...)
 43. └─base::.handleSimpleError(...)
 44.   └─shiny (local) h(simpleError(msg, call))</error>
    </testcase>
    <testcase time="0.0569999999999986" classname="module_teal" name="appends_new_slice_and_activates_in_global_filters_when_added_in_a_module_if_module_specific">
      <error type="error" message="Error: 'preview_report_button_ui' is not an exported object from 'namespace:teal.reporter' ('test-module_teal.R:1151:7')">Error: 'preview_report_button_ui' is not an exported object from 'namespace:teal.reporter'
Backtrace:
     ▆
  1. ├─shiny::testServer(...) at test-module_teal.R:1151:7
  2. │ ├─shiny:::withMockContext(session, rlang::exec(app, !!!args))
  3. │ │ ├─shiny::isolate(...)
  4. │ │ │ ├─shiny::..stacktraceoff..(...)
  5. │ │ │ └─ctx$run(...)
  6. │ │ │   ├─promises::with_promise_domain(...)
  7. │ │ │   │ └─domain$wrapSync(expr)
  8. │ │ │   ├─shiny::withReactiveDomain(...)
  9. │ │ │   │ └─promises::with_promise_domain(...)
 10. │ │ │   │   └─domain$wrapSync(expr)
 11. │ │ │   │     └─base::force(expr)
 12. │ │ │   ├─shiny::captureStackTraces(...)
 13. │ │ │   │ └─promises::with_promise_domain(...)
 14. │ │ │   │   └─domain$wrapSync(expr)
 15. │ │ │   │     └─base::withCallingHandlers(expr, error = doCaptureStack)
 16. │ │ │   └─env$runWith(self, func)
 17. │ │ │     └─shiny (local) contextFunc()
 18. │ │ │       └─shiny::..stacktraceon..(expr)
 19. │ │ ├─shiny::withReactiveDomain(...)
 20. │ │ │ └─promises::with_promise_domain(...)
 21. │ │ │   └─domain$wrapSync(expr)
 22. │ │ │     └─base::force(expr)
 23. │ │ └─withr::with_options(...)
 24. │ │   └─base::force(code)
 25. │ ├─rlang::exec(app, !!!args)
 26. │ └─teal (local) `&lt;fn&gt;`(...)
 27. │   └─shiny::moduleServer(...)
 28. │     ├─session$setReturned(callModule(module, id, session = session))
 29. │     └─shiny::callModule(module, id, session = session)
 30. │       ├─shiny::withReactiveDomain(...)
 31. │       │ └─promises::with_promise_domain(...)
 32. │       │   └─domain$wrapSync(expr)
 33. │       │     └─base::force(expr)
 34. │       └─teal::module(...)
 35. │         ├─shiny::insertUI(...)
 36. │         │ └─base::force(ui)
 37. │         ├─htmltools::tagList(...)
 38. │         │ └─rlang::dots_list(...)
 39. │         ├─tags$span(...)
 40. │         │ └─rlang::dots_list(...)
 41. │         └─tags$div(...)
 42. │           └─rlang::dots_list(...)
 43. └─base::.handleSimpleError(...)
 44.   └─shiny (local) h(simpleError(msg, call))</error>
    </testcase>
    <testcase time="0.0630000000000024" classname="module_teal" name="deactivates_in_global_filters_when_removed_from_module_if_module_specific">
      <error type="error" message="Error: 'preview_report_button_ui' is not an exported object from 'namespace:teal.reporter' ('test-module_teal.R:1181:7')">Error: 'preview_report_button_ui' is not an exported object from 'namespace:teal.reporter'
Backtrace:
     ▆
  1. ├─shiny::testServer(...) at test-module_teal.R:1181:7
  2. │ ├─shiny:::withMockContext(session, rlang::exec(app, !!!args))
  3. │ │ ├─shiny::isolate(...)
  4. │ │ │ ├─shiny::..stacktraceoff..(...)
  5. │ │ │ └─ctx$run(...)
  6. │ │ │   ├─promises::with_promise_domain(...)
  7. │ │ │   │ └─domain$wrapSync(expr)
  8. │ │ │   ├─shiny::withReactiveDomain(...)
  9. │ │ │   │ └─promises::with_promise_domain(...)
 10. │ │ │   │   └─domain$wrapSync(expr)
 11. │ │ │   │     └─base::force(expr)
 12. │ │ │   ├─shiny::captureStackTraces(...)
 13. │ │ │   │ └─promises::with_promise_domain(...)
 14. │ │ │   │   └─domain$wrapSync(expr)
 15. │ │ │   │     └─base::withCallingHandlers(expr, error = doCaptureStack)
 16. │ │ │   └─env$runWith(self, func)
 17. │ │ │     └─shiny (local) contextFunc()
 18. │ │ │       └─shiny::..stacktraceon..(expr)
 19. │ │ ├─shiny::withReactiveDomain(...)
 20. │ │ │ └─promises::with_promise_domain(...)
 21. │ │ │   └─domain$wrapSync(expr)
 22. │ │ │     └─base::force(expr)
 23. │ │ └─withr::with_options(...)
 24. │ │   └─base::force(code)
 25. │ ├─rlang::exec(app, !!!args)
 26. │ └─teal (local) `&lt;fn&gt;`(...)
 27. │   └─shiny::moduleServer(...)
 28. │     ├─session$setReturned(callModule(module, id, session = session))
 29. │     └─shiny::callModule(module, id, session = session)
 30. │       ├─shiny::withReactiveDomain(...)
 31. │       │ └─promises::with_promise_domain(...)
 32. │       │   └─domain$wrapSync(expr)
 33. │       │     └─base::force(expr)
 34. │       └─teal::module(...)
 35. │         ├─shiny::insertUI(...)
 36. │         │ └─base::force(ui)
 37. │         ├─htmltools::tagList(...)
 38. │         │ └─rlang::dots_list(...)
 39. │         ├─tags$span(...)
 40. │         │ └─rlang::dots_list(...)
 41. │         └─tags$div(...)
 42. │           └─rlang::dots_list(...)
 43. └─base::.handleSimpleError(...)
 44.   └─shiny (local) h(simpleError(msg, call))</error>
    </testcase>
    <testcase time="0.0569999999999986" classname="module_teal" name="appends_new_slice_and_activates_in_module_when_added_in_a_module_if_module_specific">
      <error type="error" message="Error: 'preview_report_button_ui' is not an exported object from 'namespace:teal.reporter' ('test-module_teal.R:1216:7')">Error: 'preview_report_button_ui' is not an exported object from 'namespace:teal.reporter'
Backtrace:
     ▆
  1. ├─shiny::testServer(...) at test-module_teal.R:1216:7
  2. │ ├─shiny:::withMockContext(session, rlang::exec(app, !!!args))
  3. │ │ ├─shiny::isolate(...)
  4. │ │ │ ├─shiny::..stacktraceoff..(...)
  5. │ │ │ └─ctx$run(...)
  6. │ │ │   ├─promises::with_promise_domain(...)
  7. │ │ │   │ └─domain$wrapSync(expr)
  8. │ │ │   ├─shiny::withReactiveDomain(...)
  9. │ │ │   │ └─promises::with_promise_domain(...)
 10. │ │ │   │   └─domain$wrapSync(expr)
 11. │ │ │   │     └─base::force(expr)
 12. │ │ │   ├─shiny::captureStackTraces(...)
 13. │ │ │   │ └─promises::with_promise_domain(...)
 14. │ │ │   │   └─domain$wrapSync(expr)
 15. │ │ │   │     └─base::withCallingHandlers(expr, error = doCaptureStack)
 16. │ │ │   └─env$runWith(self, func)
 17. │ │ │     └─shiny (local) contextFunc()
 18. │ │ │       └─shiny::..stacktraceon..(expr)
 19. │ │ ├─shiny::withReactiveDomain(...)
 20. │ │ │ └─promises::with_promise_domain(...)
 21. │ │ │   └─domain$wrapSync(expr)
 22. │ │ │     └─base::force(expr)
 23. │ │ └─withr::with_options(...)
 24. │ │   └─base::force(code)
 25. │ ├─rlang::exec(app, !!!args)
 26. │ └─teal (local) `&lt;fn&gt;`(...)
 27. │   └─shiny::moduleServer(...)
 28. │     ├─session$setReturned(callModule(module, id, session = session))
 29. │     └─shiny::callModule(module, id, session = session)
 30. │       ├─shiny::withReactiveDomain(...)
 31. │       │ └─promises::with_promise_domain(...)
 32. │       │   └─domain$wrapSync(expr)
 33. │       │     └─base::force(expr)
 34. │       └─teal::module(...)
 35. │         ├─shiny::insertUI(...)
 36. │         │ └─base::force(ui)
 37. │         ├─htmltools::tagList(...)
 38. │         │ └─rlang::dots_list(...)
 39. │         ├─tags$span(...)
 40. │         │ └─rlang::dots_list(...)
 41. │         └─tags$div(...)
 42. │           └─rlang::dots_list(...)
 43. └─base::.handleSimpleError(...)
 44.   └─shiny (local) h(simpleError(msg, call))</error>
    </testcase>
    <testcase time="0.0629999999999988" classname="module_teal" name="appends_added_duplicated_slice_and_makes_new_slice_id_unique">
      <error type="error" message="Error: 'preview_report_button_ui' is not an exported object from 'namespace:teal.reporter' ('test-module_teal.R:1246:7')">Error: 'preview_report_button_ui' is not an exported object from 'namespace:teal.reporter'
Backtrace:
     ▆
  1. ├─shiny::testServer(...) at test-module_teal.R:1246:7
  2. │ ├─shiny:::withMockContext(session, rlang::exec(app, !!!args))
  3. │ │ ├─shiny::isolate(...)
  4. │ │ │ ├─shiny::..stacktraceoff..(...)
  5. │ │ │ └─ctx$run(...)
  6. │ │ │   ├─promises::with_promise_domain(...)
  7. │ │ │   │ └─domain$wrapSync(expr)
  8. │ │ │   ├─shiny::withReactiveDomain(...)
  9. │ │ │   │ └─promises::with_promise_domain(...)
 10. │ │ │   │   └─domain$wrapSync(expr)
 11. │ │ │   │     └─base::force(expr)
 12. │ │ │   ├─shiny::captureStackTraces(...)
 13. │ │ │   │ └─promises::with_promise_domain(...)
 14. │ │ │   │   └─domain$wrapSync(expr)
 15. │ │ │   │     └─base::withCallingHandlers(expr, error = doCaptureStack)
 16. │ │ │   └─env$runWith(self, func)
 17. │ │ │     └─shiny (local) contextFunc()
 18. │ │ │       └─shiny::..stacktraceon..(expr)
 19. │ │ ├─shiny::withReactiveDomain(...)
 20. │ │ │ └─promises::with_promise_domain(...)
 21. │ │ │   └─domain$wrapSync(expr)
 22. │ │ │     └─base::force(expr)
 23. │ │ └─withr::with_options(...)
 24. │ │   └─base::force(code)
 25. │ ├─rlang::exec(app, !!!args)
 26. │ └─teal (local) `&lt;fn&gt;`(...)
 27. │   └─shiny::moduleServer(...)
 28. │     ├─session$setReturned(callModule(module, id, session = session))
 29. │     └─shiny::callModule(module, id, session = session)
 30. │       ├─shiny::withReactiveDomain(...)
 31. │       │ └─promises::with_promise_domain(...)
 32. │       │   └─domain$wrapSync(expr)
 33. │       │     └─base::force(expr)
 34. │       └─teal::module(...)
 35. │         ├─shiny::insertUI(...)
 36. │         │ └─base::force(ui)
 37. │         ├─htmltools::tagList(...)
 38. │         │ └─rlang::dots_list(...)
 39. │         ├─tags$span(...)
 40. │         │ └─rlang::dots_list(...)
 41. │         └─tags$div(...)
 42. │           └─rlang::dots_list(...)
 43. └─base::.handleSimpleError(...)
 44.   └─shiny (local) h(simpleError(msg, call))</error>
    </testcase>
    <testcase time="0.0620000000000012" classname="module_teal" name="deactivates_in_module_when_removed_from_module_if_module_specific">
      <error type="error" message="Error: 'preview_report_button_ui' is not an exported object from 'namespace:teal.reporter' ('test-module_teal.R:1283:7')">Error: 'preview_report_button_ui' is not an exported object from 'namespace:teal.reporter'
Backtrace:
     ▆
  1. ├─shiny::testServer(...) at test-module_teal.R:1283:7
  2. │ ├─shiny:::withMockContext(session, rlang::exec(app, !!!args))
  3. │ │ ├─shiny::isolate(...)
  4. │ │ │ ├─shiny::..stacktraceoff..(...)
  5. │ │ │ └─ctx$run(...)
  6. │ │ │   ├─promises::with_promise_domain(...)
  7. │ │ │   │ └─domain$wrapSync(expr)
  8. │ │ │   ├─shiny::withReactiveDomain(...)
  9. │ │ │   │ └─promises::with_promise_domain(...)
 10. │ │ │   │   └─domain$wrapSync(expr)
 11. │ │ │   │     └─base::force(expr)
 12. │ │ │   ├─shiny::captureStackTraces(...)
 13. │ │ │   │ └─promises::with_promise_domain(...)
 14. │ │ │   │   └─domain$wrapSync(expr)
 15. │ │ │   │     └─base::withCallingHandlers(expr, error = doCaptureStack)
 16. │ │ │   └─env$runWith(self, func)
 17. │ │ │     └─shiny (local) contextFunc()
 18. │ │ │       └─shiny::..stacktraceon..(expr)
 19. │ │ ├─shiny::withReactiveDomain(...)
 20. │ │ │ └─promises::with_promise_domain(...)
 21. │ │ │   └─domain$wrapSync(expr)
 22. │ │ │     └─base::force(expr)
 23. │ │ └─withr::with_options(...)
 24. │ │   └─base::force(code)
 25. │ ├─rlang::exec(app, !!!args)
 26. │ └─teal (local) `&lt;fn&gt;`(...)
 27. │   └─shiny::moduleServer(...)
 28. │     ├─session$setReturned(callModule(module, id, session = session))
 29. │     └─shiny::callModule(module, id, session = session)
 30. │       ├─shiny::withReactiveDomain(...)
 31. │       │ └─promises::with_promise_domain(...)
 32. │       │   └─domain$wrapSync(expr)
 33. │       │     └─base::force(expr)
 34. │       └─teal::module(...)
 35. │         ├─shiny::insertUI(...)
 36. │         │ └─base::force(ui)
 37. │         ├─htmltools::tagList(...)
 38. │         │ └─rlang::dots_list(...)
 39. │         ├─tags$span(...)
 40. │         │ └─rlang::dots_list(...)
 41. │         └─tags$div(...)
 42. │           └─rlang::dots_list(...)
 43. └─base::.handleSimpleError(...)
 44.   └─shiny (local) h(simpleError(msg, call))</error>
    </testcase>
    <testcase time="0.0629999999999988" classname="module_teal" name="auto_resolves_to_mapping_m_when_setting_slices_with_mapping_global_filters_in_module_specific_">
      <error type="error" message="Error: 'preview_report_button_ui' is not an exported object from 'namespace:teal.reporter' ('test-module_teal.R:1319:7')">Error: 'preview_report_button_ui' is not an exported object from 'namespace:teal.reporter'
Backtrace:
     ▆
  1. ├─shiny::testServer(...) at test-module_teal.R:1319:7
  2. │ ├─shiny:::withMockContext(session, rlang::exec(app, !!!args))
  3. │ │ ├─shiny::isolate(...)
  4. │ │ │ ├─shiny::..stacktraceoff..(...)
  5. │ │ │ └─ctx$run(...)
  6. │ │ │   ├─promises::with_promise_domain(...)
  7. │ │ │   │ └─domain$wrapSync(expr)
  8. │ │ │   ├─shiny::withReactiveDomain(...)
  9. │ │ │   │ └─promises::with_promise_domain(...)
 10. │ │ │   │   └─domain$wrapSync(expr)
 11. │ │ │   │     └─base::force(expr)
 12. │ │ │   ├─shiny::captureStackTraces(...)
 13. │ │ │   │ └─promises::with_promise_domain(...)
 14. │ │ │   │   └─domain$wrapSync(expr)
 15. │ │ │   │     └─base::withCallingHandlers(expr, error = doCaptureStack)
 16. │ │ │   └─env$runWith(self, func)
 17. │ │ │     └─shiny (local) contextFunc()
 18. │ │ │       └─shiny::..stacktraceon..(expr)
 19. │ │ ├─shiny::withReactiveDomain(...)
 20. │ │ │ └─promises::with_promise_domain(...)
 21. │ │ │   └─domain$wrapSync(expr)
 22. │ │ │     └─base::force(expr)
 23. │ │ └─withr::with_options(...)
 24. │ │   └─base::force(code)
 25. │ ├─rlang::exec(app, !!!args)
 26. │ └─teal (local) `&lt;fn&gt;`(...)
 27. │   └─shiny::moduleServer(...)
 28. │     ├─session$setReturned(callModule(module, id, session = session))
 29. │     └─shiny::callModule(module, id, session = session)
 30. │       ├─shiny::withReactiveDomain(...)
 31. │       │ └─promises::with_promise_domain(...)
 32. │       │   └─domain$wrapSync(expr)
 33. │       │     └─base::force(expr)
 34. │       └─teal::module(...)
 35. │         ├─shiny::insertUI(...)
 36. │         │ └─base::force(ui)
 37. │         ├─htmltools::tagList(...)
 38. │         │ └─rlang::dots_list(...)
 39. │         ├─tags$span(...)
 40. │         │ └─rlang::dots_list(...)
 41. │         └─tags$div(...)
 42. │           └─rlang::dots_list(...)
 43. └─base::.handleSimpleError(...)
 44.   └─shiny (local) h(simpleError(msg, call))</error>
    </testcase>
    <testcase time="0.0570000000000022" classname="module_teal" name="sets_filters_from_mapping_mod_to_all_modules_FilteredData_when_module_specific">
      <error type="error" message="Error: 'preview_report_button_ui' is not an exported object from 'namespace:teal.reporter' ('test-module_teal.R:1353:7')">Error: 'preview_report_button_ui' is not an exported object from 'namespace:teal.reporter'
Backtrace:
     ▆
  1. ├─shiny::testServer(...) at test-module_teal.R:1353:7
  2. │ ├─shiny:::withMockContext(session, rlang::exec(app, !!!args))
  3. │ │ ├─shiny::isolate(...)
  4. │ │ │ ├─shiny::..stacktraceoff..(...)
  5. │ │ │ └─ctx$run(...)
  6. │ │ │   ├─promises::with_promise_domain(...)
  7. │ │ │   │ └─domain$wrapSync(expr)
  8. │ │ │   ├─shiny::withReactiveDomain(...)
  9. │ │ │   │ └─promises::with_promise_domain(...)
 10. │ │ │   │   └─domain$wrapSync(expr)
 11. │ │ │   │     └─base::force(expr)
 12. │ │ │   ├─shiny::captureStackTraces(...)
 13. │ │ │   │ └─promises::with_promise_domain(...)
 14. │ │ │   │   └─domain$wrapSync(expr)
 15. │ │ │   │     └─base::withCallingHandlers(expr, error = doCaptureStack)
 16. │ │ │   └─env$runWith(self, func)
 17. │ │ │     └─shiny (local) contextFunc()
 18. │ │ │       └─shiny::..stacktraceon..(expr)
 19. │ │ ├─shiny::withReactiveDomain(...)
 20. │ │ │ └─promises::with_promise_domain(...)
 21. │ │ │   └─domain$wrapSync(expr)
 22. │ │ │     └─base::force(expr)
 23. │ │ └─withr::with_options(...)
 24. │ │   └─base::force(code)
 25. │ ├─rlang::exec(app, !!!args)
 26. │ └─teal (local) `&lt;fn&gt;`(...)
 27. │   └─shiny::moduleServer(...)
 28. │     ├─session$setReturned(callModule(module, id, session = session))
 29. │     └─shiny::callModule(module, id, session = session)
 30. │       ├─shiny::withReactiveDomain(...)
 31. │       │ └─promises::with_promise_domain(...)
 32. │       │   └─domain$wrapSync(expr)
 33. │       │     └─base::force(expr)
 34. │       └─teal::module(...)
 35. │         ├─shiny::insertUI(...)
 36. │         │ └─base::force(ui)
 37. │         ├─htmltools::tagList(...)
 38. │         │ └─rlang::dots_list(...)
 39. │         ├─tags$span(...)
 40. │         │ └─rlang::dots_list(...)
 41. │         └─tags$div(...)
 42. │           └─rlang::dots_list(...)
 43. └─base::.handleSimpleError(...)
 44.   └─shiny (local) h(simpleError(msg, call))</error>
    </testcase>
    <testcase time="0.0579999999999998" classname="module_teal" name="sets_filters_from_mapping_mod_to_module_s_FilteredData_when_module_specific">
      <error type="error" message="Error: 'preview_report_button_ui' is not an exported object from 'namespace:teal.reporter' ('test-module_teal.R:1384:7')">Error: 'preview_report_button_ui' is not an exported object from 'namespace:teal.reporter'
Backtrace:
     ▆
  1. ├─shiny::testServer(...) at test-module_teal.R:1384:7
  2. │ ├─shiny:::withMockContext(session, rlang::exec(app, !!!args))
  3. │ │ ├─shiny::isolate(...)
  4. │ │ │ ├─shiny::..stacktraceoff..(...)
  5. │ │ │ └─ctx$run(...)
  6. │ │ │   ├─promises::with_promise_domain(...)
  7. │ │ │   │ └─domain$wrapSync(expr)
  8. │ │ │   ├─shiny::withReactiveDomain(...)
  9. │ │ │   │ └─promises::with_promise_domain(...)
 10. │ │ │   │   └─domain$wrapSync(expr)
 11. │ │ │   │     └─base::force(expr)
 12. │ │ │   ├─shiny::captureStackTraces(...)
 13. │ │ │   │ └─promises::with_promise_domain(...)
 14. │ │ │   │   └─domain$wrapSync(expr)
 15. │ │ │   │     └─base::withCallingHandlers(expr, error = doCaptureStack)
 16. │ │ │   └─env$runWith(self, func)
 17. │ │ │     └─shiny (local) contextFunc()
 18. │ │ │       └─shiny::..stacktraceon..(expr)
 19. │ │ ├─shiny::withReactiveDomain(...)
 20. │ │ │ └─promises::with_promise_domain(...)
 21. │ │ │   └─domain$wrapSync(expr)
 22. │ │ │     └─base::force(expr)
 23. │ │ └─withr::with_options(...)
 24. │ │   └─base::force(code)
 25. │ ├─rlang::exec(app, !!!args)
 26. │ └─teal (local) `&lt;fn&gt;`(...)
 27. │   └─shiny::moduleServer(...)
 28. │     ├─session$setReturned(callModule(module, id, session = session))
 29. │     └─shiny::callModule(module, id, session = session)
 30. │       ├─shiny::withReactiveDomain(...)
 31. │       │ └─promises::with_promise_domain(...)
 32. │       │   └─domain$wrapSync(expr)
 33. │       │     └─base::force(expr)
 34. │       └─teal::module(...)
 35. │         ├─shiny::insertUI(...)
 36. │         │ └─base::force(ui)
 37. │         ├─htmltools::tagList(...)
 38. │         │ └─rlang::dots_list(...)
 39. │         ├─tags$span(...)
 40. │         │ └─rlang::dots_list(...)
 41. │         └─tags$div(...)
 42. │           └─rlang::dots_list(...)
 43. └─base::.handleSimpleError(...)
 44.   └─shiny (local) h(simpleError(msg, call))</error>
    </testcase>
    <testcase time="0.0620000000000012" classname="module_teal" name="sets_filters_from_mapping_global_filters_to_all_modules_FilteredData_when_module_specific">
      <error type="error" message="Error: 'preview_report_button_ui' is not an exported object from 'namespace:teal.reporter' ('test-module_teal.R:1419:7')">Error: 'preview_report_button_ui' is not an exported object from 'namespace:teal.reporter'
Backtrace:
     ▆
  1. ├─shiny::testServer(...) at test-module_teal.R:1419:7
  2. │ ├─shiny:::withMockContext(session, rlang::exec(app, !!!args))
  3. │ │ ├─shiny::isolate(...)
  4. │ │ │ ├─shiny::..stacktraceoff..(...)
  5. │ │ │ └─ctx$run(...)
  6. │ │ │   ├─promises::with_promise_domain(...)
  7. │ │ │   │ └─domain$wrapSync(expr)
  8. │ │ │   ├─shiny::withReactiveDomain(...)
  9. │ │ │   │ └─promises::with_promise_domain(...)
 10. │ │ │   │   └─domain$wrapSync(expr)
 11. │ │ │   │     └─base::force(expr)
 12. │ │ │   ├─shiny::captureStackTraces(...)
 13. │ │ │   │ └─promises::with_promise_domain(...)
 14. │ │ │   │   └─domain$wrapSync(expr)
 15. │ │ │   │     └─base::withCallingHandlers(expr, error = doCaptureStack)
 16. │ │ │   └─env$runWith(self, func)
 17. │ │ │     └─shiny (local) contextFunc()
 18. │ │ │       └─shiny::..stacktraceon..(expr)
 19. │ │ ├─shiny::withReactiveDomain(...)
 20. │ │ │ └─promises::with_promise_domain(...)
 21. │ │ │   └─domain$wrapSync(expr)
 22. │ │ │     └─base::force(expr)
 23. │ │ └─withr::with_options(...)
 24. │ │   └─base::force(code)
 25. │ ├─rlang::exec(app, !!!args)
 26. │ └─teal (local) `&lt;fn&gt;`(...)
 27. │   └─shiny::moduleServer(...)
 28. │     ├─session$setReturned(callModule(module, id, session = session))
 29. │     └─shiny::callModule(module, id, session = session)
 30. │       ├─shiny::withReactiveDomain(...)
 31. │       │ └─promises::with_promise_domain(...)
 32. │       │   └─domain$wrapSync(expr)
 33. │       │     └─base::force(expr)
 34. │       └─teal::module(...)
 35. │         ├─shiny::insertUI(...)
 36. │         │ └─base::force(ui)
 37. │         ├─htmltools::tagList(...)
 38. │         │ └─rlang::dots_list(...)
 39. │         ├─tags$span(...)
 40. │         │ └─rlang::dots_list(...)
 41. │         └─tags$div(...)
 42. │           └─rlang::dots_list(...)
 43. └─base::.handleSimpleError(...)
 44.   └─shiny (local) h(simpleError(msg, call))</error>
    </testcase>
    <testcase time="0.0629999999999988" classname="module_teal" name="change_in_the_slicesGlobal_causes_module_s_data_filtering">
      <error type="error" message="Error: 'preview_report_button_ui' is not an exported object from 'namespace:teal.reporter' ('test-module_teal.R:1458:7')">Error: 'preview_report_button_ui' is not an exported object from 'namespace:teal.reporter'
Backtrace:
     ▆
  1. ├─shiny::testServer(...) at test-module_teal.R:1458:7
  2. │ ├─shiny:::withMockContext(session, rlang::exec(app, !!!args))
  3. │ │ ├─shiny::isolate(...)
  4. │ │ │ ├─shiny::..stacktraceoff..(...)
  5. │ │ │ └─ctx$run(...)
  6. │ │ │   ├─promises::with_promise_domain(...)
  7. │ │ │   │ └─domain$wrapSync(expr)
  8. │ │ │   ├─shiny::withReactiveDomain(...)
  9. │ │ │   │ └─promises::with_promise_domain(...)
 10. │ │ │   │   └─domain$wrapSync(expr)
 11. │ │ │   │     └─base::force(expr)
 12. │ │ │   ├─shiny::captureStackTraces(...)
 13. │ │ │   │ └─promises::with_promise_domain(...)
 14. │ │ │   │   └─domain$wrapSync(expr)
 15. │ │ │   │     └─base::withCallingHandlers(expr, error = doCaptureStack)
 16. │ │ │   └─env$runWith(self, func)
 17. │ │ │     └─shiny (local) contextFunc()
 18. │ │ │       └─shiny::..stacktraceon..(expr)
 19. │ │ ├─shiny::withReactiveDomain(...)
 20. │ │ │ └─promises::with_promise_domain(...)
 21. │ │ │   └─domain$wrapSync(expr)
 22. │ │ │     └─base::force(expr)
 23. │ │ └─withr::with_options(...)
 24. │ │   └─base::force(code)
 25. │ ├─rlang::exec(app, !!!args)
 26. │ └─teal (local) `&lt;fn&gt;`(...)
 27. │   └─shiny::moduleServer(...)
 28. │     ├─session$setReturned(callModule(module, id, session = session))
 29. │     └─shiny::callModule(module, id, session = session)
 30. │       ├─shiny::withReactiveDomain(...)
 31. │       │ └─promises::with_promise_domain(...)
 32. │       │   └─domain$wrapSync(expr)
 33. │       │     └─base::force(expr)
 34. │       └─teal::module(...)
 35. │         ├─shiny::insertUI(...)
 36. │         │ └─base::force(ui)
 37. │         ├─htmltools::tagList(...)
 38. │         │ └─rlang::dots_list(...)
 39. │         ├─tags$span(...)
 40. │         │ └─rlang::dots_list(...)
 41. │         └─tags$div(...)
 42. │           └─rlang::dots_list(...)
 43. └─base::.handleSimpleError(...)
 44.   └─shiny (local) h(simpleError(msg, call))</error>
    </testcase>
    <testcase time="0.0650000000000013" classname="module_teal" name="returns_no_rows_if_no_filters_set">
      <error type="error" message="Error: 'preview_report_button_ui' is not an exported object from 'namespace:teal.reporter' ('test-module_teal.R:1502:7')">Error: 'preview_report_button_ui' is not an exported object from 'namespace:teal.reporter'
Backtrace:
     ▆
  1. ├─shiny::testServer(...) at test-module_teal.R:1502:7
  2. │ ├─shiny:::withMockContext(session, rlang::exec(app, !!!args))
  3. │ │ ├─shiny::isolate(...)
  4. │ │ │ ├─shiny::..stacktraceoff..(...)
  5. │ │ │ └─ctx$run(...)
  6. │ │ │   ├─promises::with_promise_domain(...)
  7. │ │ │   │ └─domain$wrapSync(expr)
  8. │ │ │   ├─shiny::withReactiveDomain(...)
  9. │ │ │   │ └─promises::with_promise_domain(...)
 10. │ │ │   │   └─domain$wrapSync(expr)
 11. │ │ │   │     └─base::force(expr)
 12. │ │ │   ├─shiny::captureStackTraces(...)
 13. │ │ │   │ └─promises::with_promise_domain(...)
 14. │ │ │   │   └─domain$wrapSync(expr)
 15. │ │ │   │     └─base::withCallingHandlers(expr, error = doCaptureStack)
 16. │ │ │   └─env$runWith(self, func)
 17. │ │ │     └─shiny (local) contextFunc()
 18. │ │ │       └─shiny::..stacktraceon..(expr)
 19. │ │ ├─shiny::withReactiveDomain(...)
 20. │ │ │ └─promises::with_promise_domain(...)
 21. │ │ │   └─domain$wrapSync(expr)
 22. │ │ │     └─base::force(expr)
 23. │ │ └─withr::with_options(...)
 24. │ │   └─base::force(code)
 25. │ ├─rlang::exec(app, !!!args)
 26. │ └─teal (local) `&lt;fn&gt;`(id = "test", data = `&lt;teal_dat&gt;`, modules = `&lt;tel_mdls&gt;`)
 27. │   └─shiny::moduleServer(...)
 28. │     ├─session$setReturned(callModule(module, id, session = session))
 29. │     └─shiny::callModule(module, id, session = session)
 30. │       ├─shiny::withReactiveDomain(...)
 31. │       │ └─promises::with_promise_domain(...)
 32. │       │   └─domain$wrapSync(expr)
 33. │       │     └─base::force(expr)
 34. │       └─teal::module(...)
 35. │         ├─shiny::insertUI(...)
 36. │         │ └─base::force(ui)
 37. │         ├─htmltools::tagList(...)
 38. │         │ └─rlang::dots_list(...)
 39. │         ├─tags$span(...)
 40. │         │ └─rlang::dots_list(...)
 41. │         └─tags$div(...)
 42. │           └─rlang::dots_list(...)
 43. └─base::.handleSimpleError(...)
 44.   └─shiny (local) h(simpleError(msg, call))</error>
    </testcase>
    <testcase time="0.0670000000000002" classname="module_teal" name="returns_global_filters_with_active_true_inactive_false_unavailable_na">
      <error type="error" message="Error: 'preview_report_button_ui' is not an exported object from 'namespace:teal.reporter' ('test-module_teal.R:1524:7')">Error: 'preview_report_button_ui' is not an exported object from 'namespace:teal.reporter'
Backtrace:
     ▆
  1. ├─shiny::testServer(...) at test-module_teal.R:1524:7
  2. │ ├─shiny:::withMockContext(session, rlang::exec(app, !!!args))
  3. │ │ ├─shiny::isolate(...)
  4. │ │ │ ├─shiny::..stacktraceoff..(...)
  5. │ │ │ └─ctx$run(...)
  6. │ │ │   ├─promises::with_promise_domain(...)
  7. │ │ │   │ └─domain$wrapSync(expr)
  8. │ │ │   ├─shiny::withReactiveDomain(...)
  9. │ │ │   │ └─promises::with_promise_domain(...)
 10. │ │ │   │   └─domain$wrapSync(expr)
 11. │ │ │   │     └─base::force(expr)
 12. │ │ │   ├─shiny::captureStackTraces(...)
 13. │ │ │   │ └─promises::with_promise_domain(...)
 14. │ │ │   │   └─domain$wrapSync(expr)
 15. │ │ │   │     └─base::withCallingHandlers(expr, error = doCaptureStack)
 16. │ │ │   └─env$runWith(self, func)
 17. │ │ │     └─shiny (local) contextFunc()
 18. │ │ │       └─shiny::..stacktraceon..(expr)
 19. │ │ ├─shiny::withReactiveDomain(...)
 20. │ │ │ └─promises::with_promise_domain(...)
 21. │ │ │   └─domain$wrapSync(expr)
 22. │ │ │     └─base::force(expr)
 23. │ │ └─withr::with_options(...)
 24. │ │   └─base::force(code)
 25. │ ├─rlang::exec(app, !!!args)
 26. │ └─teal (local) `&lt;fn&gt;`(...)
 27. │   └─shiny::moduleServer(...)
 28. │     ├─session$setReturned(callModule(module, id, session = session))
 29. │     └─shiny::callModule(module, id, session = session)
 30. │       ├─shiny::withReactiveDomain(...)
 31. │       │ └─promises::with_promise_domain(...)
 32. │       │   └─domain$wrapSync(expr)
 33. │       │     └─base::force(expr)
 34. │       └─teal::module(...)
 35. │         ├─shiny::insertUI(...)
 36. │         │ └─base::force(ui)
 37. │         ├─htmltools::tagList(...)
 38. │         │ └─rlang::dots_list(...)
 39. │         ├─tags$span(...)
 40. │         │ └─rlang::dots_list(...)
 41. │         └─tags$div(...)
 42. │           └─rlang::dots_list(...)
 43. └─base::.handleSimpleError(...)
 44.   └─shiny (local) h(simpleError(msg, call))</error>
    </testcase>
    <testcase time="0.0699999999999967" classname="module_teal" name="returns_column_per_module_with_active_true_inactive_false_unavailable_na">
      <error type="error" message="Error: 'preview_report_button_ui' is not an exported object from 'namespace:teal.reporter' ('test-module_teal.R:1559:7')">Error: 'preview_report_button_ui' is not an exported object from 'namespace:teal.reporter'
Backtrace:
     ▆
  1. ├─shiny::testServer(...) at test-module_teal.R:1559:7
  2. │ ├─shiny:::withMockContext(session, rlang::exec(app, !!!args))
  3. │ │ ├─shiny::isolate(...)
  4. │ │ │ ├─shiny::..stacktraceoff..(...)
  5. │ │ │ └─ctx$run(...)
  6. │ │ │   ├─promises::with_promise_domain(...)
  7. │ │ │   │ └─domain$wrapSync(expr)
  8. │ │ │   ├─shiny::withReactiveDomain(...)
  9. │ │ │   │ └─promises::with_promise_domain(...)
 10. │ │ │   │   └─domain$wrapSync(expr)
 11. │ │ │   │     └─base::force(expr)
 12. │ │ │   ├─shiny::captureStackTraces(...)
 13. │ │ │   │ └─promises::with_promise_domain(...)
 14. │ │ │   │   └─domain$wrapSync(expr)
 15. │ │ │   │     └─base::withCallingHandlers(expr, error = doCaptureStack)
 16. │ │ │   └─env$runWith(self, func)
 17. │ │ │     └─shiny (local) contextFunc()
 18. │ │ │       └─shiny::..stacktraceon..(expr)
 19. │ │ ├─shiny::withReactiveDomain(...)
 20. │ │ │ └─promises::with_promise_domain(...)
 21. │ │ │   └─domain$wrapSync(expr)
 22. │ │ │     └─base::force(expr)
 23. │ │ └─withr::with_options(...)
 24. │ │   └─base::force(code)
 25. │ ├─rlang::exec(app, !!!args)
 26. │ └─teal (local) `&lt;fn&gt;`(...)
 27. │   └─shiny::moduleServer(...)
 28. │     ├─session$setReturned(callModule(module, id, session = session))
 29. │     └─shiny::callModule(module, id, session = session)
 30. │       ├─shiny::withReactiveDomain(...)
 31. │       │ └─promises::with_promise_domain(...)
 32. │       │   └─domain$wrapSync(expr)
 33. │       │     └─base::force(expr)
 34. │       └─teal::module(...)
 35. │         ├─shiny::insertUI(...)
 36. │         │ └─base::force(ui)
 37. │         ├─htmltools::tagList(...)
 38. │         │ └─rlang::dots_list(...)
 39. │         ├─tags$span(...)
 40. │         │ └─rlang::dots_list(...)
 41. │         └─tags$div(...)
 42. │           └─rlang::dots_list(...)
 43. └─base::.handleSimpleError(...)
 44.   └─shiny (local) h(simpleError(msg, call))</error>
    </testcase>
    <testcase time="0.0400000000000027" classname="module_teal" name="what_happens_when_module_label_is_duplicated_when_nested_modules_">
      <skipped message="Reason: todo ('test-module_teal.R:1596:7')"/>
    </testcase>
    <testcase time="0.0129999999999981" classname="module_teal" name="sets_back_the_same_active_filters_in_each_module">
      <skipped message="Reason: todo ('test-module_teal.R:1603:5')"/>
    </testcase>
    <testcase time="0.0139999999999993" classname="module_teal" name="doesn_t_fail_when_teal_data_has_no_datasets">
      <skipped message="Reason: todo ('test-module_teal.R:1606:5')"/>
    </testcase>
    <testcase time="0.032" classname="module_teal" name="evaluates_custom_qenv_call_and_pass_updated_teal_data_to_the_module">
      <error type="error" message="Error: 'preview_report_button_ui' is not an exported object from 'namespace:teal.reporter' ('test-module_teal.R:1612:5')">Error: 'preview_report_button_ui' is not an exported object from 'namespace:teal.reporter'
Backtrace:
     ▆
  1. ├─shiny::testServer(...) at test-module_teal.R:1612:5
  2. │ ├─shiny:::withMockContext(session, rlang::exec(app, !!!args))
  3. │ │ ├─shiny::isolate(...)
  4. │ │ │ ├─shiny::..stacktraceoff..(...)
  5. │ │ │ └─ctx$run(...)
  6. │ │ │   ├─promises::with_promise_domain(...)
  7. │ │ │   │ └─domain$wrapSync(expr)
  8. │ │ │   ├─shiny::withReactiveDomain(...)
  9. │ │ │   │ └─promises::with_promise_domain(...)
 10. │ │ │   │   └─domain$wrapSync(expr)
 11. │ │ │   │     └─base::force(expr)
 12. │ │ │   ├─shiny::captureStackTraces(...)
 13. │ │ │   │ └─promises::with_promise_domain(...)
 14. │ │ │   │   └─domain$wrapSync(expr)
 15. │ │ │   │     └─base::withCallingHandlers(expr, error = doCaptureStack)
 16. │ │ │   └─env$runWith(self, func)
 17. │ │ │     └─shiny (local) contextFunc()
 18. │ │ │       └─shiny::..stacktraceon..(expr)
 19. │ │ ├─shiny::withReactiveDomain(...)
 20. │ │ │ └─promises::with_promise_domain(...)
 21. │ │ │   └─domain$wrapSync(expr)
 22. │ │ │     └─base::force(expr)
 23. │ │ └─withr::with_options(...)
 24. │ │   └─base::force(code)
 25. │ ├─rlang::exec(app, !!!args)
 26. │ └─teal (local) `&lt;fn&gt;`(id = "test", data = `&lt;teal_dat&gt;`, modules = `&lt;tel_mdls&gt;`)
 27. │   └─shiny::moduleServer(...)
 28. │     ├─session$setReturned(callModule(module, id, session = session))
 29. │     └─shiny::callModule(module, id, session = session)
 30. │       ├─shiny::withReactiveDomain(...)
 31. │       │ └─promises::with_promise_domain(...)
 32. │       │   └─domain$wrapSync(expr)
 33. │       │     └─base::force(expr)
 34. │       └─teal::module(...)
 35. │         ├─shiny::insertUI(...)
 36. │         │ └─base::force(ui)
 37. │         ├─htmltools::tagList(...)
 38. │         │ └─rlang::dots_list(...)
 39. │         ├─tags$span(...)
 40. │         │ └─rlang::dots_list(...)
 41. │         └─tags$div(...)
 42. │           └─rlang::dots_list(...)
 43. └─base::.handleSimpleError(...)
 44.   └─shiny (local) h(simpleError(msg, call))</error>
    </testcase>
    <testcase time="0.0650000000000013" classname="module_teal" name="evaluates_custom_qenv_call_after_filter_is_applied">
      <error type="error" message="Error: 'preview_report_button_ui' is not an exported object from 'namespace:teal.reporter' ('test-module_teal.R:1634:5')">Error: 'preview_report_button_ui' is not an exported object from 'namespace:teal.reporter'
Backtrace:
     ▆
  1. ├─shiny::testServer(...) at test-module_teal.R:1634:5
  2. │ ├─shiny:::withMockContext(session, rlang::exec(app, !!!args))
  3. │ │ ├─shiny::isolate(...)
  4. │ │ │ ├─shiny::..stacktraceoff..(...)
  5. │ │ │ └─ctx$run(...)
  6. │ │ │   ├─promises::with_promise_domain(...)
  7. │ │ │   │ └─domain$wrapSync(expr)
  8. │ │ │   ├─shiny::withReactiveDomain(...)
  9. │ │ │   │ └─promises::with_promise_domain(...)
 10. │ │ │   │   └─domain$wrapSync(expr)
 11. │ │ │   │     └─base::force(expr)
 12. │ │ │   ├─shiny::captureStackTraces(...)
 13. │ │ │   │ └─promises::with_promise_domain(...)
 14. │ │ │   │   └─domain$wrapSync(expr)
 15. │ │ │   │     └─base::withCallingHandlers(expr, error = doCaptureStack)
 16. │ │ │   └─env$runWith(self, func)
 17. │ │ │     └─shiny (local) contextFunc()
 18. │ │ │       └─shiny::..stacktraceon..(expr)
 19. │ │ ├─shiny::withReactiveDomain(...)
 20. │ │ │ └─promises::with_promise_domain(...)
 21. │ │ │   └─domain$wrapSync(expr)
 22. │ │ │     └─base::force(expr)
 23. │ │ └─withr::with_options(...)
 24. │ │   └─base::force(code)
 25. │ ├─rlang::exec(app, !!!args)
 26. │ └─teal (local) `&lt;fn&gt;`(...)
 27. │   └─shiny::moduleServer(...)
 28. │     ├─session$setReturned(callModule(module, id, session = session))
 29. │     └─shiny::callModule(module, id, session = session)
 30. │       ├─shiny::withReactiveDomain(...)
 31. │       │ └─promises::with_promise_domain(...)
 32. │       │   └─domain$wrapSync(expr)
 33. │       │     └─base::force(expr)
 34. │       └─teal::module(...)
 35. │         ├─shiny::insertUI(...)
 36. │         │ └─base::force(ui)
 37. │         ├─htmltools::tagList(...)
 38. │         │ └─rlang::dots_list(...)
 39. │         ├─tags$span(...)
 40. │         │ └─rlang::dots_list(...)
 41. │         └─tags$div(...)
 42. │           └─rlang::dots_list(...)
 43. └─base::.handleSimpleError(...)
 44.   └─shiny (local) h(simpleError(msg, call))</error>
    </testcase>
    <testcase time="0.0560000000000009" classname="module_teal" name="is_reactive_to_the_filter_changes">
      <error type="error" message="Error: 'preview_report_button_ui' is not an exported object from 'namespace:teal.reporter' ('test-module_teal.R:1682:5')">Error: 'preview_report_button_ui' is not an exported object from 'namespace:teal.reporter'
Backtrace:
     ▆
  1. ├─shiny::testServer(...) at test-module_teal.R:1682:5
  2. │ ├─shiny:::withMockContext(session, rlang::exec(app, !!!args))
  3. │ │ ├─shiny::isolate(...)
  4. │ │ │ ├─shiny::..stacktraceoff..(...)
  5. │ │ │ └─ctx$run(...)
  6. │ │ │   ├─promises::with_promise_domain(...)
  7. │ │ │   │ └─domain$wrapSync(expr)
  8. │ │ │   ├─shiny::withReactiveDomain(...)
  9. │ │ │   │ └─promises::with_promise_domain(...)
 10. │ │ │   │   └─domain$wrapSync(expr)
 11. │ │ │   │     └─base::force(expr)
 12. │ │ │   ├─shiny::captureStackTraces(...)
 13. │ │ │   │ └─promises::with_promise_domain(...)
 14. │ │ │   │   └─domain$wrapSync(expr)
 15. │ │ │   │     └─base::withCallingHandlers(expr, error = doCaptureStack)
 16. │ │ │   └─env$runWith(self, func)
 17. │ │ │     └─shiny (local) contextFunc()
 18. │ │ │       └─shiny::..stacktraceon..(expr)
 19. │ │ ├─shiny::withReactiveDomain(...)
 20. │ │ │ └─promises::with_promise_domain(...)
 21. │ │ │   └─domain$wrapSync(expr)
 22. │ │ │     └─base::force(expr)
 23. │ │ └─withr::with_options(...)
 24. │ │   └─base::force(code)
 25. │ ├─rlang::exec(app, !!!args)
 26. │ └─teal (local) `&lt;fn&gt;`(id = "test", data = `&lt;rctvExpr&gt;`, modules = `&lt;tel_mdls&gt;`)
 27. │   └─shiny::moduleServer(...)
 28. │     ├─session$setReturned(callModule(module, id, session = session))
 29. │     └─shiny::callModule(module, id, session = session)
 30. │       ├─shiny::withReactiveDomain(...)
 31. │       │ └─promises::with_promise_domain(...)
 32. │       │   └─domain$wrapSync(expr)
 33. │       │     └─base::force(expr)
 34. │       └─teal::module(...)
 35. │         ├─shiny::insertUI(...)
 36. │         │ └─base::force(ui)
 37. │         ├─htmltools::tagList(...)
 38. │         │ └─rlang::dots_list(...)
 39. │         ├─tags$span(...)
 40. │         │ └─rlang::dots_list(...)
 41. │         └─tags$div(...)
 42. │           └─rlang::dots_list(...)
 43. └─base::.handleSimpleError(...)
 44.   └─shiny (local) h(simpleError(msg, call))</error>
    </testcase>
    <testcase time="0.0649999999999977" classname="module_teal" name="receives_all_possible_objects_while_those_not_specified_in_module_datanames_are_unfiltered">
      <error type="error" message="Error: 'preview_report_button_ui' is not an exported object from 'namespace:teal.reporter' ('test-module_teal.R:1727:5')">Error: 'preview_report_button_ui' is not an exported object from 'namespace:teal.reporter'
Backtrace:
     ▆
  1. ├─shiny::testServer(...) at test-module_teal.R:1727:5
  2. │ ├─shiny:::withMockContext(session, rlang::exec(app, !!!args))
  3. │ │ ├─shiny::isolate(...)
  4. │ │ │ ├─shiny::..stacktraceoff..(...)
  5. │ │ │ └─ctx$run(...)
  6. │ │ │   ├─promises::with_promise_domain(...)
  7. │ │ │   │ └─domain$wrapSync(expr)
  8. │ │ │   ├─shiny::withReactiveDomain(...)
  9. │ │ │   │ └─promises::with_promise_domain(...)
 10. │ │ │   │   └─domain$wrapSync(expr)
 11. │ │ │   │     └─base::force(expr)
 12. │ │ │   ├─shiny::captureStackTraces(...)
 13. │ │ │   │ └─promises::with_promise_domain(...)
 14. │ │ │   │   └─domain$wrapSync(expr)
 15. │ │ │   │     └─base::withCallingHandlers(expr, error = doCaptureStack)
 16. │ │ │   └─env$runWith(self, func)
 17. │ │ │     └─shiny (local) contextFunc()
 18. │ │ │       └─shiny::..stacktraceon..(expr)
 19. │ │ ├─shiny::withReactiveDomain(...)
 20. │ │ │ └─promises::with_promise_domain(...)
 21. │ │ │   └─domain$wrapSync(expr)
 22. │ │ │     └─base::force(expr)
 23. │ │ └─withr::with_options(...)
 24. │ │   └─base::force(code)
 25. │ ├─rlang::exec(app, !!!args)
 26. │ └─teal (local) `&lt;fn&gt;`(...)
 27. │   └─shiny::moduleServer(...)
 28. │     ├─session$setReturned(callModule(module, id, session = session))
 29. │     └─shiny::callModule(module, id, session = session)
 30. │       ├─shiny::withReactiveDomain(...)
 31. │       │ └─promises::with_promise_domain(...)
 32. │       │   └─domain$wrapSync(expr)
 33. │       │     └─base::force(expr)
 34. │       └─teal::module(...)
 35. │         ├─shiny::insertUI(...)
 36. │         │ └─base::force(ui)
 37. │         ├─htmltools::tagList(...)
 38. │         │ └─rlang::dots_list(...)
 39. │         ├─tags$span(...)
 40. │         │ └─rlang::dots_list(...)
 41. │         └─tags$div(...)
 42. │           └─rlang::dots_list(...)
 43. └─base::.handleSimpleError(...)
 44.   └─shiny (local) h(simpleError(msg, call))</error>
    </testcase>
    <testcase time="0.0600000000000023" classname="module_teal" name="throws_a_warning_when_transformator_returns_reactive.event">
      <error type="error" message="Error: 'preview_report_button_ui' is not an exported object from 'namespace:teal.reporter' ('test-module_teal.R:1772:5')">Error: 'preview_report_button_ui' is not an exported object from 'namespace:teal.reporter'
Backtrace:
     ▆
  1. ├─testthat::expect_warning(...) at test-module_teal.R:1772:5
  2. │ └─testthat:::quasi_capture(...)
  3. │   ├─testthat (local) .capture(...)
  4. │   │ └─base::withCallingHandlers(...)
  5. │   └─rlang::eval_bare(quo_get_expr(.quo), quo_get_env(.quo))
  6. ├─shiny::testServer(...)
  7. │ ├─shiny:::withMockContext(session, rlang::exec(app, !!!args))
  8. │ │ ├─shiny::isolate(...)
  9. │ │ │ ├─shiny::..stacktraceoff..(...)
 10. │ │ │ └─ctx$run(...)
 11. │ │ │   ├─promises::with_promise_domain(...)
 12. │ │ │   │ └─domain$wrapSync(expr)
 13. │ │ │   ├─shiny::withReactiveDomain(...)
 14. │ │ │   │ └─promises::with_promise_domain(...)
 15. │ │ │   │   └─domain$wrapSync(expr)
 16. │ │ │   │     └─base::force(expr)
 17. │ │ │   ├─shiny::captureStackTraces(...)
 18. │ │ │   │ └─promises::with_promise_domain(...)
 19. │ │ │   │   └─domain$wrapSync(expr)
 20. │ │ │   │     └─base::withCallingHandlers(expr, error = doCaptureStack)
 21. │ │ │   └─env$runWith(self, func)
 22. │ │ │     └─shiny (local) contextFunc()
 23. │ │ │       └─shiny::..stacktraceon..(expr)
 24. │ │ ├─shiny::withReactiveDomain(...)
 25. │ │ │ └─promises::with_promise_domain(...)
 26. │ │ │   └─domain$wrapSync(expr)
 27. │ │ │     └─base::force(expr)
 28. │ │ └─withr::with_options(...)
 29. │ │   └─base::force(code)
 30. │ ├─rlang::exec(app, !!!args)
 31. │ └─teal (local) `&lt;fn&gt;`(id = "test", data = `&lt;teal_dat&gt;`, modules = `&lt;tel_mdls&gt;`)
 32. │   └─shiny::moduleServer(...)
 33. │     ├─session$setReturned(callModule(module, id, session = session))
 34. │     └─shiny::callModule(module, id, session = session)
 35. │       ├─shiny::withReactiveDomain(...)
 36. │       │ └─promises::with_promise_domain(...)
 37. │       │   └─domain$wrapSync(expr)
 38. │       │     └─base::force(expr)
 39. │       └─teal::module(...)
 40. │         ├─shiny::insertUI(...)
 41. │         │ └─base::force(ui)
 42. │         ├─htmltools::tagList(...)
 43. │         │ └─rlang::dots_list(...)
 44. │         ├─tags$span(...)
 45. │         │ └─rlang::dots_list(...)
 46. │         └─tags$div(...)
 47. │           └─rlang::dots_list(...)
 48. └─base::.handleSimpleError(...)
 49.   └─shiny (local) h(simpleError(msg, call))</error>
    </testcase>
    <testcase time="0.195" classname="module_teal" name="fails_when_transformator_doesn_t_return_reactive">
      <error type="error" message="Error: 'preview_report_button_ui' is not an exported object from 'namespace:teal.reporter' ('test-module_teal.R:1800:5')">Error: 'preview_report_button_ui' is not an exported object from 'namespace:teal.reporter'
Backtrace:
     ▆
  1. ├─testthat::expect_warning(...) at test-module_teal.R:1800:5
  2. │ └─testthat:::quasi_capture(...)
  3. │   ├─testthat (local) .capture(...)
  4. │   │ └─base::withCallingHandlers(...)
  5. │   └─rlang::eval_bare(quo_get_expr(.quo), quo_get_env(.quo))
  6. ├─testthat::with_mocked_bindings(...)
  7. ├─shiny::testServer(...)
  8. │ ├─shiny:::withMockContext(session, rlang::exec(app, !!!args))
  9. │ │ ├─shiny::isolate(...)
 10. │ │ │ ├─shiny::..stacktraceoff..(...)
 11. │ │ │ └─ctx$run(...)
 12. │ │ │   ├─promises::with_promise_domain(...)
 13. │ │ │   │ └─domain$wrapSync(expr)
 14. │ │ │   ├─shiny::withReactiveDomain(...)
 15. │ │ │   │ └─promises::with_promise_domain(...)
 16. │ │ │   │   └─domain$wrapSync(expr)
 17. │ │ │   │     └─base::force(expr)
 18. │ │ │   ├─shiny::captureStackTraces(...)
 19. │ │ │   │ └─promises::with_promise_domain(...)
 20. │ │ │   │   └─domain$wrapSync(expr)
 21. │ │ │   │     └─base::withCallingHandlers(expr, error = doCaptureStack)
 22. │ │ │   └─env$runWith(self, func)
 23. │ │ │     └─shiny (local) contextFunc()
 24. │ │ │       └─shiny::..stacktraceon..(expr)
 25. │ │ ├─shiny::withReactiveDomain(...)
 26. │ │ │ └─promises::with_promise_domain(...)
 27. │ │ │   └─domain$wrapSync(expr)
 28. │ │ │     └─base::force(expr)
 29. │ │ └─withr::with_options(...)
 30. │ │   └─base::force(code)
 31. │ ├─rlang::exec(app, !!!args)
 32. │ └─teal (local) `&lt;fn&gt;`(id = "test", data = `&lt;teal_dat&gt;`, modules = `&lt;tel_mdls&gt;`)
 33. │   └─shiny::moduleServer(...)
 34. │     ├─session$setReturned(callModule(module, id, session = session))
 35. │     └─shiny::callModule(module, id, session = session)
 36. │       ├─shiny::withReactiveDomain(...)
 37. │       │ └─promises::with_promise_domain(...)
 38. │       │   └─domain$wrapSync(expr)
 39. │       │     └─base::force(expr)
 40. │       └─teal::module(...)
 41. │         ├─shiny::insertUI(...)
 42. │         │ └─base::force(ui)
 43. │         ├─htmltools::tagList(...)
 44. │         │ └─rlang::dots_list(...)
 45. │         ├─tags$span(...)
 46. │         │ └─rlang::dots_list(...)
 47. │         └─tags$div(...)
 48. │           └─rlang::dots_list(...)
 49. └─base::.handleSimpleError(...)
 50.   └─shiny (local) h(simpleError(msg, call))</error>
    </testcase>
    <testcase time="0.0619999999999976" classname="module_teal" name="pauses_when_transformator_throws_validation_error">
      <error type="error" message="Error: 'preview_report_button_ui' is not an exported object from 'namespace:teal.reporter' ('test-module_teal.R:1837:5')">Error: 'preview_report_button_ui' is not an exported object from 'namespace:teal.reporter'
Backtrace:
     ▆
  1. ├─shiny::testServer(...) at test-module_teal.R:1837:5
  2. │ ├─shiny:::withMockContext(session, rlang::exec(app, !!!args))
  3. │ │ ├─shiny::isolate(...)
  4. │ │ │ ├─shiny::..stacktraceoff..(...)
  5. │ │ │ └─ctx$run(...)
  6. │ │ │   ├─promises::with_promise_domain(...)
  7. │ │ │   │ └─domain$wrapSync(expr)
  8. │ │ │   ├─shiny::withReactiveDomain(...)
  9. │ │ │   │ └─promises::with_promise_domain(...)
 10. │ │ │   │   └─domain$wrapSync(expr)
 11. │ │ │   │     └─base::force(expr)
 12. │ │ │   ├─shiny::captureStackTraces(...)
 13. │ │ │   │ └─promises::with_promise_domain(...)
 14. │ │ │   │   └─domain$wrapSync(expr)
 15. │ │ │   │     └─base::withCallingHandlers(expr, error = doCaptureStack)
 16. │ │ │   └─env$runWith(self, func)
 17. │ │ │     └─shiny (local) contextFunc()
 18. │ │ │       └─shiny::..stacktraceon..(expr)
 19. │ │ ├─shiny::withReactiveDomain(...)
 20. │ │ │ └─promises::with_promise_domain(...)
 21. │ │ │   └─domain$wrapSync(expr)
 22. │ │ │     └─base::force(expr)
 23. │ │ └─withr::with_options(...)
 24. │ │   └─base::force(code)
 25. │ ├─rlang::exec(app, !!!args)
 26. │ └─teal (local) `&lt;fn&gt;`(id = "test", data = `&lt;teal_dat&gt;`, modules = `&lt;tel_mdls&gt;`)
 27. │   └─shiny::moduleServer(...)
 28. │     ├─session$setReturned(callModule(module, id, session = session))
 29. │     └─shiny::callModule(module, id, session = session)
 30. │       ├─shiny::withReactiveDomain(...)
 31. │       │ └─promises::with_promise_domain(...)
 32. │       │   └─domain$wrapSync(expr)
 33. │       │     └─base::force(expr)
 34. │       └─teal::module(...)
 35. │         ├─shiny::insertUI(...)
 36. │         │ └─base::force(ui)
 37. │         ├─htmltools::tagList(...)
 38. │         │ └─rlang::dots_list(...)
 39. │         ├─tags$span(...)
 40. │         │ └─rlang::dots_list(...)
 41. │         └─tags$div(...)
 42. │           └─rlang::dots_list(...)
 43. └─base::.handleSimpleError(...)
 44.   └─shiny (local) h(simpleError(msg, call))</error>
    </testcase>
    <testcase time="0.0579999999999998" classname="module_teal" name="pauses_when_transformator_throws_validation_error">
      <error type="error" message="Error: 'preview_report_button_ui' is not an exported object from 'namespace:teal.reporter' ('test-module_teal.R:1865:5')">Error: 'preview_report_button_ui' is not an exported object from 'namespace:teal.reporter'
Backtrace:
     ▆
  1. ├─shiny::testServer(...) at test-module_teal.R:1865:5
  2. │ ├─shiny:::withMockContext(session, rlang::exec(app, !!!args))
  3. │ │ ├─shiny::isolate(...)
  4. │ │ │ ├─shiny::..stacktraceoff..(...)
  5. │ │ │ └─ctx$run(...)
  6. │ │ │   ├─promises::with_promise_domain(...)
  7. │ │ │   │ └─domain$wrapSync(expr)
  8. │ │ │   ├─shiny::withReactiveDomain(...)
  9. │ │ │   │ └─promises::with_promise_domain(...)
 10. │ │ │   │   └─domain$wrapSync(expr)
 11. │ │ │   │     └─base::force(expr)
 12. │ │ │   ├─shiny::captureStackTraces(...)
 13. │ │ │   │ └─promises::with_promise_domain(...)
 14. │ │ │   │   └─domain$wrapSync(expr)
 15. │ │ │   │     └─base::withCallingHandlers(expr, error = doCaptureStack)
 16. │ │ │   └─env$runWith(self, func)
 17. │ │ │     └─shiny (local) contextFunc()
 18. │ │ │       └─shiny::..stacktraceon..(expr)
 19. │ │ ├─shiny::withReactiveDomain(...)
 20. │ │ │ └─promises::with_promise_domain(...)
 21. │ │ │   └─domain$wrapSync(expr)
 22. │ │ │     └─base::force(expr)
 23. │ │ └─withr::with_options(...)
 24. │ │   └─base::force(code)
 25. │ ├─rlang::exec(app, !!!args)
 26. │ └─teal (local) `&lt;fn&gt;`(id = "test", data = `&lt;teal_dat&gt;`, modules = `&lt;tel_mdls&gt;`)
 27. │   └─shiny::moduleServer(...)
 28. │     ├─session$setReturned(callModule(module, id, session = session))
 29. │     └─shiny::callModule(module, id, session = session)
 30. │       ├─shiny::withReactiveDomain(...)
 31. │       │ └─promises::with_promise_domain(...)
 32. │       │   └─domain$wrapSync(expr)
 33. │       │     └─base::force(expr)
 34. │       └─teal::module(...)
 35. │         ├─shiny::insertUI(...)
 36. │         │ └─base::force(ui)
 37. │         ├─htmltools::tagList(...)
 38. │         │ └─rlang::dots_list(...)
 39. │         ├─tags$span(...)
 40. │         │ └─rlang::dots_list(...)
 41. │         └─tags$div(...)
 42. │           └─rlang::dots_list(...)
 43. └─base::.handleSimpleError(...)
 44.   └─shiny (local) h(simpleError(msg, call))</error>
    </testcase>
    <testcase time="0.0620000000000012" classname="module_teal" name="pauses_when_transformator_throws_qenv_error">
      <error type="error" message="Error: 'preview_report_button_ui' is not an exported object from 'namespace:teal.reporter' ('test-module_teal.R:1893:5')">Error: 'preview_report_button_ui' is not an exported object from 'namespace:teal.reporter'
Backtrace:
     ▆
  1. ├─shiny::testServer(...) at test-module_teal.R:1893:5
  2. │ ├─shiny:::withMockContext(session, rlang::exec(app, !!!args))
  3. │ │ ├─shiny::isolate(...)
  4. │ │ │ ├─shiny::..stacktraceoff..(...)
  5. │ │ │ └─ctx$run(...)
  6. │ │ │   ├─promises::with_promise_domain(...)
  7. │ │ │   │ └─domain$wrapSync(expr)
  8. │ │ │   ├─shiny::withReactiveDomain(...)
  9. │ │ │   │ └─promises::with_promise_domain(...)
 10. │ │ │   │   └─domain$wrapSync(expr)
 11. │ │ │   │     └─base::force(expr)
 12. │ │ │   ├─shiny::captureStackTraces(...)
 13. │ │ │   │ └─promises::with_promise_domain(...)
 14. │ │ │   │   └─domain$wrapSync(expr)
 15. │ │ │   │     └─base::withCallingHandlers(expr, error = doCaptureStack)
 16. │ │ │   └─env$runWith(self, func)
 17. │ │ │     └─shiny (local) contextFunc()
 18. │ │ │       └─shiny::..stacktraceon..(expr)
 19. │ │ ├─shiny::withReactiveDomain(...)
 20. │ │ │ └─promises::with_promise_domain(...)
 21. │ │ │   └─domain$wrapSync(expr)
 22. │ │ │     └─base::force(expr)
 23. │ │ └─withr::with_options(...)
 24. │ │   └─base::force(code)
 25. │ ├─rlang::exec(app, !!!args)
 26. │ └─teal (local) `&lt;fn&gt;`(id = "test", data = `&lt;teal_dat&gt;`, modules = `&lt;tel_mdls&gt;`)
 27. │   └─shiny::moduleServer(...)
 28. │     ├─session$setReturned(callModule(module, id, session = session))
 29. │     └─shiny::callModule(module, id, session = session)
 30. │       ├─shiny::withReactiveDomain(...)
 31. │       │ └─promises::with_promise_domain(...)
 32. │       │   └─domain$wrapSync(expr)
 33. │       │     └─base::force(expr)
 34. │       └─teal::module(...)
 35. │         ├─shiny::insertUI(...)
 36. │         │ └─base::force(ui)
 37. │         ├─htmltools::tagList(...)
 38. │         │ └─rlang::dots_list(...)
 39. │         ├─tags$span(...)
 40. │         │ └─rlang::dots_list(...)
 41. │         └─tags$div(...)
 42. │           └─rlang::dots_list(...)
 43. └─base::.handleSimpleError(...)
 44.   └─shiny (local) h(simpleError(msg, call))</error>
    </testcase>
    <testcase time="0.0579999999999998" classname="module_teal" name="isn_t_called_when_data_is_not_teal_data">
      <error type="error" message="Error: 'preview_report_button_ui' is not an exported object from 'namespace:teal.reporter' ('test-module_teal.R:1921:5')">Error: 'preview_report_button_ui' is not an exported object from 'namespace:teal.reporter'
Backtrace:
     ▆
  1. ├─shiny::testServer(...) at test-module_teal.R:1921:5
  2. │ ├─shiny:::withMockContext(session, rlang::exec(app, !!!args))
  3. │ │ ├─shiny::isolate(...)
  4. │ │ │ ├─shiny::..stacktraceoff..(...)
  5. │ │ │ └─ctx$run(...)
  6. │ │ │   ├─promises::with_promise_domain(...)
  7. │ │ │   │ └─domain$wrapSync(expr)
  8. │ │ │   ├─shiny::withReactiveDomain(...)
  9. │ │ │   │ └─promises::with_promise_domain(...)
 10. │ │ │   │   └─domain$wrapSync(expr)
 11. │ │ │   │     └─base::force(expr)
 12. │ │ │   ├─shiny::captureStackTraces(...)
 13. │ │ │   │ └─promises::with_promise_domain(...)
 14. │ │ │   │   └─domain$wrapSync(expr)
 15. │ │ │   │     └─base::withCallingHandlers(expr, error = doCaptureStack)
 16. │ │ │   └─env$runWith(self, func)
 17. │ │ │     └─shiny (local) contextFunc()
 18. │ │ │       └─shiny::..stacktraceon..(expr)
 19. │ │ ├─shiny::withReactiveDomain(...)
 20. │ │ │ └─promises::with_promise_domain(...)
 21. │ │ │   └─domain$wrapSync(expr)
 22. │ │ │     └─base::force(expr)
 23. │ │ └─withr::with_options(...)
 24. │ │   └─base::force(code)
 25. │ ├─rlang::exec(app, !!!args)
 26. │ └─teal (local) `&lt;fn&gt;`(id = "test", data = `&lt;teal_dat&gt;`, modules = `&lt;tel_mdls&gt;`)
 27. │   └─shiny::moduleServer(...)
 28. │     ├─session$setReturned(callModule(module, id, session = session))
 29. │     └─shiny::callModule(module, id, session = session)
 30. │       ├─shiny::withReactiveDomain(...)
 31. │       │ └─promises::with_promise_domain(...)
 32. │       │   └─domain$wrapSync(expr)
 33. │       │     └─base::force(expr)
 34. │       └─teal::module(...)
 35. │         ├─shiny::insertUI(...)
 36. │         │ └─base::force(ui)
 37. │         ├─htmltools::tagList(...)
 38. │         │ └─rlang::dots_list(...)
 39. │         ├─tags$span(...)
 40. │         │ └─rlang::dots_list(...)
 41. │         └─tags$div(...)
 42. │           └─rlang::dots_list(...)
 43. └─base::.handleSimpleError(...)
 44.   └─shiny (local) h(simpleError(msg, call))</error>
    </testcase>
    <testcase time="0.0619999999999976" classname="module_teal" name="changes_module_output_for_a_module_with_a_static_decorator">
      <error type="error" message="Error: 'preview_report_button_ui' is not an exported object from 'namespace:teal.reporter' ('test-module_teal.R:1954:5')">Error: 'preview_report_button_ui' is not an exported object from 'namespace:teal.reporter'
Backtrace:
     ▆
  1. ├─shiny::testServer(...) at test-module_teal.R:1954:5
  2. │ ├─shiny:::withMockContext(session, rlang::exec(app, !!!args))
  3. │ │ ├─shiny::isolate(...)
  4. │ │ │ ├─shiny::..stacktraceoff..(...)
  5. │ │ │ └─ctx$run(...)
  6. │ │ │   ├─promises::with_promise_domain(...)
  7. │ │ │   │ └─domain$wrapSync(expr)
  8. │ │ │   ├─shiny::withReactiveDomain(...)
  9. │ │ │   │ └─promises::with_promise_domain(...)
 10. │ │ │   │   └─domain$wrapSync(expr)
 11. │ │ │   │     └─base::force(expr)
 12. │ │ │   ├─shiny::captureStackTraces(...)
 13. │ │ │   │ └─promises::with_promise_domain(...)
 14. │ │ │   │   └─domain$wrapSync(expr)
 15. │ │ │   │     └─base::withCallingHandlers(expr, error = doCaptureStack)
 16. │ │ │   └─env$runWith(self, func)
 17. │ │ │     └─shiny (local) contextFunc()
 18. │ │ │       └─shiny::..stacktraceon..(expr)
 19. │ │ ├─shiny::withReactiveDomain(...)
 20. │ │ │ └─promises::with_promise_domain(...)
 21. │ │ │   └─domain$wrapSync(expr)
 22. │ │ │     └─base::force(expr)
 23. │ │ └─withr::with_options(...)
 24. │ │   └─base::force(code)
 25. │ ├─rlang::exec(app, !!!args)
 26. │ └─teal (local) `&lt;fn&gt;`(id = "test", data = `&lt;teal_dat&gt;`, modules = `&lt;tel_mdls&gt;`)
 27. │   └─shiny::moduleServer(...)
 28. │     ├─session$setReturned(callModule(module, id, session = session))
 29. │     └─shiny::callModule(module, id, session = session)
 30. │       ├─shiny::withReactiveDomain(...)
 31. │       │ └─promises::with_promise_domain(...)
 32. │       │   └─domain$wrapSync(expr)
 33. │       │     └─base::force(expr)
 34. │       └─teal::module(...)
 35. │         ├─shiny::insertUI(...)
 36. │         │ └─base::force(ui)
 37. │         ├─htmltools::tagList(...)
 38. │         │ └─rlang::dots_list(...)
 39. │         ├─tags$span(...)
 40. │         │ └─rlang::dots_list(...)
 41. │         └─tags$div(...)
 42. │           └─rlang::dots_list(...)
 43. └─base::.handleSimpleError(...)
 44.   └─shiny (local) h(simpleError(msg, call))</error>
    </testcase>
    <testcase time="0.0579999999999998" classname="module_teal" name="changes_module_output_for_a_module_with_a_decorator_that_is_a_function_of_an_object_name">
      <error type="error" message="Error: 'preview_report_button_ui' is not an exported object from 'namespace:teal.reporter' ('test-module_teal.R:1992:5')">Error: 'preview_report_button_ui' is not an exported object from 'namespace:teal.reporter'
Backtrace:
     ▆
  1. ├─shiny::testServer(...) at test-module_teal.R:1992:5
  2. │ ├─shiny:::withMockContext(session, rlang::exec(app, !!!args))
  3. │ │ ├─shiny::isolate(...)
  4. │ │ │ ├─shiny::..stacktraceoff..(...)
  5. │ │ │ └─ctx$run(...)
  6. │ │ │   ├─promises::with_promise_domain(...)
  7. │ │ │   │ └─domain$wrapSync(expr)
  8. │ │ │   ├─shiny::withReactiveDomain(...)
  9. │ │ │   │ └─promises::with_promise_domain(...)
 10. │ │ │   │   └─domain$wrapSync(expr)
 11. │ │ │   │     └─base::force(expr)
 12. │ │ │   ├─shiny::captureStackTraces(...)
 13. │ │ │   │ └─promises::with_promise_domain(...)
 14. │ │ │   │   └─domain$wrapSync(expr)
 15. │ │ │   │     └─base::withCallingHandlers(expr, error = doCaptureStack)
 16. │ │ │   └─env$runWith(self, func)
 17. │ │ │     └─shiny (local) contextFunc()
 18. │ │ │       └─shiny::..stacktraceon..(expr)
 19. │ │ ├─shiny::withReactiveDomain(...)
 20. │ │ │ └─promises::with_promise_domain(...)
 21. │ │ │   └─domain$wrapSync(expr)
 22. │ │ │     └─base::force(expr)
 23. │ │ └─withr::with_options(...)
 24. │ │   └─base::force(code)
 25. │ ├─rlang::exec(app, !!!args)
 26. │ └─teal (local) `&lt;fn&gt;`(id = "test", data = `&lt;teal_dat&gt;`, modules = `&lt;tel_mdls&gt;`)
 27. │   └─shiny::moduleServer(...)
 28. │     ├─session$setReturned(callModule(module, id, session = session))
 29. │     └─shiny::callModule(module, id, session = session)
 30. │       ├─shiny::withReactiveDomain(...)
 31. │       │ └─promises::with_promise_domain(...)
 32. │       │   └─domain$wrapSync(expr)
 33. │       │     └─base::force(expr)
 34. │       └─teal::module(...)
 35. │         ├─shiny::insertUI(...)
 36. │         │ └─base::force(ui)
 37. │         ├─htmltools::tagList(...)
 38. │         │ └─rlang::dots_list(...)
 39. │         ├─tags$span(...)
 40. │         │ └─rlang::dots_list(...)
 41. │         └─tags$div(...)
 42. │           └─rlang::dots_list(...)
 43. └─base::.handleSimpleError(...)
 44.   └─shiny (local) h(simpleError(msg, call))</error>
    </testcase>
    <testcase time="0.0620000000000012" classname="module_teal" name="changes_module_output_for_a_module_with_an_interactive_decorator">
      <error type="error" message="Error: 'preview_report_button_ui' is not an exported object from 'namespace:teal.reporter' ('test-module_teal.R:2034:5')">Error: 'preview_report_button_ui' is not an exported object from 'namespace:teal.reporter'
Backtrace:
     ▆
  1. ├─shiny::testServer(...) at test-module_teal.R:2034:5
  2. │ ├─shiny:::withMockContext(session, rlang::exec(app, !!!args))
  3. │ │ ├─shiny::isolate(...)
  4. │ │ │ ├─shiny::..stacktraceoff..(...)
  5. │ │ │ └─ctx$run(...)
  6. │ │ │   ├─promises::with_promise_domain(...)
  7. │ │ │   │ └─domain$wrapSync(expr)
  8. │ │ │   ├─shiny::withReactiveDomain(...)
  9. │ │ │   │ └─promises::with_promise_domain(...)
 10. │ │ │   │   └─domain$wrapSync(expr)
 11. │ │ │   │     └─base::force(expr)
 12. │ │ │   ├─shiny::captureStackTraces(...)
 13. │ │ │   │ └─promises::with_promise_domain(...)
 14. │ │ │   │   └─domain$wrapSync(expr)
 15. │ │ │   │     └─base::withCallingHandlers(expr, error = doCaptureStack)
 16. │ │ │   └─env$runWith(self, func)
 17. │ │ │     └─shiny (local) contextFunc()
 18. │ │ │       └─shiny::..stacktraceon..(expr)
 19. │ │ ├─shiny::withReactiveDomain(...)
 20. │ │ │ └─promises::with_promise_domain(...)
 21. │ │ │   └─domain$wrapSync(expr)
 22. │ │ │     └─base::force(expr)
 23. │ │ └─withr::with_options(...)
 24. │ │   └─base::force(code)
 25. │ ├─rlang::exec(app, !!!args)
 26. │ └─teal (local) `&lt;fn&gt;`(id = "test", data = `&lt;teal_dat&gt;`, modules = `&lt;tel_mdls&gt;`)
 27. │   └─shiny::moduleServer(...)
 28. │     ├─session$setReturned(callModule(module, id, session = session))
 29. │     └─shiny::callModule(module, id, session = session)
 30. │       ├─shiny::withReactiveDomain(...)
 31. │       │ └─promises::with_promise_domain(...)
 32. │       │   └─domain$wrapSync(expr)
 33. │       │     └─base::force(expr)
 34. │       └─teal::module(...)
 35. │         ├─shiny::insertUI(...)
 36. │         │ └─base::force(ui)
 37. │         ├─htmltools::tagList(...)
 38. │         │ └─rlang::dots_list(...)
 39. │         ├─tags$span(...)
 40. │         │ └─rlang::dots_list(...)
 41. │         └─tags$div(...)
 42. │           └─rlang::dots_list(...)
 43. └─base::.handleSimpleError(...)
 44.   └─shiny (local) h(simpleError(msg, call))</error>
    </testcase>
    <testcase time="0.0549999999999997" classname="module_teal" name="displays_Obs_only_column_if_all_datasets_have_no_join_keys">
      <error type="error" message="Error: 'preview_report_button_ui' is not an exported object from 'namespace:teal.reporter' ('test-module_teal.R:2060:5')">Error: 'preview_report_button_ui' is not an exported object from 'namespace:teal.reporter'
Backtrace:
     ▆
  1. ├─shiny::testServer(...) at test-module_teal.R:2060:5
  2. │ ├─shiny:::withMockContext(session, rlang::exec(app, !!!args))
  3. │ │ ├─shiny::isolate(...)
  4. │ │ │ ├─shiny::..stacktraceoff..(...)
  5. │ │ │ └─ctx$run(...)
  6. │ │ │   ├─promises::with_promise_domain(...)
  7. │ │ │   │ └─domain$wrapSync(expr)
  8. │ │ │   ├─shiny::withReactiveDomain(...)
  9. │ │ │   │ └─promises::with_promise_domain(...)
 10. │ │ │   │   └─domain$wrapSync(expr)
 11. │ │ │   │     └─base::force(expr)
 12. │ │ │   ├─shiny::captureStackTraces(...)
 13. │ │ │   │ └─promises::with_promise_domain(...)
 14. │ │ │   │   └─domain$wrapSync(expr)
 15. │ │ │   │     └─base::withCallingHandlers(expr, error = doCaptureStack)
 16. │ │ │   └─env$runWith(self, func)
 17. │ │ │     └─shiny (local) contextFunc()
 18. │ │ │       └─shiny::..stacktraceon..(expr)
 19. │ │ ├─shiny::withReactiveDomain(...)
 20. │ │ │ └─promises::with_promise_domain(...)
 21. │ │ │   └─domain$wrapSync(expr)
 22. │ │ │     └─base::force(expr)
 23. │ │ └─withr::with_options(...)
 24. │ │   └─base::force(code)
 25. │ ├─rlang::exec(app, !!!args)
 26. │ └─teal (local) `&lt;fn&gt;`(id = "test", data = `&lt;rctvExpr&gt;`, modules = `&lt;tel_mdls&gt;`)
 27. │   └─shiny::moduleServer(...)
 28. │     ├─session$setReturned(callModule(module, id, session = session))
 29. │     └─shiny::callModule(module, id, session = session)
 30. │       ├─shiny::withReactiveDomain(...)
 31. │       │ └─promises::with_promise_domain(...)
 32. │       │   └─domain$wrapSync(expr)
 33. │       │     └─base::force(expr)
 34. │       └─teal::module(...)
 35. │         ├─shiny::insertUI(...)
 36. │         │ └─base::force(ui)
 37. │         ├─htmltools::tagList(...)
 38. │         │ └─rlang::dots_list(...)
 39. │         ├─tags$span(...)
 40. │         │ └─rlang::dots_list(...)
 41. │         └─tags$div(...)
 42. │           └─rlang::dots_list(...)
 43. └─base::.handleSimpleError(...)
 44.   └─shiny (local) h(simpleError(msg, call))</error>
    </testcase>
    <testcase time="0.0579999999999998" classname="module_teal" name="displays_Subjects_with_count_based_on_foreign_key_column">
      <error type="error" message="Error: 'preview_report_button_ui' is not an exported object from 'namespace:teal.reporter' ('test-module_teal.R:2093:5')">Error: 'preview_report_button_ui' is not an exported object from 'namespace:teal.reporter'
Backtrace:
     ▆
  1. ├─shiny::testServer(...) at test-module_teal.R:2093:5
  2. │ ├─shiny:::withMockContext(session, rlang::exec(app, !!!args))
  3. │ │ ├─shiny::isolate(...)
  4. │ │ │ ├─shiny::..stacktraceoff..(...)
  5. │ │ │ └─ctx$run(...)
  6. │ │ │   ├─promises::with_promise_domain(...)
  7. │ │ │   │ └─domain$wrapSync(expr)
  8. │ │ │   ├─shiny::withReactiveDomain(...)
  9. │ │ │   │ └─promises::with_promise_domain(...)
 10. │ │ │   │   └─domain$wrapSync(expr)
 11. │ │ │   │     └─base::force(expr)
 12. │ │ │   ├─shiny::captureStackTraces(...)
 13. │ │ │   │ └─promises::with_promise_domain(...)
 14. │ │ │   │   └─domain$wrapSync(expr)
 15. │ │ │   │     └─base::withCallingHandlers(expr, error = doCaptureStack)
 16. │ │ │   └─env$runWith(self, func)
 17. │ │ │     └─shiny (local) contextFunc()
 18. │ │ │       └─shiny::..stacktraceon..(expr)
 19. │ │ ├─shiny::withReactiveDomain(...)
 20. │ │ │ └─promises::with_promise_domain(...)
 21. │ │ │   └─domain$wrapSync(expr)
 22. │ │ │     └─base::force(expr)
 23. │ │ └─withr::with_options(...)
 24. │ │   └─base::force(code)
 25. │ ├─rlang::exec(app, !!!args)
 26. │ └─teal (local) `&lt;fn&gt;`(id = "test", data = `&lt;teal_dat&gt;`, modules = `&lt;tel_mdls&gt;`)
 27. │   └─shiny::moduleServer(...)
 28. │     ├─session$setReturned(callModule(module, id, session = session))
 29. │     └─shiny::callModule(module, id, session = session)
 30. │       ├─shiny::withReactiveDomain(...)
 31. │       │ └─promises::with_promise_domain(...)
 32. │       │   └─domain$wrapSync(expr)
 33. │       │     └─base::force(expr)
 34. │       └─teal::module(...)
 35. │         ├─shiny::insertUI(...)
 36. │         │ └─base::force(ui)
 37. │         ├─htmltools::tagList(...)
 38. │         │ └─rlang::dots_list(...)
 39. │         ├─tags$span(...)
 40. │         │ └─rlang::dots_list(...)
 41. │         └─tags$div(...)
 42. │           └─rlang::dots_list(...)
 43. └─base::.handleSimpleError(...)
 44.   └─shiny (local) h(simpleError(msg, call))</error>
    </testcase>
    <testcase time="0.0650000000000013" classname="module_teal" name="displays_parent_s_Subjects_with_count_based_on_primary_key">
      <error type="error" message="Error: 'preview_report_button_ui' is not an exported object from 'namespace:teal.reporter' ('test-module_teal.R:2125:5')">Error: 'preview_report_button_ui' is not an exported object from 'namespace:teal.reporter'
Backtrace:
     ▆
  1. ├─shiny::testServer(...) at test-module_teal.R:2125:5
  2. │ ├─shiny:::withMockContext(session, rlang::exec(app, !!!args))
  3. │ │ ├─shiny::isolate(...)
  4. │ │ │ ├─shiny::..stacktraceoff..(...)
  5. │ │ │ └─ctx$run(...)
  6. │ │ │   ├─promises::with_promise_domain(...)
  7. │ │ │   │ └─domain$wrapSync(expr)
  8. │ │ │   ├─shiny::withReactiveDomain(...)
  9. │ │ │   │ └─promises::with_promise_domain(...)
 10. │ │ │   │   └─domain$wrapSync(expr)
 11. │ │ │   │     └─base::force(expr)
 12. │ │ │   ├─shiny::captureStackTraces(...)
 13. │ │ │   │ └─promises::with_promise_domain(...)
 14. │ │ │   │   └─domain$wrapSync(expr)
 15. │ │ │   │     └─base::withCallingHandlers(expr, error = doCaptureStack)
 16. │ │ │   └─env$runWith(self, func)
 17. │ │ │     └─shiny (local) contextFunc()
 18. │ │ │       └─shiny::..stacktraceon..(expr)
 19. │ │ ├─shiny::withReactiveDomain(...)
 20. │ │ │ └─promises::with_promise_domain(...)
 21. │ │ │   └─domain$wrapSync(expr)
 22. │ │ │     └─base::force(expr)
 23. │ │ └─withr::with_options(...)
 24. │ │   └─base::force(code)
 25. │ ├─rlang::exec(app, !!!args)
 26. │ └─teal (local) `&lt;fn&gt;`(id = "test", data = `&lt;teal_dat&gt;`, modules = `&lt;tel_mdls&gt;`)
 27. │   └─shiny::moduleServer(...)
 28. │     ├─session$setReturned(callModule(module, id, session = session))
 29. │     └─shiny::callModule(module, id, session = session)
 30. │       ├─shiny::withReactiveDomain(...)
 31. │       │ └─promises::with_promise_domain(...)
 32. │       │   └─domain$wrapSync(expr)
 33. │       │     └─base::force(expr)
 34. │       └─teal::module(...)
 35. │         ├─shiny::insertUI(...)
 36. │         │ └─base::force(ui)
 37. │         ├─htmltools::tagList(...)
 38. │         │ └─rlang::dots_list(...)
 39. │         ├─tags$span(...)
 40. │         │ └─rlang::dots_list(...)
 41. │         └─tags$div(...)
 42. │           └─rlang::dots_list(...)
 43. └─base::.handleSimpleError(...)
 44.   └─shiny (local) h(simpleError(msg, call))</error>
    </testcase>
    <testcase time="0.0599999999999987" classname="module_teal" name="displays_parent_s_Subjects_with_count_based_on_primary_and_foreign_key">
      <error type="error" message="Error: 'preview_report_button_ui' is not an exported object from 'namespace:teal.reporter' ('test-module_teal.R:2158:5')">Error: 'preview_report_button_ui' is not an exported object from 'namespace:teal.reporter'
Backtrace:
     ▆
  1. ├─shiny::testServer(...) at test-module_teal.R:2158:5
  2. │ ├─shiny:::withMockContext(session, rlang::exec(app, !!!args))
  3. │ │ ├─shiny::isolate(...)
  4. │ │ │ ├─shiny::..stacktraceoff..(...)
  5. │ │ │ └─ctx$run(...)
  6. │ │ │   ├─promises::with_promise_domain(...)
  7. │ │ │   │ └─domain$wrapSync(expr)
  8. │ │ │   ├─shiny::withReactiveDomain(...)
  9. │ │ │   │ └─promises::with_promise_domain(...)
 10. │ │ │   │   └─domain$wrapSync(expr)
 11. │ │ │   │     └─base::force(expr)
 12. │ │ │   ├─shiny::captureStackTraces(...)
 13. │ │ │   │ └─promises::with_promise_domain(...)
 14. │ │ │   │   └─domain$wrapSync(expr)
 15. │ │ │   │     └─base::withCallingHandlers(expr, error = doCaptureStack)
 16. │ │ │   └─env$runWith(self, func)
 17. │ │ │     └─shiny (local) contextFunc()
 18. │ │ │       └─shiny::..stacktraceon..(expr)
 19. │ │ ├─shiny::withReactiveDomain(...)
 20. │ │ │ └─promises::with_promise_domain(...)
 21. │ │ │   └─domain$wrapSync(expr)
 22. │ │ │     └─base::force(expr)
 23. │ │ └─withr::with_options(...)
 24. │ │   └─base::force(code)
 25. │ ├─rlang::exec(app, !!!args)
 26. │ └─teal (local) `&lt;fn&gt;`(id = "test", data = `&lt;teal_dat&gt;`, modules = `&lt;tel_mdls&gt;`)
 27. │   └─shiny::moduleServer(...)
 28. │     ├─session$setReturned(callModule(module, id, session = session))
 29. │     └─shiny::callModule(module, id, session = session)
 30. │       ├─shiny::withReactiveDomain(...)
 31. │       │ └─promises::with_promise_domain(...)
 32. │       │   └─domain$wrapSync(expr)
 33. │       │     └─base::force(expr)
 34. │       └─teal::module(...)
 35. │         ├─shiny::insertUI(...)
 36. │         │ └─base::force(ui)
 37. │         ├─htmltools::tagList(...)
 38. │         │ └─rlang::dots_list(...)
 39. │         ├─tags$span(...)
 40. │         │ └─rlang::dots_list(...)
 41. │         └─tags$div(...)
 42. │           └─rlang::dots_list(...)
 43. └─base::.handleSimpleError(...)
 44.   └─shiny (local) h(simpleError(msg, call))</error>
    </testcase>
    <testcase time="0.0690000000000026" classname="module_teal" name="reflects_filters_and_displays_subjects_by_their_unique_id_count">
      <error type="error" message="Error: 'preview_report_button_ui' is not an exported object from 'namespace:teal.reporter' ('test-module_teal.R:2191:5')">Error: 'preview_report_button_ui' is not an exported object from 'namespace:teal.reporter'
Backtrace:
     ▆
  1. ├─shiny::testServer(...) at test-module_teal.R:2191:5
  2. │ ├─shiny:::withMockContext(session, rlang::exec(app, !!!args))
  3. │ │ ├─shiny::isolate(...)
  4. │ │ │ ├─shiny::..stacktraceoff..(...)
  5. │ │ │ └─ctx$run(...)
  6. │ │ │   ├─promises::with_promise_domain(...)
  7. │ │ │   │ └─domain$wrapSync(expr)
  8. │ │ │   ├─shiny::withReactiveDomain(...)
  9. │ │ │   │ └─promises::with_promise_domain(...)
 10. │ │ │   │   └─domain$wrapSync(expr)
 11. │ │ │   │     └─base::force(expr)
 12. │ │ │   ├─shiny::captureStackTraces(...)
 13. │ │ │   │ └─promises::with_promise_domain(...)
 14. │ │ │   │   └─domain$wrapSync(expr)
 15. │ │ │   │     └─base::withCallingHandlers(expr, error = doCaptureStack)
 16. │ │ │   └─env$runWith(self, func)
 17. │ │ │     └─shiny (local) contextFunc()
 18. │ │ │       └─shiny::..stacktraceon..(expr)
 19. │ │ ├─shiny::withReactiveDomain(...)
 20. │ │ │ └─promises::with_promise_domain(...)
 21. │ │ │   └─domain$wrapSync(expr)
 22. │ │ │     └─base::force(expr)
 23. │ │ └─withr::with_options(...)
 24. │ │   └─base::force(code)
 25. │ ├─rlang::exec(app, !!!args)
 26. │ └─teal (local) `&lt;fn&gt;`(...)
 27. │   └─shiny::moduleServer(...)
 28. │     ├─session$setReturned(callModule(module, id, session = session))
 29. │     └─shiny::callModule(module, id, session = session)
 30. │       ├─shiny::withReactiveDomain(...)
 31. │       │ └─promises::with_promise_domain(...)
 32. │       │   └─domain$wrapSync(expr)
 33. │       │     └─base::force(expr)
 34. │       └─teal::module(...)
 35. │         ├─shiny::insertUI(...)
 36. │         │ └─base::force(ui)
 37. │         ├─htmltools::tagList(...)
 38. │         │ └─rlang::dots_list(...)
 39. │         ├─tags$span(...)
 40. │         │ └─rlang::dots_list(...)
 41. │         └─tags$div(...)
 42. │           └─rlang::dots_list(...)
 43. └─base::.handleSimpleError(...)
 44.   └─shiny (local) h(simpleError(msg, call))</error>
    </testcase>
    <testcase time="0.0599999999999987" classname="module_teal" name="reflects_added_filters_and_displays_subjects_by_their_unique_id_count">
      <error type="error" message="Error: 'preview_report_button_ui' is not an exported object from 'namespace:teal.reporter' ('test-module_teal.R:2225:5')">Error: 'preview_report_button_ui' is not an exported object from 'namespace:teal.reporter'
Backtrace:
     ▆
  1. ├─shiny::testServer(...) at test-module_teal.R:2225:5
  2. │ ├─shiny:::withMockContext(session, rlang::exec(app, !!!args))
  3. │ │ ├─shiny::isolate(...)
  4. │ │ │ ├─shiny::..stacktraceoff..(...)
  5. │ │ │ └─ctx$run(...)
  6. │ │ │   ├─promises::with_promise_domain(...)
  7. │ │ │   │ └─domain$wrapSync(expr)
  8. │ │ │   ├─shiny::withReactiveDomain(...)
  9. │ │ │   │ └─promises::with_promise_domain(...)
 10. │ │ │   │   └─domain$wrapSync(expr)
 11. │ │ │   │     └─base::force(expr)
 12. │ │ │   ├─shiny::captureStackTraces(...)
 13. │ │ │   │ └─promises::with_promise_domain(...)
 14. │ │ │   │   └─domain$wrapSync(expr)
 15. │ │ │   │     └─base::withCallingHandlers(expr, error = doCaptureStack)
 16. │ │ │   └─env$runWith(self, func)
 17. │ │ │     └─shiny (local) contextFunc()
 18. │ │ │       └─shiny::..stacktraceon..(expr)
 19. │ │ ├─shiny::withReactiveDomain(...)
 20. │ │ │ └─promises::with_promise_domain(...)
 21. │ │ │   └─domain$wrapSync(expr)
 22. │ │ │     └─base::force(expr)
 23. │ │ └─withr::with_options(...)
 24. │ │   └─base::force(code)
 25. │ ├─rlang::exec(app, !!!args)
 26. │ └─teal (local) `&lt;fn&gt;`(id = "test", data = `&lt;teal_dat&gt;`, modules = `&lt;tel_mdls&gt;`)
 27. │   └─shiny::moduleServer(...)
 28. │     ├─session$setReturned(callModule(module, id, session = session))
 29. │     └─shiny::callModule(module, id, session = session)
 30. │       ├─shiny::withReactiveDomain(...)
 31. │       │ └─promises::with_promise_domain(...)
 32. │       │   └─domain$wrapSync(expr)
 33. │       │     └─base::force(expr)
 34. │       └─teal::module(...)
 35. │         ├─shiny::insertUI(...)
 36. │         │ └─base::force(ui)
 37. │         ├─htmltools::tagList(...)
 38. │         │ └─rlang::dots_list(...)
 39. │         ├─tags$span(...)
 40. │         │ └─rlang::dots_list(...)
 41. │         └─tags$div(...)
 42. │           └─rlang::dots_list(...)
 43. └─base::.handleSimpleError(...)
 44.   └─shiny (local) h(simpleError(msg, call))</error>
    </testcase>
    <testcase time="0.0629999999999988" classname="module_teal" name="reflects_transformator_adding_new_dataset_if_specified_in_module">
      <error type="error" message="Error: 'preview_report_button_ui' is not an exported object from 'namespace:teal.reporter' ('test-module_teal.R:2250:5')">Error: 'preview_report_button_ui' is not an exported object from 'namespace:teal.reporter'
Backtrace:
     ▆
  1. ├─shiny::testServer(...) at test-module_teal.R:2250:5
  2. │ ├─shiny:::withMockContext(session, rlang::exec(app, !!!args))
  3. │ │ ├─shiny::isolate(...)
  4. │ │ │ ├─shiny::..stacktraceoff..(...)
  5. │ │ │ └─ctx$run(...)
  6. │ │ │   ├─promises::with_promise_domain(...)
  7. │ │ │   │ └─domain$wrapSync(expr)
  8. │ │ │   ├─shiny::withReactiveDomain(...)
  9. │ │ │   │ └─promises::with_promise_domain(...)
 10. │ │ │   │   └─domain$wrapSync(expr)
 11. │ │ │   │     └─base::force(expr)
 12. │ │ │   ├─shiny::captureStackTraces(...)
 13. │ │ │   │ └─promises::with_promise_domain(...)
 14. │ │ │   │   └─domain$wrapSync(expr)
 15. │ │ │   │     └─base::withCallingHandlers(expr, error = doCaptureStack)
 16. │ │ │   └─env$runWith(self, func)
 17. │ │ │     └─shiny (local) contextFunc()
 18. │ │ │       └─shiny::..stacktraceon..(expr)
 19. │ │ ├─shiny::withReactiveDomain(...)
 20. │ │ │ └─promises::with_promise_domain(...)
 21. │ │ │   └─domain$wrapSync(expr)
 22. │ │ │     └─base::force(expr)
 23. │ │ └─withr::with_options(...)
 24. │ │   └─base::force(code)
 25. │ ├─rlang::exec(app, !!!args)
 26. │ └─teal (local) `&lt;fn&gt;`(id = "test", data = `&lt;teal_dat&gt;`, modules = `&lt;tel_mdls&gt;`)
 27. │   └─shiny::moduleServer(...)
 28. │     ├─session$setReturned(callModule(module, id, session = session))
 29. │     └─shiny::callModule(module, id, session = session)
 30. │       ├─shiny::withReactiveDomain(...)
 31. │       │ └─promises::with_promise_domain(...)
 32. │       │   └─domain$wrapSync(expr)
 33. │       │     └─base::force(expr)
 34. │       └─teal::module(...)
 35. │         ├─shiny::insertUI(...)
 36. │         │ └─base::force(ui)
 37. │         ├─htmltools::tagList(...)
 38. │         │ └─rlang::dots_list(...)
 39. │         ├─tags$span(...)
 40. │         │ └─rlang::dots_list(...)
 41. │         └─tags$div(...)
 42. │           └─rlang::dots_list(...)
 43. └─base::.handleSimpleError(...)
 44.   └─shiny (local) h(simpleError(msg, call))</error>
    </testcase>
    <testcase time="0.0590000000000011" classname="module_teal" name="displays_parent_s_Subjects_with_count_based_on_primary_key">
      <error type="error" message="Error: 'preview_report_button_ui' is not an exported object from 'namespace:teal.reporter' ('test-module_teal.R:2289:7')">Error: 'preview_report_button_ui' is not an exported object from 'namespace:teal.reporter'
Backtrace:
     ▆
  1. ├─shiny::testServer(...) at test-module_teal.R:2289:7
  2. │ ├─shiny:::withMockContext(session, rlang::exec(app, !!!args))
  3. │ │ ├─shiny::isolate(...)
  4. │ │ │ ├─shiny::..stacktraceoff..(...)
  5. │ │ │ └─ctx$run(...)
  6. │ │ │   ├─promises::with_promise_domain(...)
  7. │ │ │   │ └─domain$wrapSync(expr)
  8. │ │ │   ├─shiny::withReactiveDomain(...)
  9. │ │ │   │ └─promises::with_promise_domain(...)
 10. │ │ │   │   └─domain$wrapSync(expr)
 11. │ │ │   │     └─base::force(expr)
 12. │ │ │   ├─shiny::captureStackTraces(...)
 13. │ │ │   │ └─promises::with_promise_domain(...)
 14. │ │ │   │   └─domain$wrapSync(expr)
 15. │ │ │   │     └─base::withCallingHandlers(expr, error = doCaptureStack)
 16. │ │ │   └─env$runWith(self, func)
 17. │ │ │     └─shiny (local) contextFunc()
 18. │ │ │       └─shiny::..stacktraceon..(expr)
 19. │ │ ├─shiny::withReactiveDomain(...)
 20. │ │ │ └─promises::with_promise_domain(...)
 21. │ │ │   └─domain$wrapSync(expr)
 22. │ │ │     └─base::force(expr)
 23. │ │ └─withr::with_options(...)
 24. │ │   └─base::force(code)
 25. │ ├─rlang::exec(app, !!!args)
 26. │ └─teal (local) `&lt;fn&gt;`(id = "test", data = `&lt;teal_dat&gt;`, modules = `&lt;tel_mdls&gt;`)
 27. │   └─shiny::moduleServer(...)
 28. │     ├─session$setReturned(callModule(module, id, session = session))
 29. │     └─shiny::callModule(module, id, session = session)
 30. │       ├─shiny::withReactiveDomain(...)
 31. │       │ └─promises::with_promise_domain(...)
 32. │       │   └─domain$wrapSync(expr)
 33. │       │     └─base::force(expr)
 34. │       └─teal::module(...)
 35. │         ├─shiny::insertUI(...)
 36. │         │ └─base::force(ui)
 37. │         ├─htmltools::tagList(...)
 38. │         │ └─rlang::dots_list(...)
 39. │         ├─tags$span(...)
 40. │         │ └─rlang::dots_list(...)
 41. │         └─tags$div(...)
 42. │           └─rlang::dots_list(...)
 43. └─base::.handleSimpleError(...)
 44.   └─shiny (local) h(simpleError(msg, call))</error>
    </testcase>
    <testcase time="0.0599999999999987" classname="module_teal" name="displays_only_module_datanames">
      <error type="error" message="Error: 'preview_report_button_ui' is not an exported object from 'namespace:teal.reporter' ('test-module_teal.R:2319:5')">Error: 'preview_report_button_ui' is not an exported object from 'namespace:teal.reporter'
Backtrace:
     ▆
  1. ├─shiny::testServer(...) at test-module_teal.R:2319:5
  2. │ ├─shiny:::withMockContext(session, rlang::exec(app, !!!args))
  3. │ │ ├─shiny::isolate(...)
  4. │ │ │ ├─shiny::..stacktraceoff..(...)
  5. │ │ │ └─ctx$run(...)
  6. │ │ │   ├─promises::with_promise_domain(...)
  7. │ │ │   │ └─domain$wrapSync(expr)
  8. │ │ │   ├─shiny::withReactiveDomain(...)
  9. │ │ │   │ └─promises::with_promise_domain(...)
 10. │ │ │   │   └─domain$wrapSync(expr)
 11. │ │ │   │     └─base::force(expr)
 12. │ │ │   ├─shiny::captureStackTraces(...)
 13. │ │ │   │ └─promises::with_promise_domain(...)
 14. │ │ │   │   └─domain$wrapSync(expr)
 15. │ │ │   │     └─base::withCallingHandlers(expr, error = doCaptureStack)
 16. │ │ │   └─env$runWith(self, func)
 17. │ │ │     └─shiny (local) contextFunc()
 18. │ │ │       └─shiny::..stacktraceon..(expr)
 19. │ │ ├─shiny::withReactiveDomain(...)
 20. │ │ │ └─promises::with_promise_domain(...)
 21. │ │ │   └─domain$wrapSync(expr)
 22. │ │ │     └─base::force(expr)
 23. │ │ └─withr::with_options(...)
 24. │ │   └─base::force(code)
 25. │ ├─rlang::exec(app, !!!args)
 26. │ └─teal (local) `&lt;fn&gt;`(id = "test", data = `&lt;teal_dat&gt;`, modules = `&lt;tel_mdls&gt;`)
 27. │   └─shiny::moduleServer(...)
 28. │     ├─session$setReturned(callModule(module, id, session = session))
 29. │     └─shiny::callModule(module, id, session = session)
 30. │       ├─shiny::withReactiveDomain(...)
 31. │       │ └─promises::with_promise_domain(...)
 32. │       │   └─domain$wrapSync(expr)
 33. │       │     └─base::force(expr)
 34. │       └─teal::module(...)
 35. │         ├─shiny::insertUI(...)
 36. │         │ └─base::force(ui)
 37. │         ├─htmltools::tagList(...)
 38. │         │ └─rlang::dots_list(...)
 39. │         ├─tags$span(...)
 40. │         │ └─rlang::dots_list(...)
 41. │         └─tags$div(...)
 42. │           └─rlang::dots_list(...)
 43. └─base::.handleSimpleError(...)
 44.   └─shiny (local) h(simpleError(msg, call))</error>
    </testcase>
    <testcase time="0.0630000000000024" classname="module_teal" name="displays_parent_before_child_when_join_keys_are_provided">
      <error type="error" message="Error: 'preview_report_button_ui' is not an exported object from 'namespace:teal.reporter' ('test-module_teal.R:2349:5')">Error: 'preview_report_button_ui' is not an exported object from 'namespace:teal.reporter'
Backtrace:
     ▆
  1. ├─shiny::testServer(...) at test-module_teal.R:2349:5
  2. │ ├─shiny:::withMockContext(session, rlang::exec(app, !!!args))
  3. │ │ ├─shiny::isolate(...)
  4. │ │ │ ├─shiny::..stacktraceoff..(...)
  5. │ │ │ └─ctx$run(...)
  6. │ │ │   ├─promises::with_promise_domain(...)
  7. │ │ │   │ └─domain$wrapSync(expr)
  8. │ │ │   ├─shiny::withReactiveDomain(...)
  9. │ │ │   │ └─promises::with_promise_domain(...)
 10. │ │ │   │   └─domain$wrapSync(expr)
 11. │ │ │   │     └─base::force(expr)
 12. │ │ │   ├─shiny::captureStackTraces(...)
 13. │ │ │   │ └─promises::with_promise_domain(...)
 14. │ │ │   │   └─domain$wrapSync(expr)
 15. │ │ │   │     └─base::withCallingHandlers(expr, error = doCaptureStack)
 16. │ │ │   └─env$runWith(self, func)
 17. │ │ │     └─shiny (local) contextFunc()
 18. │ │ │       └─shiny::..stacktraceon..(expr)
 19. │ │ ├─shiny::withReactiveDomain(...)
 20. │ │ │ └─promises::with_promise_domain(...)
 21. │ │ │   └─domain$wrapSync(expr)
 22. │ │ │     └─base::force(expr)
 23. │ │ └─withr::with_options(...)
 24. │ │   └─base::force(code)
 25. │ ├─rlang::exec(app, !!!args)
 26. │ └─teal (local) `&lt;fn&gt;`(id = "test", data = `&lt;teal_dat&gt;`, modules = `&lt;tel_mdls&gt;`)
 27. │   └─shiny::moduleServer(...)
 28. │     ├─session$setReturned(callModule(module, id, session = session))
 29. │     └─shiny::callModule(module, id, session = session)
 30. │       ├─shiny::withReactiveDomain(...)
 31. │       │ └─promises::with_promise_domain(...)
 32. │       │   └─domain$wrapSync(expr)
 33. │       │     └─base::force(expr)
 34. │       └─teal::module(...)
 35. │         ├─shiny::insertUI(...)
 36. │         │ └─base::force(ui)
 37. │         ├─htmltools::tagList(...)
 38. │         │ └─rlang::dots_list(...)
 39. │         ├─tags$span(...)
 40. │         │ └─rlang::dots_list(...)
 41. │         └─tags$div(...)
 42. │           └─rlang::dots_list(...)
 43. └─base::.handleSimpleError(...)
 44.   └─shiny (local) h(simpleError(msg, call))</error>
    </testcase>
    <testcase time="0.0579999999999998" classname="module_teal" name="displays_subset_of_module_datanames_if_not_sufficient">
      <error type="error" message="Error: 'preview_report_button_ui' is not an exported object from 'namespace:teal.reporter' ('test-module_teal.R:2369:5')">Error: 'preview_report_button_ui' is not an exported object from 'namespace:teal.reporter'
Backtrace:
     ▆
  1. ├─shiny::testServer(...) at test-module_teal.R:2369:5
  2. │ ├─shiny:::withMockContext(session, rlang::exec(app, !!!args))
  3. │ │ ├─shiny::isolate(...)
  4. │ │ │ ├─shiny::..stacktraceoff..(...)
  5. │ │ │ └─ctx$run(...)
  6. │ │ │   ├─promises::with_promise_domain(...)
  7. │ │ │   │ └─domain$wrapSync(expr)
  8. │ │ │   ├─shiny::withReactiveDomain(...)
  9. │ │ │   │ └─promises::with_promise_domain(...)
 10. │ │ │   │   └─domain$wrapSync(expr)
 11. │ │ │   │     └─base::force(expr)
 12. │ │ │   ├─shiny::captureStackTraces(...)
 13. │ │ │   │ └─promises::with_promise_domain(...)
 14. │ │ │   │   └─domain$wrapSync(expr)
 15. │ │ │   │     └─base::withCallingHandlers(expr, error = doCaptureStack)
 16. │ │ │   └─env$runWith(self, func)
 17. │ │ │     └─shiny (local) contextFunc()
 18. │ │ │       └─shiny::..stacktraceon..(expr)
 19. │ │ ├─shiny::withReactiveDomain(...)
 20. │ │ │ └─promises::with_promise_domain(...)
 21. │ │ │   └─domain$wrapSync(expr)
 22. │ │ │     └─base::force(expr)
 23. │ │ └─withr::with_options(...)
 24. │ │   └─base::force(code)
 25. │ ├─rlang::exec(app, !!!args)
 26. │ └─teal (local) `&lt;fn&gt;`(id = "test", data = `&lt;teal_dat&gt;`, modules = `&lt;tel_mdls&gt;`)
 27. │   └─shiny::moduleServer(...)
 28. │     ├─session$setReturned(callModule(module, id, session = session))
 29. │     └─shiny::callModule(module, id, session = session)
 30. │       ├─shiny::withReactiveDomain(...)
 31. │       │ └─promises::with_promise_domain(...)
 32. │       │   └─domain$wrapSync(expr)
 33. │       │     └─base::force(expr)
 34. │       └─teal::module(...)
 35. │         ├─shiny::insertUI(...)
 36. │         │ └─base::force(ui)
 37. │         ├─htmltools::tagList(...)
 38. │         │ └─rlang::dots_list(...)
 39. │         ├─tags$span(...)
 40. │         │ └─rlang::dots_list(...)
 41. │         └─tags$div(...)
 42. │           └─rlang::dots_list(...)
 43. └─base::.handleSimpleError(...)
 44.   └─shiny (local) h(simpleError(msg, call))</error>
    </testcase>
    <testcase time="4.901" classname="module_teal" name="summary_table_displays_MAE_dataset_added_in_transformators">
      <error type="error" message="Error: 'preview_report_button_ui' is not an exported object from 'namespace:teal.reporter' ('test-module_teal.R:2398:5')">Error: 'preview_report_button_ui' is not an exported object from 'namespace:teal.reporter'
Backtrace:
     ▆
  1. ├─shiny::testServer(...) at test-module_teal.R:2398:5
  2. │ ├─shiny:::withMockContext(session, rlang::exec(app, !!!args))
  3. │ │ ├─shiny::isolate(...)
  4. │ │ │ ├─shiny::..stacktraceoff..(...)
  5. │ │ │ └─ctx$run(...)
  6. │ │ │   ├─promises::with_promise_domain(...)
  7. │ │ │   │ └─domain$wrapSync(expr)
  8. │ │ │   ├─shiny::withReactiveDomain(...)
  9. │ │ │   │ └─promises::with_promise_domain(...)
 10. │ │ │   │   └─domain$wrapSync(expr)
 11. │ │ │   │     └─base::force(expr)
 12. │ │ │   ├─shiny::captureStackTraces(...)
 13. │ │ │   │ └─promises::with_promise_domain(...)
 14. │ │ │   │   └─domain$wrapSync(expr)
 15. │ │ │   │     └─base::withCallingHandlers(expr, error = doCaptureStack)
 16. │ │ │   └─env$runWith(self, func)
 17. │ │ │     └─shiny (local) contextFunc()
 18. │ │ │       └─shiny::..stacktraceon..(expr)
 19. │ │ ├─shiny::withReactiveDomain(...)
 20. │ │ │ └─promises::with_promise_domain(...)
 21. │ │ │   └─domain$wrapSync(expr)
 22. │ │ │     └─base::force(expr)
 23. │ │ └─withr::with_options(...)
 24. │ │   └─base::force(code)
 25. │ ├─rlang::exec(app, !!!args)
 26. │ └─teal (local) `&lt;fn&gt;`(id = "test", data = `&lt;teal_dat&gt;`, modules = `&lt;tel_mdls&gt;`)
 27. │   └─shiny::moduleServer(...)
 28. │     ├─session$setReturned(callModule(module, id, session = session))
 29. │     └─shiny::callModule(module, id, session = session)
 30. │       ├─shiny::withReactiveDomain(...)
 31. │       │ └─promises::with_promise_domain(...)
 32. │       │   └─domain$wrapSync(expr)
 33. │       │     └─base::force(expr)
 34. │       └─teal::module(...)
 35. │         ├─shiny::insertUI(...)
 36. │         │ └─base::force(ui)
 37. │         ├─htmltools::tagList(...)
 38. │         │ └─rlang::dots_list(...)
 39. │         ├─tags$span(...)
 40. │         │ └─rlang::dots_list(...)
 41. │         └─tags$div(...)
 42. │           └─rlang::dots_list(...)
 43. └─base::.handleSimpleError(...)
 44.   └─shiny (local) h(simpleError(msg, call))</error>
    </testcase>
    <testcase time="0.093" classname="module_teal" name="displays_unsupported_datasets">
      <error type="error" message="Error: 'preview_report_button_ui' is not an exported object from 'namespace:teal.reporter' ('test-module_teal.R:2442:5')">Error: 'preview_report_button_ui' is not an exported object from 'namespace:teal.reporter'
Backtrace:
     ▆
  1. ├─shiny::testServer(...) at test-module_teal.R:2442:5
  2. │ ├─shiny:::withMockContext(session, rlang::exec(app, !!!args))
  3. │ │ ├─shiny::isolate(...)
  4. │ │ │ ├─shiny::..stacktraceoff..(...)
  5. │ │ │ └─ctx$run(...)
  6. │ │ │   ├─promises::with_promise_domain(...)
  7. │ │ │   │ └─domain$wrapSync(expr)
  8. │ │ │   ├─shiny::withReactiveDomain(...)
  9. │ │ │   │ └─promises::with_promise_domain(...)
 10. │ │ │   │   └─domain$wrapSync(expr)
 11. │ │ │   │     └─base::force(expr)
 12. │ │ │   ├─shiny::captureStackTraces(...)
 13. │ │ │   │ └─promises::with_promise_domain(...)
 14. │ │ │   │   └─domain$wrapSync(expr)
 15. │ │ │   │     └─base::withCallingHandlers(expr, error = doCaptureStack)
 16. │ │ │   └─env$runWith(self, func)
 17. │ │ │     └─shiny (local) contextFunc()
 18. │ │ │       └─shiny::..stacktraceon..(expr)
 19. │ │ ├─shiny::withReactiveDomain(...)
 20. │ │ │ └─promises::with_promise_domain(...)
 21. │ │ │   └─domain$wrapSync(expr)
 22. │ │ │     └─base::force(expr)
 23. │ │ └─withr::with_options(...)
 24. │ │   └─base::force(code)
 25. │ ├─rlang::exec(app, !!!args)
 26. │ └─teal (local) `&lt;fn&gt;`(id = "test", data = `&lt;teal_dat&gt;`, modules = `&lt;tel_mdls&gt;`)
 27. │   └─shiny::moduleServer(...)
 28. │     ├─session$setReturned(callModule(module, id, session = session))
 29. │     └─shiny::callModule(module, id, session = session)
 30. │       ├─shiny::withReactiveDomain(...)
 31. │       │ └─promises::with_promise_domain(...)
 32. │       │   └─domain$wrapSync(expr)
 33. │       │     └─base::force(expr)
 34. │       └─teal::module(...)
 35. │         ├─shiny::insertUI(...)
 36. │         │ └─base::force(ui)
 37. │         ├─htmltools::tagList(...)
 38. │         │ └─rlang::dots_list(...)
 39. │         ├─tags$span(...)
 40. │         │ └─rlang::dots_list(...)
 41. │         └─tags$div(...)
 42. │           └─rlang::dots_list(...)
 43. └─base::.handleSimpleError(...)
 44.   └─shiny (local) h(simpleError(msg, call))</error>
    </testcase>
    <testcase time="0.0799999999999983" classname="module_teal" name="clicking_reset_button_restores_initial_filters_state_when_module_specific">
      <error type="error" message="Error: 'preview_report_button_ui' is not an exported object from 'namespace:teal.reporter' ('test-module_teal.R:2467:5')">Error: 'preview_report_button_ui' is not an exported object from 'namespace:teal.reporter'
Backtrace:
     ▆
  1. ├─shiny::testServer(...) at test-module_teal.R:2467:5
  2. │ ├─shiny:::withMockContext(session, rlang::exec(app, !!!args))
  3. │ │ ├─shiny::isolate(...)
  4. │ │ │ ├─shiny::..stacktraceoff..(...)
  5. │ │ │ └─ctx$run(...)
  6. │ │ │   ├─promises::with_promise_domain(...)
  7. │ │ │   │ └─domain$wrapSync(expr)
  8. │ │ │   ├─shiny::withReactiveDomain(...)
  9. │ │ │   │ └─promises::with_promise_domain(...)
 10. │ │ │   │   └─domain$wrapSync(expr)
 11. │ │ │   │     └─base::force(expr)
 12. │ │ │   ├─shiny::captureStackTraces(...)
 13. │ │ │   │ └─promises::with_promise_domain(...)
 14. │ │ │   │   └─domain$wrapSync(expr)
 15. │ │ │   │     └─base::withCallingHandlers(expr, error = doCaptureStack)
 16. │ │ │   └─env$runWith(self, func)
 17. │ │ │     └─shiny (local) contextFunc()
 18. │ │ │       └─shiny::..stacktraceon..(expr)
 19. │ │ ├─shiny::withReactiveDomain(...)
 20. │ │ │ └─promises::with_promise_domain(...)
 21. │ │ │   └─domain$wrapSync(expr)
 22. │ │ │     └─base::force(expr)
 23. │ │ └─withr::with_options(...)
 24. │ │   └─base::force(code)
 25. │ ├─rlang::exec(app, !!!args)
 26. │ └─teal (local) `&lt;fn&gt;`(...)
 27. │   └─shiny::moduleServer(...)
 28. │     ├─session$setReturned(callModule(module, id, session = session))
 29. │     └─shiny::callModule(module, id, session = session)
 30. │       ├─shiny::withReactiveDomain(...)
 31. │       │ └─promises::with_promise_domain(...)
 32. │       │   └─domain$wrapSync(expr)
 33. │       │     └─base::force(expr)
 34. │       └─teal::module(...)
 35. │         ├─shiny::insertUI(...)
 36. │         │ └─base::force(ui)
 37. │         ├─htmltools::tagList(...)
 38. │         │ └─rlang::dots_list(...)
 39. │         ├─tags$span(...)
 40. │         │ └─rlang::dots_list(...)
 41. │         └─tags$div(...)
 42. │           └─rlang::dots_list(...)
 43. └─base::.handleSimpleError(...)
 44.   └─shiny (local) h(simpleError(msg, call))</error>
    </testcase>
    <testcase time="0.083000000000002" classname="module_teal" name="clicking_reset_button_restores_initial_filters_with_respect_to_mapping_state_when_module_specific">
      <error type="error" message="Error: 'preview_report_button_ui' is not an exported object from 'namespace:teal.reporter' ('test-module_teal.R:2507:5')">Error: 'preview_report_button_ui' is not an exported object from 'namespace:teal.reporter'
Backtrace:
     ▆
  1. ├─shiny::testServer(...) at test-module_teal.R:2507:5
  2. │ ├─shiny:::withMockContext(session, rlang::exec(app, !!!args))
  3. │ │ ├─shiny::isolate(...)
  4. │ │ │ ├─shiny::..stacktraceoff..(...)
  5. │ │ │ └─ctx$run(...)
  6. │ │ │   ├─promises::with_promise_domain(...)
  7. │ │ │   │ └─domain$wrapSync(expr)
  8. │ │ │   ├─shiny::withReactiveDomain(...)
  9. │ │ │   │ └─promises::with_promise_domain(...)
 10. │ │ │   │   └─domain$wrapSync(expr)
 11. │ │ │   │     └─base::force(expr)
 12. │ │ │   ├─shiny::captureStackTraces(...)
 13. │ │ │   │ └─promises::with_promise_domain(...)
 14. │ │ │   │   └─domain$wrapSync(expr)
 15. │ │ │   │     └─base::withCallingHandlers(expr, error = doCaptureStack)
 16. │ │ │   └─env$runWith(self, func)
 17. │ │ │     └─shiny (local) contextFunc()
 18. │ │ │       └─shiny::..stacktraceon..(expr)
 19. │ │ ├─shiny::withReactiveDomain(...)
 20. │ │ │ └─promises::with_promise_domain(...)
 21. │ │ │   └─domain$wrapSync(expr)
 22. │ │ │     └─base::force(expr)
 23. │ │ └─withr::with_options(...)
 24. │ │   └─base::force(code)
 25. │ ├─rlang::exec(app, !!!args)
 26. │ └─teal (local) `&lt;fn&gt;`(...)
 27. │   └─shiny::moduleServer(...)
 28. │     ├─session$setReturned(callModule(module, id, session = session))
 29. │     └─shiny::callModule(module, id, session = session)
 30. │       ├─shiny::withReactiveDomain(...)
 31. │       │ └─promises::with_promise_domain(...)
 32. │       │   └─domain$wrapSync(expr)
 33. │       │     └─base::force(expr)
 34. │       └─teal::module(...)
 35. │         ├─shiny::insertUI(...)
 36. │         │ └─base::force(ui)
 37. │         ├─htmltools::tagList(...)
 38. │         │ └─rlang::dots_list(...)
 39. │         ├─tags$span(...)
 40. │         │ └─rlang::dots_list(...)
 41. │         └─tags$div(...)
 42. │           └─rlang::dots_list(...)
 43. └─base::.handleSimpleError(...)
 44.   └─shiny (local) h(simpleError(msg, call))</error>
    </testcase>
    <testcase time="0.0769999999999982" classname="module_teal" name="are_detected_as_datanames_when_defined_as_all_">
      <error type="error" message="Error: 'preview_report_button_ui' is not an exported object from 'namespace:teal.reporter' ('test-module_teal.R:2558:5')">Error: 'preview_report_button_ui' is not an exported object from 'namespace:teal.reporter'
Backtrace:
     ▆
  1. ├─shiny::testServer(...) at test-module_teal.R:2558:5
  2. │ ├─shiny:::withMockContext(session, rlang::exec(app, !!!args))
  3. │ │ ├─shiny::isolate(...)
  4. │ │ │ ├─shiny::..stacktraceoff..(...)
  5. │ │ │ └─ctx$run(...)
  6. │ │ │   ├─promises::with_promise_domain(...)
  7. │ │ │   │ └─domain$wrapSync(expr)
  8. │ │ │   ├─shiny::withReactiveDomain(...)
  9. │ │ │   │ └─promises::with_promise_domain(...)
 10. │ │ │   │   └─domain$wrapSync(expr)
 11. │ │ │   │     └─base::force(expr)
 12. │ │ │   ├─shiny::captureStackTraces(...)
 13. │ │ │   │ └─promises::with_promise_domain(...)
 14. │ │ │   │   └─domain$wrapSync(expr)
 15. │ │ │   │     └─base::withCallingHandlers(expr, error = doCaptureStack)
 16. │ │ │   └─env$runWith(self, func)
 17. │ │ │     └─shiny (local) contextFunc()
 18. │ │ │       └─shiny::..stacktraceon..(expr)
 19. │ │ ├─shiny::withReactiveDomain(...)
 20. │ │ │ └─promises::with_promise_domain(...)
 21. │ │ │   └─domain$wrapSync(expr)
 22. │ │ │     └─base::force(expr)
 23. │ │ └─withr::with_options(...)
 24. │ │   └─base::force(code)
 25. │ ├─rlang::exec(app, !!!args)
 26. │ └─teal (local) `&lt;fn&gt;`(...)
 27. │   └─shiny::moduleServer(...)
 28. │     ├─session$setReturned(callModule(module, id, session = session))
 29. │     └─shiny::callModule(module, id, session = session)
 30. │       ├─shiny::withReactiveDomain(...)
 31. │       │ └─promises::with_promise_domain(...)
 32. │       │   └─domain$wrapSync(expr)
 33. │       │     └─base::force(expr)
 34. │       └─teal::module(...)
 35. │         ├─shiny::insertUI(...)
 36. │         │ └─base::force(ui)
 37. │         ├─htmltools::tagList(...)
 38. │         │ └─rlang::dots_list(...)
 39. │         ├─tags$span(...)
 40. │         │ └─rlang::dots_list(...)
 41. │         └─tags$div(...)
 42. │           └─rlang::dots_list(...)
 43. └─base::.handleSimpleError(...)
 44.   └─shiny (local) h(simpleError(msg, call))</error>
    </testcase>
    <testcase time="0.109999999999999" classname="module_teal" name="are_present_in_datanames_when_used_in_pre_processing_code">
      <error type="error" message="Error: 'preview_report_button_ui' is not an exported object from 'namespace:teal.reporter' ('test-module_teal.R:2584:5')">Error: 'preview_report_button_ui' is not an exported object from 'namespace:teal.reporter'
Backtrace:
     ▆
  1. ├─shiny::testServer(...) at test-module_teal.R:2584:5
  2. │ ├─shiny:::withMockContext(session, rlang::exec(app, !!!args))
  3. │ │ ├─shiny::isolate(...)
  4. │ │ │ ├─shiny::..stacktraceoff..(...)
  5. │ │ │ └─ctx$run(...)
  6. │ │ │   ├─promises::with_promise_domain(...)
  7. │ │ │   │ └─domain$wrapSync(expr)
  8. │ │ │   ├─shiny::withReactiveDomain(...)
  9. │ │ │   │ └─promises::with_promise_domain(...)
 10. │ │ │   │   └─domain$wrapSync(expr)
 11. │ │ │   │     └─base::force(expr)
 12. │ │ │   ├─shiny::captureStackTraces(...)
 13. │ │ │   │ └─promises::with_promise_domain(...)
 14. │ │ │   │   └─domain$wrapSync(expr)
 15. │ │ │   │     └─base::withCallingHandlers(expr, error = doCaptureStack)
 16. │ │ │   └─env$runWith(self, func)
 17. │ │ │     └─shiny (local) contextFunc()
 18. │ │ │       └─shiny::..stacktraceon..(expr)
 19. │ │ ├─shiny::withReactiveDomain(...)
 20. │ │ │ └─promises::with_promise_domain(...)
 21. │ │ │   └─domain$wrapSync(expr)
 22. │ │ │     └─base::force(expr)
 23. │ │ └─withr::with_options(...)
 24. │ │   └─base::force(code)
 25. │ ├─rlang::exec(app, !!!args)
 26. │ └─teal (local) `&lt;fn&gt;`(id = "test", data = `&lt;teal_dat&gt;`, modules = `&lt;tel_mdls&gt;`)
 27. │   └─shiny::moduleServer(...)
 28. │     ├─session$setReturned(callModule(module, id, session = session))
 29. │     └─shiny::callModule(module, id, session = session)
 30. │       ├─shiny::withReactiveDomain(...)
 31. │       │ └─promises::with_promise_domain(...)
 32. │       │   └─domain$wrapSync(expr)
 33. │       │     └─base::force(expr)
 34. │       └─teal::module(...)
 35. │         ├─shiny::insertUI(...)
 36. │         │ └─base::force(ui)
 37. │         ├─htmltools::tagList(...)
 38. │         │ └─rlang::dots_list(...)
 39. │         ├─tags$span(...)
 40. │         │ └─rlang::dots_list(...)
 41. │         └─tags$div(...)
 42. │           └─rlang::dots_list(...)
 43. └─base::.handleSimpleError(...)
 44.   └─shiny (local) h(simpleError(msg, call))</error>
    </testcase>
    <testcase time="0.116" classname="module_teal" name="_when_used_as_non_native_pipe_are_present_in_datanames_in_the_pre_processing_code">
      <error type="error" message="Error: 'preview_report_button_ui' is not an exported object from 'namespace:teal.reporter' ('test-module_teal.R:2614:5')">Error: 'preview_report_button_ui' is not an exported object from 'namespace:teal.reporter'
Backtrace:
     ▆
  1. ├─shiny::testServer(...) at test-module_teal.R:2614:5
  2. │ ├─shiny:::withMockContext(session, rlang::exec(app, !!!args))
  3. │ │ ├─shiny::isolate(...)
  4. │ │ │ ├─shiny::..stacktraceoff..(...)
  5. │ │ │ └─ctx$run(...)
  6. │ │ │   ├─promises::with_promise_domain(...)
  7. │ │ │   │ └─domain$wrapSync(expr)
  8. │ │ │   ├─shiny::withReactiveDomain(...)
  9. │ │ │   │ └─promises::with_promise_domain(...)
 10. │ │ │   │   └─domain$wrapSync(expr)
 11. │ │ │   │     └─base::force(expr)
 12. │ │ │   ├─shiny::captureStackTraces(...)
 13. │ │ │   │ └─promises::with_promise_domain(...)
 14. │ │ │   │   └─domain$wrapSync(expr)
 15. │ │ │   │     └─base::withCallingHandlers(expr, error = doCaptureStack)
 16. │ │ │   └─env$runWith(self, func)
 17. │ │ │     └─shiny (local) contextFunc()
 18. │ │ │       └─shiny::..stacktraceon..(expr)
 19. │ │ ├─shiny::withReactiveDomain(...)
 20. │ │ │ └─promises::with_promise_domain(...)
 21. │ │ │   └─domain$wrapSync(expr)
 22. │ │ │     └─base::force(expr)
 23. │ │ └─withr::with_options(...)
 24. │ │   └─base::force(code)
 25. │ ├─rlang::exec(app, !!!args)
 26. │ └─teal (local) `&lt;fn&gt;`(...)
 27. │   └─shiny::moduleServer(...)
 28. │     ├─session$setReturned(callModule(module, id, session = session))
 29. │     └─shiny::callModule(module, id, session = session)
 30. │       ├─shiny::withReactiveDomain(...)
 31. │       │ └─promises::with_promise_domain(...)
 32. │       │   └─domain$wrapSync(expr)
 33. │       │     └─base::force(expr)
 34. │       └─teal::module(...)
 35. │         ├─shiny::insertUI(...)
 36. │         │ └─base::force(ui)
 37. │         ├─htmltools::tagList(...)
 38. │         │ └─rlang::dots_list(...)
 39. │         ├─tags$span(...)
 40. │         │ └─rlang::dots_list(...)
 41. │         └─tags$div(...)
 42. │           └─rlang::dots_list(...)
 43. └─base::.handleSimpleError(...)
 44.   └─shiny (local) h(simpleError(msg, call))</error>
    </testcase>
    <testcase time="0.0720000000000027" classname="module_teal" name="is_fully_reproducible">
      <error type="error" message="Error: 'preview_report_button_ui' is not an exported object from 'namespace:teal.reporter' ('test-module_teal.R:2655:5')">Error: 'preview_report_button_ui' is not an exported object from 'namespace:teal.reporter'
Backtrace:
     ▆
  1. ├─shiny::testServer(...) at test-module_teal.R:2655:5
  2. │ ├─shiny:::withMockContext(session, rlang::exec(app, !!!args))
  3. │ │ ├─shiny::isolate(...)
  4. │ │ │ ├─shiny::..stacktraceoff..(...)
  5. │ │ │ └─ctx$run(...)
  6. │ │ │   ├─promises::with_promise_domain(...)
  7. │ │ │   │ └─domain$wrapSync(expr)
  8. │ │ │   ├─shiny::withReactiveDomain(...)
  9. │ │ │   │ └─promises::with_promise_domain(...)
 10. │ │ │   │   └─domain$wrapSync(expr)
 11. │ │ │   │     └─base::force(expr)
 12. │ │ │   ├─shiny::captureStackTraces(...)
 13. │ │ │   │ └─promises::with_promise_domain(...)
 14. │ │ │   │   └─domain$wrapSync(expr)
 15. │ │ │   │     └─base::withCallingHandlers(expr, error = doCaptureStack)
 16. │ │ │   └─env$runWith(self, func)
 17. │ │ │     └─shiny (local) contextFunc()
 18. │ │ │       └─shiny::..stacktraceon..(expr)
 19. │ │ ├─shiny::withReactiveDomain(...)
 20. │ │ │ └─promises::with_promise_domain(...)
 21. │ │ │   └─domain$wrapSync(expr)
 22. │ │ │     └─base::force(expr)
 23. │ │ └─withr::with_options(...)
 24. │ │   └─base::force(code)
 25. │ ├─rlang::exec(app, !!!args)
 26. │ └─teal (local) `&lt;fn&gt;`(id = "test", data = `&lt;rctvExpr&gt;`, modules = `&lt;tel_mdls&gt;`)
 27. │   └─shiny::moduleServer(...)
 28. │     ├─session$setReturned(callModule(module, id, session = session))
 29. │     └─shiny::callModule(module, id, session = session)
 30. │       ├─shiny::withReactiveDomain(...)
 31. │       │ └─promises::with_promise_domain(...)
 32. │       │   └─domain$wrapSync(expr)
 33. │       │     └─base::force(expr)
 34. │       └─teal::module(...)
 35. │         ├─shiny::insertUI(...)
 36. │         │ └─base::force(ui)
 37. │         ├─htmltools::tagList(...)
 38. │         │ └─rlang::dots_list(...)
 39. │         ├─tags$span(...)
 40. │         │ └─rlang::dots_list(...)
 41. │         └─tags$div(...)
 42. │           └─rlang::dots_list(...)
 43. └─base::.handleSimpleError(...)
 44.   └─shiny (local) h(simpleError(msg, call))</error>
    </testcase>
    <testcase time="0.0749999999999993" classname="module_teal" name="has_the_correct_code_with_hash_">
      <error type="error" message="Error: 'preview_report_button_ui' is not an exported object from 'namespace:teal.reporter' ('test-module_teal.R:2687:5')">Error: 'preview_report_button_ui' is not an exported object from 'namespace:teal.reporter'
Backtrace:
     ▆
  1. ├─shiny::testServer(...) at test-module_teal.R:2687:5
  2. │ ├─shiny:::withMockContext(session, rlang::exec(app, !!!args))
  3. │ │ ├─shiny::isolate(...)
  4. │ │ │ ├─shiny::..stacktraceoff..(...)
  5. │ │ │ └─ctx$run(...)
  6. │ │ │   ├─promises::with_promise_domain(...)
  7. │ │ │   │ └─domain$wrapSync(expr)
  8. │ │ │   ├─shiny::withReactiveDomain(...)
  9. │ │ │   │ └─promises::with_promise_domain(...)
 10. │ │ │   │   └─domain$wrapSync(expr)
 11. │ │ │   │     └─base::force(expr)
 12. │ │ │   ├─shiny::captureStackTraces(...)
 13. │ │ │   │ └─promises::with_promise_domain(...)
 14. │ │ │   │   └─domain$wrapSync(expr)
 15. │ │ │   │     └─base::withCallingHandlers(expr, error = doCaptureStack)
 16. │ │ │   └─env$runWith(self, func)
 17. │ │ │     └─shiny (local) contextFunc()
 18. │ │ │       └─shiny::..stacktraceon..(expr)
 19. │ │ ├─shiny::withReactiveDomain(...)
 20. │ │ │ └─promises::with_promise_domain(...)
 21. │ │ │   └─domain$wrapSync(expr)
 22. │ │ │     └─base::force(expr)
 23. │ │ └─withr::with_options(...)
 24. │ │   └─base::force(code)
 25. │ ├─rlang::exec(app, !!!args)
 26. │ └─teal (local) `&lt;fn&gt;`(id = "test", data = `&lt;rctvExpr&gt;`, modules = `&lt;tel_mdls&gt;`)
 27. │   └─shiny::moduleServer(...)
 28. │     ├─session$setReturned(callModule(module, id, session = session))
 29. │     └─shiny::callModule(module, id, session = session)
 30. │       ├─shiny::withReactiveDomain(...)
 31. │       │ └─promises::with_promise_domain(...)
 32. │       │   └─domain$wrapSync(expr)
 33. │       │     └─base::force(expr)
 34. │       └─teal::module(...)
 35. │         ├─shiny::insertUI(...)
 36. │         │ └─base::force(ui)
 37. │         ├─htmltools::tagList(...)
 38. │         │ └─rlang::dots_list(...)
 39. │         ├─tags$span(...)
 40. │         │ └─rlang::dots_list(...)
 41. │         └─tags$div(...)
 42. │           └─rlang::dots_list(...)
 43. └─base::.handleSimpleError(...)
 44.   └─shiny (local) h(simpleError(msg, call))</error>
    </testcase>
  </testsuite>
  <testsuite name="modules" timestamp="2025-07-16T12:07:13Z" hostname="587956c918f0" tests="79" skipped="0" failures="0" errors="0" time="0.346">
    <testcase time="0.0449999999999982" classname="modules" name="Calling_module_does_not_throw"/>
    <testcase time="0.00300000000000011" classname="modules" name="module_requires_label_argument_to_be_a_string_different_than_global_filters_"/>
    <testcase time="0.00400000000000134" classname="modules" name="module_requires_label_argument_to_be_a_string_different_than_global_filters_"/>
    <testcase time="0.00499999999999901" classname="modules" name="module_requires_label_argument_to_be_a_string_different_than_global_filters_"/>
    <testcase time="0.00499999999999901" classname="modules" name="module_requires_label_argument_to_be_a_string_different_than_global_filters_"/>
    <testcase time="0.00400000000000134" classname="modules" name="module_requires_label_argument_to_be_a_string_different_than_global_filters_"/>
    <testcase time="0.00399999999999778" classname="modules" name="module_warns_when_server_contains_datasets_argument"/>
    <testcase time="0.00400000000000134" classname="modules" name="module_expects_server_being_a_shiny_server_module_with_any_argument"/>
    <testcase time="0.00199999999999889" classname="modules" name="module_expects_server_being_a_shiny_server_module_with_any_argument"/>
    <testcase time="0.00200000000000244" classname="modules" name="module_expects_server_being_a_shiny_server_module_with_any_argument"/>
    <testcase time="0.00399999999999778" classname="modules" name="module_expects_server_being_a_shiny_server_module_with_any_argument"/>
    <testcase time="0.00500000000000256" classname="modules" name="module_expects_server_being_a_shiny_server_module_with_any_argument"/>
    <testcase time="0.00399999999999778" classname="modules" name="module_requires_server_args_argument_to_be_a_list"/>
    <testcase time="0.00100000000000122" classname="modules" name="module_requires_server_args_argument_to_be_a_list"/>
    <testcase time="0.00199999999999889" classname="modules" name="module_requires_server_args_argument_to_be_a_list"/>
    <testcase time="0.00400000000000134" classname="modules" name="module_requires_server_args_argument_to_be_a_list"/>
    <testcase time="0.00499999999999901" classname="modules" name="module_requires_server_args_argument_to_be_a_list"/>
    <testcase time="0.00400000000000134" classname="modules" name="module_expects_all_server_args_being_a_server_arguments_or_passed_through_..._"/>
    <testcase time="0.00199999999999889" classname="modules" name="module_expects_all_server_args_being_a_server_arguments_or_passed_through_..._"/>
    <testcase time="0.00400000000000134" classname="modules" name="module_expects_all_server_args_being_a_server_arguments_or_passed_through_..._"/>
    <testcase time="0.00399999999999778" classname="modules" name="module_requires_ui_args_argument_to_be_a_list"/>
    <testcase time="0.00200000000000244" classname="modules" name="module_requires_ui_args_argument_to_be_a_list"/>
    <testcase time="0.000999999999997669" classname="modules" name="module_requires_ui_args_argument_to_be_a_list"/>
    <testcase time="0.00500000000000256" classname="modules" name="module_requires_ui_args_argument_to_be_a_list"/>
    <testcase time="0.00499999999999901" classname="modules" name="module_requires_ui_args_argument_to_be_a_list"/>
    <testcase time="0.00600000000000023" classname="modules" name="module_throws_when_ui_has_data_or_datasets_argument"/>
    <testcase time="0.00499999999999901" classname="modules" name="module_throws_when_ui_has_data_or_datasets_argument"/>
    <testcase time="0.00400000000000134" classname="modules" name="module_expects_ui_being_a_shiny_ui_module_with_any_argument"/>
    <testcase time="0.000999999999997669" classname="modules" name="module_expects_ui_being_a_shiny_ui_module_with_any_argument"/>
    <testcase time="0.00500000000000256" classname="modules" name="module_expects_ui_being_a_shiny_ui_module_with_any_argument"/>
    <testcase time="0.00399999999999778" classname="modules" name="module_expects_all_ui_args_being_a_ui_arguments_or_passed_through_..._"/>
    <testcase time="0.00100000000000122" classname="modules" name="module_expects_all_ui_args_being_a_ui_arguments_or_passed_through_..._"/>
    <testcase time="0.00499999999999901" classname="modules" name="module_expects_all_ui_args_being_a_ui_arguments_or_passed_through_..._"/>
    <testcase time="0.00400000000000134" classname="modules" name="module_requires_datanames_argument_to_be_a_character_or_NULL"/>
    <testcase time="0.000999999999997669" classname="modules" name="module_requires_datanames_argument_to_be_a_character_or_NULL"/>
    <testcase time="0.00100000000000122" classname="modules" name="module_requires_datanames_argument_to_be_a_character_or_NULL"/>
    <testcase time="0.00499999999999901" classname="modules" name="module_requires_datanames_argument_to_be_a_character_or_NULL"/>
    <testcase time="0.00100000000000122" classname="modules" name="module_requires_datanames_argument_to_be_a_character_or_NULL"/>
    <testcase time="0.00300000000000011" classname="modules" name="module_returns_list_of_class_teal_module_containing_input_objects"/>
    <testcase time="0.00200000000000244" classname="modules" name="module_returns_list_of_class_teal_module_containing_input_objects"/>
    <testcase time="0.000999999999997669" classname="modules" name="module_returns_list_of_class_teal_module_containing_input_objects"/>
    <testcase time="0.00200000000000244" classname="modules" name="module_returns_list_of_class_teal_module_containing_input_objects"/>
    <testcase time="0.000999999999997669" classname="modules" name="module_returns_list_of_class_teal_module_containing_input_objects"/>
    <testcase time="0.00200000000000244" classname="modules" name="module_returns_list_of_class_teal_module_containing_input_objects"/>
    <testcase time="0.000999999999997669" classname="modules" name="module_returns_list_of_class_teal_module_containing_input_objects"/>
    <testcase time="0.00100000000000122" classname="modules" name="module_returns_list_of_class_teal_module_containing_input_objects"/>
    <testcase time="0.00199999999999889" classname="modules" name="module_returns_list_of_class_teal_module_containing_input_objects"/>
    <testcase time="0.00700000000000145" classname="modules" name="modules_gives_error_if_no_arguments_other_than_label_are_used"/>
    <testcase time="0.00499999999999901" classname="modules" name="modules_gives_error_if_no_arguments_other_than_label_are_used"/>
    <testcase time="0.00400000000000134" classname="modules" name="modules_requires_label_argument_to_be_a_string_"/>
    <testcase time="0.00499999999999901" classname="modules" name="modules_requires_label_argument_to_be_a_string_"/>
    <testcase time="0.00499999999999901" classname="modules" name="modules_requires_label_argument_to_be_a_string_"/>
    <testcase time="0.00400000000000134" classname="modules" name="modules_accept_teal_module_in_..."/>
    <testcase time="0.00400000000000134" classname="modules" name="modules_accept_multiple_teal_module_objects_in_..."/>
    <testcase time="0.00400000000000134" classname="modules" name="modules_accept_multiple_teal_module_and_teal_modules_objects_in_..."/>
    <testcase time="0.0069999999999979" classname="modules" name="modules_does_not_accept_objects_other_than_teal_module_s_in_..."/>
    <testcase time="0.00600000000000023" classname="modules" name="modules_does_not_accept_objects_other_than_teal_module_s_in_..."/>
    <testcase time="0.00400000000000134" classname="modules" name="modules_returns_teal_modules_object_with_label_and_children_slot"/>
    <testcase time="0.00199999999999889" classname="modules" name="modules_returns_teal_modules_object_with_label_and_children_slot"/>
    <testcase time="0.00400000000000134" classname="modules" name="modules_returns_children_as_list_and_changes_their_path_to_match_group_they_are_grouped_by"/>
    <testcase time="0.0069999999999979" classname="modules" name="modules_returns_useful_error_message_if_label_argument_not_explicitly_named"/>
    <testcase time="0.00400000000000134" classname="modules" name="modules_returns_children_as_list_with_unique_path_if_labels_are_duplicated"/>
    <testcase time="0.00700000000000145" classname="modules" name="is_arg_used_throws_error_if_object_is_not_teal_module_or_teal_modules"/>
    <testcase time="0.00399999999999778" classname="modules" name="is_arg_used_throws_error_if_object_is_not_teal_module_or_teal_modules"/>
    <testcase time="0.00600000000000023" classname="modules" name="is_arg_used_returns_true_if_teal_module_has_given_arg_in_server_function_args"/>
    <testcase time="0.00600000000000023" classname="modules" name="is_arg_used_returns_false_if_teal_module_does_not_have_reporter_in_server_function_args"/>
    <testcase time="0.00499999999999901" classname="modules" name="is_arg_used_returns_false_if_teal_modules_has_no_children_using_given_arg_"/>
    <testcase time="0.00300000000000011" classname="modules" name="is_arg_used_returns_false_if_teal_modules_has_no_children_using_given_arg_"/>
    <testcase time="0.00499999999999901" classname="modules" name="is_arg_used_returns_true_if_teal_modules_has_at_least_one_child_using_given_arg_"/>
    <testcase time="0.00400000000000134" classname="modules" name="is_arg_used_returns_true_if_teal_modules_has_at_least_one_child_using_given_arg_"/>
    <testcase time="0.00300000000000011" classname="modules" name="is_arg_used_returns_true_if_teal_modules_has_at_least_one_child_using_given_arg_"/>
    <testcase time="0.00600000000000023" classname="modules" name="is_arg_used_returns_TRUE_FALSE_when_the_arg_is_in_function_formals"/>
    <testcase time="0.00300000000000011" classname="modules" name="is_arg_used_returns_TRUE_FALSE_when_the_arg_is_in_function_formals"/>
    <testcase time="0.0069999999999979" classname="modules" name="is_arg_used_accepts_arg_to_be_a_string_only"/>
    <testcase time="0.00500000000000256" classname="modules" name="is_arg_used_accepts_arg_to_be_a_string_only"/>
    <testcase time="0.00499999999999901" classname="modules" name="is_arg_used_accepts_arg_to_be_a_string_only"/>
    <testcase time="0.00900000000000034" classname="modules" name="format.teal_modules_returns_proper_structure"/>
    <testcase time="0.00400000000000134" classname="modules" name="module_datanames_is_appended_by_its_transformators_datanames"/>
    <testcase time="0.00399999999999778" classname="modules" name="module_datanames_stays_all_regardless_of_transformators"/>
  </testsuite>
  <testsuite name="shinytest2-data_summary" timestamp="2025-07-16T12:07:13Z" hostname="587956c918f0" tests="6" skipped="6" failures="0" errors="0" time="0.072">
    <testcase time="0.00700000000000145" classname="shinytest2_data_summary" name="e2e_data_summary_just_list_the_unfilterable_objects_at_the_bottom_when_provided">
      <skipped message="Reason: chromium ('test-shinytest2-data_summary.R:2:3')"/>
    </testcase>
    <testcase time="0.0129999999999981" classname="shinytest2_data_summary" name="e2e_data_summary_table_is_displayed_with_2_columns_data_without_keys">
      <skipped message="Reason: chromium ('test-shinytest2-data_summary.R:18:3')"/>
    </testcase>
    <testcase time="0.0130000000000017" classname="shinytest2_data_summary" name="e2e_data_summary_table_displays_datasets_by_topological_sort_of_join_keys">
      <skipped message="Reason: chromium ('test-shinytest2-data_summary.R:38:3')"/>
    </testcase>
    <testcase time="0.0129999999999981" classname="shinytest2_data_summary" name="e2e_data_summary_table_is_displayed_with_3_columns_for_data_with_join_keys">
      <skipped message="Reason: chromium ('test-shinytest2-data_summary.R:61:3')"/>
    </testcase>
    <testcase time="0.0130000000000017" classname="shinytest2_data_summary" name="e2e_data_summary_table_does_not_list_unsupported_objects">
      <skipped message="Reason: chromium ('test-shinytest2-data_summary.R:92:5')"/>
    </testcase>
    <testcase time="0.0129999999999981" classname="shinytest2_data_summary" name="e2e_data_summary_table_displays_datasets_by_names_order_if_no_join_keys">
      <skipped message="Reason: chromium ('test-shinytest2-data_summary.R:135:3')"/>
    </testcase>
  </testsuite>
  <testsuite name="shinytest2-decorators" timestamp="2025-07-16T12:07:13Z" hostname="587956c918f0" tests="2" skipped="2" failures="0" errors="0" time="0.043">
    <testcase time="0.0289999999999999" classname="shinytest2_decorators" name="e2e_module_with_decorator_UI_and_output_is_modified_interactively_upon_changes_in_decorator">
      <skipped message="Reason: chromium ('test-shinytest2-decorators.R:5:3')"/>
    </testcase>
    <testcase time="0.0140000000000029" classname="shinytest2_decorators" name="e2e_module_with_decorator_where_server_fails_shows_shiny_error_message">
      <skipped message="Reason: chromium ('test-shinytest2-decorators.R:76:3')"/>
    </testcase>
  </testsuite>
  <testsuite name="shinytest2-filter_panel" timestamp="2025-07-16T12:07:13Z" hostname="587956c918f0" tests="3" skipped="3" failures="0" errors="0" time="0.043">
    <testcase time="0.0169999999999995" classname="shinytest2_filter_panel" name="e2e_module_content_is_updated_when_data_is_filtered_in_filter_panel">
      <skipped message="Reason: chromium ('test-shinytest2-filter_panel.R:5:3')"/>
    </testcase>
    <testcase time="0.0129999999999981" classname="shinytest2_filter_panel" name="e2e_filtering_a_module_specific_filter_is_reflected_in_other_shared_module">
      <skipped message="Reason: chromium ('test-shinytest2-filter_panel.R:33:3')"/>
    </testcase>
    <testcase time="0.0130000000000017" classname="shinytest2_filter_panel" name="e2e_filtering_a_module_specific_filter_is_not_refected_in_other_unshared_modules">
      <skipped message="Reason: chromium ('test-shinytest2-filter_panel.R:73:3')"/>
    </testcase>
  </testsuite>
  <testsuite name="shinytest2-init" timestamp="2025-07-16T12:07:13Z" hostname="587956c918f0" tests="3" skipped="3" failures="0" errors="0" time="0.042">
    <testcase time="0.0159999999999982" classname="shinytest2_init" name="e2e_teal_app_initializes_with_no_errors">
      <skipped message="Reason: chromium ('test-shinytest2-init.R:5:3')"/>
    </testcase>
    <testcase time="0.0130000000000017" classname="shinytest2_init" name="e2e_teal_app_initializes_with_sessionInfo_modal">
      <skipped message="Reason: chromium ('test-shinytest2-init.R:16:3')"/>
    </testcase>
    <testcase time="0.0129999999999981" classname="shinytest2_init" name="e2e_init_creates_UI_containing_specified_title_favicon_header_and_footer">
      <skipped message="Reason: chromium ('test-shinytest2-init.R:72:3')"/>
    </testcase>
  </testsuite>
  <testsuite name="shinytest2-landing_popup" timestamp="2025-07-16T12:07:13Z" hostname="587956c918f0" tests="5" skipped="5" failures="0" errors="0" time="0.069">
    <testcase time="0.017000000000003" classname="shinytest2_landing_popup" name="e2e_teal_app_with_landing_popup_module_initializes_with_no_errors">
      <skipped message="Reason: chromium ('test-shinytest2-landing_popup.R:5:3')"/>
    </testcase>
    <testcase time="0.0129999999999981" classname="shinytest2_landing_popup" name="e2e_app_with_default_landing_popup_module_creates_modal_containing_a_button">
      <skipped message="Reason: chromium ('test-shinytest2-landing_popup.R:26:3')"/>
    </testcase>
    <testcase time="0.0130000000000017" classname="shinytest2_landing_popup" name="e2e_when_default_landing_popup_module_is_closed_it_shows_the_underlying_teal_app">
      <skipped message="Reason: chromium ('test-shinytest2-landing_popup.R:45:3')"/>
    </testcase>
    <testcase time="0.0129999999999981" classname="shinytest2_landing_popup" name="e2e_app_with_customized_landing_popup_module_creates_modal_containing_specified_title_content_and_buttons">
      <skipped message="Reason: chromium ('test-shinytest2-landing_popup.R:70:5')"/>
    </testcase>
    <testcase time="0.0130000000000017" classname="shinytest2_landing_popup" name="e2e_when_customized_button_in_landing_popup_module_is_clicked_it_redirects_to_a_certain_page">
      <skipped message="Reason: chromium ('test-shinytest2-landing_popup.R:137:3')"/>
    </testcase>
  </testsuite>
  <testsuite name="shinytest2-module_bookmark_manager" timestamp="2025-07-16T12:07:14Z" hostname="587956c918f0" tests="4" skipped="4" failures="0" errors="0" time="0.057">
    <testcase time="0.0159999999999982" classname="shinytest2_module_bookmark_manager" name="bookmark_manager_button_is_not_rendered_by_default">
      <skipped message="Reason: chromium ('test-shinytest2-module_bookmark_manager.R:5:3')"/>
    </testcase>
    <testcase time="0.0130000000000017" classname="shinytest2_module_bookmark_manager" name="bookmark_manager_button_is_not_rendered_when_enableBookmarking_url_">
      <skipped message="Reason: chromium ('test-shinytest2-module_bookmark_manager.R:20:3')"/>
    </testcase>
    <testcase time="0.0129999999999981" classname="shinytest2_module_bookmark_manager" name="bookmark_manager_button_is_rendered_when_enableBookmarking_server_">
      <skipped message="Reason: chromium ('test-shinytest2-module_bookmark_manager.R:35:3')"/>
    </testcase>
    <testcase time="0.0150000000000006" classname="shinytest2_module_bookmark_manager" name="bookmark_manager_button_shows_modal_with_url_containing_state_id_when_clicked">
      <skipped message="Reason: chromium ('test-shinytest2-module_bookmark_manager.R:47:3')"/>
    </testcase>
  </testsuite>
  <testsuite name="shinytest2-modules" timestamp="2025-07-16T12:07:14Z" hostname="587956c918f0" tests="4" skipped="4" failures="0" errors="0" time="0.074">
    <testcase time="0.0199999999999996" classname="shinytest2_modules" name="e2e_the_module_server_logic_is_only_triggered_when_the_teal_module_becomes_active">
      <skipped message="Reason: chromium ('test-shinytest2-modules.R:5:3')"/>
    </testcase>
    <testcase time="0.0160000000000018" classname="shinytest2_modules" name="e2e_filter_panel_only_shows_the_data_supplied_using_datanames">
      <skipped message="Reason: chromium ('test-shinytest2-modules.R:45:3')"/>
    </testcase>
    <testcase time="0.0159999999999982" classname="shinytest2_modules" name="e2e_filter_panel_shows_all_the_datasets_when_datanames_is_all">
      <skipped message="Reason: chromium ('test-shinytest2-modules.R:62:3')"/>
    </testcase>
    <testcase time="0.022000000000002" classname="shinytest2_modules" name="e2e_all_the_nested_teal_modules_are_initiated_as_expected">
      <skipped message="Reason: chromium ('test-shinytest2-modules.R:80:3')"/>
    </testcase>
  </testsuite>
  <testsuite name="shinytest2-reporter" timestamp="2025-07-16T12:07:14Z" hostname="587956c918f0" tests="4" skipped="4" failures="0" errors="0" time="0.055">
    <testcase time="0.0160000000000018" classname="shinytest2_reporter" name="e2e_reporter_tab_is_created_when_a_module_has_reporter">
      <skipped message="Reason: chromium ('test-shinytest2-reporter.R:5:3')"/>
    </testcase>
    <testcase time="0.0129999999999981" classname="shinytest2_reporter" name="e2e_reporter_tab_is_not_created_when_a_module_has_no_reporter">
      <skipped message="Reason: chromium ('test-shinytest2-reporter.R:26:3')"/>
    </testcase>
    <testcase time="0.0130000000000017" classname="shinytest2_reporter" name="e2e_adding_a_report_card_in_a_module_adds_it_in_the_report_previewer_tab">
      <skipped message="Reason: chromium ('test-shinytest2-reporter.R:50:3')"/>
    </testcase>
    <testcase time="0.0129999999999981" classname="shinytest2_reporter" name="e2e_reporter_previewer_module_do_not_show_data_summary_nor_filter_panel">
      <skipped message="Reason: chromium ('test-shinytest2-reporter.R:90:3')"/>
    </testcase>
  </testsuite>
  <testsuite name="shinytest2-show-rcode" timestamp="2025-07-16T12:07:14Z" hostname="587956c918f0" tests="1" skipped="1" failures="0" errors="0" time="0.017">
    <testcase time="0.0169999999999995" classname="shinytest2_show_rcode" name="e2e_teal_app_initializes_with_Show_R_Code_modal">
      <skipped message="Reason: chromium ('test-shinytest2-show-rcode.R:5:3')"/>
    </testcase>
  </testsuite>
  <testsuite name="shinytest2-teal_data_module" timestamp="2025-07-16T12:07:14Z" hostname="587956c918f0" tests="10" skipped="10" failures="0" errors="0" time="0.134">
    <testcase time="0.017000000000003" classname="shinytest2_teal_data_module" name="e2e_teal_data_module_auto_resolves_when_once_TRUE_and_data_is_passed">
      <skipped message="Reason: chromium ('test-shinytest2-teal_data_module.R:5:3')"/>
    </testcase>
    <testcase time="0.0129999999999981" classname="shinytest2_teal_data_module" name="e2e_teal_data_module_only_resolves_when_once_TRUE_and_data_is_passed">
      <skipped message="Reason: chromium ('test-shinytest2-teal_data_module.R:31:3')"/>
    </testcase>
    <testcase time="0.0130000000000017" classname="shinytest2_teal_data_module" name="e2e_teal_data_module_modal_is_still_open_when_once_FALSE_and_data_is_passed">
      <skipped message="Reason: chromium ('test-shinytest2-teal_data_module.R:62:3')"/>
    </testcase>
    <testcase time="0.0129999999999981" classname="shinytest2_teal_data_module" name="e2e_teal_data_module_modal_close_is_disabled_once_FALSE_and_data_is_passed">
      <skipped message="Reason: chromium ('test-shinytest2-teal_data_module.R:90:3')"/>
    </testcase>
    <testcase time="0.0130000000000017" classname="shinytest2_teal_data_module" name="e2e_teal_data_module_will_have_a_delayed_load_of_datasets">
      <skipped message="Reason: chromium ('test-shinytest2-teal_data_module.R:127:3')"/>
    </testcase>
    <testcase time="0.0129999999999981" classname="shinytest2_teal_data_module" name="e2e_teal_data_module_shows_validation_errors">
      <skipped message="Reason: chromium ('test-shinytest2-teal_data_module.R:164:3')"/>
    </testcase>
    <testcase time="0.0130000000000017" classname="shinytest2_teal_data_module" name="e2e_teal_data_module_inputs_change_teal_data_object_that_is_passed_to_teal_main_UI">
      <skipped message="Reason: chromium ('test-shinytest2-teal_data_module.R:200:3')"/>
    </testcase>
    <testcase time="0.0129999999999981" classname="shinytest2_teal_data_module" name="e2e_teal_data_module_gets_removed_after_successful_data_load_when_once_TRUE">
      <skipped message="Reason: chromium ('test-shinytest2-teal_data_module.R:252:3')"/>
    </testcase>
    <testcase time="0.0130000000000017" classname="shinytest2_teal_data_module" name="e2e_teal_data_module_is_still_visible_after_successful_data_load_when_once_FALSE">
      <skipped message="Reason: chromium ('test-shinytest2-teal_data_module.R:297:3')"/>
    </testcase>
    <testcase time="0.0129999999999981" classname="shinytest2_teal_data_module" name="e2e_teal_data_module_will_make_other_tabs_inactive_before_successful_data_load">
      <skipped message="Reason: chromium ('test-shinytest2-teal_data_module.R:337:3')"/>
    </testcase>
  </testsuite>
  <testsuite name="shinytest2-teal_slices" timestamp="2025-07-16T12:07:14Z" hostname="587956c918f0" tests="2" skipped="2" failures="0" errors="0" time="0.03">
    <testcase time="0.017000000000003" classname="shinytest2_teal_slices" name="e2e_teal_slices_filters_are_initialized_when_global_filters_are_created">
      <skipped message="Reason: chromium ('test-shinytest2-teal_slices.R:5:3')"/>
    </testcase>
    <testcase time="0.0129999999999981" classname="shinytest2_teal_slices" name="e2e_teal_slices_filters_are_initialized_when_module_specific_filters_are_created">
      <skipped message="Reason: chromium ('test-shinytest2-teal_slices.R:49:3')"/>
    </testcase>
  </testsuite>
  <testsuite name="shinytest2-wunder_bar" timestamp="2025-07-16T12:07:14Z" hostname="587956c918f0" tests="2" skipped="2" failures="0" errors="0" time="0.03">
    <testcase time="0.0169999999999995" classname="shinytest2_wunder_bar" name="wunder_bar_srv_clicking_filter_icon_opens_filter_manager_modal">
      <skipped message="Reason: chromium ('test-shinytest2-wunder_bar.R:5:3')"/>
    </testcase>
    <testcase time="0.0130000000000017" classname="shinytest2_wunder_bar" name="wunder_bar_srv_clicking_snapshot_icon_opens_snapshot_manager_modal">
      <skipped message="Reason: chromium ('test-shinytest2-wunder_bar.R:25:3')"/>
    </testcase>
  </testsuite>
  <testsuite name="teal_data_module-eval_code" timestamp="2025-07-16T12:07:14Z" hostname="587956c918f0" tests="16" skipped="0" failures="0" errors="0" time="0.159">
    <testcase time="0.0159999999999982" classname="teal_data_module_eval_code" name="within.teal_data_module_returns_an_object_with_teal_data_module_class"/>
    <testcase time="0.00499999999999901" classname="teal_data_module_eval_code" name="eval_code.teal_data_module_ui_has_modified_namespace_for_id"/>
    <testcase time="0.00100000000000122" classname="teal_data_module_eval_code" name="eval_code.teal_data_module_ui_has_modified_namespace_for_id"/>
    <testcase time="0.00100000000000122" classname="teal_data_module_eval_code" name="eval_code.teal_data_module_ui_has_modified_namespace_for_id"/>
    <testcase time="0.0279999999999987" classname="teal_data_module_eval_code" name="within.teal_data_module_modifies_the_reactive_tea_data_object"/>
    <testcase time="0.00199999999999889" classname="teal_data_module_eval_code" name="within.teal_data_module_modifies_the_reactive_tea_data_object"/>
    <testcase time="0.0290000000000035" classname="teal_data_module_eval_code" name="eval_code.teal_data_module_will_execute_several_times_until_error"/>
    <testcase time="0.00899999999999679" classname="teal_data_module_eval_code" name="eval_code.teal_data_module_will_execute_several_times_until_error"/>
    <testcase time="0.00200000000000244" classname="teal_data_module_eval_code" name="eval_code.teal_data_module_will_execute_several_times_until_error"/>
    <testcase time="0.0150000000000006" classname="teal_data_module_eval_code" name="eval_code.teal_data_module_throws_error_when_original_teal_data_module_result_is_not_reactive"/>
    <testcase time="0.0199999999999996" classname="teal_data_module_eval_code" name="eval_code.teal_data_module_propagates_qenv_error_from_the_original_first_call"/>
    <testcase time="0.00199999999999889" classname="teal_data_module_eval_code" name="eval_code.teal_data_module_propagates_qenv_error_from_the_original_first_call"/>
    <testcase time="0.0120000000000005" classname="teal_data_module_eval_code" name="eval_code.teal_data_module_handles_an_arbitrary_object_other_than_teal_data_or_qenv.error_"/>
    <testcase time="0.00100000000000122" classname="teal_data_module_eval_code" name="eval_code.teal_data_module_handles_an_arbitrary_object_other_than_teal_data_or_qenv.error_"/>
    <testcase time="0.0139999999999993" classname="teal_data_module_eval_code" name="eval_code.teal_data_module_handles_a_NULL_result"/>
    <testcase time="0.00199999999999889" classname="teal_data_module_eval_code" name="eval_code.teal_data_module_handles_a_NULL_result"/>
  </testsuite>
  <testsuite name="teal_data_module" timestamp="2025-07-16T12:07:14Z" hostname="587956c918f0" tests="4" skipped="0" failures="0" errors="0" time="0.025">
    <testcase time="0.00600000000000023" classname="teal_data_module" name="teal_data_module_returns_teal_data_module"/>
    <testcase time="0.00700000000000145" classname="teal_data_module" name="teal_data_module_throws_when_ui_has_other_formals_than_id_only"/>
    <testcase time="0.0069999999999979" classname="teal_data_module" name="teal_data_module_throws_when_server_has_other_formals_than_id_only"/>
    <testcase time="0.00499999999999901" classname="teal_data_module" name="teal_data_module_throws_when_server_has_other_formals_than_id_only"/>
  </testsuite>
  <testsuite name="teal_reporter" timestamp="2025-07-16T12:07:14Z" hostname="587956c918f0" tests="25" skipped="0" failures="0" errors="0" time="0.13">
    <testcase time="0.0100000000000016" classname="teal_reporter" name="TealReportCard_object_can_be_initialized"/>
    <testcase time="0.00499999999999901" classname="teal_reporter" name="TealReportCard_inherits_from_ReportCard"/>
    <testcase time="0.00499999999999901" classname="teal_reporter" name="TealReportCard_new_returns_an_object_of_type_TealReportCard"/>
    <testcase time="0.0100000000000016" classname="teal_reporter" name="TealReportCard_get_content_returns_content_with_metadata"/>
    <testcase time="0.000999999999997669" classname="teal_reporter" name="TealReportCard_get_content_returns_content_with_metadata"/>
    <testcase time="0.00200000000000244" classname="teal_reporter" name="TealReportCard_get_content_returns_content_with_metadata"/>
    <testcase time="0.000999999999997669" classname="teal_reporter" name="TealReportCard_get_content_returns_content_with_metadata"/>
    <testcase time="0.00100000000000122" classname="teal_reporter" name="TealReportCard_get_content_returns_content_with_metadata"/>
    <testcase time="0.00499999999999901" classname="teal_reporter" name="TealReportCard_append_src_accepts_a_character"/>
    <testcase time="0.00400000000000134" classname="teal_reporter" name="TealReportCard_append_src_returns_self"/>
    <testcase time="0.00400000000000134" classname="teal_reporter" name="TealReportCard_append_src_returns_title_and_content"/>
    <testcase time="0.00399999999999778" classname="teal_reporter" name="TealReportCard_append_encodings_accepts_list_of_character"/>
    <testcase time="0.00400000000000134" classname="teal_reporter" name="TealReportCard_append_encodings_returns_self"/>
    <testcase time="0.00399999999999778" classname="teal_reporter" name="TealReportCard_append_encodings_returns_title_and_content"/>
    <testcase time="0.00200000000000244" classname="teal_reporter" name="TealReportCard_append_encodings_returns_title_and_content"/>
    <testcase time="0.0069999999999979" classname="teal_reporter" name="TealReportCard_append_fs_accepts_only_a_teal_slices"/>
    <testcase time="0.00800000000000267" classname="teal_reporter" name="TealReportCard_append_fs_accepts_only_a_teal_slices"/>
    <testcase time="0.00799999999999912" classname="teal_reporter" name="TealReportCard_append_fs_returns_self"/>
    <testcase time="0.00799999999999912" classname="teal_reporter" name="TealReportCard_append_fs_returns_title_and_content"/>
    <testcase time="0.00300000000000011" classname="teal_reporter" name="TealReportCard_append_fs_returns_title_and_content"/>
    <testcase time="0.00499999999999901" classname="teal_reporter" name="TealSlicesBlock_new_accepts_teal_slices_only"/>
    <testcase time="0.00500000000000256" classname="teal_reporter" name="TealSlicesBlock_new_accepts_teal_slices_only"/>
    <testcase time="0.0069999999999979" classname="teal_reporter" name="TealSlicesBlock_get_content_returns_yaml_character"/>
    <testcase time="0.00799999999999912" classname="teal_reporter" name="TealSlicesBlock_to_list_returns_list_containing_teal_slices"/>
    <testcase time="0.00900000000000034" classname="teal_reporter" name="TealSlicesBlock_from_list_retains_states_from_a_list"/>
  </testsuite>
  <testsuite name="teal_slices-store" timestamp="2025-07-16T12:07:14Z" hostname="587956c918f0" tests="15" skipped="0" failures="0" errors="0" time="0.162">
    <testcase time="0.0440000000000005" classname="teal_slices_store" name="teal_slice_store_restore_supports_NULL_and_character_0_for_choices_and_selected"/>
    <testcase time="0.00400000000000134" classname="teal_slices_store" name="teal_slice_store_restore_supports_NULL_and_character_0_for_choices_and_selected"/>
    <testcase time="0.00399999999999778" classname="teal_slices_store" name="teal_slice_store_restore_supports_NULL_and_character_0_for_choices_and_selected"/>
    <testcase time="0.0140000000000029" classname="teal_slices_store" name="teal_slice_store_restore_supports_saving_POSIXct_timestamps_in_selected"/>
    <testcase time="0.00399999999999778" classname="teal_slices_store" name="teal_slice_store_restore_supports_saving_POSIXct_timestamps_in_selected"/>
    <testcase time="0.0150000000000006" classname="teal_slices_store" name="teal_slice_store_restore_supports_saving_Date_dates_in_selected"/>
    <testcase time="0.00400000000000134" classname="teal_slices_store" name="teal_slice_store_restore_supports_saving_Date_dates_in_selected"/>
    <testcase time="0.0150000000000006" classname="teal_slices_store" name="teal_slice_store_restore_supports_saving_POSIXct_timestamps_in_choices"/>
    <testcase time="0.00399999999999778" classname="teal_slices_store" name="teal_slice_store_restore_supports_saving_POSIXct_timestamps_in_choices"/>
    <testcase time="0.0150000000000006" classname="teal_slices_store" name="teal_slice_store_restore_supports_saving_Date_timestamps_in_choices"/>
    <testcase time="0.00400000000000134" classname="teal_slices_store" name="teal_slice_store_restore_supports_saving_Date_timestamps_in_choices"/>
    <testcase time="0.0150000000000006" classname="teal_slices_store" name="teal_slice_store_restore_restores_mixed_Date_characters_as_characters_in_selected"/>
    <testcase time="0.0139999999999993" classname="teal_slices_store" name="teal_slice_store_restore_restores_characters_as_characters_in_selected_and_choices"/>
    <testcase time="0.00199999999999889" classname="teal_slices_store" name="teal_slice_store_restore_restores_characters_as_characters_in_selected_and_choices"/>
    <testcase time="0.00400000000000134" classname="teal_slices_store" name="teal_slice_store_restore_restores_characters_as_characters_in_selected_and_choices"/>
  </testsuite>
  <testsuite name="teal_slices" timestamp="2025-07-16T12:07:14Z" hostname="587956c918f0" tests="18" skipped="0" failures="0" errors="0" time="0.133">
    <testcase time="0.0069999999999979" classname="teal_slices" name="teal_slices_produces_teal_slices_object_with_teal_specific_attributes"/>
    <testcase time="0.00200000000000244" classname="teal_slices" name="teal_slices_produces_teal_slices_object_with_teal_specific_attributes"/>
    <testcase time="0.00300000000000011" classname="teal_slices" name="teal_slices_produces_teal_slices_object_with_teal_specific_attributes"/>
    <testcase time="0.000999999999997669" classname="teal_slices" name="teal_slices_produces_teal_slices_object_with_teal_specific_attributes"/>
    <testcase time="0.00600000000000023" classname="teal_slices" name="teal_slices_fails_when_inexisting_teal_slice_id_is_specified_in_mapping"/>
    <testcase time="0.00900000000000034" classname="teal_slices" name="teal_slices_fails_when_inexisting_teal_slice_id_is_specified_in_mapping"/>
    <testcase time="0.00900000000000034" classname="teal_slices" name="teal_slices_processes_filter_mapping"/>
    <testcase time="0.00799999999999912" classname="teal_slices" name="teal_slices_processes_filter_mapping"/>
    <testcase time="0.0130000000000017" classname="teal_slices" name="teal_slices_drops_non_global_filters_if_module_specific_FALSE"/>
    <testcase time="0.00799999999999912" classname="teal_slices" name="teal_slices_drops_non_global_filters_if_module_specific_FALSE"/>
    <testcase time="0.0249999999999986" classname="teal_slices" name="deep_copy_filters_copies_teal_slice_changes_pointer_of_teal_slice_object_but_values_remain_the_same"/>
    <testcase time="0.00500000000000256" classname="teal_slices" name="deep_copy_filters_copies_teal_slice_changes_pointer_of_teal_slice_object_but_values_remain_the_same"/>
    <testcase time="0.00600000000000023" classname="teal_slices" name="teal_slices_mapping_should_be_an_empty_list_or_a_named_list_or_missing"/>
    <testcase time="0.00399999999999778" classname="teal_slices" name="teal_slices_mapping_should_be_an_empty_list_or_a_named_list_or_missing"/>
    <testcase time="0.00400000000000134" classname="teal_slices" name="teal_slices_mapping_should_be_an_empty_list_or_a_named_list_or_missing"/>
    <testcase time="0.00799999999999912" classname="teal_slices" name="teal_slices_mapping_should_be_an_empty_list_or_a_named_list_or_missing"/>
    <testcase time="0.00700000000000145" classname="teal_slices" name="teal_slices_mapping_should_be_an_empty_list_or_a_named_list_or_missing"/>
    <testcase time="0.00799999999999912" classname="teal_slices" name="teal_slices_mapping_should_be_an_empty_list_or_a_named_list_or_missing"/>
  </testsuite>
  <testsuite name="teal_transform_module" timestamp="2025-07-16T12:07:15Z" hostname="587956c918f0" tests="3" skipped="0" failures="0" errors="0" time="0.258">
    <testcase time="0.0960000000000001" classname="teal_transform_module" name="expression"/>
    <testcase time="0.0679999999999978" classname="teal_transform_module" name="quote"/>
    <testcase time="0.0940000000000012" classname="teal_transform_module" name="ui_transform_teal_data_and_srv_transform_teal_data_have_the_same_namespace_for_transform_module"/>
  </testsuite>
  <testsuite name="utils" timestamp="2025-07-16T12:07:15Z" hostname="587956c918f0" tests="33" skipped="0" failures="0" errors="0" time="0.38">
    <testcase time="0.0719999999999992" classname="utils" name="get_teal_bs_theme"/>
    <testcase time="0.0310000000000024" classname="utils" name="get_teal_bs_theme"/>
    <testcase time="0.0309999999999988" classname="utils" name="get_teal_bs_theme"/>
    <testcase time="0.0300000000000011" classname="utils" name="get_teal_bs_theme"/>
    <testcase time="0.0249999999999986" classname="utils" name="report_card_template_function_returns_TealReportCard_object_with_appropriate_content_and_labels"/>
    <testcase time="0.00199999999999889" classname="utils" name="report_card_template_function_returns_TealReportCard_object_with_appropriate_content_and_labels"/>
    <testcase time="0.00100000000000122" classname="utils" name="report_card_template_function_returns_TealReportCard_object_with_appropriate_content_and_labels"/>
    <testcase time="0.00199999999999889" classname="utils" name="report_card_template_function_returns_TealReportCard_object_with_appropriate_content_and_labels"/>
    <testcase time="0.00200000000000244" classname="utils" name="report_card_template_function_returns_TealReportCard_object_with_appropriate_content_and_labels"/>
    <testcase time="0.000999999999997669" classname="utils" name="report_card_template_function_returns_TealReportCard_object_with_appropriate_content_and_labels"/>
    <testcase time="0.0199999999999996" classname="utils" name="teal_data_to_filtered_data_return_FilteredData_class"/>
    <testcase time="0.00500000000000256" classname="utils" name="validate_app_title_tag_works_on_validating_the_title_tag"/>
    <testcase time="0.00499999999999901" classname="utils" name="validate_app_title_tag_works_on_validating_the_title_tag"/>
    <testcase time="0.00499999999999901" classname="utils" name="validate_app_title_tag_works_on_validating_the_title_tag"/>
    <testcase time="0.00400000000000134" classname="utils" name="validate_app_title_tag_works_on_validating_the_title_tag"/>
    <testcase time="0.00499999999999901" classname="utils" name="validate_app_title_tag_works_on_validating_the_title_tag"/>
    <testcase time="0.0450000000000017" classname="utils" name="build_app_title_builts_a_valid_tag"/>
    <testcase time="0.00399999999999778" classname="utils" name="build_app_title_builts_a_valid_tag"/>
    <testcase time="0.00200000000000244" classname="utils" name="build_app_title_builts_a_valid_tag"/>
    <testcase time="0.00900000000000034" classname="utils" name="create_app_id_data_accepts_teal_data_or_teal_data_module"/>
    <testcase time="0.00199999999999889" classname="utils" name="create_app_id_data_accepts_teal_data_or_teal_data_module"/>
    <testcase time="0.00499999999999901" classname="utils" name="create_app_id_data_accepts_teal_data_or_teal_data_module"/>
    <testcase time="0.00799999999999912" classname="utils" name="create_app_id_modules_accepts_modules"/>
    <testcase time="0.00900000000000034" classname="utils" name="create_app_id_modules_accepts_modules"/>
    <testcase time="0.00700000000000145" classname="utils" name="create_app_id_returns_a_character_string"/>
    <testcase time="0.0159999999999982" classname="utils" name="create_app_id_returns_different_hash_for_different_data"/>
    <testcase time="0.0160000000000018" classname="utils" name="create_app_id_returns_different_hash_for_different_modules"/>
    <testcase time="0.00400000000000134" classname="utils" name="defunction_returns_a_string_when_passed_a_function"/>
    <testcase time="0.00399999999999778" classname="utils" name="defunction_returns_non_function_atomic_as_is"/>
    <testcase time="0.00100000000000122" classname="utils" name="defunction_returns_non_function_atomic_as_is"/>
    <testcase time="0.00199999999999889" classname="utils" name="defunction_returns_non_function_atomic_as_is"/>
    <testcase time="0.00100000000000122" classname="utils" name="defunction_returns_non_function_atomic_as_is"/>
    <testcase time="0.00399999999999778" classname="utils" name="defunction_recursively_goes_down_a_list"/>
  </testsuite>
  <testsuite name="validate_has_data" timestamp="2025-07-16T12:07:15Z" hostname="587956c918f0" tests="17" skipped="0" failures="0" errors="0" time="0.112">
    <testcase time="0.00700000000000145" classname="validate_has_data" name="validate_has_data_throws_no_error_when_data_has_at_least_as_many_rows_as_min_nrow"/>
    <testcase time="0.00199999999999889" classname="validate_has_data" name="validate_has_data_throws_no_error_when_data_has_at_least_as_many_rows_as_min_nrow"/>
    <testcase time="0.00700000000000145" classname="validate_has_data" name="validate_has_data_throws_error_when_min_nrow_rows_of_data"/>
    <testcase time="0.00400000000000134" classname="validate_has_data" name="validate_has_data_accepts_logical_complete_argument"/>
    <testcase time="0.00199999999999889" classname="validate_has_data" name="validate_has_data_accepts_logical_complete_argument"/>
    <testcase time="0.0069999999999979" classname="validate_has_data" name="validate_has_data_throws_error_when_data_has_NA_and_complete_is_set_to_TRUE"/>
    <testcase time="0.00400000000000134" classname="validate_has_data" name="validate_has_data_accepts_logical_allow_inf_argument"/>
    <testcase time="0.00499999999999901" classname="validate_has_data" name="validate_has_data_accepts_logical_allow_inf_argument"/>
    <testcase time="0.00800000000000267" classname="validate_has_data" name="validate_has_data_accepts_throws_error_when_data_has_Inf_values_and_allow_inf_is_set_to_FALSE"/>
    <testcase time="0.0069999999999979" classname="validate_has_data" name="validate_has_data_accepts_throws_error_when_data_has_Inf_values_and_allow_inf_is_set_to_FALSE"/>
    <testcase time="0.00499999999999901" classname="validate_has_data" name="validate_has_data_accepts_throws_error_when_data_has_Inf_values_and_allow_inf_is_set_to_FALSE"/>
    <testcase time="0.00400000000000134" classname="validate_has_data" name="validate_has_data_allow_inf_argument_ignores_non_numeric_columns"/>
    <testcase time="0.00700000000000145" classname="validate_has_data" name="validate_has_data_allow_inf_argument_ignores_non_numeric_columns"/>
    <testcase time="0.0109999999999992" classname="validate_has_data" name="validate_has_data_returns_message_when_msg_argument_is_set"/>
    <testcase time="0.00799999999999912" classname="validate_has_data" name="validate_has_data_returns_message_msg_argument_is_set_and_complete_is_set_to_TRUE"/>
    <testcase time="0.00700000000000145" classname="validate_has_data" name="validate_has_data_returns_throws_error_with_non_character_msg_input"/>
    <testcase time="0.0169999999999995" classname="validate_has_data" name="validate_has_data_returns_throws_error_with_non_character_msg_input"/>
  </testsuite>
  <testsuite name="validate_inputs" timestamp="2025-07-16T12:07:15Z" hostname="587956c918f0" tests="36" skipped="0" failures="0" errors="0" time="0.535">
    <testcase time="0.0109999999999992" classname="validate_inputs" name="invalid_arguments_raise_errors"/>
    <testcase time="0.00499999999999901" classname="validate_inputs" name="invalid_arguments_raise_errors"/>
    <testcase time="0.022000000000002" classname="validate_inputs" name="disabled_validators_raise_warnings_individual_validators_"/>
    <testcase time="0.0169999999999995" classname="validate_inputs" name="disabled_validators_raise_warnings_validator_list_"/>
    <testcase time="0.0189999999999984" classname="validate_inputs" name="disabled_validators_raise_warnings_nested_validator_list_"/>
    <testcase time="0.0790000000000006" classname="validate_inputs" name="valid_inputs_produce_desired_output_individual_validators_"/>
    <testcase time="0.0199999999999996" classname="validate_inputs" name="valid_inputs_produce_desired_output_validator_list_"/>
    <testcase time="0.0199999999999996" classname="validate_inputs" name="valid_inputs_produce_desired_output_nested_validator_list_"/>
    <testcase time="0.027000000000001" classname="validate_inputs" name="invalid_inputs_raise_errors_in_output_individual_validators_"/>
    <testcase time="0.0229999999999997" classname="validate_inputs" name="invalid_inputs_raise_errors_in_output_individual_validators_"/>
    <testcase time="0.0240000000000009" classname="validate_inputs" name="invalid_inputs_raise_errors_in_output_individual_validators_"/>
    <testcase time="0.0269999999999975" classname="validate_inputs" name="invalid_inputs_raise_errors_in_output_validator_list_"/>
    <testcase time="0.0240000000000009" classname="validate_inputs" name="invalid_inputs_raise_errors_in_output_validator_list_"/>
    <testcase time="0.0240000000000009" classname="validate_inputs" name="invalid_inputs_raise_errors_in_output_validator_list_"/>
    <testcase time="0.027000000000001" classname="validate_inputs" name="invalid_inputs_raise_errors_in_output_nested_validator_list_"/>
    <testcase time="0.0239999999999974" classname="validate_inputs" name="invalid_inputs_raise_errors_in_output_nested_validator_list_"/>
    <testcase time="0.0240000000000009" classname="validate_inputs" name="invalid_inputs_raise_errors_in_output_nested_validator_list_"/>
    <testcase time="0.0289999999999999" classname="validate_inputs" name="error_message_is_formatted_properly"/>
    <testcase time="0.00700000000000145" classname="validate_inputs" name="error_message_is_formatted_properly"/>
    <testcase time="0.0069999999999979" classname="validate_inputs" name="error_message_is_formatted_properly"/>
    <testcase time="0.00700000000000145" classname="validate_inputs" name="error_message_is_formatted_properly"/>
    <testcase time="0.0069999999999979" classname="validate_inputs" name="error_message_is_formatted_properly"/>
    <testcase time="0.00200000000000244" classname="validate_inputs" name="error_message_is_formatted_properly"/>
    <testcase time="0.00300000000000011" classname="validate_inputs" name="error_message_is_formatted_properly"/>
    <testcase time="0.00199999999999889" classname="validate_inputs" name="error_message_is_formatted_properly"/>
    <testcase time="0.00199999999999889" classname="validate_inputs" name="error_message_is_formatted_properly"/>
    <testcase time="0.00300000000000011" classname="validate_inputs" name="error_message_is_formatted_properly"/>
    <testcase time="0.00200000000000244" classname="validate_inputs" name="error_message_is_formatted_properly"/>
    <testcase time="0.00199999999999889" classname="validate_inputs" name="error_message_is_formatted_properly"/>
    <testcase time="0.00199999999999889" classname="validate_inputs" name="error_message_is_formatted_properly"/>
    <testcase time="0.00300000000000011" classname="validate_inputs" name="error_message_is_formatted_properly"/>
    <testcase time="0.00200000000000244" classname="validate_inputs" name="error_message_is_formatted_properly"/>
    <testcase time="0.00199999999999889" classname="validate_inputs" name="error_message_is_formatted_properly"/>
    <testcase time="0.0279999999999987" classname="validate_inputs" name="different_validation_modes_produce_proper_messages"/>
    <testcase time="0.00400000000000134" classname="validate_inputs" name="different_validation_modes_produce_proper_messages"/>
    <testcase time="0.00400000000000134" classname="validate_inputs" name="different_validation_modes_produce_proper_messages"/>
  </testsuite>
</testsuites>
