<?xml version="1.0" encoding="UTF-8"?>
<testsuites>
  <testsuite name="filter_manager" timestamp="2024-07-04T08:44:35Z" hostname="d066bb19ddb0" tests="4" skipped="0" failures="0" errors="0" time="0.316">
    <testcase time="0.165" classname="filter_manager" name="filter_manager_srv_initializes_properly_processes_input_arguments"/>
    <testcase time="0.046" classname="filter_manager" name="filter_manager_srv_initializes_properly_processes_input_arguments"/>
    <testcase time="0.103" classname="filter_manager" name="filter_manager_srv_initializes_properly_processes_input_arguments"/>
    <testcase time="0.002" classname="filter_manager" name="filter_manager_srv_initializes_properly_processes_input_arguments"/>
  </testsuite>
  <testsuite name="init" timestamp="2024-07-04T08:44:36Z" hostname="d066bb19ddb0" tests="11" skipped="0" failures="0" errors="0" time="18.522">
    <testcase time="1.132" classname="init" name="init_data_accepts_teal_data_object"/>
    <testcase time="0.46" classname="init" name="init_data_accepts_teal_data_module"/>
    <testcase time="0.706" classname="init" name="init_modules_accepts_a_teal_modules_object"/>
    <testcase time="0.755" classname="init" name="init_modules_accepts_a_list_of_teal_module_elements"/>
    <testcase time="1.105" classname="init" name="init_modules_accepts_a_teal_module_object"/>
    <testcase time="1.221" classname="init" name="init_filter_accepts_teal_slices_"/>
    <testcase time="0.048" classname="init" name="init_filter_accepts_teal_slices_"/>
    <testcase time="1.112" classname="init" name="init_throws_when_an_empty_data_is_used"/>
    <testcase time="1.583" classname="init" name="init_throws_when_datanames_in_modules_incompatible_w_datanames_in_data"/>
    <testcase time="1.568" classname="init" name="init_throws_when_dataname_in_filter_incompatible_w_datanames_in_data"/>
    <testcase time="8.832" classname="init" name="init_creates_a_lockfile_during_the_execution"/>
  </testsuite>
  <testsuite name="module_nested_tabs" timestamp="2024-07-04T08:44:54Z" hostname="d066bb19ddb0" tests="33" skipped="0" failures="0" errors="0" time="5.918">
    <testcase time="0.322000000000003" classname="module_nested_tabs" name="srv_nested_tabs_throws_error_if_reporter_is_not_inherited_from_class_Reporter"/>
    <testcase time="0.218999999999998" classname="module_nested_tabs" name="passed_shiny_module_is_initialized_only_when_the_UI_is_triggered"/>
    <testcase time="0.212" classname="module_nested_tabs" name="passed_shiny_module_is_initialized_only_when_the_UI_is_triggered"/>
    <testcase time="0.207999999999998" classname="module_nested_tabs" name="nested_teal_modules_are_initialized_when_the_UI_is_triggered"/>
    <testcase time="0.281000000000002" classname="module_nested_tabs" name="nested_teal_modules_are_initialized_when_the_UI_is_triggered"/>
    <testcase time="0.123999999999999" classname="module_nested_tabs" name="modules_reactive_is_a_list_of_reactives"/>
    <testcase time="0.0120000000000005" classname="module_nested_tabs" name="modules_reactive_is_a_list_of_reactives"/>
    <testcase time="0.00199999999999889" classname="module_nested_tabs" name="modules_reactive_is_a_list_of_reactives"/>
    <testcase time="0.152000000000001" classname="module_nested_tabs" name="modules_reactive_returns_modules_according_to_selection_in_the_nested_tabs"/>
    <testcase time="0.126999999999999" classname="module_nested_tabs" name="modules_reactive_returns_modules_according_to_selection_in_the_nested_tabs"/>
    <testcase time="0.0470000000000006" classname="module_nested_tabs" name="Change_of_this_tab_returns_active_module_from_this_tab"/>
    <testcase time="0.00900000000000034" classname="module_nested_tabs" name="Change_of_this_tab_returns_active_module_from_this_tab"/>
    <testcase time="0.0889999999999986" classname="module_nested_tabs" name="srv_nested_tabs.teal_module_does_not_pass_data_if_not_in_the_args_explicitly"/>
    <testcase time="0.339000000000002" classname="module_nested_tabs" name="srv_nested_tabs.teal_module_does_pass_data_if_in_the_args_explicitly"/>
    <testcase time="0.114000000000001" classname="module_nested_tabs" name="srv_nested_tabs.teal_module_passes_data_to_the_server_module"/>
    <testcase time="0.0239999999999974" classname="module_nested_tabs" name="srv_nested_tabs.teal_module_passes_deprecated_datasets_to_the_server_module"/>
    <testcase time="0.083000000000002" classname="module_nested_tabs" name="srv_nested_tabs.teal_module_passes_deprecated_datasets_to_the_server_module"/>
    <testcase time="0.0750000000000028" classname="module_nested_tabs" name="srv_nested_tabs.teal_module_passes_server_args_to_the_..."/>
    <testcase time="0.131" classname="module_nested_tabs" name="srv_nested_tabs.teal_module_doesn_t_pass_filter_panel_api_if_not_in_the_args_explicitly"/>
    <testcase time="0.119999999999997" classname="module_nested_tabs" name="srv_nested_tabs.teal_module_passes_filter_panel_api_when_passed_in_the_args_explicitly"/>
    <testcase time="0.119" classname="module_nested_tabs" name="srv_nested_tabs.teal_module_passes_filter_panel_api_to_the_server_module"/>
    <testcase time="1.796" classname="module_nested_tabs" name=".datasets_to_data_returns_data_which_is_filtered"/>
    <testcase time="0.00399999999999778" classname="module_nested_tabs" name=".datasets_to_data_returns_data_which_is_filtered"/>
    <testcase time="0.295999999999999" classname="module_nested_tabs" name=".datasets_to_data_returns_only_data_requested_by_modules_datanames"/>
    <testcase time="0.308" classname="module_nested_tabs" name=".datasets_to_data_returns_teal_data_object"/>
    <testcase time="0.022000000000002" classname="module_nested_tabs" name=".datasets_to_data_returns_teal_data_object"/>
    <testcase time="0.0719999999999992" classname="module_nested_tabs" name=".datasets_to_data_returns_teal_data_object"/>
    <testcase time="0.0800000000000018" classname="module_nested_tabs" name="calculate_hashes_takes_a_FilteredData_and_vector_of_datanames_as_input"/>
    <testcase time="0.0559999999999974" classname="module_nested_tabs" name="calculate_hashes_returns_a_named_list"/>
    <testcase time="0.00300000000000011" classname="module_nested_tabs" name="calculate_hashes_returns_a_named_list"/>
    <testcase time="0.00199999999999889" classname="module_nested_tabs" name="calculate_hashes_returns_a_named_list"/>
    <testcase time="0.419" classname="module_nested_tabs" name="calculate_hashes_returns_the_hash_of_the_non_Filtered_dataset"/>
    <testcase time="0.0509999999999984" classname="module_nested_tabs" name="calculate_hashes_returns_the_hash_of_the_non_Filtered_dataset"/>
  </testsuite>
  <testsuite name="module_tabs_with_filters" timestamp="2024-07-04T08:45:00Z" hostname="d066bb19ddb0" tests="8" skipped="0" failures="0" errors="0" time="5.865">
    <testcase time="0.135000000000002" classname="module_tabs_with_filters" name="srv_tabs_with_filters_throws_error_if_reporter_is_not_of_class_Reporter"/>
    <testcase time="2.026" classname="module_tabs_with_filters" name="active_module_returns_module_specs_from_active_tab_when_filter.module_specific_FALSE"/>
    <testcase time="0.968" classname="module_tabs_with_filters" name="active_module_returns_module_specs_from_active_tab_when_filter.module_specific_FALSE"/>
    <testcase time="0.0889999999999986" classname="module_tabs_with_filters" name="srv_tabs_with_filters_throws_error_if_reporter_is_not_of_class_Reporter"/>
    <testcase time="1.17" classname="module_tabs_with_filters" name="active_datanames_returns_dataname_from_single_tab"/>
    <testcase time="0.548999999999999" classname="module_tabs_with_filters" name="active_datanames_returns_dataname_from_active_tab_after_change"/>
    <testcase time="0.839000000000002" classname="module_tabs_with_filters" name="active_datanames_returns_dataname_from_active_tab_after_change"/>
    <testcase time="0.0889999999999986" classname="module_tabs_with_filters" name="active_datanames_returns_dataname_from_active_tab_after_change"/>
  </testsuite>
  <testsuite name="module_teal" timestamp="2024-07-04T08:45:06Z" hostname="d066bb19ddb0" tests="8" skipped="0" failures="0" errors="0" time="0.881">
    <testcase time="0.123999999999999" classname="module_teal" name="srv_teal_fails_when_teal_data_rv_is_not_reactive"/>
    <testcase time="0.177" classname="module_teal" name="srv_teal_when_teal_data_rv_changes_datasets_reactive_is_initialized_as_list_of_FilteredData"/>
    <testcase time="0.152000000000001" classname="module_teal" name="srv_teal_initialized_datasets_reactive_list_reflects_modules_structure"/>
    <testcase time="0.00199999999999889" classname="module_teal" name="srv_teal_initialized_datasets_reactive_list_reflects_modules_structure"/>
    <testcase time="0.153000000000002" classname="module_teal" name="srv_teal_initialized_data_containing_same_FilteredData_when_the_filter_is_global"/>
    <testcase time="0.0189999999999984" classname="module_teal" name="srv_teal_initialized_data_containing_same_FilteredData_when_the_filter_is_global"/>
    <testcase time="0.241999999999997" classname="module_teal" name="srv_teal_initialized_data_containing_different_FilteredData_when_the_filter_is_module_specific"/>
    <testcase time="0.0120000000000005" classname="module_teal" name="srv_teal_initialized_data_containing_different_FilteredData_when_the_filter_is_module_specific"/>
  </testsuite>
  <testsuite name="module_teal_with_splash" timestamp="2024-07-04T08:45:07Z" hostname="d066bb19ddb0" tests="41" skipped="0" failures="0" errors="0" time="2.098">
    <testcase time="0.133000000000003" classname="module_teal_with_splash" name="srv_teal_with_splash_data_accepts_a_teal_data_module"/>
    <testcase time="0.0720000000000027" classname="module_teal_with_splash" name="srv_teal_with_splash_throws_when_teal_data_module_doesn_t_return_reactive"/>
    <testcase time="0.119" classname="module_teal_with_splash" name="srv_teal_with_splash_teal_data_rv_evaluates_the_server_of_teal_data_module"/>
    <testcase time="0.00300000000000011" classname="module_teal_with_splash" name="srv_teal_with_splash_teal_data_rv_evaluates_the_server_of_teal_data_module"/>
    <testcase time="0.103999999999999" classname="module_teal_with_splash" name="srv_teal_with_splash_passes_teal_data_to_reactive"/>
    <testcase time="0.019999999999996" classname="module_teal_with_splash" name="srv_teal_with_splash_passes_teal_data_to_reactive"/>
    <testcase time="0.117000000000004" classname="module_teal_with_splash" name="srv_teal_with_splash_passes_when_datanames_are_empty_with_warning"/>
    <testcase time="0.00499999999999545" classname="module_teal_with_splash" name="srv_teal_with_splash_passes_when_datanames_are_empty_with_warning"/>
    <testcase time="0.00400000000000489" classname="module_teal_with_splash" name="srv_teal_with_splash_passes_when_datanames_are_empty_with_warning"/>
    <testcase time="0.088000000000001" classname="module_teal_with_splash" name="srv_teal_with_splash_teal_data_rv_validate_throws_when_teal_data_module_returns_error"/>
    <testcase time="0.0519999999999996" classname="module_teal_with_splash" name="srv_teal_with_splash_teal_data_rv_validate_throws_when_teal_data_module_returns_error"/>
    <testcase time="0.116999999999997" classname="module_teal_with_splash" name="srv_teal_with_splash_teal_data_rv_validate_throws_then_qenv.error_occurs"/>
    <testcase time="0.0289999999999964" classname="module_teal_with_splash" name="srv_teal_with_splash_teal_data_rv_validate_throws_then_qenv.error_occurs"/>
    <testcase time="0.115000000000002" classname="module_teal_with_splash" name="srv_teal_with_splash_teal_data_rv_validate_throws_when_teal_data_module_doesn_t_return_teal_data"/>
    <testcase time="0.0380000000000038" classname="module_teal_with_splash" name="srv_teal_with_splash_teal_data_rv_validate_throws_when_teal_data_module_doesn_t_return_teal_data"/>
    <testcase time="0.0929999999999964" classname="module_teal_with_splash" name="srv_teal_with_splash_teal_data_rv_validate_throws_when_incompatible_module_s_datanames"/>
    <testcase time="0.0510000000000019" classname="module_teal_with_splash" name="srv_teal_with_splash_teal_data_rv_validate_throws_when_incompatible_module_s_datanames"/>
    <testcase time="0.107999999999997" classname="module_teal_with_splash" name="srv_teal_with_splash_teal_data_rv_validate_returns_teal_data_if_incompatible_filter_s_datanames"/>
    <testcase time="0.0210000000000008" classname="module_teal_with_splash" name="srv_teal_with_splash_teal_data_rv_validate_returns_teal_data_if_incompatible_filter_s_datanames"/>
    <testcase time="0.00300000000000011" classname="module_teal_with_splash" name="srv_teal_with_splash_teal_data_rv_validate_returns_teal_data_if_incompatible_filter_s_datanames"/>
    <testcase time="0.103999999999999" classname="module_teal_with_splash" name="srv_teal_with_splash_gets_observe_event_from_srv_teal"/>
    <testcase time="0.106999999999999" classname="module_teal_with_splash" name="srv_teal_with_splash_accepts_data_after_within.teal_data_module"/>
    <testcase time="0.0280000000000058" classname="module_teal_with_splash" name="srv_teal_with_splash_accepts_data_after_within.teal_data_module"/>
    <testcase time="0.019999999999996" classname="module_teal_with_splash" name="srv_teal_with_splash_accepts_data_after_within.teal_data_module"/>
    <testcase time="0.00399999999999778" classname="module_teal_with_splash" name="srv_teal_with_splash_accepts_data_after_within.teal_data_module"/>
    <testcase time="0.0110000000000028" classname="module_teal_with_splash" name="srv_teal_with_splash_accepts_data_after_within.teal_data_module"/>
    <testcase time="0.0940000000000012" classname="module_teal_with_splash" name="srv_teal_with_splash_throws_error_when_within.teal_data_module_returns_qenv.error"/>
    <testcase time="0.0110000000000028" classname="module_teal_with_splash" name="srv_teal_with_splash_throws_error_when_within.teal_data_module_returns_qenv.error"/>
    <testcase time="0.00199999999999534" classname="module_teal_with_splash" name="srv_teal_with_splash_throws_error_when_within.teal_data_module_returns_qenv.error"/>
    <testcase time="0.0630000000000024" classname="module_teal_with_splash" name="srv_teal_with_splash_throws_error_when_within.teal_data_module_returns_qenv.error"/>
    <testcase time="0.00300000000000011" classname="module_teal_with_splash" name="srv_teal_with_splash_throws_error_when_within.teal_data_module_returns_qenv.error"/>
    <testcase time="0.115000000000002" classname="module_teal_with_splash" name="srv_teal_with_splash_throws_error_when_within.teal_data_module_returns_NULL"/>
    <testcase time="0.0319999999999965" classname="module_teal_with_splash" name="srv_teal_with_splash_throws_error_when_within.teal_data_module_returns_NULL"/>
    <testcase time="0.0110000000000028" classname="module_teal_with_splash" name="srv_teal_with_splash_throws_error_when_within.teal_data_module_returns_NULL"/>
    <testcase time="0.0360000000000014" classname="module_teal_with_splash" name="srv_teal_with_splash_throws_error_when_within.teal_data_module_returns_NULL"/>
    <testcase time="0.00300000000000011" classname="module_teal_with_splash" name="srv_teal_with_splash_throws_error_when_within.teal_data_module_returns_NULL"/>
    <testcase time="0.103999999999999" classname="module_teal_with_splash" name="srv_teal_with_splash_throws_error_when_within.teal_data_module_returns_arbitrary_object_other_than_teal_data_or_qenv.error_"/>
    <testcase time="0.00799999999999557" classname="module_teal_with_splash" name="srv_teal_with_splash_throws_error_when_within.teal_data_module_returns_arbitrary_object_other_than_teal_data_or_qenv.error_"/>
    <testcase time="0.00200000000000244" classname="module_teal_with_splash" name="srv_teal_with_splash_throws_error_when_within.teal_data_module_returns_arbitrary_object_other_than_teal_data_or_qenv.error_"/>
    <testcase time="0.0279999999999987" classname="module_teal_with_splash" name="srv_teal_with_splash_throws_error_when_within.teal_data_module_returns_arbitrary_object_other_than_teal_data_or_qenv.error_"/>
    <testcase time="0.0200000000000031" classname="module_teal_with_splash" name="srv_teal_with_splash_throws_error_when_within.teal_data_module_returns_arbitrary_object_other_than_teal_data_or_qenv.error_"/>
  </testsuite>
  <testsuite name="modules" timestamp="2024-07-04T08:45:09Z" hostname="d066bb19ddb0" tests="95" skipped="0" failures="0" errors="0" time="1.704">
    <testcase time="0.036999999999999" classname="modules" name="Calling_module_does_not_throw"/>
    <testcase time="0.0120000000000005" classname="modules" name="module_requires_label_argument_to_be_a_string_different_than_global_filters_"/>
    <testcase time="0.0210000000000008" classname="modules" name="module_requires_label_argument_to_be_a_string_different_than_global_filters_"/>
    <testcase time="0.00900000000000034" classname="modules" name="module_requires_label_argument_to_be_a_string_different_than_global_filters_"/>
    <testcase time="0.019999999999996" classname="modules" name="module_requires_label_argument_to_be_a_string_different_than_global_filters_"/>
    <testcase time="0.0250000000000057" classname="modules" name="module_requires_label_argument_to_be_a_string_different_than_global_filters_"/>
    <testcase time="0.0229999999999961" classname="modules" name="module_warns_when_server_contains_datasets_argument"/>
    <testcase time="0.0260000000000034" classname="modules" name="module_expects_server_being_a_shiny_server_module_with_any_argument"/>
    <testcase time="0.00199999999999534" classname="modules" name="module_expects_server_being_a_shiny_server_module_with_any_argument"/>
    <testcase time="0.0190000000000055" classname="modules" name="module_expects_server_being_a_shiny_server_module_with_any_argument"/>
    <testcase time="0.0239999999999938" classname="modules" name="module_expects_server_being_a_shiny_server_module_with_any_argument"/>
    <testcase time="0.00800000000000267" classname="modules" name="module_expects_server_being_a_shiny_server_module_with_any_argument"/>
    <testcase time="0.0150000000000006" classname="modules" name="module_requires_server_args_argument_to_be_a_list"/>
    <testcase time="0.00200000000000244" classname="modules" name="module_requires_server_args_argument_to_be_a_list"/>
    <testcase time="0.0150000000000006" classname="modules" name="module_requires_server_args_argument_to_be_a_list"/>
    <testcase time="0.00899999999999324" classname="modules" name="module_requires_server_args_argument_to_be_a_list"/>
    <testcase time="0.0350000000000037" classname="modules" name="module_requires_server_args_argument_to_be_a_list"/>
    <testcase time="0.0150000000000006" classname="modules" name="module_expects_all_server_args_being_a_server_arguments_or_passed_through_..._"/>
    <testcase time="0.00200000000000244" classname="modules" name="module_expects_all_server_args_being_a_server_arguments_or_passed_through_..._"/>
    <testcase time="0.0289999999999964" classname="modules" name="module_expects_all_server_args_being_a_server_arguments_or_passed_through_..._"/>
    <testcase time="0.0150000000000006" classname="modules" name="module_requires_ui_args_argument_to_be_a_list"/>
    <testcase time="0.0150000000000006" classname="modules" name="module_requires_ui_args_argument_to_be_a_list"/>
    <testcase time="0.00200000000000244" classname="modules" name="module_requires_ui_args_argument_to_be_a_list"/>
    <testcase time="0.029999999999994" classname="modules" name="module_requires_ui_args_argument_to_be_a_list"/>
    <testcase time="0.0250000000000057" classname="modules" name="module_requires_ui_args_argument_to_be_a_list"/>
    <testcase time="0.0449999999999946" classname="modules" name="module_throws_when_ui_has_data_or_datasets_argument"/>
    <testcase time="0.0240000000000009" classname="modules" name="module_throws_when_ui_has_data_or_datasets_argument"/>
    <testcase time="0.0189999999999984" classname="modules" name="module_expects_ui_being_a_shiny_ui_module_with_any_argument"/>
    <testcase time="0.00300000000000011" classname="modules" name="module_expects_ui_being_a_shiny_ui_module_with_any_argument"/>
    <testcase time="0.0130000000000052" classname="modules" name="module_expects_ui_being_a_shiny_ui_module_with_any_argument"/>
    <testcase time="0.0139999999999958" classname="modules" name="module_expects_all_ui_args_being_a_ui_arguments_or_passed_through_..._"/>
    <testcase time="0.00300000000000011" classname="modules" name="module_expects_all_ui_args_being_a_ui_arguments_or_passed_through_..._"/>
    <testcase time="0.0320000000000036" classname="modules" name="module_expects_all_ui_args_being_a_ui_arguments_or_passed_through_..._"/>
    <testcase time="0.0069999999999979" classname="modules" name="module_requires_datanames_argument_to_be_a_character_or_NULL"/>
    <testcase time="0.0189999999999984" classname="modules" name="module_requires_datanames_argument_to_be_a_character_or_NULL"/>
    <testcase time="0.00200000000000244" classname="modules" name="module_requires_datanames_argument_to_be_a_character_or_NULL"/>
    <testcase time="0.0210000000000008" classname="modules" name="module_requires_datanames_argument_to_be_a_character_or_NULL"/>
    <testcase time="0.00200000000000244" classname="modules" name="module_requires_datanames_argument_to_be_a_character_or_NULL"/>
    <testcase time="0.0309999999999988" classname="modules" name="module_returns_list_of_class_teal_module_containing_input_objects"/>
    <testcase time="0.00999999999999801" classname="modules" name="module_returns_list_of_class_teal_module_containing_input_objects"/>
    <testcase time="0.00200000000000244" classname="modules" name="module_returns_list_of_class_teal_module_containing_input_objects"/>
    <testcase time="0.00300000000000011" classname="modules" name="module_returns_list_of_class_teal_module_containing_input_objects"/>
    <testcase time="0.00200000000000244" classname="modules" name="module_returns_list_of_class_teal_module_containing_input_objects"/>
    <testcase time="0.0179999999999936" classname="modules" name="module_returns_list_of_class_teal_module_containing_input_objects"/>
    <testcase time="0.00200000000000244" classname="modules" name="module_returns_list_of_class_teal_module_containing_input_objects"/>
    <testcase time="0.00200000000000244" classname="modules" name="module_returns_list_of_class_teal_module_containing_input_objects"/>
    <testcase time="0.036999999999999" classname="modules" name="modules_gives_error_if_no_arguments_other_than_label_are_used"/>
    <testcase time="0.019999999999996" classname="modules" name="modules_gives_error_if_no_arguments_other_than_label_are_used"/>
    <testcase time="0.0130000000000052" classname="modules" name="modules_requires_label_argument_to_be_a_string_"/>
    <testcase time="0.00900000000000034" classname="modules" name="modules_requires_label_argument_to_be_a_string_"/>
    <testcase time="0.0330000000000013" classname="modules" name="modules_requires_label_argument_to_be_a_string_"/>
    <testcase time="0.0229999999999961" classname="modules" name="modules_accept_teal_module_in_..."/>
    <testcase time="0.0220000000000056" classname="modules" name="modules_accept_multiple_teal_module_objects_in_..."/>
    <testcase time="0.0239999999999938" classname="modules" name="modules_accept_multiple_teal_module_and_teal_modules_objects_in_..."/>
    <testcase time="0.0290000000000035" classname="modules" name="modules_does_not_accept_objects_other_than_teal_module_s_in_..."/>
    <testcase time="0.0330000000000013" classname="modules" name="modules_does_not_accept_objects_other_than_teal_module_s_in_..."/>
    <testcase time="0.0180000000000007" classname="modules" name="modules_returns_teal_modules_object_with_label_and_children_slot"/>
    <testcase time="0.00300000000000011" classname="modules" name="modules_returns_teal_modules_object_with_label_and_children_slot"/>
    <testcase time="0.0139999999999958" classname="modules" name="modules_returns_children_as_list_with_list_named_after_label_attributes"/>
    <testcase time="0.00200000000000244" classname="modules" name="modules_returns_children_as_list_with_list_named_after_label_attributes"/>
    <testcase time="0.00200000000000244" classname="modules" name="modules_returns_children_as_list_with_list_named_after_label_attributes"/>
    <testcase time="0.046999999999997" classname="modules" name="modules_returns_useful_error_message_if_label_argument_not_explicitly_named"/>
    <testcase time="0.0140000000000029" classname="modules" name="modules_returns_children_as_list_with_unique_names_if_labels_are_duplicated"/>
    <testcase time="0.00300000000000011" classname="modules" name="modules_returns_children_as_list_with_unique_names_if_labels_are_duplicated"/>
    <testcase time="0.00199999999999534" classname="modules" name="modules_returns_children_as_list_with_unique_names_if_labels_are_duplicated"/>
    <testcase time="0.0150000000000006" classname="modules" name="modules_depth_accepts_depth_as_integer"/>
    <testcase time="0.00900000000000034" classname="modules" name="modules_depth_accepts_depth_as_integer"/>
    <testcase time="0.0309999999999988" classname="modules" name="modules_depth_returns_depth_0_by_default"/>
    <testcase time="0.0220000000000056" classname="modules" name="modules_depth_accepts_modules_to_be_teal_module_or_teal_modules"/>
    <testcase time="0.00399999999999778" classname="modules" name="modules_depth_accepts_modules_to_be_teal_module_or_teal_modules"/>
    <testcase time="0.0139999999999958" classname="modules" name="modules_depth_returns_depth_same_as_input_for_teal_module"/>
    <testcase time="0.0180000000000007" classname="modules" name="modules_depth_increases_depth_by_1_for_each_teal_modules"/>
    <testcase time="0.00400000000000489" classname="modules" name="modules_depth_increases_depth_by_1_for_each_teal_modules"/>
    <testcase time="0.019999999999996" classname="modules" name="is_arg_used_throws_error_if_object_is_not_teal_module_or_teal_modules"/>
    <testcase time="0.0410000000000039" classname="modules" name="is_arg_used_throws_error_if_object_is_not_teal_module_or_teal_modules"/>
    <testcase time="0.00900000000000034" classname="modules" name="is_arg_used_returns_true_if_teal_module_has_given_arg_in_server_function_args"/>
    <testcase time="0.0339999999999989" classname="modules" name="is_arg_used_returns_false_if_teal_module_does_not_have_reporter_in_server_function_args"/>
    <testcase time="0.0409999999999968" classname="modules" name="is_arg_used_returns_false_if_teal_modules_has_no_children_using_given_arg_"/>
    <testcase time="0.00600000000000023" classname="modules" name="is_arg_used_returns_false_if_teal_modules_has_no_children_using_given_arg_"/>
    <testcase time="0.0260000000000034" classname="modules" name="is_arg_used_returns_true_if_teal_modules_has_at_least_one_child_using_given_arg_"/>
    <testcase time="0.0169999999999959" classname="modules" name="is_arg_used_returns_true_if_teal_modules_has_at_least_one_child_using_given_arg_"/>
    <testcase time="0.00499999999999545" classname="modules" name="is_arg_used_returns_true_if_teal_modules_has_at_least_one_child_using_given_arg_"/>
    <testcase time="0.0210000000000008" classname="modules" name="is_arg_used_returns_TRUE_FALSE_when_the_arg_is_in_function_formals"/>
    <testcase time="0.00500000000000256" classname="modules" name="is_arg_used_returns_TRUE_FALSE_when_the_arg_is_in_function_formals"/>
    <testcase time="0.0339999999999989" classname="modules" name="is_arg_used_accepts_arg_to_be_a_string_only"/>
    <testcase time="0.0249999999999986" classname="modules" name="is_arg_used_accepts_arg_to_be_a_string_only"/>
    <testcase time="0.0180000000000007" classname="modules" name="is_arg_used_accepts_arg_to_be_a_string_only"/>
    <testcase time="0.046999999999997" classname="modules" name="append_module_throws_error_when_modules_is_not_inherited_from_teal_modules"/>
    <testcase time="0.0420000000000016" classname="modules" name="append_module_throws_error_when_modules_is_not_inherited_from_teal_modules"/>
    <testcase time="0.0300000000000011" classname="modules" name="append_module_throws_error_is_module_is_not_inherited_from_teal_module"/>
    <testcase time="0.00900000000000034" classname="modules" name="append_module_throws_error_is_module_is_not_inherited_from_teal_module"/>
    <testcase time="0.0300000000000011" classname="modules" name="append_module_appends_a_module_to_children_of_not_nested_teal_modules"/>
    <testcase time="0.0259999999999962" classname="modules" name="append_module_appends_a_module_to_children_of_nested_teal_modules"/>
    <testcase time="0.0290000000000035" classname="modules" name="append_module_produces_teal_modules_with_unique_named_children"/>
    <testcase time="0.0150000000000006" classname="modules" name="format.teal_modules_returns_proper_structure"/>
  </testsuite>
  <testsuite name="rcode_utils" timestamp="2024-07-04T08:45:11Z" hostname="d066bb19ddb0" tests="7" skipped="0" failures="0" errors="0" time="0.223">
    <testcase time="0.027000000000001" classname="rcode_utils" name="With_no_teal.load_nest_code_option_set_get_rcode_str_install_returns_default_string"/>
    <testcase time="0.00499999999999545" classname="rcode_utils" name="With_teal.load_nest_code_option_set_to_character_get_rcode_str_install_returns_option_value"/>
    <testcase time="0.0100000000000051" classname="rcode_utils" name="With_teal.load_nest_code_option_set_to_character_get_rcode_str_install_returns_option_value"/>
    <testcase time="0.00600000000000023" classname="rcode_utils" name="When_teal.load_nest_code_option_is_not_character_get_rcode_str_install_silently_returns_default_string"/>
    <testcase time="0.00199999999999534" classname="rcode_utils" name="When_teal.load_nest_code_option_is_not_character_get_rcode_str_install_silently_returns_default_string"/>
    <testcase time="0.139000000000003" classname="rcode_utils" name="get_rcode_libraries_returns_current_session_packages"/>
    <testcase time="0.0339999999999989" classname="rcode_utils" name="get_datasets_code_returns_code_only_for_specified_datanames"/>
  </testsuite>
  <testsuite name="report_previewer_module" timestamp="2024-07-04T08:45:11Z" hostname="d066bb19ddb0" tests="5" skipped="0" failures="0" errors="0" time="0.119">
    <testcase time="0.0459999999999994" classname="report_previewer_module" name="report_previewer_module_throws_error_if_label_is_not_string"/>
    <testcase time="0.0240000000000009" classname="report_previewer_module" name="report_previewer_module_throws_error_if_label_is_not_string"/>
    <testcase time="0.0240000000000009" classname="report_previewer_module" name="report_previewer_module_throws_no_error_and_stores_label_if_label_is_string"/>
    <testcase time="0.00200000000000244" classname="report_previewer_module" name="report_previewer_module_throws_no_error_and_stores_label_if_label_is_string"/>
    <testcase time="0.0229999999999961" classname="report_previewer_module" name="report_previewer_module_default_label_is_Report_previewer_"/>
  </testsuite>
  <testsuite name="shinytest2-filter_panel" timestamp="2024-07-04T08:45:11Z" hostname="d066bb19ddb0" tests="5" skipped="0" failures="0" errors="0" time="109.107">
    <testcase time="46.956" classname="shinytest2_filter_panel" name="e2e_module_content_is_updated_when_a_data_is_filtered_in_filter_panel"/>
    <testcase time="32.273" classname="shinytest2_filter_panel" name="e2e_filtering_a_module_specific_filter_is_refected_in_other_shared_module"/>
    <testcase time="4.574" classname="shinytest2_filter_panel" name="e2e_filtering_a_module_specific_filter_is_refected_in_other_shared_module"/>
    <testcase time="21.202" classname="shinytest2_filter_panel" name="e2e_filtering_a_module_specific_filter_is_not_refected_in_other_unshared_modules"/>
    <testcase time="4.102" classname="shinytest2_filter_panel" name="e2e_filtering_a_module_specific_filter_is_not_refected_in_other_unshared_modules"/>
  </testsuite>
  <testsuite name="shinytest2-init" timestamp="2024-07-04T08:47:00Z" hostname="d066bb19ddb0" tests="17" skipped="0" failures="0" errors="0" time="44.226">
    <testcase time="13.403" classname="shinytest2_init" name="e2e_teal_app_initializes_with_no_errors"/>
    <testcase time="14.274" classname="shinytest2_init" name="e2e_teal_app_initializes_with_sessionInfo_modal"/>
    <testcase time="2.32100000000003" classname="shinytest2_init" name="e2e_teal_app_initializes_with_sessionInfo_modal"/>
    <testcase time="0.00699999999997658" classname="shinytest2_init" name="e2e_teal_app_initializes_with_sessionInfo_modal"/>
    <testcase time="0.00100000000000477" classname="shinytest2_init" name="e2e_teal_app_initializes_with_sessionInfo_modal"/>
    <testcase time="0.00600000000000023" classname="shinytest2_init" name="e2e_teal_app_initializes_with_sessionInfo_modal"/>
    <testcase time="0.00100000000000477" classname="shinytest2_init" name="e2e_teal_app_initializes_with_sessionInfo_modal"/>
    <testcase time="0.00499999999999545" classname="shinytest2_init" name="e2e_teal_app_initializes_with_sessionInfo_modal"/>
    <testcase time="0.00100000000000477" classname="shinytest2_init" name="e2e_teal_app_initializes_with_sessionInfo_modal"/>
    <testcase time="0.00100000000000477" classname="shinytest2_init" name="e2e_teal_app_initializes_with_sessionInfo_modal"/>
    <testcase time="0.00200000000000955" classname="shinytest2_init" name="e2e_teal_app_initializes_with_sessionInfo_modal"/>
    <testcase time="0.000999999999976353" classname="shinytest2_init" name="e2e_teal_app_initializes_with_sessionInfo_modal"/>
    <testcase time="0.00100000000000477" classname="shinytest2_init" name="e2e_teal_app_initializes_with_sessionInfo_modal"/>
    <testcase time="14.152" classname="shinytest2_init" name="e2e_init_creates_UI_containing_specified_title_favicon_header_and_footer"/>
    <testcase time="0.0339999999999918" classname="shinytest2_init" name="e2e_init_creates_UI_containing_specified_title_favicon_header_and_footer"/>
    <testcase time="0.00899999999998613" classname="shinytest2_init" name="e2e_init_creates_UI_containing_specified_title_favicon_header_and_footer"/>
    <testcase time="0.007000000000005" classname="shinytest2_init" name="e2e_init_creates_UI_containing_specified_title_favicon_header_and_footer"/>
  </testsuite>
  <testsuite name="shinytest2-landing_popup" timestamp="2024-07-04T08:47:44Z" hostname="d066bb19ddb0" tests="11" skipped="0" failures="0" errors="0" time="81.991">
    <testcase time="15.039" classname="shinytest2_landing_popup" name="e2e_teal_app_with_landing_popup_module_initializes_with_no_errors"/>
    <testcase time="15.332" classname="shinytest2_landing_popup" name="e2e_app_with_default_landing_popup_module_creates_modal_containing_a_button"/>
    <testcase time="18.685" classname="shinytest2_landing_popup" name="e2e_when_default_landing_popup_module_is_closed_it_shows_the_underlying_teal_app"/>
    <testcase time="16.042" classname="shinytest2_landing_popup" name="e2e_app_with_customized_landing_popup_module_creates_modal_containing_specified_title_content_and_buttons"/>
    <testcase time="0.00499999999999545" classname="shinytest2_landing_popup" name="e2e_app_with_customized_landing_popup_module_creates_modal_containing_specified_title_content_and_buttons"/>
    <testcase time="0.00399999999999068" classname="shinytest2_landing_popup" name="e2e_app_with_customized_landing_popup_module_creates_modal_containing_specified_title_content_and_buttons"/>
    <testcase time="0.0040000000000191" classname="shinytest2_landing_popup" name="e2e_app_with_customized_landing_popup_module_creates_modal_containing_specified_title_content_and_buttons"/>
    <testcase time="0.0129999999999768" classname="shinytest2_landing_popup" name="e2e_app_with_customized_landing_popup_module_creates_modal_containing_specified_title_content_and_buttons"/>
    <testcase time="0.00500000000002387" classname="shinytest2_landing_popup" name="e2e_app_with_customized_landing_popup_module_creates_modal_containing_specified_title_content_and_buttons"/>
    <testcase time="0.00999999999999091" classname="shinytest2_landing_popup" name="e2e_app_with_customized_landing_popup_module_creates_modal_containing_specified_title_content_and_buttons"/>
    <testcase time="16.852" classname="shinytest2_landing_popup" name="e2e_when_customized_button_in_landing_popup_module_is_clicked_it_redirects_to_a_certain_page"/>
  </testsuite>
  <testsuite name="shinytest2-module_bookmark_manager" timestamp="2024-07-04T08:49:06Z" hostname="d066bb19ddb0" tests="4" skipped="0" failures="0" errors="0" time="99.96">
    <testcase time="23.383" classname="shinytest2_module_bookmark_manager" name="bookmark_manager_button_is_not_rendered_by_default"/>
    <testcase time="24.061" classname="shinytest2_module_bookmark_manager" name="bookmark_manager_button_is_not_rendered_when_enableBookmarking_url_"/>
    <testcase time="24.919" classname="shinytest2_module_bookmark_manager" name="bookmark_manager_button_is_rendered_when_enableBookmarking_server_"/>
    <testcase time="27.597" classname="shinytest2_module_bookmark_manager" name="bookmark_manager_button_shows_modal_with_url_containing_state_id_when_clicked"/>
  </testsuite>
  <testsuite name="shinytest2-modules" timestamp="2024-07-04T08:50:46Z" hostname="d066bb19ddb0" tests="6" skipped="0" failures="0" errors="0" time="104.224">
    <testcase time="19.103" classname="shinytest2_modules" name="e2e_the_module_server_logic_is_only_triggered_when_the_teal_module_becomes_active"/>
    <testcase time="0.728000000000009" classname="shinytest2_modules" name="e2e_the_module_server_logic_is_only_triggered_when_the_teal_module_becomes_active"/>
    <testcase time="21.373" classname="shinytest2_modules" name="e2e_filter_panel_only_shows_the_data_supplied_using_datanames"/>
    <testcase time="21.729" classname="shinytest2_modules" name="e2e_filter_panel_shows_all_the_datasets_when_datanames_is_all"/>
    <testcase time="20.089" classname="shinytest2_modules" name="e2e_filter_panel_is_not_displayed_when_datanames_is_NULL"/>
    <testcase time="21.2020000000001" classname="shinytest2_modules" name="e2e_all_the_nested_teal_modules_are_initiated_as_expected"/>
  </testsuite>
  <testsuite name="shinytest2-reporter" timestamp="2024-07-04T08:52:31Z" hostname="d066bb19ddb0" tests="4" skipped="0" failures="0" errors="0" time="96.706">
    <testcase time="21.613" classname="shinytest2_reporter" name="e2e_reporter_tab_is_created_when_a_module_has_reporter"/>
    <testcase time="21.582" classname="shinytest2_reporter" name="e2e_reporter_tab_is_not_created_when_a_module_has_no_reporter"/>
    <testcase time="53.5029999999999" classname="shinytest2_reporter" name="e2e_adding_a_report_card_in_a_module_adds_it_in_the_report_previewer_tab"/>
    <testcase time="0.0080000000000382" classname="shinytest2_reporter" name="e2e_adding_a_report_card_in_a_module_adds_it_in_the_report_previewer_tab"/>
  </testsuite>
  <testsuite name="shinytest2-show-rcode" timestamp="2024-07-04T08:54:07Z" hostname="d066bb19ddb0" tests="9" skipped="0" failures="0" errors="0" time="24.829">
    <testcase time="22.4970000000001" classname="shinytest2_show_rcode" name="e2e_teal_app_initializes_with_Show_R_Code_modal"/>
    <testcase time="2.3119999999999" classname="shinytest2_show_rcode" name="e2e_teal_app_initializes_with_Show_R_Code_modal"/>
    <testcase time="0.0040000000000191" classname="shinytest2_show_rcode" name="e2e_teal_app_initializes_with_Show_R_Code_modal"/>
    <testcase time="0.00200000000006639" classname="shinytest2_show_rcode" name="e2e_teal_app_initializes_with_Show_R_Code_modal"/>
    <testcase time="0.00399999999990541" classname="shinytest2_show_rcode" name="e2e_teal_app_initializes_with_Show_R_Code_modal"/>
    <testcase time="0.0040000000000191" classname="shinytest2_show_rcode" name="e2e_teal_app_initializes_with_Show_R_Code_modal"/>
    <testcase time="0.0040000000000191" classname="shinytest2_show_rcode" name="e2e_teal_app_initializes_with_Show_R_Code_modal"/>
    <testcase time="0.000999999999976353" classname="shinytest2_show_rcode" name="e2e_teal_app_initializes_with_Show_R_Code_modal"/>
    <testcase time="0.00100000000009004" classname="shinytest2_show_rcode" name="e2e_teal_app_initializes_with_Show_R_Code_modal"/>
  </testsuite>
  <testsuite name="shinytest2-teal_data_module" timestamp="2024-07-04T08:54:33Z" hostname="d066bb19ddb0" tests="4" skipped="0" failures="0" errors="0" time="90.734">
    <testcase time="32.001" classname="shinytest2_teal_data_module" name="e2e_teal_data_module_will_have_a_delayed_load_of_datasets"/>
    <testcase time="26.106" classname="shinytest2_teal_data_module" name="e2e_teal_data_module_shows_validation_errors"/>
    <testcase time="28.471" classname="shinytest2_teal_data_module" name="e2e_teal_data_module_inputs_change_teal_data_object_that_is_passed_to_teal_main_UI"/>
    <testcase time="4.15599999999995" classname="shinytest2_teal_data_module" name="e2e_teal_data_module_inputs_change_teal_data_object_that_is_passed_to_teal_main_UI"/>
  </testsuite>
  <testsuite name="shinytest2-teal_slices" timestamp="2024-07-04T08:56:03Z" hostname="d066bb19ddb0" tests="18" skipped="0" failures="0" errors="0" time="97.293">
    <testcase time="28.4880000000001" classname="shinytest2_teal_slices" name="e2e_teal_slices_filters_are_initialized_when_global_filters_are_created"/>
    <testcase time="3.524" classname="shinytest2_teal_slices" name="e2e_teal_slices_filters_are_initialized_when_global_filters_are_created"/>
    <testcase time="2.27199999999993" classname="shinytest2_teal_slices" name="e2e_teal_slices_filters_are_initialized_when_global_filters_are_created"/>
    <testcase time="2.27700000000004" classname="shinytest2_teal_slices" name="e2e_teal_slices_filters_are_initialized_when_global_filters_are_created"/>
    <testcase time="2.26300000000003" classname="shinytest2_teal_slices" name="e2e_teal_slices_filters_are_initialized_when_global_filters_are_created"/>
    <testcase time="2.27599999999995" classname="shinytest2_teal_slices" name="e2e_teal_slices_filters_are_initialized_when_global_filters_are_created"/>
    <testcase time="28.9160000000001" classname="shinytest2_teal_slices" name="e2e_teal_slices_filters_are_initialized_when_module_specific_filters_are_created"/>
    <testcase time="3.81999999999994" classname="shinytest2_teal_slices" name="e2e_teal_slices_filters_are_initialized_when_module_specific_filters_are_created"/>
    <testcase time="2.15999999999997" classname="shinytest2_teal_slices" name="e2e_teal_slices_filters_are_initialized_when_module_specific_filters_are_created"/>
    <testcase time="2.16000000000008" classname="shinytest2_teal_slices" name="e2e_teal_slices_filters_are_initialized_when_module_specific_filters_are_created"/>
    <testcase time="2.16999999999996" classname="shinytest2_teal_slices" name="e2e_teal_slices_filters_are_initialized_when_module_specific_filters_are_created"/>
    <testcase time="2.16399999999999" classname="shinytest2_teal_slices" name="e2e_teal_slices_filters_are_initialized_when_module_specific_filters_are_created"/>
    <testcase time="3.58900000000006" classname="shinytest2_teal_slices" name="e2e_teal_slices_filters_are_initialized_when_module_specific_filters_are_created"/>
    <testcase time="2.22799999999995" classname="shinytest2_teal_slices" name="e2e_teal_slices_filters_are_initialized_when_module_specific_filters_are_created"/>
    <testcase time="2.24000000000001" classname="shinytest2_teal_slices" name="e2e_teal_slices_filters_are_initialized_when_module_specific_filters_are_created"/>
    <testcase time="2.23599999999999" classname="shinytest2_teal_slices" name="e2e_teal_slices_filters_are_initialized_when_module_specific_filters_are_created"/>
    <testcase time="2.24000000000001" classname="shinytest2_teal_slices" name="e2e_teal_slices_filters_are_initialized_when_module_specific_filters_are_created"/>
    <testcase time="2.26999999999998" classname="shinytest2_teal_slices" name="e2e_teal_slices_filters_are_initialized_when_module_specific_filters_are_created"/>
  </testsuite>
  <testsuite name="shinytest2-utils" timestamp="2024-07-04T08:57:40Z" hostname="d066bb19ddb0" tests="4" skipped="0" failures="0" errors="0" time="28.963">
    <testcase time="26.864" classname="shinytest2_utils" name="e2e_show_hide_hamburger_works_as_expected"/>
    <testcase time="0.00300000000004275" classname="shinytest2_utils" name="e2e_show_hide_hamburger_works_as_expected"/>
    <testcase time="2.09299999999996" classname="shinytest2_utils" name="e2e_show_hide_hamburger_works_as_expected"/>
    <testcase time="0.00300000000004275" classname="shinytest2_utils" name="e2e_show_hide_hamburger_works_as_expected"/>
  </testsuite>
  <testsuite name="shinytest2-wunder_bar" timestamp="2024-07-04T08:58:09Z" hostname="d066bb19ddb0" tests="4" skipped="0" failures="0" errors="0" time="59.884">
    <testcase time="26.9689999999999" classname="shinytest2_wunder_bar" name="wunder_bar_srv_clicking_filter_icon_opens_filter_manager_modal"/>
    <testcase time="2.726" classname="shinytest2_wunder_bar" name="wunder_bar_srv_clicking_filter_icon_opens_filter_manager_modal"/>
    <testcase time="27.4450000000001" classname="shinytest2_wunder_bar" name="wunder_bar_srv_clicking_snapshot_icon_opens_snapshot_manager_modal"/>
    <testcase time="2.74400000000003" classname="shinytest2_wunder_bar" name="wunder_bar_srv_clicking_snapshot_icon_opens_snapshot_manager_modal"/>
  </testsuite>
  <testsuite name="snapshot_manager" timestamp="2024-07-04T08:59:09Z" hostname="d066bb19ddb0" tests="2" skipped="0" failures="0" errors="0" time="0.082">
    <testcase time="0.0579999999999927" classname="snapshot_manager" name="snapshot_manager_holds_initial_state_in_history"/>
    <testcase time="0.0240000000000009" classname="snapshot_manager" name="snapshot_manager_holds_initial_state_in_history"/>
  </testsuite>
  <testsuite name="tdata" timestamp="2024-07-04T08:59:09Z" hostname="d066bb19ddb0" tests="41" skipped="0" failures="0" errors="0" time="5.207">
    <testcase time="4.76499999999999" classname="tdata" name="new_tdata_accepts_reactive_and_not_reactive_MAE_and_data.frames"/>
    <testcase time="0.00699999999994816" classname="tdata" name="new_tdata_throws_error_if_data_is_not_a_list_with_unique_names"/>
    <testcase time="0.00499999999999545" classname="tdata" name="new_tdata_throws_error_if_data_is_not_a_list_with_unique_names"/>
    <testcase time="0.00600000000008549" classname="tdata" name="new_tdata_throws_error_if_data_is_not_a_list_with_unique_names"/>
    <testcase time="0.00699999999994816" classname="tdata" name="new_tdata_throws_error_if_contents_of_data_list_are_not_of_correct_type"/>
    <testcase time="0.00700000000006185" classname="tdata" name="new_tdata_throws_error_if_code_is_not_character_or_reactive_character"/>
    <testcase time="0.00699999999994816" classname="tdata" name="new_tdata_throws_error_if_code_is_not_character_or_reactive_character"/>
    <testcase time="0.00499999999999545" classname="tdata" name="new_tdata_accepts_character_and_reactive_characters_for_code_argument"/>
    <testcase time="0.0040000000000191" classname="tdata" name="new_tdata_accepts_character_and_reactive_characters_for_code_argument"/>
    <testcase time="0.0080000000000382" classname="tdata" name="new_tdata_throws_error_if_join_keys_is_not_of_class_join_keys"/>
    <testcase time="0.00799999999992451" classname="tdata" name="new_tdata_throws_no_error_if_join_keys_is_of_class_join_keys"/>
    <testcase time="0.0120000000000573" classname="tdata" name="new_tdata_throws_error_if_metadata_is_not_a_list_with_unique_names_a_subset_of_the_names_of_data"/>
    <testcase time="0.0109999999999673" classname="tdata" name="new_tdata_throws_error_if_metadata_is_not_a_list_with_unique_names_a_subset_of_the_names_of_data"/>
    <testcase time="0.00900000000001455" classname="tdata" name="new_tdata_throws_error_if_metadata_is_not_a_list_with_unique_names_a_subset_of_the_names_of_data"/>
    <testcase time="0.00999999999999091" classname="tdata" name="new_tdata_does_not_throw_error_with_valid_metadata"/>
    <testcase time="0.0120000000000573" classname="tdata" name="get_metadata_returns_NULL_if_no_metadata"/>
    <testcase time="0.00999999999999091" classname="tdata" name="get_metadata_returns_NULL_if_no_metadata_for_given_dataset"/>
    <testcase time="0.00899999999990087" classname="tdata" name="get_metadata_returns_metadata_for_given_dataset"/>
    <testcase time="0.0170000000000528" classname="tdata" name="get_metadata_returns_NULL_if_dataset_doesn_t_exist"/>
    <testcase time="0.00699999999994816" classname="tdata" name="get_code_returns_empty_character_if_tdata_object_has_no_code"/>
    <testcase time="0.0080000000000382" classname="tdata" name="get_code_returns_character_of_code_if_tdata_object_has_code"/>
    <testcase time="0.00499999999999545" classname="tdata" name="get_code_returns_character_of_code_if_tdata_object_has_code"/>
    <testcase time="0.00700000000006185" classname="tdata" name="get_code_tdata_accepts_tdata"/>
    <testcase time="0.00900000000001455" classname="tdata" name="get_code_tdata_throws_error_when_input_is_not_tdata"/>
    <testcase time="0.00699999999994816" classname="tdata" name="get_code_tdata_throws_error_when_input_is_not_tdata"/>
    <testcase time="0.00699999999994816" classname="tdata" name="get_code_tdata_returns_character_code"/>
    <testcase time="0.0460000000000491" classname="tdata" name="tdata2env_returns_environment_containing_tdata_contents_"/>
    <testcase time="0.00199999999995271" classname="tdata" name="tdata2env_returns_environment_containing_tdata_contents_"/>
    <testcase time="0.115000000000009" classname="tdata" name="tdata2env_returns_environment_containing_tdata_contents_"/>
    <testcase time="0.0080000000000382" classname="tdata" name="tdata2env_throws_error_if_argument_is_not_tdata"/>
    <testcase time="0.00699999999994816" classname="tdata" name="join_keys_returns_NULL_if_no_join_keys_object_exists_inside_tdata"/>
    <testcase time="0.00700000000006185" classname="tdata" name="join_keys_returns_join_keys_object_if_it_exists_inside_tdata"/>
    <testcase time="0.00699999999994816" classname="tdata" name="as_tdata_accepts_all_possible_inputs"/>
    <testcase time="0.00499999999999545" classname="tdata" name="as_tdata_accepts_all_possible_inputs"/>
    <testcase time="0.00700000000006185" classname="tdata" name="as_tdata_accepts_all_possible_inputs"/>
    <testcase time="0.0109999999999673" classname="tdata" name="as_tdata_always_returns_tdata_object"/>
    <testcase time="0.000999999999976353" classname="tdata" name="as_tdata_always_returns_tdata_object"/>
    <testcase time="0.00200000000006639" classname="tdata" name="as_tdata_always_returns_tdata_object"/>
    <testcase time="0.00799999999992451" classname="tdata" name="datasets_are_maintained_during_conversion"/>
    <testcase time="0.0040000000000191" classname="tdata" name="datasets_are_maintained_during_conversion"/>
    <testcase time="0.0080000000000382" classname="tdata" name="as_tdata_maintains_code_during_conversion"/>
  </testsuite>
  <testsuite name="teal_data_module-eval_code" timestamp="2024-07-04T08:59:14Z" hostname="d066bb19ddb0" tests="16" skipped="0" failures="0" errors="0" time="0.1">
    <testcase time="0.00599999999997181" classname="teal_data_module_eval_code" name="within.teal_data_module_returns_an_object_with_teal_data_module_class"/>
    <testcase time="0.0040000000000191" classname="teal_data_module_eval_code" name="eval_code.teal_data_module_ui_has_modified_namespace_for_id"/>
    <testcase time="0.000999999999976353" classname="teal_data_module_eval_code" name="eval_code.teal_data_module_ui_has_modified_namespace_for_id"/>
    <testcase time="0.000999999999976353" classname="teal_data_module_eval_code" name="eval_code.teal_data_module_ui_has_modified_namespace_for_id"/>
    <testcase time="0.01400000000001" classname="teal_data_module_eval_code" name="within.teal_data_module_modifies_the_reactive_tea_data_object"/>
    <testcase time="0.00100000000009004" classname="teal_data_module_eval_code" name="within.teal_data_module_modifies_the_reactive_tea_data_object"/>
    <testcase time="0.0149999999999864" classname="teal_data_module_eval_code" name="eval_code.teal_data_module_will_execute_several_times_until_error"/>
    <testcase time="0.000999999999976353" classname="teal_data_module_eval_code" name="eval_code.teal_data_module_will_execute_several_times_until_error"/>
    <testcase time="0.00199999999995271" classname="teal_data_module_eval_code" name="eval_code.teal_data_module_will_execute_several_times_until_error"/>
    <testcase time="0.0130000000000337" classname="teal_data_module_eval_code" name="eval_code.teal_data_module_throws_error_when_original_teal_data_module_result_is_not_reactive"/>
    <testcase time="0.0130000000000337" classname="teal_data_module_eval_code" name="eval_code.teal_data_module_propagates_qenv_error_from_the_original_first_call"/>
    <testcase time="0.000999999999976353" classname="teal_data_module_eval_code" name="eval_code.teal_data_module_propagates_qenv_error_from_the_original_first_call"/>
    <testcase time="0.0109999999999673" classname="teal_data_module_eval_code" name="eval_code.teal_data_module_handles_an_arbitrary_object_other_than_teal_data_or_qenv.error_"/>
    <testcase time="0.00200000000006639" classname="teal_data_module_eval_code" name="eval_code.teal_data_module_handles_an_arbitrary_object_other_than_teal_data_or_qenv.error_"/>
    <testcase time="0.01299999999992" classname="teal_data_module_eval_code" name="eval_code.teal_data_module_handles_a_NULL_result"/>
    <testcase time="0.00200000000006639" classname="teal_data_module_eval_code" name="eval_code.teal_data_module_handles_a_NULL_result"/>
  </testsuite>
  <testsuite name="teal_data_module" timestamp="2024-07-04T08:59:14Z" hostname="d066bb19ddb0" tests="3" skipped="0" failures="0" errors="0" time="0.019">
    <testcase time="0.00599999999997181" classname="teal_data_module" name="teal_data_module_returns_teal_data_module"/>
    <testcase time="0.00599999999997181" classname="teal_data_module" name="teal_data_module_throws_when_ui_has_other_formals_than_id_only"/>
    <testcase time="0.00700000000006185" classname="teal_data_module" name="teal_data_module_throws_when_server_has_other_formals_than_id_only"/>
  </testsuite>
  <testsuite name="teal_reporter" timestamp="2024-07-04T08:59:14Z" hostname="d066bb19ddb0" tests="25" skipped="0" failures="0" errors="0" time="0.129">
    <testcase time="0.00900000000001455" classname="teal_reporter" name="TealReportCard_object_can_be_initialized"/>
    <testcase time="0.00499999999999545" classname="teal_reporter" name="TealReportCard_inherits_from_ReportCard"/>
    <testcase time="0.00399999999990541" classname="teal_reporter" name="TealReportCard_new_returns_an_object_of_type_TealReportCard"/>
    <testcase time="0.0100000000001046" classname="teal_reporter" name="TealReportCard_get_content_returns_content_with_metadata"/>
    <testcase time="0.000999999999976353" classname="teal_reporter" name="TealReportCard_get_content_returns_content_with_metadata"/>
    <testcase time="0.000999999999976353" classname="teal_reporter" name="TealReportCard_get_content_returns_content_with_metadata"/>
    <testcase time="0.000999999999976353" classname="teal_reporter" name="TealReportCard_get_content_returns_content_with_metadata"/>
    <testcase time="0.000999999999976353" classname="teal_reporter" name="TealReportCard_get_content_returns_content_with_metadata"/>
    <testcase time="0.0040000000000191" classname="teal_reporter" name="TealReportCard_append_src_accepts_a_character"/>
    <testcase time="0.0040000000000191" classname="teal_reporter" name="TealReportCard_append_src_returns_self"/>
    <testcase time="0.0040000000000191" classname="teal_reporter" name="TealReportCard_append_src_returns_title_and_content"/>
    <testcase time="0.0040000000000191" classname="teal_reporter" name="TealReportCard_append_encodings_accepts_list_of_character"/>
    <testcase time="0.0040000000000191" classname="teal_reporter" name="TealReportCard_append_encodings_returns_self"/>
    <testcase time="0.00399999999990541" classname="teal_reporter" name="TealReportCard_append_encodings_returns_title_and_content"/>
    <testcase time="0.00100000000009004" classname="teal_reporter" name="TealReportCard_append_encodings_returns_title_and_content"/>
    <testcase time="0.00699999999994816" classname="teal_reporter" name="TealReportCard_append_fs_accepts_only_a_teal_slices"/>
    <testcase time="0.00699999999994816" classname="teal_reporter" name="TealReportCard_append_fs_accepts_only_a_teal_slices"/>
    <testcase time="0.00700000000006185" classname="teal_reporter" name="TealReportCard_append_fs_returns_self"/>
    <testcase time="0.0080000000000382" classname="teal_reporter" name="TealReportCard_append_fs_returns_title_and_content"/>
    <testcase time="0.00299999999992906" classname="teal_reporter" name="TealReportCard_append_fs_returns_title_and_content"/>
    <testcase time="0.00599999999997181" classname="teal_reporter" name="TealSlicesBlock_new_accepts_teal_slices_only"/>
    <testcase time="0.00600000000008549" classname="teal_reporter" name="TealSlicesBlock_new_accepts_teal_slices_only"/>
    <testcase time="0.00900000000001455" classname="teal_reporter" name="TealSlicesBlock_get_content_returns_yaml_character"/>
    <testcase time="0.00899999999990087" classname="teal_reporter" name="TealSlicesBlock_to_list_returns_list_containing_teal_slices"/>
    <testcase time="0.0100000000001046" classname="teal_reporter" name="TealSlicesBlock_from_list_retains_states_from_a_list"/>
  </testsuite>
  <testsuite name="teal_slices-store" timestamp="2024-07-04T08:59:14Z" hostname="d066bb19ddb0" tests="15" skipped="0" failures="0" errors="0" time="0.723">
    <testcase time="0.622999999999934" classname="teal_slices_store" name="teal_slice_store_restore_supports_NULL_and_character_0_for_choices_and_selected"/>
    <testcase time="0.0040000000000191" classname="teal_slices_store" name="teal_slice_store_restore_supports_NULL_and_character_0_for_choices_and_selected"/>
    <testcase time="0.0040000000000191" classname="teal_slices_store" name="teal_slice_store_restore_supports_NULL_and_character_0_for_choices_and_selected"/>
    <testcase time="0.0119999999999436" classname="teal_slices_store" name="teal_slice_store_restore_supports_saving_POSIXct_timestamps_in_selected"/>
    <testcase time="0.00300000000004275" classname="teal_slices_store" name="teal_slice_store_restore_supports_saving_POSIXct_timestamps_in_selected"/>
    <testcase time="0.0119999999999436" classname="teal_slices_store" name="teal_slice_store_restore_supports_saving_Date_dates_in_selected"/>
    <testcase time="0.0040000000000191" classname="teal_slices_store" name="teal_slice_store_restore_supports_saving_Date_dates_in_selected"/>
    <testcase time="0.0120000000000573" classname="teal_slices_store" name="teal_slice_store_restore_supports_saving_POSIXct_timestamps_in_choices"/>
    <testcase time="0.00299999999992906" classname="teal_slices_store" name="teal_slice_store_restore_supports_saving_POSIXct_timestamps_in_choices"/>
    <testcase time="0.0120000000000573" classname="teal_slices_store" name="teal_slice_store_restore_supports_saving_Date_timestamps_in_choices"/>
    <testcase time="0.00299999999992906" classname="teal_slices_store" name="teal_slice_store_restore_supports_saving_Date_timestamps_in_choices"/>
    <testcase time="0.0130000000000337" classname="teal_slices_store" name="teal_slice_store_restore_restores_mixed_Date_characters_as_characters_in_selected"/>
    <testcase time="0.0130000000000337" classname="teal_slices_store" name="teal_slice_store_restore_restores_characters_as_characters_in_selected_and_choices"/>
    <testcase time="0.00199999999995271" classname="teal_slices_store" name="teal_slice_store_restore_restores_characters_as_characters_in_selected_and_choices"/>
    <testcase time="0.00300000000004275" classname="teal_slices_store" name="teal_slice_store_restore_restores_characters_as_characters_in_selected_and_choices"/>
  </testsuite>
  <testsuite name="teal_slices" timestamp="2024-07-04T08:59:15Z" hostname="d066bb19ddb0" tests="18" skipped="0" failures="0" errors="0" time="0.102">
    <testcase time="0.00599999999997181" classname="teal_slices" name="teal_slices_produces_teal_slices_object_with_teal_specific_attributes"/>
    <testcase time="0.00100000000009004" classname="teal_slices" name="teal_slices_produces_teal_slices_object_with_teal_specific_attributes"/>
    <testcase time="0.00199999999995271" classname="teal_slices" name="teal_slices_produces_teal_slices_object_with_teal_specific_attributes"/>
    <testcase time="0.000999999999976353" classname="teal_slices" name="teal_slices_produces_teal_slices_object_with_teal_specific_attributes"/>
    <testcase time="0.00599999999997181" classname="teal_slices" name="teal_slices_fails_when_inexisting_teal_slice_id_is_specified_in_mapping"/>
    <testcase time="0.00700000000006185" classname="teal_slices" name="teal_slices_fails_when_inexisting_teal_slice_id_is_specified_in_mapping"/>
    <testcase time="0.00699999999994816" classname="teal_slices" name="teal_slices_processes_filter_mapping"/>
    <testcase time="0.00700000000006185" classname="teal_slices" name="teal_slices_processes_filter_mapping"/>
    <testcase time="0.0119999999999436" classname="teal_slices" name="teal_slices_drops_non_global_filters_if_module_specific_FALSE"/>
    <testcase time="0.0080000000000382" classname="teal_slices" name="teal_slices_drops_non_global_filters_if_module_specific_FALSE"/>
    <testcase time="0.0119999999999436" classname="teal_slices" name="deep_copy_filters_copies_teal_slice_changes_pointer_of_teal_slice_object_but_values_remain_the_same"/>
    <testcase time="0.0040000000000191" classname="teal_slices" name="deep_copy_filters_copies_teal_slice_changes_pointer_of_teal_slice_object_but_values_remain_the_same"/>
    <testcase time="0.00499999999999545" classname="teal_slices" name="teal_slices_mapping_should_be_an_empty_list_or_a_named_list_or_missing"/>
    <testcase time="0.0040000000000191" classname="teal_slices" name="teal_slices_mapping_should_be_an_empty_list_or_a_named_list_or_missing"/>
    <testcase time="0.0040000000000191" classname="teal_slices" name="teal_slices_mapping_should_be_an_empty_list_or_a_named_list_or_missing"/>
    <testcase time="0.00499999999999545" classname="teal_slices" name="teal_slices_mapping_should_be_an_empty_list_or_a_named_list_or_missing"/>
    <testcase time="0.00599999999997181" classname="teal_slices" name="teal_slices_mapping_should_be_an_empty_list_or_a_named_list_or_missing"/>
    <testcase time="0.00499999999999545" classname="teal_slices" name="teal_slices_mapping_should_be_an_empty_list_or_a_named_list_or_missing"/>
  </testsuite>
  <testsuite name="utils" timestamp="2024-07-04T08:59:15Z" hostname="d066bb19ddb0" tests="35" skipped="0" failures="0" errors="0" time="0.363">
    <testcase time="0.0080000000000382" classname="utils" name="get_teal_bs_theme"/>
    <testcase time="0.0199999999999818" classname="utils" name="get_teal_bs_theme"/>
    <testcase time="0.000999999999976353" classname="utils" name="get_teal_bs_theme"/>
    <testcase time="0.00100000000009004" classname="utils" name="get_teal_bs_theme"/>
    <testcase time="0.0109999999999673" classname="utils" name="report_card_template_function_returns_TealReportCard_object_with_appropriate_content_and_labels"/>
    <testcase time="0.000999999999976353" classname="utils" name="report_card_template_function_returns_TealReportCard_object_with_appropriate_content_and_labels"/>
    <testcase time="0.00199999999995271" classname="utils" name="report_card_template_function_returns_TealReportCard_object_with_appropriate_content_and_labels"/>
    <testcase time="0.00200000000006639" classname="utils" name="report_card_template_function_returns_TealReportCard_object_with_appropriate_content_and_labels"/>
    <testcase time="0.000999999999976353" classname="utils" name="report_card_template_function_returns_TealReportCard_object_with_appropriate_content_and_labels"/>
    <testcase time="0.000999999999976353" classname="utils" name="report_card_template_function_returns_TealReportCard_object_with_appropriate_content_and_labels"/>
    <testcase time="0.0110000000000809" classname="utils" name="teal_data_to_filtered_data_return_FilteredData_class"/>
    <testcase time="0.00399999999990541" classname="utils" name="teal_data_datanames_returns_names_of_the_env_s_objects_when_datanames_not_set"/>
    <testcase time="0.00499999999999545" classname="utils" name="teal_data_datanames_returns_datanames_which_are_set_by_teal.data_datanames"/>
    <testcase time="0.188000000000102" classname="utils" name="modules_datasets_returns_correct_structure"/>
    <testcase time="0.00499999999999545" classname="utils" name="validate_app_title_tag_works_on_validating_the_title_tag"/>
    <testcase time="0.00599999999997181" classname="utils" name="validate_app_title_tag_works_on_validating_the_title_tag"/>
    <testcase time="0.00599999999997181" classname="utils" name="validate_app_title_tag_works_on_validating_the_title_tag"/>
    <testcase time="0.00499999999999545" classname="utils" name="validate_app_title_tag_works_on_validating_the_title_tag"/>
    <testcase time="0.00600000000008549" classname="utils" name="validate_app_title_tag_works_on_validating_the_title_tag"/>
    <testcase time="0.00499999999999545" classname="utils" name="build_app_title_builts_a_valid_tag"/>
    <testcase time="0.00199999999995271" classname="utils" name="build_app_title_builts_a_valid_tag"/>
    <testcase time="0.00499999999999545" classname="utils" name="create_app_id_data_accepts_teal_data_or_teal_data_module"/>
    <testcase time="0.00200000000006639" classname="utils" name="create_app_id_data_accepts_teal_data_or_teal_data_module"/>
    <testcase time="0.00599999999997181" classname="utils" name="create_app_id_data_accepts_teal_data_or_teal_data_module"/>
    <testcase time="0.00599999999997181" classname="utils" name="create_app_id_modules_accepts_modules"/>
    <testcase time="0.00599999999997181" classname="utils" name="create_app_id_modules_accepts_modules"/>
    <testcase time="0.00499999999999545" classname="utils" name="create_app_id_returns_a_character_string"/>
    <testcase time="0.0130000000000337" classname="utils" name="create_app_id_returns_different_hash_for_different_data"/>
    <testcase time="0.0120000000000573" classname="utils" name="create_app_id_returns_different_hash_for_different_modules"/>
    <testcase time="0.00399999999990541" classname="utils" name="defunction_returns_a_string_when_passed_a_function"/>
    <testcase time="0.0040000000000191" classname="utils" name="defunction_returns_non_function_atomic_as_is"/>
    <testcase time="0.00200000000006639" classname="utils" name="defunction_returns_non_function_atomic_as_is"/>
    <testcase time="0.000999999999976353" classname="utils" name="defunction_returns_non_function_atomic_as_is"/>
    <testcase time="0.00199999999995271" classname="utils" name="defunction_returns_non_function_atomic_as_is"/>
    <testcase time="0.0040000000000191" classname="utils" name="defunction_recursively_goes_down_a_list"/>
  </testsuite>
  <testsuite name="validate_has_data" timestamp="2024-07-04T08:59:16Z" hostname="d066bb19ddb0" tests="17" skipped="0" failures="0" errors="0" time="0.11">
    <testcase time="0.0080000000000382" classname="validate_has_data" name="validate_has_data_throws_no_error_when_data_has_at_least_as_many_rows_as_min_nrow"/>
    <testcase time="0.00199999999995271" classname="validate_has_data" name="validate_has_data_throws_no_error_when_data_has_at_least_as_many_rows_as_min_nrow"/>
    <testcase time="0.0080000000000382" classname="validate_has_data" name="validate_has_data_throws_error_when_min_nrow_rows_of_data"/>
    <testcase time="0.00599999999997181" classname="validate_has_data" name="validate_has_data_accepts_logical_complete_argument"/>
    <testcase time="0.00199999999995271" classname="validate_has_data" name="validate_has_data_accepts_logical_complete_argument"/>
    <testcase time="0.00900000000001455" classname="validate_has_data" name="validate_has_data_throws_error_when_data_has_NA_and_complete_is_set_to_TRUE"/>
    <testcase time="0.00499999999999545" classname="validate_has_data" name="validate_has_data_accepts_logical_allow_inf_argument"/>
    <testcase time="0.00600000000008549" classname="validate_has_data" name="validate_has_data_accepts_logical_allow_inf_argument"/>
    <testcase time="0.00899999999990087" classname="validate_has_data" name="validate_has_data_accepts_throws_error_when_data_has_Inf_values_and_allow_inf_is_set_to_FALSE"/>
    <testcase time="0.0080000000000382" classname="validate_has_data" name="validate_has_data_accepts_throws_error_when_data_has_Inf_values_and_allow_inf_is_set_to_FALSE"/>
    <testcase time="0.00599999999997181" classname="validate_has_data" name="validate_has_data_accepts_throws_error_when_data_has_Inf_values_and_allow_inf_is_set_to_FALSE"/>
    <testcase time="0.00499999999999545" classname="validate_has_data" name="validate_has_data_allow_inf_argument_ignores_non_numeric_columns"/>
    <testcase time="0.00600000000008549" classname="validate_has_data" name="validate_has_data_allow_inf_argument_ignores_non_numeric_columns"/>
    <testcase time="0.00799999999992451" classname="validate_has_data" name="validate_has_data_returns_message_when_msg_argument_is_set"/>
    <testcase time="0.00900000000001455" classname="validate_has_data" name="validate_has_data_returns_message_msg_argument_is_set_and_complete_is_set_to_TRUE"/>
    <testcase time="0.0080000000000382" classname="validate_has_data" name="validate_has_data_returns_throws_error_with_non_character_msg_input"/>
    <testcase time="0.00499999999999545" classname="validate_has_data" name="validate_has_data_returns_throws_error_with_non_character_msg_input"/>
  </testsuite>
  <testsuite name="validate_inputs" timestamp="2024-07-04T08:59:16Z" hostname="d066bb19ddb0" tests="36" skipped="0" failures="0" errors="0" time="0.565">
    <testcase time="0.0130000000000337" classname="validate_inputs" name="invalid_arguments_raise_errors"/>
    <testcase time="0.00499999999999545" classname="validate_inputs" name="invalid_arguments_raise_errors"/>
    <testcase time="0.0259999999999536" classname="validate_inputs" name="disabled_validators_raise_warnings_individual_validators_"/>
    <testcase time="0.0190000000000055" classname="validate_inputs" name="disabled_validators_raise_warnings_validator_list_"/>
    <testcase time="0.0180000000000291" classname="validate_inputs" name="disabled_validators_raise_warnings_nested_validator_list_"/>
    <testcase time="0.102999999999952" classname="validate_inputs" name="valid_inputs_produce_desired_output_individual_validators_"/>
    <testcase time="0.0249999999999773" classname="validate_inputs" name="valid_inputs_produce_desired_output_validator_list_"/>
    <testcase time="0.0210000000000719" classname="validate_inputs" name="valid_inputs_produce_desired_output_nested_validator_list_"/>
    <testcase time="0.0289999999999964" classname="validate_inputs" name="invalid_inputs_raise_errors_in_output_individual_validators_"/>
    <testcase time="0.0430000000000064" classname="validate_inputs" name="invalid_inputs_raise_errors_in_output_individual_validators_"/>
    <testcase time="0.0380000000000109" classname="validate_inputs" name="invalid_inputs_raise_errors_in_output_individual_validators_"/>
    <testcase time="0.0219999999999345" classname="validate_inputs" name="invalid_inputs_raise_errors_in_output_validator_list_"/>
    <testcase time="0.0190000000000055" classname="validate_inputs" name="invalid_inputs_raise_errors_in_output_validator_list_"/>
    <testcase time="0.0199999999999818" classname="validate_inputs" name="invalid_inputs_raise_errors_in_output_validator_list_"/>
    <testcase time="0.0210000000000719" classname="validate_inputs" name="invalid_inputs_raise_errors_in_output_nested_validator_list_"/>
    <testcase time="0.0199999999999818" classname="validate_inputs" name="invalid_inputs_raise_errors_in_output_nested_validator_list_"/>
    <testcase time="0.0190000000000055" classname="validate_inputs" name="invalid_inputs_raise_errors_in_output_nested_validator_list_"/>
    <testcase time="0.0249999999999773" classname="validate_inputs" name="error_message_is_formatted_properly"/>
    <testcase time="0.00699999999994816" classname="validate_inputs" name="error_message_is_formatted_properly"/>
    <testcase time="0.00600000000008549" classname="validate_inputs" name="error_message_is_formatted_properly"/>
    <testcase time="0.00599999999997181" classname="validate_inputs" name="error_message_is_formatted_properly"/>
    <testcase time="0.00599999999997181" classname="validate_inputs" name="error_message_is_formatted_properly"/>
    <testcase time="0.00200000000006639" classname="validate_inputs" name="error_message_is_formatted_properly"/>
    <testcase time="0.00199999999995271" classname="validate_inputs" name="error_message_is_formatted_properly"/>
    <testcase time="0.00199999999995271" classname="validate_inputs" name="error_message_is_formatted_properly"/>
    <testcase time="0.00200000000006639" classname="validate_inputs" name="error_message_is_formatted_properly"/>
    <testcase time="0.00199999999995271" classname="validate_inputs" name="error_message_is_formatted_properly"/>
    <testcase time="0.00200000000006639" classname="validate_inputs" name="error_message_is_formatted_properly"/>
    <testcase time="0.00199999999995271" classname="validate_inputs" name="error_message_is_formatted_properly"/>
    <testcase time="0.00200000000006639" classname="validate_inputs" name="error_message_is_formatted_properly"/>
    <testcase time="0.00199999999995271" classname="validate_inputs" name="error_message_is_formatted_properly"/>
    <testcase time="0.00300000000004275" classname="validate_inputs" name="error_message_is_formatted_properly"/>
    <testcase time="0.00199999999995271" classname="validate_inputs" name="error_message_is_formatted_properly"/>
    <testcase time="0.0240000000000009" classname="validate_inputs" name="different_validation_modes_produce_proper_messages"/>
    <testcase time="0.0040000000000191" classname="validate_inputs" name="different_validation_modes_produce_proper_messages"/>
    <testcase time="0.00299999999992906" classname="validate_inputs" name="different_validation_modes_produce_proper_messages"/>
  </testsuite>
</testsuites>
