<?xml version="1.0" encoding="UTF-8"?>
<testsuites>
  <testsuite name="filter_manager" timestamp="2024-07-15T11:47:09Z" hostname="5b8157ae1211" tests="16" skipped="0" failures="0" errors="0" time="1.142">
    <testcase time="0.39" classname="filter_manager" name="srv_filter_manager_returns_table_containing_info_about_all_slices_active_inactive_unavailable_for_each_module"/>
    <testcase time="0.259" classname="filter_manager" name="srv_filter_manager_returns_table_containing_single_column_global_filters_when_module_specific"/>
    <testcase time="0.028" classname="filter_manager" name="srv_module_filter_manager_on_init_slices_global_are_mapped_to_module_s_FilteredData"/>
    <testcase time="0.00499999999999989" classname="filter_manager" name="srv_module_filter_manager_on_init_slices_global_are_mapped_to_module_s_FilteredData"/>
    <testcase time="0.0490000000000002" classname="filter_manager" name="srv_module_filter_manager_on_init_slices_global_are_mapped_to_module_s_FilteredData"/>
    <testcase time="0.0249999999999999" classname="filter_manager" name="srv_module_filter_manager_on_init_available_filters_are_set_to_the_module_s_FilteredData"/>
    <testcase time="0.036" classname="filter_manager" name="srv_module_filter_manager_on_init_available_filters_are_set_to_the_module_s_FilteredData"/>
    <testcase time="0.0229999999999999" classname="filter_manager" name="srv_module_filter_manager_on_init_sets_session_userData_module_slices_api"/>
    <testcase time="0.0290000000000001" classname="filter_manager" name="srv_module_filter_manager_on_init_sets_session_userData_module_slices_api"/>
    <testcase time="0.0409999999999999" classname="filter_manager" name="srv_module_filter_manager_filter_set_in_the_module_is_added_to_slices_global_with_module_s_mapping"/>
    <testcase time="0.0600000000000001" classname="filter_manager" name="srv_module_filter_manager_filter_set_in_the_module_is_added_to_slices_global_with_module_s_mapping"/>
    <testcase time="0.002" classname="filter_manager" name="srv_module_filter_manager_filter_set_in_the_module_is_added_to_slices_global_with_module_s_mapping"/>
    <testcase time="0.0569999999999999" classname="filter_manager" name="srv_module_filter_manager_filter_removed_in_the_module_makes_changes_in_module_s_mapping"/>
    <testcase time="0.052" classname="filter_manager" name="srv_module_filter_manager_changing_state_of_active_filter_is_reflected_in_slices_global"/>
    <testcase time="0.048" classname="filter_manager" name="srv_module_filter_manager_changing_slices_global_directly_resets_module_s_FilteredData"/>
    <testcase time="0.0379999999999998" classname="filter_manager" name="srv_module_filter_manager_changing_slices_global_directly_resets_module_s_FilteredData"/>
  </testsuite>
  <testsuite name="init" timestamp="2024-07-15T11:47:10Z" hostname="5b8157ae1211" tests="10" skipped="0" failures="0" errors="0" time="0.384">
    <testcase time="0.0860000000000001" classname="init" name="init_data_accepts_teal_data_object"/>
    <testcase time="0.0389999999999999" classname="init" name="init_data_accepts_teal_data_module"/>
    <testcase time="0.036" classname="init" name="init_modules_accepts_a_teal_modules_object"/>
    <testcase time="0.0330000000000001" classname="init" name="init_modules_accepts_a_list_of_teal_module_elements"/>
    <testcase time="0.0329999999999999" classname="init" name="init_modules_accepts_a_teal_module_object"/>
    <testcase time="0.0350000000000001" classname="init" name="init_filter_accepts_teal_slices_"/>
    <testcase time="0.00800000000000001" classname="init" name="init_filter_accepts_teal_slices_"/>
    <testcase time="0.0389999999999997" classname="init" name="init_throws_when_an_empty_data_is_used"/>
    <testcase time="0.0380000000000003" classname="init" name="init_throws_when_datanames_in_modules_incompatible_w_datanames_in_data"/>
    <testcase time="0.0369999999999999" classname="init" name="init_throws_when_dataname_in_filter_incompatible_w_datanames_in_data"/>
  </testsuite>
  <testsuite name="module_data" timestamp="2024-07-15T11:47:11Z" hostname="5b8157ae1211" tests="5" skipped="0" failures="0" errors="0" time="0.15">
    <testcase time="0.0750000000000002" classname="module_data" name="srv_data_fails_when_teal_data_module_doesn_t_return_a_reactive"/>
    <testcase time="0.0190000000000001" classname="module_data" name="srv_data_data_validated_throws_original_error_with_note_to_app_user_but_module_doesn_t_fail"/>
    <testcase time="0.02" classname="module_data" name="srv_data_data_validated_throws_original_validate_with_note_to_app_user_but_module_doesn_t_fail"/>
    <testcase time="0.0149999999999997" classname="module_data" name="srv_data_data_validated_is_NULL_when_reactive_returns_silent.error"/>
    <testcase time="0.0209999999999999" classname="module_data" name="srv_data_data_validated_throws_original_validate_with_note_to_app_user_but_module_doesn_t_fail"/>
  </testsuite>
  <testsuite name="module_nested_tabs" timestamp="2024-07-15T11:47:11Z" hostname="5b8157ae1211" tests="52" skipped="0" failures="0" errors="0" time="3.388">
    <testcase time="0.0850000000000004" classname="module_nested_tabs" name="srv_teal_module_accepts_data_being_a_reactive"/>
    <testcase time="0.00699999999999967" classname="module_nested_tabs" name="srv_teal_module_throws_error_if_data_is_not_a_reactive"/>
    <testcase time="0.0260000000000002" classname="module_nested_tabs" name="srv_teal_module_accepts_modules_being_a_teal_modules"/>
    <testcase time="0.00699999999999967" classname="module_nested_tabs" name="srv_teal_module_throws_error_if_modules_are_not_teal_modules"/>
    <testcase time="0.0250000000000004" classname="module_nested_tabs" name="srv_teal_module_accepts_datasets_being_a_reactive"/>
    <testcase time="0.0579999999999998" classname="module_nested_tabs" name="srv_teal_module_accepts_datasets_being_a_NULL"/>
    <testcase time="0.00800000000000001" classname="module_nested_tabs" name="srv_teal_module_throws_error_if_datasets_are_not_reactive_or_null"/>
    <testcase time="0.0249999999999999" classname="module_nested_tabs" name="srv_teal_module_accepts_slices_global_being_a_reactiveVal_object"/>
    <testcase time="0.0260000000000002" classname="module_nested_tabs" name="srv_teal_module_accepts_reporter_as_a_Reporter_object"/>
    <testcase time="0.0089999999999999" classname="module_nested_tabs" name="srv_teal_module_throws_error_if_reporter_is_not_inherited_from_class_Reporter"/>
    <testcase time="0.0289999999999999" classname="module_nested_tabs" name="srv_teal_module_datasets_is_truthy_and_returns_FilteredData_only_when_data_rv_is_truthy_and_returns_teal_data"/>
    <testcase time="0.00800000000000001" classname="module_nested_tabs" name="srv_teal_module_datasets_is_truthy_and_returns_FilteredData_only_when_data_rv_is_truthy_and_returns_teal_data"/>
    <testcase time="0.0110000000000001" classname="module_nested_tabs" name="srv_teal_module_datasets_is_truthy_and_returns_FilteredData_only_when_data_rv_is_truthy_and_returns_teal_data"/>
    <testcase time="0.0089999999999999" classname="module_nested_tabs" name="srv_teal_module_datasets_is_truthy_and_returns_FilteredData_only_when_data_rv_is_truthy_and_returns_teal_data"/>
    <testcase time="0.0470000000000002" classname="module_nested_tabs" name="srv_teal_module_trigger_data_remains_NULL_when_datasets_is_not_truthy"/>
    <testcase time="0.0269999999999997" classname="module_nested_tabs" name="srv_teal_module_filtered_teal_data_is_created_only_when_trigger_data_changes_from_NULL"/>
    <testcase time="0.012" classname="module_nested_tabs" name="srv_teal_module_filtered_teal_data_is_created_only_when_trigger_data_changes_from_NULL"/>
    <testcase time="0.243" classname="module_nested_tabs" name="srv_teal_module_filtered_teal_data_is_created_only_when_trigger_data_changes_from_NULL"/>
    <testcase time="0.00199999999999978" classname="module_nested_tabs" name="srv_teal_module_filtered_teal_data_is_created_only_when_trigger_data_changes_from_NULL"/>
    <testcase time="0.139" classname="module_nested_tabs" name="srv_teal_module_data_objects_contain_datanames_modules_datanames"/>
    <testcase time="0.00099999999999989" classname="module_nested_tabs" name="srv_teal_module_data_objects_contain_datanames_modules_datanames"/>
    <testcase time="0.00199999999999978" classname="module_nested_tabs" name="srv_teal_module_data_objects_contain_datanames_modules_datanames"/>
    <testcase time="0.00100000000000033" classname="module_nested_tabs" name="srv_teal_module_data_objects_contain_datanames_modules_datanames"/>
    <testcase time="0.196" classname="module_nested_tabs" name="srv_teal_module_data_code_contains_proprocessing_hashes_and_raw_data_when_data_unfiltered"/>
    <testcase time="0.182" classname="module_nested_tabs" name="srv_teal_module_active_datanames_is_resolved_when_modules_datanames_all_or_NULL"/>
    <testcase time="0.00200000000000022" classname="module_nested_tabs" name="srv_teal_module_active_datanames_is_resolved_when_modules_datanames_all_or_NULL"/>
    <testcase time="0.00099999999999989" classname="module_nested_tabs" name="srv_teal_module_active_datanames_is_resolved_when_modules_datanames_all_or_NULL"/>
    <testcase time="0.00200000000000022" classname="module_nested_tabs" name="srv_teal_module_active_datanames_is_resolved_when_modules_datanames_all_or_NULL"/>
    <testcase time="0.215" classname="module_nested_tabs" name="srv_teal_module_active_datanames_is_resolved_when_modules_datanames_all_or_NULL"/>
    <testcase time="0.00199999999999978" classname="module_nested_tabs" name="srv_teal_module_active_datanames_is_resolved_when_modules_datanames_all_or_NULL"/>
    <testcase time="0.00100000000000033" classname="module_nested_tabs" name="srv_teal_module_active_datanames_is_resolved_when_modules_datanames_all_or_NULL"/>
    <testcase time="0.00199999999999978" classname="module_nested_tabs" name="srv_teal_module_active_datanames_is_resolved_when_modules_datanames_all_or_NULL"/>
    <testcase time="0.0340000000000003" classname="module_nested_tabs" name="srv_teal_module_is_called_only_once_when_trigger_data_changes._Retrigger_doesn_t_call_module"/>
    <testcase time="0.162" classname="module_nested_tabs" name="srv_teal_module_is_called_only_once_when_trigger_data_changes._Retrigger_doesn_t_call_module"/>
    <testcase time="0.00300000000000011" classname="module_nested_tabs" name="srv_teal_module_is_called_only_once_when_trigger_data_changes._Retrigger_doesn_t_call_module"/>
    <testcase time="0.0569999999999999" classname="module_nested_tabs" name="srv_teal_module_is_called_only_once_when_trigger_data_changes._Retrigger_doesn_t_call_module"/>
    <testcase time="0.085" classname="module_nested_tabs" name="modules_reactive_is_a_list_of_reactives"/>
    <testcase time="0.00199999999999978" classname="module_nested_tabs" name="modules_reactive_is_a_list_of_reactives"/>
    <testcase time="0.00100000000000033" classname="module_nested_tabs" name="modules_reactive_is_a_list_of_reactives"/>
    <testcase time="0.732" classname="module_nested_tabs" name="modules_reactive_returns_modules_according_to_selection_in_the_nested_tabs"/>
    <testcase time="0.016" classname="module_nested_tabs" name="modules_reactive_returns_modules_according_to_selection_in_the_nested_tabs"/>
    <testcase time="0.00800000000000001" classname="module_nested_tabs" name="Change_of_this_tab_returns_active_module_from_this_tab"/>
    <testcase time="0.00399999999999956" classname="module_nested_tabs" name="Change_of_this_tab_returns_active_module_from_this_tab"/>
    <testcase time="0.127" classname="module_nested_tabs" name="srv_teal_module.teal_module_does_not_pass_data_if_not_in_the_args_explicitly"/>
    <testcase time="0.268000000000001" classname="module_nested_tabs" name="srv_teal_module.teal_module_does_pass_data_if_in_the_args_explicitly"/>
    <testcase time="0.0279999999999996" classname="module_nested_tabs" name="srv_teal_module.teal_module_passes_data_to_the_server_module"/>
    <testcase time="0.00399999999999956" classname="module_nested_tabs" name="srv_teal_module.teal_module_passes_deprecated_datasets_to_the_server_module"/>
    <testcase time="0.0300000000000002" classname="module_nested_tabs" name="srv_teal_module.teal_module_passes_deprecated_datasets_to_the_server_module"/>
    <testcase time="0.0259999999999998" classname="module_nested_tabs" name="srv_teal_module.teal_module_passes_server_args_to_the_..."/>
    <testcase time="0.182" classname="module_nested_tabs" name="srv_teal_module.teal_module_doesn_t_pass_filter_panel_api_if_not_in_the_args_explicitly"/>
    <testcase time="0.181" classname="module_nested_tabs" name="srv_teal_module.teal_module_passes_filter_panel_api_when_passed_in_the_args_explicitly"/>
    <testcase time="0.0279999999999996" classname="module_nested_tabs" name="srv_teal_module.teal_module_passes_filter_panel_api_to_the_server_module"/>
  </testsuite>
  <testsuite name="module_teal" timestamp="2024-07-15T11:47:14Z" hostname="5b8157ae1211" tests="20" skipped="0" failures="0" errors="0" time="1.609">
    <testcase time="0.0580000000000007" classname="module_teal" name="srv_teal_accepts_data_to_be_teal_data"/>
    <testcase time="0.0589999999999993" classname="module_teal" name="srv_teal_accepts_data_to_be_teal_data_module_returning_reactive_teal_data"/>
    <testcase time="0.0520000000000005" classname="module_teal" name="srv_teal_accepts_data_to_a_reactive_or_reactiveVal_teal_data"/>
    <testcase time="0.0499999999999998" classname="module_teal" name="srv_teal_accepts_data_to_a_reactive_or_reactiveVal_teal_data"/>
    <testcase time="0.0229999999999997" classname="module_teal" name="srv_teal_fails_when_data_is_not_teal_data_or_teal_data_module"/>
    <testcase time="0.0270000000000001" classname="module_teal" name="srv_teal_app_fails_when_teal_data_module_doesn_t_return_a_reactive"/>
    <testcase time="0.108000000000001" classname="module_teal" name="srv_teal_data_rv_is_NULL_when_data_reactive_returns_an_error"/>
    <testcase time="0.111" classname="module_teal" name="srv_teal_data_rv_is_NULL_when_data_reactive_returns_a_validation_error"/>
    <testcase time="0.113" classname="module_teal" name="srv_teal_data_rv_is_NULL_when_data_reactive_returns_qenv.error"/>
    <testcase time="0.113" classname="module_teal" name="srv_teal_data_rv_is_NULL_some_modules_uses_datanames_unavailable_in_data"/>
    <testcase time="0.207" classname="module_teal" name="srv_teal_datasets_rv_is_set_only_when_filters_are_not_module_specific"/>
    <testcase time="0.0670000000000002" classname="module_teal" name="srv_teal_datasets_rv_is_set_only_when_filters_are_not_module_specific"/>
    <testcase time="0.0590000000000002" classname="module_teal" name="srv_teal_datasets_rv_returns_nothing_when_data_rv_is_NULL"/>
    <testcase time="0.00800000000000001" classname="module_teal" name="srv_teal_datasets_rv_returns_nothing_when_data_rv_is_NULL"/>
    <testcase time="0.271999999999999" classname="module_teal" name="srv_teal_datasets_rv_returns_FilteredData_containing_same_datanames_when_data_rv_is_not_null"/>
    <testcase time="0.00100000000000033" classname="module_teal" name="srv_teal_datasets_rv_returns_FilteredData_containing_same_datanames_when_data_rv_is_not_null"/>
    <testcase time="0.0780000000000003" classname="module_teal" name="srv_teal_slices_global_is_initialized_with_slices_specified_in_filter"/>
    <testcase time="0.000999999999999446" classname="module_teal" name="srv_teal_slices_global_is_initialized_with_slices_specified_in_filter"/>
    <testcase time="0.127000000000001" classname="module_teal" name="srv_teal_attr_slices_global_mapping_is_resolved_for_global_filters_when_module_specific"/>
    <testcase time="0.0749999999999993" classname="module_teal" name="srv_teal_attr_slices_global_mapping_is_resolved_for_global_filters_when_module_specific"/>
  </testsuite>
  <testsuite name="modules" timestamp="2024-07-15T11:47:16Z" hostname="5b8157ae1211" tests="95" skipped="0" failures="0" errors="0" time="0.397">
    <testcase time="0.00900000000000034" classname="modules" name="Calling_module_does_not_throw"/>
    <testcase time="0.00400000000000045" classname="modules" name="module_requires_label_argument_to_be_a_string_different_than_global_filters_"/>
    <testcase time="0.00499999999999989" classname="modules" name="module_requires_label_argument_to_be_a_string_different_than_global_filters_"/>
    <testcase time="0.0110000000000001" classname="modules" name="module_requires_label_argument_to_be_a_string_different_than_global_filters_"/>
    <testcase time="0.00499999999999989" classname="modules" name="module_requires_label_argument_to_be_a_string_different_than_global_filters_"/>
    <testcase time="0.00499999999999989" classname="modules" name="module_requires_label_argument_to_be_a_string_different_than_global_filters_"/>
    <testcase time="0.00399999999999956" classname="modules" name="module_warns_when_server_contains_datasets_argument"/>
    <testcase time="0.00400000000000045" classname="modules" name="module_expects_server_being_a_shiny_server_module_with_any_argument"/>
    <testcase time="0.00199999999999978" classname="modules" name="module_expects_server_being_a_shiny_server_module_with_any_argument"/>
    <testcase time="0.00199999999999978" classname="modules" name="module_expects_server_being_a_shiny_server_module_with_any_argument"/>
    <testcase time="0.00499999999999989" classname="modules" name="module_expects_server_being_a_shiny_server_module_with_any_argument"/>
    <testcase time="0.00500000000000078" classname="modules" name="module_expects_server_being_a_shiny_server_module_with_any_argument"/>
    <testcase time="0.00399999999999956" classname="modules" name="module_requires_server_args_argument_to_be_a_list"/>
    <testcase time="0.00100000000000033" classname="modules" name="module_requires_server_args_argument_to_be_a_list"/>
    <testcase time="0.00199999999999978" classname="modules" name="module_requires_server_args_argument_to_be_a_list"/>
    <testcase time="0.00600000000000023" classname="modules" name="module_requires_server_args_argument_to_be_a_list"/>
    <testcase time="0.00499999999999989" classname="modules" name="module_requires_server_args_argument_to_be_a_list"/>
    <testcase time="0.00300000000000011" classname="modules" name="module_expects_all_server_args_being_a_server_arguments_or_passed_through_..._"/>
    <testcase time="0.00199999999999978" classname="modules" name="module_expects_all_server_args_being_a_server_arguments_or_passed_through_..._"/>
    <testcase time="0.00499999999999989" classname="modules" name="module_expects_all_server_args_being_a_server_arguments_or_passed_through_..._"/>
    <testcase time="0.00300000000000011" classname="modules" name="module_requires_ui_args_argument_to_be_a_list"/>
    <testcase time="0.00199999999999978" classname="modules" name="module_requires_ui_args_argument_to_be_a_list"/>
    <testcase time="0.00100000000000033" classname="modules" name="module_requires_ui_args_argument_to_be_a_list"/>
    <testcase time="0.00499999999999989" classname="modules" name="module_requires_ui_args_argument_to_be_a_list"/>
    <testcase time="0.00499999999999989" classname="modules" name="module_requires_ui_args_argument_to_be_a_list"/>
    <testcase time="0.00600000000000023" classname="modules" name="module_throws_when_ui_has_data_or_datasets_argument"/>
    <testcase time="0.00499999999999989" classname="modules" name="module_throws_when_ui_has_data_or_datasets_argument"/>
    <testcase time="0.00300000000000011" classname="modules" name="module_expects_ui_being_a_shiny_ui_module_with_any_argument"/>
    <testcase time="0.00199999999999978" classname="modules" name="module_expects_ui_being_a_shiny_ui_module_with_any_argument"/>
    <testcase time="0.00399999999999956" classname="modules" name="module_expects_ui_being_a_shiny_ui_module_with_any_argument"/>
    <testcase time="0.00400000000000045" classname="modules" name="module_expects_all_ui_args_being_a_ui_arguments_or_passed_through_..._"/>
    <testcase time="0.00100000000000033" classname="modules" name="module_expects_all_ui_args_being_a_ui_arguments_or_passed_through_..._"/>
    <testcase time="0.00499999999999989" classname="modules" name="module_expects_all_ui_args_being_a_ui_arguments_or_passed_through_..._"/>
    <testcase time="0.00399999999999956" classname="modules" name="module_requires_datanames_argument_to_be_a_character_or_NULL"/>
    <testcase time="0.00100000000000033" classname="modules" name="module_requires_datanames_argument_to_be_a_character_or_NULL"/>
    <testcase time="0.00499999999999989" classname="modules" name="module_requires_datanames_argument_to_be_a_character_or_NULL"/>
    <testcase time="0.00600000000000023" classname="modules" name="module_requires_datanames_argument_to_be_a_character_or_NULL"/>
    <testcase time="0.000999999999999446" classname="modules" name="module_requires_datanames_argument_to_be_a_character_or_NULL"/>
    <testcase time="0.00400000000000045" classname="modules" name="module_returns_list_of_class_teal_module_containing_input_objects"/>
    <testcase time="0.00199999999999978" classname="modules" name="module_returns_list_of_class_teal_module_containing_input_objects"/>
    <testcase time="0.00100000000000033" classname="modules" name="module_returns_list_of_class_teal_module_containing_input_objects"/>
    <testcase time="0.000999999999999446" classname="modules" name="module_returns_list_of_class_teal_module_containing_input_objects"/>
    <testcase time="0.00200000000000067" classname="modules" name="module_returns_list_of_class_teal_module_containing_input_objects"/>
    <testcase time="0.00199999999999978" classname="modules" name="module_returns_list_of_class_teal_module_containing_input_objects"/>
    <testcase time="0.000999999999999446" classname="modules" name="module_returns_list_of_class_teal_module_containing_input_objects"/>
    <testcase time="0.00200000000000067" classname="modules" name="module_returns_list_of_class_teal_module_containing_input_objects"/>
    <testcase time="0.00800000000000001" classname="modules" name="modules_gives_error_if_no_arguments_other_than_label_are_used"/>
    <testcase time="0.00499999999999989" classname="modules" name="modules_gives_error_if_no_arguments_other_than_label_are_used"/>
    <testcase time="0.00399999999999956" classname="modules" name="modules_requires_label_argument_to_be_a_string_"/>
    <testcase time="0.00499999999999989" classname="modules" name="modules_requires_label_argument_to_be_a_string_"/>
    <testcase time="0.00600000000000023" classname="modules" name="modules_requires_label_argument_to_be_a_string_"/>
    <testcase time="0.00400000000000045" classname="modules" name="modules_accept_teal_module_in_..."/>
    <testcase time="0.00399999999999956" classname="modules" name="modules_accept_multiple_teal_module_objects_in_..."/>
    <testcase time="0.00400000000000045" classname="modules" name="modules_accept_multiple_teal_module_and_teal_modules_objects_in_..."/>
    <testcase time="0.00599999999999934" classname="modules" name="modules_does_not_accept_objects_other_than_teal_module_s_in_..."/>
    <testcase time="0.00700000000000056" classname="modules" name="modules_does_not_accept_objects_other_than_teal_module_s_in_..."/>
    <testcase time="0.00399999999999956" classname="modules" name="modules_returns_teal_modules_object_with_label_and_children_slot"/>
    <testcase time="0.00100000000000033" classname="modules" name="modules_returns_teal_modules_object_with_label_and_children_slot"/>
    <testcase time="0.00300000000000011" classname="modules" name="modules_returns_children_as_list_with_list_named_after_label_attributes"/>
    <testcase time="0.00100000000000033" classname="modules" name="modules_returns_children_as_list_with_list_named_after_label_attributes"/>
    <testcase time="0.00100000000000033" classname="modules" name="modules_returns_children_as_list_with_list_named_after_label_attributes"/>
    <testcase time="0.00699999999999967" classname="modules" name="modules_returns_useful_error_message_if_label_argument_not_explicitly_named"/>
    <testcase time="0.00399999999999956" classname="modules" name="modules_returns_children_as_list_with_unique_names_if_labels_are_duplicated"/>
    <testcase time="0.00100000000000033" classname="modules" name="modules_returns_children_as_list_with_unique_names_if_labels_are_duplicated"/>
    <testcase time="0.00100000000000033" classname="modules" name="modules_returns_children_as_list_with_unique_names_if_labels_are_duplicated"/>
    <testcase time="0.00399999999999956" classname="modules" name="modules_depth_accepts_depth_as_integer"/>
    <testcase time="0.00499999999999989" classname="modules" name="modules_depth_accepts_depth_as_integer"/>
    <testcase time="0.00400000000000045" classname="modules" name="modules_depth_returns_depth_0_by_default"/>
    <testcase time="0.00399999999999956" classname="modules" name="modules_depth_accepts_modules_to_be_teal_module_or_teal_modules"/>
    <testcase time="0.00100000000000033" classname="modules" name="modules_depth_accepts_modules_to_be_teal_module_or_teal_modules"/>
    <testcase time="0.00800000000000001" classname="modules" name="modules_depth_returns_depth_same_as_input_for_teal_module"/>
    <testcase time="0.00399999999999956" classname="modules" name="modules_depth_increases_depth_by_1_for_each_teal_modules"/>
    <testcase time="0.00200000000000067" classname="modules" name="modules_depth_increases_depth_by_1_for_each_teal_modules"/>
    <testcase time="0.00800000000000001" classname="modules" name="is_arg_used_throws_error_if_object_is_not_teal_module_or_teal_modules"/>
    <testcase time="0.00499999999999989" classname="modules" name="is_arg_used_throws_error_if_object_is_not_teal_module_or_teal_modules"/>
    <testcase time="0.00600000000000023" classname="modules" name="is_arg_used_returns_true_if_teal_module_has_given_arg_in_server_function_args"/>
    <testcase time="0.00599999999999934" classname="modules" name="is_arg_used_returns_false_if_teal_module_does_not_have_reporter_in_server_function_args"/>
    <testcase time="0.00600000000000023" classname="modules" name="is_arg_used_returns_false_if_teal_modules_has_no_children_using_given_arg_"/>
    <testcase time="0.00400000000000045" classname="modules" name="is_arg_used_returns_false_if_teal_modules_has_no_children_using_given_arg_"/>
    <testcase time="0.00499999999999989" classname="modules" name="is_arg_used_returns_true_if_teal_modules_has_at_least_one_child_using_given_arg_"/>
    <testcase time="0.00399999999999956" classname="modules" name="is_arg_used_returns_true_if_teal_modules_has_at_least_one_child_using_given_arg_"/>
    <testcase time="0.00400000000000045" classname="modules" name="is_arg_used_returns_true_if_teal_modules_has_at_least_one_child_using_given_arg_"/>
    <testcase time="0.00499999999999989" classname="modules" name="is_arg_used_returns_TRUE_FALSE_when_the_arg_is_in_function_formals"/>
    <testcase time="0.00300000000000011" classname="modules" name="is_arg_used_returns_TRUE_FALSE_when_the_arg_is_in_function_formals"/>
    <testcase time="0.00800000000000001" classname="modules" name="is_arg_used_accepts_arg_to_be_a_string_only"/>
    <testcase time="0.00399999999999956" classname="modules" name="is_arg_used_accepts_arg_to_be_a_string_only"/>
    <testcase time="0.00499999999999989" classname="modules" name="is_arg_used_accepts_arg_to_be_a_string_only"/>
    <testcase time="0.00800000000000001" classname="modules" name="append_module_throws_error_when_modules_is_not_inherited_from_teal_modules"/>
    <testcase time="0.00499999999999989" classname="modules" name="append_module_throws_error_when_modules_is_not_inherited_from_teal_modules"/>
    <testcase time="0.00700000000000056" classname="modules" name="append_module_throws_error_is_module_is_not_inherited_from_teal_module"/>
    <testcase time="0.00499999999999989" classname="modules" name="append_module_throws_error_is_module_is_not_inherited_from_teal_module"/>
    <testcase time="0.00600000000000023" classname="modules" name="append_module_appends_a_module_to_children_of_not_nested_teal_modules"/>
    <testcase time="0.00499999999999989" classname="modules" name="append_module_appends_a_module_to_children_of_nested_teal_modules"/>
    <testcase time="0.00899999999999945" classname="modules" name="append_module_produces_teal_modules_with_unique_named_children"/>
    <testcase time="0.00400000000000045" classname="modules" name="format.teal_modules_returns_proper_structure"/>
  </testsuite>
  <testsuite name="rcode_utils" timestamp="2024-07-15T11:47:16Z" hostname="5b8157ae1211" tests="7" skipped="0" failures="0" errors="0" time="0.059">
    <testcase time="0.00699999999999967" classname="rcode_utils" name="With_no_teal.load_nest_code_option_set_get_rcode_str_install_returns_default_string"/>
    <testcase time="0.00300000000000011" classname="rcode_utils" name="With_teal.load_nest_code_option_set_to_character_get_rcode_str_install_returns_option_value"/>
    <testcase time="0.00199999999999978" classname="rcode_utils" name="With_teal.load_nest_code_option_set_to_character_get_rcode_str_install_returns_option_value"/>
    <testcase time="0.00300000000000011" classname="rcode_utils" name="When_teal.load_nest_code_option_is_not_character_get_rcode_str_install_silently_returns_default_string"/>
    <testcase time="0.00199999999999978" classname="rcode_utils" name="When_teal.load_nest_code_option_is_not_character_get_rcode_str_install_silently_returns_default_string"/>
    <testcase time="0.0300000000000002" classname="rcode_utils" name="get_rcode_libraries_returns_current_session_packages"/>
    <testcase time="0.0120000000000005" classname="rcode_utils" name="get_datasets_code_returns_code_only_for_specified_datanames"/>
  </testsuite>
  <testsuite name="report_previewer_module" timestamp="2024-07-15T11:47:16Z" hostname="5b8157ae1211" tests="5" skipped="0" failures="0" errors="0" time="0.024">
    <testcase time="0.00999999999999979" classname="report_previewer_module" name="report_previewer_module_throws_error_if_label_is_not_string"/>
    <testcase time="0.00499999999999989" classname="report_previewer_module" name="report_previewer_module_throws_error_if_label_is_not_string"/>
    <testcase time="0.00499999999999989" classname="report_previewer_module" name="report_previewer_module_throws_no_error_and_stores_label_if_label_is_string"/>
    <testcase time="0.00100000000000033" classname="report_previewer_module" name="report_previewer_module_throws_no_error_and_stores_label_if_label_is_string"/>
    <testcase time="0.00300000000000011" classname="report_previewer_module" name="report_previewer_module_default_label_is_Report_previewer_"/>
  </testsuite>
  <testsuite name="shinytest2-filter_panel" timestamp="2024-07-15T11:47:16Z" hostname="5b8157ae1211" tests="3" skipped="0" failures="0" errors="3" time="14.805">
    <testcase time="4.242" classname="shinytest2_filter_panel" name="e2e_module_content_is_updated_when_a_data_is_filtered_in_filter_panel">
      <error type="error" message="Error in `app$set_active_filter_selection(&quot;iris&quot;, &quot;Species&quot;, c(&quot;setosa&quot;,  ('test-shinytest2-filter_panel.R:19:3')">Error in `app$set_active_filter_selection("iris", "Species", c("setosa", 
    "versicolor"))`: Filter selection set not supported for this slice.
Backtrace:
    ▆
 1. └─app$set_active_filter_selection(...) at test-shinytest2-filter_panel.R:19:3</error>
    </testcase>
    <testcase time="5.32" classname="shinytest2_filter_panel" name="e2e_filtering_a_module_specific_filter_is_refected_in_other_shared_module">
      <error type="error" message="Error in `app$get_active_data_filters(&quot;iris&quot;)`: Assertion on 'dataset_name' failed: Must be a subset of the empty set, i.e. also empty. ('test-shinytest2-filter_panel.R:48:3')">Error in `app$get_active_data_filters("iris")`: Assertion on 'dataset_name' failed: Must be a subset of the empty set, i.e. also empty.
Backtrace:
    ▆
 1. ├─testthat::expect_setequal(...) at test-shinytest2-filter_panel.R:48:3
 2. │ └─testthat::quasi_label(enquo(object), arg = "object")
 3. │   └─rlang::eval_bare(expr, quo_get_env(quo))
 4. └─app$get_active_data_filters("iris")
 5.   └─checkmate::assert_subset(dataset_name, datasets)
 6.     └─checkmate::makeAssertion(x, res, .var.name, add)
 7.       └─checkmate:::mstop(...)</error>
    </testcase>
    <testcase time="5.243" classname="shinytest2_filter_panel" name="e2e_filtering_a_module_specific_filter_is_not_refected_in_other_unshared_modules">
      <error type="error" message="Error in `app$get_active_data_filters(&quot;mtcars&quot;)`: Assertion on 'dataset_name' failed: Must be a subset of the empty set, i.e. also empty. ('test-shinytest2-filter_panel.R:87:3')">Error in `app$get_active_data_filters("mtcars")`: Assertion on 'dataset_name' failed: Must be a subset of the empty set, i.e. also empty.
Backtrace:
    ▆
 1. ├─testthat::expect_setequal(...) at test-shinytest2-filter_panel.R:87:3
 2. │ └─testthat::quasi_label(enquo(object), arg = "object")
 3. │   └─rlang::eval_bare(expr, quo_get_env(quo))
 4. └─app$get_active_data_filters("mtcars")
 5.   └─checkmate::assert_subset(dataset_name, datasets)
 6.     └─checkmate::makeAssertion(x, res, .var.name, add)
 7.       └─checkmate:::mstop(...)</error>
    </testcase>
  </testsuite>
  <testsuite name="shinytest2-init" timestamp="2024-07-15T11:47:31Z" hostname="5b8157ae1211" tests="17" skipped="0" failures="1" errors="0" time="11.308">
    <testcase time="2.949" classname="shinytest2_init" name="e2e_teal_app_initializes_with_no_errors">
      <failure type="failure" message="self$get_html(&quot;.shiny-output-error:not(.shiny-output-error-validation)&quot;) is not NULL ('test-shinytest2-init.R:7:3')">self$get_html(".shiny-output-error:not(.shiny-output-error-validation)") is not NULL

`actual` is a character vector ('&lt;div id="teal-teal_modules-example_module-filter_panel-panel" class="shiny-html-output shiny-bound-output shiny-output-error" aria-live="polite"&gt;unused argument (allow_add = allow_add)&lt;/div&gt;')
`expected` is NULL
Shiny error is observed
Backtrace:
    ▆
 1. └─app$expect_no_shiny_error() at test-shinytest2-init.R:7:3
 2.   └─testthat::expect_null(...)</failure>
    </testcase>
    <testcase time="3.015" classname="shinytest2_init" name="e2e_teal_app_initializes_with_sessionInfo_modal"/>
    <testcase time="2.29" classname="shinytest2_init" name="e2e_teal_app_initializes_with_sessionInfo_modal"/>
    <testcase time="0.00400000000000134" classname="shinytest2_init" name="e2e_teal_app_initializes_with_sessionInfo_modal"/>
    <testcase time="0.00100000000000122" classname="shinytest2_init" name="e2e_teal_app_initializes_with_sessionInfo_modal"/>
    <testcase time="0.00300000000000011" classname="shinytest2_init" name="e2e_teal_app_initializes_with_sessionInfo_modal"/>
    <testcase time="0.00199999999999889" classname="shinytest2_init" name="e2e_teal_app_initializes_with_sessionInfo_modal"/>
    <testcase time="0.00400000000000134" classname="shinytest2_init" name="e2e_teal_app_initializes_with_sessionInfo_modal"/>
    <testcase time="0.00100000000000122" classname="shinytest2_init" name="e2e_teal_app_initializes_with_sessionInfo_modal"/>
    <testcase time="0.000999999999997669" classname="shinytest2_init" name="e2e_teal_app_initializes_with_sessionInfo_modal"/>
    <testcase time="0.00200000000000244" classname="shinytest2_init" name="e2e_teal_app_initializes_with_sessionInfo_modal"/>
    <testcase time="0.000999999999997669" classname="shinytest2_init" name="e2e_teal_app_initializes_with_sessionInfo_modal"/>
    <testcase time="0.00100000000000122" classname="shinytest2_init" name="e2e_teal_app_initializes_with_sessionInfo_modal"/>
    <testcase time="2.985" classname="shinytest2_init" name="e2e_init_creates_UI_containing_specified_title_favicon_header_and_footer"/>
    <testcase time="0.0339999999999989" classname="shinytest2_init" name="e2e_init_creates_UI_containing_specified_title_favicon_header_and_footer"/>
    <testcase time="0.00800000000000267" classname="shinytest2_init" name="e2e_init_creates_UI_containing_specified_title_favicon_header_and_footer"/>
    <testcase time="0.0069999999999979" classname="shinytest2_init" name="e2e_init_creates_UI_containing_specified_title_favicon_header_and_footer"/>
  </testsuite>
  <testsuite name="shinytest2-landing_popup" timestamp="2024-07-15T11:47:43Z" hostname="5b8157ae1211" tests="11" skipped="0" failures="0" errors="0" time="18.366">
    <testcase time="3.157" classname="shinytest2_landing_popup" name="e2e_teal_app_with_landing_popup_module_initializes_with_no_errors"/>
    <testcase time="3.21" classname="shinytest2_landing_popup" name="e2e_app_with_default_landing_popup_module_creates_modal_containing_a_button"/>
    <testcase time="5.70999999999999" classname="shinytest2_landing_popup" name="e2e_when_default_landing_popup_module_is_closed_it_shows_the_underlying_teal_app"/>
    <testcase time="3.145" classname="shinytest2_landing_popup" name="e2e_app_with_customized_landing_popup_module_creates_modal_containing_specified_title_content_and_buttons"/>
    <testcase time="0.00399999999999778" classname="shinytest2_landing_popup" name="e2e_app_with_customized_landing_popup_module_creates_modal_containing_specified_title_content_and_buttons"/>
    <testcase time="0.00400000000000489" classname="shinytest2_landing_popup" name="e2e_app_with_customized_landing_popup_module_creates_modal_containing_specified_title_content_and_buttons"/>
    <testcase time="0.00499999999999545" classname="shinytest2_landing_popup" name="e2e_app_with_customized_landing_popup_module_creates_modal_containing_specified_title_content_and_buttons"/>
    <testcase time="0.0100000000000051" classname="shinytest2_landing_popup" name="e2e_app_with_customized_landing_popup_module_creates_modal_containing_specified_title_content_and_buttons"/>
    <testcase time="0.00499999999999545" classname="shinytest2_landing_popup" name="e2e_app_with_customized_landing_popup_module_creates_modal_containing_specified_title_content_and_buttons"/>
    <testcase time="0.00800000000000267" classname="shinytest2_landing_popup" name="e2e_app_with_customized_landing_popup_module_creates_modal_containing_specified_title_content_and_buttons"/>
    <testcase time="3.108" classname="shinytest2_landing_popup" name="e2e_when_customized_button_in_landing_popup_module_is_clicked_it_redirects_to_a_certain_page"/>
  </testsuite>
  <testsuite name="shinytest2-module_bookmark_manager" timestamp="2024-07-15T11:48:01Z" hostname="5b8157ae1211" tests="4" skipped="0" failures="0" errors="0" time="21.091">
    <testcase time="4.69600000000001" classname="shinytest2_module_bookmark_manager" name="bookmark_manager_button_is_not_rendered_by_default"/>
    <testcase time="4.685" classname="shinytest2_module_bookmark_manager" name="bookmark_manager_button_is_not_rendered_when_enableBookmarking_url_"/>
    <testcase time="4.692" classname="shinytest2_module_bookmark_manager" name="bookmark_manager_button_is_rendered_when_enableBookmarking_server_"/>
    <testcase time="7.018" classname="shinytest2_module_bookmark_manager" name="bookmark_manager_button_shows_modal_with_url_containing_state_id_when_clicked"/>
  </testsuite>
  <testsuite name="shinytest2-modules" timestamp="2024-07-15T11:48:22Z" hostname="5b8157ae1211" tests="6" skipped="0" failures="4" errors="0" time="20.149">
    <testcase time="3.05" classname="shinytest2_modules" name="e2e_the_module_server_logic_is_only_triggered_when_the_teal_module_becomes_active"/>
    <testcase time="0.608000000000004" classname="shinytest2_modules" name="e2e_the_module_server_logic_is_only_triggered_when_the_teal_module_becomes_active">
      <failure type="failure" message="length(test_exports) not equal to 2. ('test-shinytest2-modules.R:35:3')">length(test_exports) not equal to 2.
1/1 mismatches
[1] 1 - 2 == -1</failure>
    </testcase>
    <testcase time="5.117" classname="shinytest2_modules" name="e2e_filter_panel_only_shows_the_data_supplied_using_datanames">
      <failure type="failure" message="app$get_active_filter_vars() not identical to &quot;mtcars&quot;. ('test-shinytest2-modules.R:49:3')">app$get_active_filter_vars() not identical to "mtcars".
target is NULL, current is character</failure>
    </testcase>
    <testcase time="5.09699999999999" classname="shinytest2_modules" name="e2e_filter_panel_shows_all_the_datasets_when_datanames_is_all">
      <failure type="failure" message="app$get_active_filter_vars() not identical to c(&quot;iris&quot;, &quot;mtcars&quot;). ('test-shinytest2-modules.R:65:3')">app$get_active_filter_vars() not identical to c("iris", "mtcars").
target is NULL, current is character</failure>
    </testcase>
    <testcase time="3.02500000000001" classname="shinytest2_modules" name="e2e_filter_panel_is_not_displayed_when_datanames_is_NULL">
      <failure type="failure" message="... %&gt;% rvest::html_attr(&quot;style&quot;) not identical to &quot;display: none;&quot;. ('test-shinytest2-modules.R:81:3')">... %&gt;% rvest::html_attr("style") not identical to "display: none;".
1/1 mismatches
x[1]: NA
y[1]: "display: none;"</failure>
    </testcase>
    <testcase time="3.252" classname="shinytest2_modules" name="e2e_all_the_nested_teal_modules_are_initiated_as_expected"/>
  </testsuite>
  <testsuite name="shinytest2-reporter" timestamp="2024-07-15T11:48:42Z" hostname="5b8157ae1211" tests="3" skipped="0" failures="0" errors="3" time="34.836">
    <testcase time="3.137" classname="shinytest2_reporter" name="e2e_reporter_tab_is_created_when_a_module_has_reporter">
      <error type="error" message="Error in `UseMethod(&quot;read_xml&quot;)`: no applicable method for 'read_xml' applied to an object of class &quot;NULL&quot; ('test-shinytest2-reporter.R:8:3')">Error in `UseMethod("read_xml")`: no applicable method for 'read_xml' applied to an object of class "NULL"
Backtrace:
    ▆
 1. ├─... %&gt;% rvest::html_elements("a") at test-shinytest2-reporter.R:8:3
 2. ├─rvest::html_elements(., "a")
 3. └─app$get_html_rvest(selector = "#teal-main_ui-root-active_tab")
 4.   ├─rvest::read_html(self$get_html(selector))
 5.   └─xml2:::read_html.default(self$get_html(selector))
 6.     ├─base::suppressWarnings(...)
 7.     │ └─base::withCallingHandlers(...)
 8.     └─xml2::read_xml(x, encoding = encoding, ..., as_html = TRUE, options = options)</error>
    </testcase>
    <testcase time="3.063" classname="shinytest2_reporter" name="e2e_reporter_tab_is_not_created_when_a_module_has_no_reporter">
      <error type="error" message="Error in `UseMethod(&quot;read_xml&quot;)`: no applicable method for 'read_xml' applied to an object of class &quot;NULL&quot; ('test-shinytest2-reporter.R:28:3')">Error in `UseMethod("read_xml")`: no applicable method for 'read_xml' applied to an object of class "NULL"
Backtrace:
    ▆
 1. ├─... %&gt;% rvest::html_elements("a") at test-shinytest2-reporter.R:28:3
 2. ├─rvest::html_elements(., "a")
 3. └─app$get_html_rvest(selector = "#teal-main_ui-root-active_tab")
 4.   ├─rvest::read_html(self$get_html(selector))
 5.   └─xml2:::read_html.default(self$get_html(selector))
 6.     ├─base::suppressWarnings(...)
 7.     │ └─base::withCallingHandlers(...)
 8.     └─xml2::read_xml(x, encoding = encoding, ..., as_html = TRUE, options = options)</error>
    </testcase>
    <testcase time="28.636" classname="shinytest2_reporter" name="e2e_adding_a_report_card_in_a_module_adds_it_in_the_report_previewer_tab">
      <error type="error" message="Error in `app_find_node_id(self, private, input = input, output = output,  ('test-shinytest2-reporter.R:70:3')">Error in `app_find_node_id(self, private, input = input, output = output, 
    selector = selector)`: Cannot find HTML element with selector #teal-teal_modules-module_with_reporter-module-pcards .accordion-toggle
Backtrace:
    ▆
 1. └─app$click(selector = accordian_selector) at test-shinytest2-reporter.R:70:3
 2.   └─super$click(...)
 3.     └─shinytest2:::app_click(...)
 4.       └─shinytest2:::app_find_node_id(self, private, input = input, output = output, selector = selector)
 5.         └─shinytest2:::app_abort(...)
 6.           └─rlang::abort(..., app = self, call = call)</error>
    </testcase>
  </testsuite>
  <testsuite name="shinytest2-show-rcode" timestamp="2024-07-15T11:49:17Z" hostname="5b8157ae1211" tests="9" skipped="0" failures="2" errors="0" time="5.359">
    <testcase time="3.023" classname="shinytest2_show_rcode" name="e2e_teal_app_initializes_with_Show_R_Code_modal"/>
    <testcase time="2.28399999999999" classname="shinytest2_show_rcode" name="e2e_teal_app_initializes_with_Show_R_Code_modal"/>
    <testcase time="0.00399999999999068" classname="shinytest2_show_rcode" name="e2e_teal_app_initializes_with_Show_R_Code_modal"/>
    <testcase time="0.00200000000000955" classname="shinytest2_show_rcode" name="e2e_teal_app_initializes_with_Show_R_Code_modal"/>
    <testcase time="0.00399999999999068" classname="shinytest2_show_rcode" name="e2e_teal_app_initializes_with_Show_R_Code_modal"/>
    <testcase time="0.0040000000000191" classname="shinytest2_show_rcode" name="e2e_teal_app_initializes_with_Show_R_Code_modal"/>
    <testcase time="0.007000000000005" classname="shinytest2_show_rcode" name="e2e_teal_app_initializes_with_Show_R_Code_modal">
      <failure type="failure" message="`r_code` does not match &quot;# Add any code to install/load your NEST environment here&quot;. ('test-shinytest2-show-rcode.R:48:3')">`r_code` does not match "# Add any code to install/load your NEST environment here".
Actual value: "iris &lt;- iris\nmtcars &lt;- mtcars\n\nstopifnot(rlang::hash(iris) == "34844aba7bde36f5a34f6d8e39803508")\nstopifnot(rlang::hash(mtcars) == "d0487363db4e6cc64fdb740cb6617fc0")\niris_raw &lt;- iris\nmtcars_raw &lt;- mtcars"
Backtrace:
    ▆
 1. └─testthat::expect_match(...) at test-shinytest2-show-rcode.R:48:3
 2.   └─testthat:::expect_match_(...)</failure>
    </testcase>
    <testcase time="0.0169999999999959" classname="shinytest2_show_rcode" name="e2e_teal_app_initializes_with_Show_R_Code_modal">
      <failure type="failure" message="`r_code` does not match &quot;library(teal.code)&quot;. ('test-shinytest2-show-rcode.R:49:3')">`r_code` does not match "library(teal.code)".
Actual value: "iris &lt;- iris\nmtcars &lt;- mtcars\n\nstopifnot(rlang::hash(iris) == "34844aba7bde36f5a34f6d8e39803508")\nstopifnot(rlang::hash(mtcars) == "d0487363db4e6cc64fdb740cb6617fc0")\niris_raw &lt;- iris\nmtcars_raw &lt;- mtcars"
Backtrace:
    ▆
 1. └─testthat::expect_match(r_code, "library(teal.code)", fixed = TRUE) at test-shinytest2-show-rcode.R:49:3
 2.   └─testthat:::expect_match_(...)</failure>
    </testcase>
    <testcase time="0.0139999999999816" classname="shinytest2_show_rcode" name="e2e_teal_app_initializes_with_Show_R_Code_modal"/>
  </testsuite>
  <testsuite name="shinytest2-teal_data_module" timestamp="2024-07-15T11:49:22Z" hostname="5b8157ae1211" tests="3" skipped="0" failures="0" errors="3" time="8.246">
    <testcase time="2.72400000000002" classname="shinytest2_teal_data_module" name="e2e_teal_data_module_will_have_a_delayed_load_of_datasets">
      <error type="error" message="Error in `app_find_node_id(self, private, input = input, output = output,  ('test-shinytest2-teal_data_module.R:31:3')">Error in `app_find_node_id(self, private, input = input, output = output, 
    selector = selector)`: Cannot find HTML element with selector #teal_data_module-submit.shiny-bound-input
Backtrace:
    ▆
 1. └─app$click("teal_data_module-submit") at test-shinytest2-teal_data_module.R:31:3
 2.   └─super$click(...)
 3.     └─shinytest2:::app_click(...)
 4.       └─shinytest2:::app_find_node_id(self, private, input = input, output = output, selector = selector)
 5.         └─shinytest2:::app_abort(...)
 6.           └─rlang::abort(..., app = self, call = call)</error>
    </testcase>
    <testcase time="2.77099999999999" classname="shinytest2_teal_data_module" name="e2e_teal_data_module_shows_validation_errors">
      <error type="error" message="Error in `app_find_node_id(self, private, input = input, output = output,  ('test-shinytest2-teal_data_module.R:66:3')">Error in `app_find_node_id(self, private, input = input, output = output, 
    selector = selector)`: Cannot find HTML element with selector #teal_data_module-submit.shiny-bound-input
Backtrace:
    ▆
 1. └─app$click("teal_data_module-submit") at test-shinytest2-teal_data_module.R:66:3
 2.   └─super$click(...)
 3.     └─shinytest2:::app_click(...)
 4.       └─shinytest2:::app_find_node_id(self, private, input = input, output = output, selector = selector)
 5.         └─shinytest2:::app_abort(...)
 6.           └─rlang::abort(..., app = self, call = call)</error>
    </testcase>
    <testcase time="2.751" classname="shinytest2_teal_data_module" name="e2e_teal_data_module_inputs_change_teal_data_object_that_is_passed_to_teal_main_UI">
      <error type="error" message="Error in `app_find_node_id(self, private, input = input, output = output,  ('test-shinytest2-teal_data_module.R:111:3')">Error in `app_find_node_id(self, private, input = input, output = output, 
    selector = selector)`: Cannot find HTML element with selector #teal_data_module-submit.shiny-bound-input
Backtrace:
    ▆
 1. └─app$click("teal_data_module-submit") at test-shinytest2-teal_data_module.R:111:3
 2.   └─super$click(...)
 3.     └─shinytest2:::app_click(...)
 4.       └─shinytest2:::app_find_node_id(self, private, input = input, output = output, selector = selector)
 5.         └─shinytest2:::app_abort(...)
 6.           └─rlang::abort(..., app = self, call = call)</error>
    </testcase>
  </testsuite>
  <testsuite name="shinytest2-teal_slices" timestamp="2024-07-15T11:49:31Z" hostname="5b8157ae1211" tests="2" skipped="0" failures="0" errors="2" time="10.888">
    <testcase time="5.459" classname="shinytest2_teal_slices" name="e2e_teal_slices_filters_are_initialized_when_global_filters_are_created">
      <error type="error" message="Error in `app$get_active_data_filters(&quot;iris&quot;)`: Assertion on 'dataset_name' failed: Must be a subset of the empty set, i.e. also empty. ('test-shinytest2-teal_slices.R:17:3')">Error in `app$get_active_data_filters("iris")`: Assertion on 'dataset_name' failed: Must be a subset of the empty set, i.e. also empty.
Backtrace:
    ▆
 1. ├─testthat::expect_setequal(...) at test-shinytest2-teal_slices.R:17:3
 2. │ └─testthat::quasi_label(enquo(object), arg = "object")
 3. │   └─rlang::eval_bare(expr, quo_get_env(quo))
 4. └─app$get_active_data_filters("iris")
 5.   └─checkmate::assert_subset(dataset_name, datasets)
 6.     └─checkmate::makeAssertion(x, res, .var.name, add)
 7.       └─checkmate:::mstop(...)</error>
    </testcase>
    <testcase time="5.429" classname="shinytest2_teal_slices" name="e2e_teal_slices_filters_are_initialized_when_module_specific_filters_are_created">
      <error type="error" message="Error in `app$get_active_data_filters(&quot;iris&quot;)`: Assertion on 'dataset_name' failed: Must be a subset of the empty set, i.e. also empty. ('test-shinytest2-teal_slices.R:65:3')">Error in `app$get_active_data_filters("iris")`: Assertion on 'dataset_name' failed: Must be a subset of the empty set, i.e. also empty.
Backtrace:
    ▆
 1. ├─testthat::expect_setequal(...) at test-shinytest2-teal_slices.R:65:3
 2. │ └─testthat::quasi_label(enquo(object), arg = "object")
 3. │   └─rlang::eval_bare(expr, quo_get_env(quo))
 4. └─app$get_active_data_filters("iris")
 5.   └─checkmate::assert_subset(dataset_name, datasets)
 6.     └─checkmate::makeAssertion(x, res, .var.name, add)
 7.       └─checkmate:::mstop(...)</error>
    </testcase>
  </testsuite>
  <testsuite name="shinytest2-utils" timestamp="2024-07-15T11:49:42Z" hostname="5b8157ae1211" tests="4" skipped="0" failures="1" errors="0" time="5.224">
    <testcase time="3.041" classname="shinytest2_utils" name="e2e_show_hide_hamburger_works_as_expected"/>
    <testcase time="0.085000000000008" classname="shinytest2_utils" name="e2e_show_hide_hamburger_works_as_expected">
      <failure type="failure" message="grepl(&quot;display: block;&quot;, secondary_attrs$style) is not TRUE ('test-shinytest2-utils.R:21:3')">grepl("display: block;", secondary_attrs$style) is not TRUE

`actual`:   FALSE
`expected`: TRUE </failure>
    </testcase>
    <testcase time="2.096" classname="shinytest2_utils" name="e2e_show_hide_hamburger_works_as_expected"/>
    <testcase time="0.00199999999998113" classname="shinytest2_utils" name="e2e_show_hide_hamburger_works_as_expected"/>
  </testsuite>
  <testsuite name="shinytest2-wunder_bar" timestamp="2024-07-15T11:49:47Z" hostname="5b8157ae1211" tests="4" skipped="0" failures="0" errors="0" time="11.616">
    <testcase time="3.08500000000001" classname="shinytest2_wunder_bar" name="wunder_bar_srv_clicking_filter_icon_opens_filter_manager_modal"/>
    <testcase time="2.72200000000001" classname="shinytest2_wunder_bar" name="wunder_bar_srv_clicking_filter_icon_opens_filter_manager_modal"/>
    <testcase time="3.07299999999998" classname="shinytest2_wunder_bar" name="wunder_bar_srv_clicking_snapshot_icon_opens_snapshot_manager_modal"/>
    <testcase time="2.73600000000002" classname="shinytest2_wunder_bar" name="wunder_bar_srv_clicking_snapshot_icon_opens_snapshot_manager_modal"/>
  </testsuite>
  <testsuite name="snapshot_manager" timestamp="2024-07-15T11:49:58Z" hostname="5b8157ae1211" tests="1" skipped="0" failures="0" errors="1" time="0.034">
    <testcase time="0.0339999999999918" classname="snapshot_manager" name="snapshot_manager_holds_initial_state_in_history">
      <error type="error" message="Error in `eval(code, test_env)`: object 'snapshot_manager_srv' not found ('test-snapshot_manager.R:29:3')">Error in `eval(code, test_env)`: object 'snapshot_manager_srv' not found
Backtrace:
    ▆
 1. └─shiny::testServer(...) at test-snapshot_manager.R:29:3
 2.   └─shiny:::isModuleServer(app)</error>
    </testcase>
  </testsuite>
  <testsuite name="tdata" timestamp="2024-07-15T11:49:58Z" hostname="5b8157ae1211" tests="41" skipped="0" failures="0" errors="0" time="4.907">
    <testcase time="4.56899999999999" classname="tdata" name="new_tdata_accepts_reactive_and_not_reactive_MAE_and_data.frames"/>
    <testcase time="0.007000000000005" classname="tdata" name="new_tdata_throws_error_if_data_is_not_a_list_with_unique_names"/>
    <testcase time="0.00499999999999545" classname="tdata" name="new_tdata_throws_error_if_data_is_not_a_list_with_unique_names"/>
    <testcase time="0.00600000000000023" classname="tdata" name="new_tdata_throws_error_if_data_is_not_a_list_with_unique_names"/>
    <testcase time="0.007000000000005" classname="tdata" name="new_tdata_throws_error_if_contents_of_data_list_are_not_of_correct_type"/>
    <testcase time="0.007000000000005" classname="tdata" name="new_tdata_throws_error_if_code_is_not_character_or_reactive_character"/>
    <testcase time="0.007000000000005" classname="tdata" name="new_tdata_throws_error_if_code_is_not_character_or_reactive_character"/>
    <testcase time="0.007000000000005" classname="tdata" name="new_tdata_accepts_character_and_reactive_characters_for_code_argument"/>
    <testcase time="0.00399999999999068" classname="tdata" name="new_tdata_accepts_character_and_reactive_characters_for_code_argument"/>
    <testcase time="0.00899999999998613" classname="tdata" name="new_tdata_throws_error_if_join_keys_is_not_of_class_join_keys"/>
    <testcase time="0.00600000000000023" classname="tdata" name="new_tdata_throws_no_error_if_join_keys_is_of_class_join_keys"/>
    <testcase time="0.00900000000001455" classname="tdata" name="new_tdata_throws_error_if_metadata_is_not_a_list_with_unique_names_a_subset_of_the_names_of_data"/>
    <testcase time="0.00600000000000023" classname="tdata" name="new_tdata_throws_error_if_metadata_is_not_a_list_with_unique_names_a_subset_of_the_names_of_data"/>
    <testcase time="0.007000000000005" classname="tdata" name="new_tdata_throws_error_if_metadata_is_not_a_list_with_unique_names_a_subset_of_the_names_of_data"/>
    <testcase time="0.00600000000000023" classname="tdata" name="new_tdata_does_not_throw_error_with_valid_metadata"/>
    <testcase time="0.00899999999998613" classname="tdata" name="get_metadata_returns_NULL_if_no_metadata"/>
    <testcase time="0.00800000000000978" classname="tdata" name="get_metadata_returns_NULL_if_no_metadata_for_given_dataset"/>
    <testcase time="0.00600000000000023" classname="tdata" name="get_metadata_returns_metadata_for_given_dataset"/>
    <testcase time="0.00800000000000978" classname="tdata" name="get_metadata_returns_NULL_if_dataset_doesn_t_exist"/>
    <testcase time="0.00699999999997658" classname="tdata" name="get_code_returns_empty_character_if_tdata_object_has_no_code"/>
    <testcase time="0.00900000000001455" classname="tdata" name="get_code_returns_character_of_code_if_tdata_object_has_code"/>
    <testcase time="0.00399999999999068" classname="tdata" name="get_code_returns_character_of_code_if_tdata_object_has_code"/>
    <testcase time="0.007000000000005" classname="tdata" name="get_code_tdata_accepts_tdata"/>
    <testcase time="0.00999999999999091" classname="tdata" name="get_code_tdata_throws_error_when_input_is_not_tdata"/>
    <testcase time="0.007000000000005" classname="tdata" name="get_code_tdata_throws_error_when_input_is_not_tdata"/>
    <testcase time="0.007000000000005" classname="tdata" name="get_code_tdata_returns_character_code"/>
    <testcase time="0.0459999999999923" classname="tdata" name="tdata2env_returns_environment_containing_tdata_contents_"/>
    <testcase time="0.00200000000000955" classname="tdata" name="tdata2env_returns_environment_containing_tdata_contents_"/>
    <testcase time="0.0459999999999923" classname="tdata" name="tdata2env_returns_environment_containing_tdata_contents_"/>
    <testcase time="0.00800000000000978" classname="tdata" name="tdata2env_throws_error_if_argument_is_not_tdata"/>
    <testcase time="0.007000000000005" classname="tdata" name="join_keys_returns_NULL_if_no_join_keys_object_exists_inside_tdata"/>
    <testcase time="0.007000000000005" classname="tdata" name="join_keys_returns_join_keys_object_if_it_exists_inside_tdata"/>
    <testcase time="0.00599999999997181" classname="tdata" name="as_tdata_accepts_all_possible_inputs"/>
    <testcase time="0.0040000000000191" classname="tdata" name="as_tdata_accepts_all_possible_inputs"/>
    <testcase time="0.00699999999997658" classname="tdata" name="as_tdata_accepts_all_possible_inputs"/>
    <testcase time="0.00900000000001455" classname="tdata" name="as_tdata_always_returns_tdata_object"/>
    <testcase time="0.00200000000000955" classname="tdata" name="as_tdata_always_returns_tdata_object"/>
    <testcase time="0.000999999999976353" classname="tdata" name="as_tdata_always_returns_tdata_object"/>
    <testcase time="0.00600000000000023" classname="tdata" name="datasets_are_maintained_during_conversion"/>
    <testcase time="0.00500000000002387" classname="tdata" name="datasets_are_maintained_during_conversion"/>
    <testcase time="0.00699999999997658" classname="tdata" name="as_tdata_maintains_code_during_conversion"/>
  </testsuite>
  <testsuite name="teal_data_module-eval_code" timestamp="2024-07-15T11:50:03Z" hostname="5b8157ae1211" tests="16" skipped="0" failures="0" errors="0" time="0.101">
    <testcase time="0.00600000000000023" classname="teal_data_module_eval_code" name="within.teal_data_module_returns_an_object_with_teal_data_module_class"/>
    <testcase time="0.0040000000000191" classname="teal_data_module_eval_code" name="eval_code.teal_data_module_ui_has_modified_namespace_for_id"/>
    <testcase time="0.00100000000000477" classname="teal_data_module_eval_code" name="eval_code.teal_data_module_ui_has_modified_namespace_for_id"/>
    <testcase time="0.000999999999976353" classname="teal_data_module_eval_code" name="eval_code.teal_data_module_ui_has_modified_namespace_for_id"/>
    <testcase time="0.0120000000000005" classname="teal_data_module_eval_code" name="within.teal_data_module_modifies_the_reactive_tea_data_object"/>
    <testcase time="0.00100000000000477" classname="teal_data_module_eval_code" name="within.teal_data_module_modifies_the_reactive_tea_data_object"/>
    <testcase time="0.01400000000001" classname="teal_data_module_eval_code" name="eval_code.teal_data_module_will_execute_several_times_until_error"/>
    <testcase time="0.00899999999998613" classname="teal_data_module_eval_code" name="eval_code.teal_data_module_will_execute_several_times_until_error"/>
    <testcase time="0.00100000000000477" classname="teal_data_module_eval_code" name="eval_code.teal_data_module_will_execute_several_times_until_error"/>
    <testcase time="0.0130000000000052" classname="teal_data_module_eval_code" name="eval_code.teal_data_module_throws_error_when_original_teal_data_module_result_is_not_reactive"/>
    <testcase time="0.0130000000000052" classname="teal_data_module_eval_code" name="eval_code.teal_data_module_propagates_qenv_error_from_the_original_first_call"/>
    <testcase time="0.00100000000000477" classname="teal_data_module_eval_code" name="eval_code.teal_data_module_propagates_qenv_error_from_the_original_first_call"/>
    <testcase time="0.0109999999999957" classname="teal_data_module_eval_code" name="eval_code.teal_data_module_handles_an_arbitrary_object_other_than_teal_data_or_qenv.error_"/>
    <testcase time="0.000999999999976353" classname="teal_data_module_eval_code" name="eval_code.teal_data_module_handles_an_arbitrary_object_other_than_teal_data_or_qenv.error_"/>
    <testcase time="0.0120000000000005" classname="teal_data_module_eval_code" name="eval_code.teal_data_module_handles_a_NULL_result"/>
    <testcase time="0.00100000000000477" classname="teal_data_module_eval_code" name="eval_code.teal_data_module_handles_a_NULL_result"/>
  </testsuite>
  <testsuite name="teal_data_module" timestamp="2024-07-15T11:50:03Z" hostname="5b8157ae1211" tests="3" skipped="0" failures="0" errors="0" time="0.019">
    <testcase time="0.00600000000000023" classname="teal_data_module" name="teal_data_module_returns_teal_data_module"/>
    <testcase time="0.00600000000000023" classname="teal_data_module" name="teal_data_module_throws_when_ui_has_other_formals_than_id_only"/>
    <testcase time="0.007000000000005" classname="teal_data_module" name="teal_data_module_throws_when_server_has_other_formals_than_id_only"/>
  </testsuite>
  <testsuite name="teal_reporter" timestamp="2024-07-15T11:50:03Z" hostname="5b8157ae1211" tests="25" skipped="0" failures="0" errors="0" time="0.127">
    <testcase time="0.00900000000001455" classname="teal_reporter" name="TealReportCard_object_can_be_initialized"/>
    <testcase time="0.00399999999999068" classname="teal_reporter" name="TealReportCard_inherits_from_ReportCard"/>
    <testcase time="0.00499999999999545" classname="teal_reporter" name="TealReportCard_new_returns_an_object_of_type_TealReportCard"/>
    <testcase time="0.00900000000001455" classname="teal_reporter" name="TealReportCard_get_content_returns_content_with_metadata"/>
    <testcase time="0.00199999999998113" classname="teal_reporter" name="TealReportCard_get_content_returns_content_with_metadata"/>
    <testcase time="0.00100000000000477" classname="teal_reporter" name="TealReportCard_get_content_returns_content_with_metadata"/>
    <testcase time="0.00100000000000477" classname="teal_reporter" name="TealReportCard_get_content_returns_content_with_metadata"/>
    <testcase time="0.00100000000000477" classname="teal_reporter" name="TealReportCard_get_content_returns_content_with_metadata"/>
    <testcase time="0.00399999999999068" classname="teal_reporter" name="TealReportCard_append_src_accepts_a_character"/>
    <testcase time="0.00300000000001432" classname="teal_reporter" name="TealReportCard_append_src_returns_self"/>
    <testcase time="0.00399999999999068" classname="teal_reporter" name="TealReportCard_append_src_returns_title_and_content"/>
    <testcase time="0.00399999999999068" classname="teal_reporter" name="TealReportCard_append_encodings_accepts_list_of_character"/>
    <testcase time="0.0040000000000191" classname="teal_reporter" name="TealReportCard_append_encodings_returns_self"/>
    <testcase time="0.00399999999999068" classname="teal_reporter" name="TealReportCard_append_encodings_returns_title_and_content"/>
    <testcase time="0.00100000000000477" classname="teal_reporter" name="TealReportCard_append_encodings_returns_title_and_content"/>
    <testcase time="0.007000000000005" classname="teal_reporter" name="TealReportCard_append_fs_accepts_only_a_teal_slices"/>
    <testcase time="0.00699999999997658" classname="teal_reporter" name="TealReportCard_append_fs_accepts_only_a_teal_slices"/>
    <testcase time="0.007000000000005" classname="teal_reporter" name="TealReportCard_append_fs_returns_self"/>
    <testcase time="0.00900000000001455" classname="teal_reporter" name="TealReportCard_append_fs_returns_title_and_content"/>
    <testcase time="0.0029999999999859" classname="teal_reporter" name="TealReportCard_append_fs_returns_title_and_content"/>
    <testcase time="0.00499999999999545" classname="teal_reporter" name="TealSlicesBlock_new_accepts_teal_slices_only"/>
    <testcase time="0.007000000000005" classname="teal_reporter" name="TealSlicesBlock_new_accepts_teal_slices_only"/>
    <testcase time="0.00800000000000978" classname="teal_reporter" name="TealSlicesBlock_get_content_returns_yaml_character"/>
    <testcase time="0.00799999999998136" classname="teal_reporter" name="TealSlicesBlock_to_list_returns_list_containing_teal_slices"/>
    <testcase time="0.0100000000000193" classname="teal_reporter" name="TealSlicesBlock_from_list_retains_states_from_a_list"/>
  </testsuite>
  <testsuite name="teal_slices-store" timestamp="2024-07-15T11:50:04Z" hostname="5b8157ae1211" tests="15" skipped="0" failures="0" errors="0" time="0.176">
    <testcase time="0.0509999999999877" classname="teal_slices_store" name="teal_slice_store_restore_supports_NULL_and_character_0_for_choices_and_selected"/>
    <testcase time="0.0040000000000191" classname="teal_slices_store" name="teal_slice_store_restore_supports_NULL_and_character_0_for_choices_and_selected"/>
    <testcase time="0.00399999999999068" classname="teal_slices_store" name="teal_slice_store_restore_supports_NULL_and_character_0_for_choices_and_selected"/>
    <testcase time="0.0169999999999959" classname="teal_slices_store" name="teal_slice_store_restore_supports_saving_POSIXct_timestamps_in_selected"/>
    <testcase time="0.00399999999999068" classname="teal_slices_store" name="teal_slice_store_restore_supports_saving_POSIXct_timestamps_in_selected"/>
    <testcase time="0.0160000000000196" classname="teal_slices_store" name="teal_slice_store_restore_supports_saving_Date_dates_in_selected"/>
    <testcase time="0.00399999999999068" classname="teal_slices_store" name="teal_slice_store_restore_supports_saving_Date_dates_in_selected"/>
    <testcase time="0.0149999999999864" classname="teal_slices_store" name="teal_slice_store_restore_supports_saving_POSIXct_timestamps_in_choices"/>
    <testcase time="0.0040000000000191" classname="teal_slices_store" name="teal_slice_store_restore_supports_saving_POSIXct_timestamps_in_choices"/>
    <testcase time="0.0149999999999864" classname="teal_slices_store" name="teal_slice_store_restore_supports_saving_Date_timestamps_in_choices"/>
    <testcase time="0.0040000000000191" classname="teal_slices_store" name="teal_slice_store_restore_supports_saving_Date_timestamps_in_choices"/>
    <testcase time="0.0169999999999959" classname="teal_slices_store" name="teal_slice_store_restore_restores_mixed_Date_characters_as_characters_in_selected"/>
    <testcase time="0.0149999999999864" classname="teal_slices_store" name="teal_slice_store_restore_restores_characters_as_characters_in_selected_and_choices"/>
    <testcase time="0.00300000000001432" classname="teal_slices_store" name="teal_slice_store_restore_restores_characters_as_characters_in_selected_and_choices"/>
    <testcase time="0.0029999999999859" classname="teal_slices_store" name="teal_slice_store_restore_restores_characters_as_characters_in_selected_and_choices"/>
  </testsuite>
  <testsuite name="teal_slices" timestamp="2024-07-15T11:50:04Z" hostname="5b8157ae1211" tests="18" skipped="0" failures="0" errors="0" time="0.678">
    <testcase time="0.0169999999999959" classname="teal_slices" name="teal_slices_produces_teal_slices_object_with_teal_specific_attributes"/>
    <testcase time="0.00200000000000955" classname="teal_slices" name="teal_slices_produces_teal_slices_object_with_teal_specific_attributes"/>
    <testcase time="0.0029999999999859" classname="teal_slices" name="teal_slices_produces_teal_slices_object_with_teal_specific_attributes"/>
    <testcase time="0.00100000000000477" classname="teal_slices" name="teal_slices_produces_teal_slices_object_with_teal_specific_attributes"/>
    <testcase time="0.567000000000007" classname="teal_slices" name="teal_slices_fails_when_inexisting_teal_slice_id_is_specified_in_mapping"/>
    <testcase time="0.007000000000005" classname="teal_slices" name="teal_slices_fails_when_inexisting_teal_slice_id_is_specified_in_mapping"/>
    <testcase time="0.00799999999998136" classname="teal_slices" name="teal_slices_processes_filter_mapping"/>
    <testcase time="0.00800000000000978" classname="teal_slices" name="teal_slices_processes_filter_mapping"/>
    <testcase time="0.0120000000000005" classname="teal_slices" name="teal_slices_drops_non_global_filters_if_module_specific_FALSE"/>
    <testcase time="0.00800000000000978" classname="teal_slices" name="teal_slices_drops_non_global_filters_if_module_specific_FALSE"/>
    <testcase time="0.0120000000000005" classname="teal_slices" name="deep_copy_filters_copies_teal_slice_changes_pointer_of_teal_slice_object_but_values_remain_the_same"/>
    <testcase time="0.00399999999999068" classname="teal_slices" name="deep_copy_filters_copies_teal_slice_changes_pointer_of_teal_slice_object_but_values_remain_the_same"/>
    <testcase time="0.00600000000000023" classname="teal_slices" name="teal_slices_mapping_should_be_an_empty_list_or_a_named_list_or_missing"/>
    <testcase time="0.0029999999999859" classname="teal_slices" name="teal_slices_mapping_should_be_an_empty_list_or_a_named_list_or_missing"/>
    <testcase time="0.0040000000000191" classname="teal_slices" name="teal_slices_mapping_should_be_an_empty_list_or_a_named_list_or_missing"/>
    <testcase time="0.00600000000000023" classname="teal_slices" name="teal_slices_mapping_should_be_an_empty_list_or_a_named_list_or_missing"/>
    <testcase time="0.00499999999999545" classname="teal_slices" name="teal_slices_mapping_should_be_an_empty_list_or_a_named_list_or_missing"/>
    <testcase time="0.00499999999999545" classname="teal_slices" name="teal_slices_mapping_should_be_an_empty_list_or_a_named_list_or_missing"/>
  </testsuite>
  <testsuite name="utils" timestamp="2024-07-15T11:50:04Z" hostname="5b8157ae1211" tests="37" skipped="0" failures="0" errors="0" time="63.034">
    <testcase time="0.00800000000000978" classname="utils" name="get_teal_bs_theme"/>
    <testcase time="0.018999999999977" classname="utils" name="get_teal_bs_theme"/>
    <testcase time="0.00200000000000955" classname="utils" name="get_teal_bs_theme"/>
    <testcase time="0.00100000000000477" classname="utils" name="get_teal_bs_theme"/>
    <testcase time="0.0109999999999957" classname="utils" name="report_card_template_function_returns_TealReportCard_object_with_appropriate_content_and_labels"/>
    <testcase time="0.00100000000000477" classname="utils" name="report_card_template_function_returns_TealReportCard_object_with_appropriate_content_and_labels"/>
    <testcase time="0.00100000000000477" classname="utils" name="report_card_template_function_returns_TealReportCard_object_with_appropriate_content_and_labels"/>
    <testcase time="0.00199999999998113" classname="utils" name="report_card_template_function_returns_TealReportCard_object_with_appropriate_content_and_labels"/>
    <testcase time="0.00100000000000477" classname="utils" name="report_card_template_function_returns_TealReportCard_object_with_appropriate_content_and_labels"/>
    <testcase time="0.00100000000000477" classname="utils" name="report_card_template_function_returns_TealReportCard_object_with_appropriate_content_and_labels"/>
    <testcase time="0.0109999999999957" classname="utils" name="teal_data_to_filtered_data_return_FilteredData_class"/>
    <testcase time="0.0040000000000191" classname="utils" name="teal_data_datanames_returns_names_of_the_env_s_objects_when_datanames_not_set"/>
    <testcase time="0.00499999999999545" classname="utils" name="teal_data_datanames_returns_datanames_which_are_set_by_teal.data_datanames"/>
    <testcase time="0.156999999999982" classname="utils" name="modules_datasets_returns_correct_structure"/>
    <testcase time="0.00499999999999545" classname="utils" name="validate_app_title_tag_works_on_validating_the_title_tag"/>
    <testcase time="0.0040000000000191" classname="utils" name="validate_app_title_tag_works_on_validating_the_title_tag"/>
    <testcase time="0.00499999999999545" classname="utils" name="validate_app_title_tag_works_on_validating_the_title_tag"/>
    <testcase time="0.00399999999999068" classname="utils" name="validate_app_title_tag_works_on_validating_the_title_tag"/>
    <testcase time="0.0040000000000191" classname="utils" name="validate_app_title_tag_works_on_validating_the_title_tag"/>
    <testcase time="0.00399999999999068" classname="utils" name="build_app_title_builts_a_valid_tag"/>
    <testcase time="0.00200000000000955" classname="utils" name="build_app_title_builts_a_valid_tag"/>
    <testcase time="0.00399999999999068" classname="utils" name="create_app_id_data_accepts_teal_data_or_teal_data_module"/>
    <testcase time="0.00200000000000955" classname="utils" name="create_app_id_data_accepts_teal_data_or_teal_data_module"/>
    <testcase time="0.00399999999999068" classname="utils" name="create_app_id_data_accepts_teal_data_or_teal_data_module"/>
    <testcase time="0.00399999999999068" classname="utils" name="create_app_id_modules_accepts_modules"/>
    <testcase time="0.00499999999999545" classname="utils" name="create_app_id_modules_accepts_modules"/>
    <testcase time="0.00500000000002387" classname="utils" name="create_app_id_returns_a_character_string"/>
    <testcase time="0.00899999999998613" classname="utils" name="create_app_id_returns_different_hash_for_different_data"/>
    <testcase time="0.00999999999999091" classname="utils" name="create_app_id_returns_different_hash_for_different_modules"/>
    <testcase time="0.00300000000001432" classname="utils" name="defunction_returns_a_string_when_passed_a_function"/>
    <testcase time="0.00399999999999068" classname="utils" name="defunction_returns_non_function_atomic_as_is"/>
    <testcase time="0.00100000000000477" classname="utils" name="defunction_returns_non_function_atomic_as_is"/>
    <testcase time="0.00100000000000477" classname="utils" name="defunction_returns_non_function_atomic_as_is"/>
    <testcase time="0.00100000000000477" classname="utils" name="defunction_returns_non_function_atomic_as_is"/>
    <testcase time="0.0029999999999859" classname="utils" name="defunction_recursively_goes_down_a_list"/>
    <testcase time="62.707" classname="utils" name="create_renv_lockfile_creates_a_lock_file_during_the_execution"/>
    <testcase time="0.0190000000000055" classname="utils" name="create_renv_lockfile_creates_a_lock_file_during_the_execution"/>
  </testsuite>
  <testsuite name="validate_has_data" timestamp="2024-07-15T11:51:07Z" hostname="5b8157ae1211" tests="17" skipped="0" failures="0" errors="0" time="0.095">
    <testcase time="0.0180000000000007" classname="validate_has_data" name="validate_has_data_throws_no_error_when_data_has_at_least_as_many_rows_as_min_nrow"/>
    <testcase time="0.00100000000000477" classname="validate_has_data" name="validate_has_data_throws_no_error_when_data_has_at_least_as_many_rows_as_min_nrow"/>
    <testcase time="0.007000000000005" classname="validate_has_data" name="validate_has_data_throws_error_when_min_nrow_rows_of_data"/>
    <testcase time="0.00399999999999068" classname="validate_has_data" name="validate_has_data_accepts_logical_complete_argument"/>
    <testcase time="0.00200000000000955" classname="validate_has_data" name="validate_has_data_accepts_logical_complete_argument"/>
    <testcase time="0.00600000000000023" classname="validate_has_data" name="validate_has_data_throws_error_when_data_has_NA_and_complete_is_set_to_TRUE"/>
    <testcase time="0.00399999999999068" classname="validate_has_data" name="validate_has_data_accepts_logical_allow_inf_argument"/>
    <testcase time="0.00399999999999068" classname="validate_has_data" name="validate_has_data_accepts_logical_allow_inf_argument"/>
    <testcase time="0.007000000000005" classname="validate_has_data" name="validate_has_data_accepts_throws_error_when_data_has_Inf_values_and_allow_inf_is_set_to_FALSE"/>
    <testcase time="0.00600000000000023" classname="validate_has_data" name="validate_has_data_accepts_throws_error_when_data_has_Inf_values_and_allow_inf_is_set_to_FALSE"/>
    <testcase time="0.0040000000000191" classname="validate_has_data" name="validate_has_data_accepts_throws_error_when_data_has_Inf_values_and_allow_inf_is_set_to_FALSE"/>
    <testcase time="0.00399999999999068" classname="validate_has_data" name="validate_has_data_allow_inf_argument_ignores_non_numeric_columns"/>
    <testcase time="0.00499999999999545" classname="validate_has_data" name="validate_has_data_allow_inf_argument_ignores_non_numeric_columns"/>
    <testcase time="0.00600000000000023" classname="validate_has_data" name="validate_has_data_returns_message_when_msg_argument_is_set"/>
    <testcase time="0.007000000000005" classname="validate_has_data" name="validate_has_data_returns_message_msg_argument_is_set_and_complete_is_set_to_TRUE"/>
    <testcase time="0.00600000000000023" classname="validate_has_data" name="validate_has_data_returns_throws_error_with_non_character_msg_input"/>
    <testcase time="0.00399999999999068" classname="validate_has_data" name="validate_has_data_returns_throws_error_with_non_character_msg_input"/>
  </testsuite>
  <testsuite name="validate_inputs" timestamp="2024-07-15T11:51:08Z" hostname="5b8157ae1211" tests="36" skipped="0" failures="0" errors="0" time="0.51">
    <testcase time="0.00999999999999091" classname="validate_inputs" name="invalid_arguments_raise_errors"/>
    <testcase time="0.0040000000000191" classname="validate_inputs" name="invalid_arguments_raise_errors"/>
    <testcase time="0.0199999999999818" classname="validate_inputs" name="disabled_validators_raise_warnings_individual_validators_"/>
    <testcase time="0.0190000000000055" classname="validate_inputs" name="disabled_validators_raise_warnings_validator_list_"/>
    <testcase time="0.0220000000000198" classname="validate_inputs" name="disabled_validators_raise_warnings_nested_validator_list_"/>
    <testcase time="0.0879999999999939" classname="validate_inputs" name="valid_inputs_produce_desired_output_individual_validators_"/>
    <testcase time="0.0209999999999866" classname="validate_inputs" name="valid_inputs_produce_desired_output_validator_list_"/>
    <testcase time="0.0190000000000055" classname="validate_inputs" name="valid_inputs_produce_desired_output_nested_validator_list_"/>
    <testcase time="0.0229999999999961" classname="validate_inputs" name="invalid_inputs_raise_errors_in_output_individual_validators_"/>
    <testcase time="0.0190000000000055" classname="validate_inputs" name="invalid_inputs_raise_errors_in_output_individual_validators_"/>
    <testcase time="0.032999999999987" classname="validate_inputs" name="invalid_inputs_raise_errors_in_output_individual_validators_"/>
    <testcase time="0.0220000000000198" classname="validate_inputs" name="invalid_inputs_raise_errors_in_output_validator_list_"/>
    <testcase time="0.0199999999999818" classname="validate_inputs" name="invalid_inputs_raise_errors_in_output_validator_list_"/>
    <testcase time="0.0200000000000102" classname="validate_inputs" name="invalid_inputs_raise_errors_in_output_validator_list_"/>
    <testcase time="0.0219999999999914" classname="validate_inputs" name="invalid_inputs_raise_errors_in_output_nested_validator_list_"/>
    <testcase time="0.0200000000000102" classname="validate_inputs" name="invalid_inputs_raise_errors_in_output_nested_validator_list_"/>
    <testcase time="0.0209999999999866" classname="validate_inputs" name="invalid_inputs_raise_errors_in_output_nested_validator_list_"/>
    <testcase time="0.0270000000000152" classname="validate_inputs" name="error_message_is_formatted_properly"/>
    <testcase time="0.007000000000005" classname="validate_inputs" name="error_message_is_formatted_properly"/>
    <testcase time="0.00600000000000023" classname="validate_inputs" name="error_message_is_formatted_properly"/>
    <testcase time="0.00600000000000023" classname="validate_inputs" name="error_message_is_formatted_properly"/>
    <testcase time="0.00600000000000023" classname="validate_inputs" name="error_message_is_formatted_properly"/>
    <testcase time="0.00199999999998113" classname="validate_inputs" name="error_message_is_formatted_properly"/>
    <testcase time="0.00200000000000955" classname="validate_inputs" name="error_message_is_formatted_properly"/>
    <testcase time="0.00200000000000955" classname="validate_inputs" name="error_message_is_formatted_properly"/>
    <testcase time="0.00199999999998113" classname="validate_inputs" name="error_message_is_formatted_properly"/>
    <testcase time="0.00300000000001432" classname="validate_inputs" name="error_message_is_formatted_properly"/>
    <testcase time="0.00100000000000477" classname="validate_inputs" name="error_message_is_formatted_properly"/>
    <testcase time="0.0029999999999859" classname="validate_inputs" name="error_message_is_formatted_properly"/>
    <testcase time="0.00200000000000955" classname="validate_inputs" name="error_message_is_formatted_properly"/>
    <testcase time="0.00200000000000955" classname="validate_inputs" name="error_message_is_formatted_properly"/>
    <testcase time="0.00199999999998113" classname="validate_inputs" name="error_message_is_formatted_properly"/>
    <testcase time="0.00200000000000955" classname="validate_inputs" name="error_message_is_formatted_properly"/>
    <testcase time="0.0250000000000057" classname="validate_inputs" name="different_validation_modes_produce_proper_messages"/>
    <testcase time="0.0029999999999859" classname="validate_inputs" name="different_validation_modes_produce_proper_messages"/>
    <testcase time="0.00399999999999068" classname="validate_inputs" name="different_validation_modes_produce_proper_messages"/>
  </testsuite>
</testsuites>
