<?xml version="1.0" encoding="UTF-8"?>
<testsuites>
  <testsuite name="filter_manager" timestamp="2024-07-19T10:33:49Z" hostname="b797c7a65b92" tests="16" skipped="0" failures="0" errors="0" time="1.139">
    <testcase time="0.397" classname="filter_manager" name="srv_filter_manager_returns_table_containing_info_about_all_slices_active_inactive_unavailable_for_each_module"/>
    <testcase time="0.257" classname="filter_manager" name="srv_filter_manager_returns_table_containing_single_column_global_filters_when_module_specific"/>
    <testcase time="0.0270000000000001" classname="filter_manager" name="srv_module_filter_manager_on_init_slices_global_are_mapped_to_module_s_FilteredData"/>
    <testcase time="0.00499999999999989" classname="filter_manager" name="srv_module_filter_manager_on_init_slices_global_are_mapped_to_module_s_FilteredData"/>
    <testcase time="0.048" classname="filter_manager" name="srv_module_filter_manager_on_init_slices_global_are_mapped_to_module_s_FilteredData"/>
    <testcase time="0.024" classname="filter_manager" name="srv_module_filter_manager_on_init_available_filters_are_set_to_the_module_s_FilteredData"/>
    <testcase time="0.0349999999999999" classname="filter_manager" name="srv_module_filter_manager_on_init_available_filters_are_set_to_the_module_s_FilteredData"/>
    <testcase time="0.0230000000000001" classname="filter_manager" name="srv_module_filter_manager_on_init_sets_session_userData_module_slices_api"/>
    <testcase time="0.03" classname="filter_manager" name="srv_module_filter_manager_on_init_sets_session_userData_module_slices_api"/>
    <testcase time="0.0399999999999998" classname="filter_manager" name="srv_module_filter_manager_filter_set_in_the_module_is_added_to_slices_global_with_module_s_mapping"/>
    <testcase time="0.0600000000000001" classname="filter_manager" name="srv_module_filter_manager_filter_set_in_the_module_is_added_to_slices_global_with_module_s_mapping"/>
    <testcase time="0.002" classname="filter_manager" name="srv_module_filter_manager_filter_set_in_the_module_is_added_to_slices_global_with_module_s_mapping"/>
    <testcase time="0.056" classname="filter_manager" name="srv_module_filter_manager_filter_removed_in_the_module_makes_changes_in_module_s_mapping"/>
    <testcase time="0.05" classname="filter_manager" name="srv_module_filter_manager_changing_state_of_active_filter_is_reflected_in_slices_global"/>
    <testcase time="0.0469999999999999" classname="filter_manager" name="srv_module_filter_manager_changing_slices_global_directly_resets_module_s_FilteredData"/>
    <testcase time="0.038" classname="filter_manager" name="srv_module_filter_manager_changing_slices_global_directly_resets_module_s_FilteredData"/>
  </testsuite>
  <testsuite name="init" timestamp="2024-07-19T10:33:50Z" hostname="b797c7a65b92" tests="10" skipped="0" failures="0" errors="0" time="0.377">
    <testcase time="0.0860000000000001" classname="init" name="init_data_accepts_teal_data_object"/>
    <testcase time="0.038" classname="init" name="init_data_accepts_teal_data_module"/>
    <testcase time="0.0349999999999999" classname="init" name="init_modules_accepts_a_teal_modules_object"/>
    <testcase time="0.032" classname="init" name="init_modules_accepts_a_list_of_teal_module_elements"/>
    <testcase time="0.0319999999999998" classname="init" name="init_modules_accepts_a_teal_module_object"/>
    <testcase time="0.0340000000000003" classname="init" name="init_filter_accepts_teal_slices_"/>
    <testcase time="0.00800000000000001" classname="init" name="init_filter_accepts_teal_slices_"/>
    <testcase time="0.0389999999999997" classname="init" name="init_throws_when_an_empty_data_is_used"/>
    <testcase time="0.036" classname="init" name="init_throws_when_datanames_in_modules_incompatible_w_datanames_in_data"/>
    <testcase time="0.0370000000000004" classname="init" name="init_throws_when_dataname_in_filter_incompatible_w_datanames_in_data"/>
  </testsuite>
  <testsuite name="module_data" timestamp="2024-07-19T10:33:50Z" hostname="b797c7a65b92" tests="5" skipped="0" failures="0" errors="0" time="0.149">
    <testcase time="0.0739999999999998" classname="module_data" name="srv_data_fails_when_teal_data_module_doesn_t_return_a_reactive"/>
    <testcase time="0.0190000000000001" classname="module_data" name="srv_data_data_validated_throws_original_error_with_note_to_app_user_but_module_doesn_t_fail"/>
    <testcase time="0.0189999999999997" classname="module_data" name="srv_data_data_validated_throws_original_validate_with_note_to_app_user_but_module_doesn_t_fail"/>
    <testcase time="0.016" classname="module_data" name="srv_data_data_validated_is_NULL_when_reactive_returns_silent.error"/>
    <testcase time="0.0209999999999999" classname="module_data" name="srv_data_data_validated_throws_original_validate_with_note_to_app_user_but_module_doesn_t_fail"/>
  </testsuite>
  <testsuite name="module_nested_tabs" timestamp="2024-07-19T10:33:51Z" hostname="b797c7a65b92" tests="52" skipped="0" failures="0" errors="0" time="4.514">
    <testcase time="0.0860000000000003" classname="module_nested_tabs" name="srv_teal_module_accepts_data_being_a_reactive"/>
    <testcase time="0.00700000000000012" classname="module_nested_tabs" name="srv_teal_module_throws_error_if_data_is_not_a_reactive"/>
    <testcase time="0.0259999999999998" classname="module_nested_tabs" name="srv_teal_module_accepts_modules_being_a_teal_modules"/>
    <testcase time="0.00599999999999978" classname="module_nested_tabs" name="srv_teal_module_throws_error_if_modules_are_not_teal_modules"/>
    <testcase time="0.0260000000000002" classname="module_nested_tabs" name="srv_teal_module_accepts_datasets_being_a_reactive"/>
    <testcase time="0.056" classname="module_nested_tabs" name="srv_teal_module_accepts_datasets_being_a_NULL"/>
    <testcase time="0.00800000000000001" classname="module_nested_tabs" name="srv_teal_module_throws_error_if_datasets_are_not_reactive_or_null"/>
    <testcase time="0.024" classname="module_nested_tabs" name="srv_teal_module_accepts_slices_global_being_a_reactiveVal_object"/>
    <testcase time="0.0259999999999998" classname="module_nested_tabs" name="srv_teal_module_accepts_reporter_as_a_Reporter_object"/>
    <testcase time="0.00800000000000001" classname="module_nested_tabs" name="srv_teal_module_throws_error_if_reporter_is_not_inherited_from_class_Reporter"/>
    <testcase time="0.0289999999999999" classname="module_nested_tabs" name="srv_teal_module_datasets_is_truthy_and_returns_FilteredData_only_when_data_rv_is_truthy_and_returns_teal_data"/>
    <testcase time="0.00800000000000001" classname="module_nested_tabs" name="srv_teal_module_datasets_is_truthy_and_returns_FilteredData_only_when_data_rv_is_truthy_and_returns_teal_data"/>
    <testcase time="0.0100000000000002" classname="module_nested_tabs" name="srv_teal_module_datasets_is_truthy_and_returns_FilteredData_only_when_data_rv_is_truthy_and_returns_teal_data"/>
    <testcase time="0.0089999999999999" classname="module_nested_tabs" name="srv_teal_module_datasets_is_truthy_and_returns_FilteredData_only_when_data_rv_is_truthy_and_returns_teal_data"/>
    <testcase time="0.0459999999999998" classname="module_nested_tabs" name="srv_teal_module_trigger_data_remains_NULL_when_datasets_is_not_truthy"/>
    <testcase time="0.0270000000000001" classname="module_nested_tabs" name="srv_teal_module_filtered_teal_data_is_created_only_when_trigger_data_changes_from_NULL"/>
    <testcase time="0.00700000000000012" classname="module_nested_tabs" name="srv_teal_module_filtered_teal_data_is_created_only_when_trigger_data_changes_from_NULL"/>
    <testcase time="0.23" classname="module_nested_tabs" name="srv_teal_module_filtered_teal_data_is_created_only_when_trigger_data_changes_from_NULL"/>
    <testcase time="0.00099999999999989" classname="module_nested_tabs" name="srv_teal_module_filtered_teal_data_is_created_only_when_trigger_data_changes_from_NULL"/>
    <testcase time="0.19" classname="module_nested_tabs" name="srv_teal_module_data_objects_contain_datanames_modules_datanames"/>
    <testcase time="0.00200000000000022" classname="module_nested_tabs" name="srv_teal_module_data_objects_contain_datanames_modules_datanames"/>
    <testcase time="0.00099999999999989" classname="module_nested_tabs" name="srv_teal_module_data_objects_contain_datanames_modules_datanames"/>
    <testcase time="0.00099999999999989" classname="module_nested_tabs" name="srv_teal_module_data_objects_contain_datanames_modules_datanames"/>
    <testcase time="0.279" classname="module_nested_tabs" name="srv_teal_module_data_code_contains_proprocessing_hashes_and_raw_data_when_data_unfiltered"/>
    <testcase time="0.282" classname="module_nested_tabs" name="srv_teal_module_active_datanames_is_resolved_when_modules_datanames_all_or_NULL"/>
    <testcase time="0.00099999999999989" classname="module_nested_tabs" name="srv_teal_module_active_datanames_is_resolved_when_modules_datanames_all_or_NULL"/>
    <testcase time="0.00199999999999978" classname="module_nested_tabs" name="srv_teal_module_active_datanames_is_resolved_when_modules_datanames_all_or_NULL"/>
    <testcase time="0.00099999999999989" classname="module_nested_tabs" name="srv_teal_module_active_datanames_is_resolved_when_modules_datanames_all_or_NULL"/>
    <testcase time="0.314" classname="module_nested_tabs" name="srv_teal_module_active_datanames_is_resolved_when_modules_datanames_all_or_NULL"/>
    <testcase time="0.00199999999999978" classname="module_nested_tabs" name="srv_teal_module_active_datanames_is_resolved_when_modules_datanames_all_or_NULL"/>
    <testcase time="0.00100000000000033" classname="module_nested_tabs" name="srv_teal_module_active_datanames_is_resolved_when_modules_datanames_all_or_NULL"/>
    <testcase time="0.00199999999999978" classname="module_nested_tabs" name="srv_teal_module_active_datanames_is_resolved_when_modules_datanames_all_or_NULL"/>
    <testcase time="0.0350000000000001" classname="module_nested_tabs" name="srv_teal_module_is_called_only_once_when_trigger_data_changes._Retrigger_doesn_t_call_module"/>
    <testcase time="0.262" classname="module_nested_tabs" name="srv_teal_module_is_called_only_once_when_trigger_data_changes._Retrigger_doesn_t_call_module"/>
    <testcase time="0.00300000000000011" classname="module_nested_tabs" name="srv_teal_module_is_called_only_once_when_trigger_data_changes._Retrigger_doesn_t_call_module"/>
    <testcase time="0.180999999999999" classname="module_nested_tabs" name="srv_teal_module_is_called_only_once_when_trigger_data_changes._Retrigger_doesn_t_call_module"/>
    <testcase time="0.0780000000000003" classname="module_nested_tabs" name="modules_reactive_is_a_list_of_reactives"/>
    <testcase time="0.00199999999999978" classname="module_nested_tabs" name="modules_reactive_is_a_list_of_reactives"/>
    <testcase time="0.00100000000000033" classname="module_nested_tabs" name="modules_reactive_is_a_list_of_reactives"/>
    <testcase time="0.948" classname="module_nested_tabs" name="modules_reactive_returns_modules_according_to_selection_in_the_nested_tabs"/>
    <testcase time="0.0169999999999995" classname="module_nested_tabs" name="modules_reactive_returns_modules_according_to_selection_in_the_nested_tabs"/>
    <testcase time="0.0120000000000005" classname="module_nested_tabs" name="Change_of_this_tab_returns_active_module_from_this_tab"/>
    <testcase time="0.00399999999999956" classname="module_nested_tabs" name="Change_of_this_tab_returns_active_module_from_this_tab"/>
    <testcase time="0.17" classname="module_nested_tabs" name="srv_teal_module.teal_module_does_not_pass_data_if_not_in_the_args_explicitly"/>
    <testcase time="0.401" classname="module_nested_tabs" name="srv_teal_module.teal_module_does_pass_data_if_in_the_args_explicitly"/>
    <testcase time="0.032" classname="module_nested_tabs" name="srv_teal_module.teal_module_passes_data_to_the_server_module"/>
    <testcase time="0.00400000000000045" classname="module_nested_tabs" name="srv_teal_module.teal_module_passes_deprecated_datasets_to_the_server_module"/>
    <testcase time="0.0250000000000004" classname="module_nested_tabs" name="srv_teal_module.teal_module_passes_deprecated_datasets_to_the_server_module"/>
    <testcase time="0.0259999999999998" classname="module_nested_tabs" name="srv_teal_module.teal_module_passes_server_args_to_the_..."/>
    <testcase time="0.28" classname="module_nested_tabs" name="srv_teal_module.teal_module_doesn_t_pass_filter_panel_api_if_not_in_the_args_explicitly"/>
    <testcase time="0.287999999999999" classname="module_nested_tabs" name="srv_teal_module.teal_module_passes_filter_panel_api_when_passed_in_the_args_explicitly"/>
    <testcase time="0.0270000000000001" classname="module_nested_tabs" name="srv_teal_module.teal_module_passes_filter_panel_api_to_the_server_module"/>
  </testsuite>
  <testsuite name="module_teal" timestamp="2024-07-19T10:33:55Z" hostname="b797c7a65b92" tests="20" skipped="0" failures="0" errors="0" time="1.854">
    <testcase time="0.0570000000000004" classname="module_teal" name="srv_teal_accepts_data_to_be_teal_data"/>
    <testcase time="0.0579999999999998" classname="module_teal" name="srv_teal_accepts_data_to_be_teal_data_module_returning_reactive_teal_data"/>
    <testcase time="0.0529999999999999" classname="module_teal" name="srv_teal_accepts_data_to_a_reactive_or_reactiveVal_teal_data"/>
    <testcase time="0.056" classname="module_teal" name="srv_teal_accepts_data_to_a_reactive_or_reactiveVal_teal_data"/>
    <testcase time="0.016" classname="module_teal" name="srv_teal_fails_when_data_is_not_teal_data_or_teal_data_module"/>
    <testcase time="0.0259999999999998" classname="module_teal" name="srv_teal_app_fails_when_teal_data_module_doesn_t_return_a_reactive"/>
    <testcase time="0.115" classname="module_teal" name="srv_teal_data_rv_is_NULL_when_data_reactive_returns_an_error"/>
    <testcase time="0.113" classname="module_teal" name="srv_teal_data_rv_is_NULL_when_data_reactive_returns_a_validation_error"/>
    <testcase time="0.176" classname="module_teal" name="srv_teal_data_rv_is_NULL_when_data_reactive_returns_qenv.error"/>
    <testcase time="0.115" classname="module_teal" name="srv_teal_data_rv_is_NULL_some_modules_uses_datanames_unavailable_in_data"/>
    <testcase time="0.293" classname="module_teal" name="srv_teal_datasets_rv_is_set_only_when_filters_are_not_module_specific"/>
    <testcase time="0.0699999999999994" classname="module_teal" name="srv_teal_datasets_rv_is_set_only_when_filters_are_not_module_specific"/>
    <testcase time="0.0590000000000011" classname="module_teal" name="srv_teal_datasets_rv_returns_nothing_when_data_rv_is_NULL"/>
    <testcase time="0.00799999999999912" classname="module_teal" name="srv_teal_datasets_rv_returns_nothing_when_data_rv_is_NULL"/>
    <testcase time="0.397" classname="module_teal" name="srv_teal_datasets_rv_returns_FilteredData_containing_same_datanames_when_data_rv_is_not_null"/>
    <testcase time="0.000999999999999446" classname="module_teal" name="srv_teal_datasets_rv_returns_FilteredData_containing_same_datanames_when_data_rv_is_not_null"/>
    <testcase time="0.077" classname="module_teal" name="srv_teal_slices_global_is_initialized_with_slices_specified_in_filter"/>
    <testcase time="0.00100000000000122" classname="module_teal" name="srv_teal_slices_global_is_initialized_with_slices_specified_in_filter"/>
    <testcase time="0.0809999999999995" classname="module_teal" name="srv_teal_attr_slices_global_mapping_is_resolved_for_global_filters_when_module_specific"/>
    <testcase time="0.0820000000000007" classname="module_teal" name="srv_teal_attr_slices_global_mapping_is_resolved_for_global_filters_when_module_specific"/>
  </testsuite>
  <testsuite name="modules" timestamp="2024-07-19T10:33:57Z" hostname="b797c7a65b92" tests="95" skipped="0" failures="0" errors="0" time="0.423">
    <testcase time="0.00999999999999979" classname="modules" name="Calling_module_does_not_throw"/>
    <testcase time="0.00300000000000011" classname="modules" name="module_requires_label_argument_to_be_a_string_different_than_global_filters_"/>
    <testcase time="0.00499999999999901" classname="modules" name="module_requires_label_argument_to_be_a_string_different_than_global_filters_"/>
    <testcase time="0.00500000000000078" classname="modules" name="module_requires_label_argument_to_be_a_string_different_than_global_filters_"/>
    <testcase time="0.00399999999999956" classname="modules" name="module_requires_label_argument_to_be_a_string_different_than_global_filters_"/>
    <testcase time="0.00499999999999901" classname="modules" name="module_requires_label_argument_to_be_a_string_different_than_global_filters_"/>
    <testcase time="0.00300000000000011" classname="modules" name="module_warns_when_server_contains_datasets_argument"/>
    <testcase time="0.00400000000000134" classname="modules" name="module_expects_server_being_a_shiny_server_module_with_any_argument"/>
    <testcase time="0.000999999999999446" classname="modules" name="module_expects_server_being_a_shiny_server_module_with_any_argument"/>
    <testcase time="0.00200000000000067" classname="modules" name="module_expects_server_being_a_shiny_server_module_with_any_argument"/>
    <testcase time="0.00399999999999956" classname="modules" name="module_expects_server_being_a_shiny_server_module_with_any_argument"/>
    <testcase time="0.00999999999999979" classname="modules" name="module_expects_server_being_a_shiny_server_module_with_any_argument"/>
    <testcase time="0.00399999999999956" classname="modules" name="module_requires_server_args_argument_to_be_a_list"/>
    <testcase time="0.00100000000000122" classname="modules" name="module_requires_server_args_argument_to_be_a_list"/>
    <testcase time="0.00199999999999889" classname="modules" name="module_requires_server_args_argument_to_be_a_list"/>
    <testcase time="0.00500000000000078" classname="modules" name="module_requires_server_args_argument_to_be_a_list"/>
    <testcase time="0.00600000000000023" classname="modules" name="module_requires_server_args_argument_to_be_a_list"/>
    <testcase time="0.00300000000000011" classname="modules" name="module_expects_all_server_args_being_a_server_arguments_or_passed_through_..._"/>
    <testcase time="0.00199999999999889" classname="modules" name="module_expects_all_server_args_being_a_server_arguments_or_passed_through_..._"/>
    <testcase time="0.00600000000000023" classname="modules" name="module_expects_all_server_args_being_a_server_arguments_or_passed_through_..._"/>
    <testcase time="0.00399999999999956" classname="modules" name="module_requires_ui_args_argument_to_be_a_list"/>
    <testcase time="0.00100000000000122" classname="modules" name="module_requires_ui_args_argument_to_be_a_list"/>
    <testcase time="0.00199999999999889" classname="modules" name="module_requires_ui_args_argument_to_be_a_list"/>
    <testcase time="0.00500000000000078" classname="modules" name="module_requires_ui_args_argument_to_be_a_list"/>
    <testcase time="0.00399999999999956" classname="modules" name="module_requires_ui_args_argument_to_be_a_list"/>
    <testcase time="0.00699999999999967" classname="modules" name="module_throws_when_ui_has_data_or_datasets_argument"/>
    <testcase time="0.00399999999999956" classname="modules" name="module_throws_when_ui_has_data_or_datasets_argument"/>
    <testcase time="0.00400000000000134" classname="modules" name="module_expects_ui_being_a_shiny_ui_module_with_any_argument"/>
    <testcase time="0.000999999999999446" classname="modules" name="module_expects_ui_being_a_shiny_ui_module_with_any_argument"/>
    <testcase time="0.00500000000000078" classname="modules" name="module_expects_ui_being_a_shiny_ui_module_with_any_argument"/>
    <testcase time="0.00399999999999956" classname="modules" name="module_expects_all_ui_args_being_a_ui_arguments_or_passed_through_..._"/>
    <testcase time="0.000999999999999446" classname="modules" name="module_expects_all_ui_args_being_a_ui_arguments_or_passed_through_..._"/>
    <testcase time="0.0340000000000007" classname="modules" name="module_expects_all_ui_args_being_a_ui_arguments_or_passed_through_..._"/>
    <testcase time="0.00399999999999956" classname="modules" name="module_requires_datanames_argument_to_be_a_character_or_NULL"/>
    <testcase time="0.00200000000000067" classname="modules" name="module_requires_datanames_argument_to_be_a_character_or_NULL"/>
    <testcase time="0.00199999999999889" classname="modules" name="module_requires_datanames_argument_to_be_a_character_or_NULL"/>
    <testcase time="0.00500000000000078" classname="modules" name="module_requires_datanames_argument_to_be_a_character_or_NULL"/>
    <testcase time="0.00199999999999889" classname="modules" name="module_requires_datanames_argument_to_be_a_character_or_NULL"/>
    <testcase time="0.00400000000000134" classname="modules" name="module_returns_list_of_class_teal_module_containing_input_objects"/>
    <testcase time="0.000999999999999446" classname="modules" name="module_returns_list_of_class_teal_module_containing_input_objects"/>
    <testcase time="0.000999999999999446" classname="modules" name="module_returns_list_of_class_teal_module_containing_input_objects"/>
    <testcase time="0.00200000000000067" classname="modules" name="module_returns_list_of_class_teal_module_containing_input_objects"/>
    <testcase time="0.000999999999999446" classname="modules" name="module_returns_list_of_class_teal_module_containing_input_objects"/>
    <testcase time="0.00200000000000067" classname="modules" name="module_returns_list_of_class_teal_module_containing_input_objects"/>
    <testcase time="0.000999999999999446" classname="modules" name="module_returns_list_of_class_teal_module_containing_input_objects"/>
    <testcase time="0.00200000000000067" classname="modules" name="module_returns_list_of_class_teal_module_containing_input_objects"/>
    <testcase time="0.00699999999999967" classname="modules" name="modules_gives_error_if_no_arguments_other_than_label_are_used"/>
    <testcase time="0.00600000000000023" classname="modules" name="modules_gives_error_if_no_arguments_other_than_label_are_used"/>
    <testcase time="0.00399999999999956" classname="modules" name="modules_requires_label_argument_to_be_a_string_"/>
    <testcase time="0.00399999999999956" classname="modules" name="modules_requires_label_argument_to_be_a_string_"/>
    <testcase time="0.00500000000000078" classname="modules" name="modules_requires_label_argument_to_be_a_string_"/>
    <testcase time="0.00399999999999956" classname="modules" name="modules_accept_teal_module_in_..."/>
    <testcase time="0.00399999999999956" classname="modules" name="modules_accept_multiple_teal_module_objects_in_..."/>
    <testcase time="0.00300000000000011" classname="modules" name="modules_accept_multiple_teal_module_and_teal_modules_objects_in_..."/>
    <testcase time="0.00700000000000145" classname="modules" name="modules_does_not_accept_objects_other_than_teal_module_s_in_..."/>
    <testcase time="0.00599999999999845" classname="modules" name="modules_does_not_accept_objects_other_than_teal_module_s_in_..."/>
    <testcase time="0.00300000000000011" classname="modules" name="modules_returns_teal_modules_object_with_label_and_children_slot"/>
    <testcase time="0.000999999999999446" classname="modules" name="modules_returns_teal_modules_object_with_label_and_children_slot"/>
    <testcase time="0.00799999999999912" classname="modules" name="modules_returns_children_as_list_with_list_named_after_label_attributes"/>
    <testcase time="0.00100000000000122" classname="modules" name="modules_returns_children_as_list_with_list_named_after_label_attributes"/>
    <testcase time="0.00199999999999889" classname="modules" name="modules_returns_children_as_list_with_list_named_after_label_attributes"/>
    <testcase time="0.0080000000000009" classname="modules" name="modules_returns_useful_error_message_if_label_argument_not_explicitly_named"/>
    <testcase time="0.00499999999999901" classname="modules" name="modules_returns_children_as_list_with_unique_names_if_labels_are_duplicated"/>
    <testcase time="0.00200000000000067" classname="modules" name="modules_returns_children_as_list_with_unique_names_if_labels_are_duplicated"/>
    <testcase time="0.000999999999999446" classname="modules" name="modules_returns_children_as_list_with_unique_names_if_labels_are_duplicated"/>
    <testcase time="0.00400000000000134" classname="modules" name="modules_depth_accepts_depth_as_integer"/>
    <testcase time="0.00599999999999845" classname="modules" name="modules_depth_accepts_depth_as_integer"/>
    <testcase time="0.00400000000000134" classname="modules" name="modules_depth_returns_depth_0_by_default"/>
    <testcase time="0.00300000000000011" classname="modules" name="modules_depth_accepts_modules_to_be_teal_module_or_teal_modules"/>
    <testcase time="0.00199999999999889" classname="modules" name="modules_depth_accepts_modules_to_be_teal_module_or_teal_modules"/>
    <testcase time="0.00500000000000078" classname="modules" name="modules_depth_returns_depth_same_as_input_for_teal_module"/>
    <testcase time="0.00399999999999956" classname="modules" name="modules_depth_increases_depth_by_1_for_each_teal_modules"/>
    <testcase time="0.00200000000000067" classname="modules" name="modules_depth_increases_depth_by_1_for_each_teal_modules"/>
    <testcase time="0.00699999999999967" classname="modules" name="is_arg_used_throws_error_if_object_is_not_teal_module_or_teal_modules"/>
    <testcase time="0.00499999999999901" classname="modules" name="is_arg_used_throws_error_if_object_is_not_teal_module_or_teal_modules"/>
    <testcase time="0.00500000000000078" classname="modules" name="is_arg_used_returns_true_if_teal_module_has_given_arg_in_server_function_args"/>
    <testcase time="0.00500000000000078" classname="modules" name="is_arg_used_returns_false_if_teal_module_does_not_have_reporter_in_server_function_args"/>
    <testcase time="0.00599999999999845" classname="modules" name="is_arg_used_returns_false_if_teal_modules_has_no_children_using_given_arg_"/>
    <testcase time="0.00300000000000011" classname="modules" name="is_arg_used_returns_false_if_teal_modules_has_no_children_using_given_arg_"/>
    <testcase time="0.00500000000000078" classname="modules" name="is_arg_used_returns_true_if_teal_modules_has_at_least_one_child_using_given_arg_"/>
    <testcase time="0.00300000000000011" classname="modules" name="is_arg_used_returns_true_if_teal_modules_has_at_least_one_child_using_given_arg_"/>
    <testcase time="0.00399999999999956" classname="modules" name="is_arg_used_returns_true_if_teal_modules_has_at_least_one_child_using_given_arg_"/>
    <testcase time="0.00900000000000034" classname="modules" name="is_arg_used_returns_TRUE_FALSE_when_the_arg_is_in_function_formals"/>
    <testcase time="0.00300000000000011" classname="modules" name="is_arg_used_returns_TRUE_FALSE_when_the_arg_is_in_function_formals"/>
    <testcase time="0.0080000000000009" classname="modules" name="is_arg_used_accepts_arg_to_be_a_string_only"/>
    <testcase time="0.00600000000000023" classname="modules" name="is_arg_used_accepts_arg_to_be_a_string_only"/>
    <testcase time="0.00499999999999901" classname="modules" name="is_arg_used_accepts_arg_to_be_a_string_only"/>
    <testcase time="0.0080000000000009" classname="modules" name="append_module_throws_error_when_modules_is_not_inherited_from_teal_modules"/>
    <testcase time="0.00600000000000023" classname="modules" name="append_module_throws_error_when_modules_is_not_inherited_from_teal_modules"/>
    <testcase time="0.00799999999999912" classname="modules" name="append_module_throws_error_is_module_is_not_inherited_from_teal_module"/>
    <testcase time="0.00500000000000078" classname="modules" name="append_module_throws_error_is_module_is_not_inherited_from_teal_module"/>
    <testcase time="0.00599999999999845" classname="modules" name="append_module_appends_a_module_to_children_of_not_nested_teal_modules"/>
    <testcase time="0.00600000000000023" classname="modules" name="append_module_appends_a_module_to_children_of_nested_teal_modules"/>
    <testcase time="0.00400000000000134" classname="modules" name="append_module_produces_teal_modules_with_unique_named_children"/>
    <testcase time="0.00499999999999901" classname="modules" name="format.teal_modules_returns_proper_structure"/>
  </testsuite>
  <testsuite name="rcode_utils" timestamp="2024-07-19T10:33:57Z" hostname="b797c7a65b92" tests="7" skipped="0" failures="0" errors="0" time="0.061">
    <testcase time="0.00600000000000023" classname="rcode_utils" name="With_no_teal.load_nest_code_option_set_get_rcode_str_install_returns_default_string"/>
    <testcase time="0.00300000000000011" classname="rcode_utils" name="With_teal.load_nest_code_option_set_to_character_get_rcode_str_install_returns_option_value"/>
    <testcase time="0.000999999999999446" classname="rcode_utils" name="With_teal.load_nest_code_option_set_to_character_get_rcode_str_install_returns_option_value"/>
    <testcase time="0.00300000000000011" classname="rcode_utils" name="When_teal.load_nest_code_option_is_not_character_get_rcode_str_install_silently_returns_default_string"/>
    <testcase time="0.00200000000000067" classname="rcode_utils" name="When_teal.load_nest_code_option_is_not_character_get_rcode_str_install_silently_returns_default_string"/>
    <testcase time="0.0339999999999989" classname="rcode_utils" name="get_rcode_libraries_returns_current_session_packages"/>
    <testcase time="0.0120000000000005" classname="rcode_utils" name="get_datasets_code_returns_code_only_for_specified_datanames"/>
  </testsuite>
  <testsuite name="report_previewer_module" timestamp="2024-07-19T10:33:57Z" hostname="b797c7a65b92" tests="5" skipped="0" failures="0" errors="0" time="0.023">
    <testcase time="0.00900000000000034" classname="report_previewer_module" name="report_previewer_module_throws_error_if_label_is_not_string"/>
    <testcase time="0.00500000000000078" classname="report_previewer_module" name="report_previewer_module_throws_error_if_label_is_not_string"/>
    <testcase time="0.00399999999999956" classname="report_previewer_module" name="report_previewer_module_throws_no_error_and_stores_label_if_label_is_string"/>
    <testcase time="0.000999999999999446" classname="report_previewer_module" name="report_previewer_module_throws_no_error_and_stores_label_if_label_is_string"/>
    <testcase time="0.00400000000000134" classname="report_previewer_module" name="report_previewer_module_default_label_is_Report_previewer_"/>
  </testsuite>
  <testsuite name="shinytest2-filter_panel" timestamp="2024-07-19T10:33:57Z" hostname="b797c7a65b92" tests="3" skipped="0" failures="0" errors="2" time="16.873">
    <testcase time="5.445" classname="shinytest2_filter_panel" name="e2e_module_content_is_updated_when_a_data_is_filtered_in_filter_panel"/>
    <testcase time="5.722" classname="shinytest2_filter_panel" name="e2e_filtering_a_module_specific_filter_is_refected_in_other_shared_module">
      <error type="error" message="Error in `app$get_active_data_filters(&quot;iris&quot;)`: Assertion on 'dataset_name' failed: Must be a subset of the empty set, i.e. also empty. ('test-shinytest2-filter_panel.R:48:3')">Error in `app$get_active_data_filters("iris")`: Assertion on 'dataset_name' failed: Must be a subset of the empty set, i.e. also empty.
Backtrace:
    ▆
 1. ├─testthat::expect_setequal(...) at test-shinytest2-filter_panel.R:48:3
 2. │ └─testthat::quasi_label(enquo(object), arg = "object")
 3. │   └─rlang::eval_bare(expr, quo_get_env(quo))
 4. └─app$get_active_data_filters("iris")
 5.   └─checkmate::assert_subset(dataset_name, datasets)
 6.     └─checkmate::makeAssertion(x, res, .var.name, add)
 7.       └─checkmate:::mstop(...)</error>
    </testcase>
    <testcase time="5.706" classname="shinytest2_filter_panel" name="e2e_filtering_a_module_specific_filter_is_not_refected_in_other_unshared_modules">
      <error type="error" message="Error in `app$get_active_data_filters(&quot;mtcars&quot;)`: Assertion on 'dataset_name' failed: Must be a subset of the empty set, i.e. also empty. ('test-shinytest2-filter_panel.R:87:3')">Error in `app$get_active_data_filters("mtcars")`: Assertion on 'dataset_name' failed: Must be a subset of the empty set, i.e. also empty.
Backtrace:
    ▆
 1. ├─testthat::expect_setequal(...) at test-shinytest2-filter_panel.R:87:3
 2. │ └─testthat::quasi_label(enquo(object), arg = "object")
 3. │   └─rlang::eval_bare(expr, quo_get_env(quo))
 4. └─app$get_active_data_filters("mtcars")
 5.   └─checkmate::assert_subset(dataset_name, datasets)
 6.     └─checkmate::makeAssertion(x, res, .var.name, add)
 7.       └─checkmate:::mstop(...)</error>
    </testcase>
  </testsuite>
  <testsuite name="shinytest2-init" timestamp="2024-07-19T10:34:14Z" hostname="b797c7a65b92" tests="17" skipped="0" failures="0" errors="0" time="11.58">
    <testcase time="3.006" classname="shinytest2_init" name="e2e_teal_app_initializes_with_no_errors"/>
    <testcase time="3.16" classname="shinytest2_init" name="e2e_teal_app_initializes_with_sessionInfo_modal"/>
    <testcase time="2.296" classname="shinytest2_init" name="e2e_teal_app_initializes_with_sessionInfo_modal"/>
    <testcase time="0.00399999999999778" classname="shinytest2_init" name="e2e_teal_app_initializes_with_sessionInfo_modal"/>
    <testcase time="0.00200000000000244" classname="shinytest2_init" name="e2e_teal_app_initializes_with_sessionInfo_modal"/>
    <testcase time="0.00399999999999778" classname="shinytest2_init" name="e2e_teal_app_initializes_with_sessionInfo_modal"/>
    <testcase time="0.000999999999997669" classname="shinytest2_init" name="e2e_teal_app_initializes_with_sessionInfo_modal"/>
    <testcase time="0.00400000000000489" classname="shinytest2_init" name="e2e_teal_app_initializes_with_sessionInfo_modal"/>
    <testcase time="0.000999999999997669" classname="shinytest2_init" name="e2e_teal_app_initializes_with_sessionInfo_modal"/>
    <testcase time="0.000999999999997669" classname="shinytest2_init" name="e2e_teal_app_initializes_with_sessionInfo_modal"/>
    <testcase time="0.00200000000000244" classname="shinytest2_init" name="e2e_teal_app_initializes_with_sessionInfo_modal"/>
    <testcase time="0.000999999999997669" classname="shinytest2_init" name="e2e_teal_app_initializes_with_sessionInfo_modal"/>
    <testcase time="0.00100000000000477" classname="shinytest2_init" name="e2e_teal_app_initializes_with_sessionInfo_modal"/>
    <testcase time="3.049" classname="shinytest2_init" name="e2e_init_creates_UI_containing_specified_title_favicon_header_and_footer"/>
    <testcase time="0.0329999999999941" classname="shinytest2_init" name="e2e_init_creates_UI_containing_specified_title_favicon_header_and_footer"/>
    <testcase time="0.00800000000000267" classname="shinytest2_init" name="e2e_init_creates_UI_containing_specified_title_favicon_header_and_footer"/>
    <testcase time="0.0069999999999979" classname="shinytest2_init" name="e2e_init_creates_UI_containing_specified_title_favicon_header_and_footer"/>
  </testsuite>
  <testsuite name="shinytest2-landing_popup" timestamp="2024-07-19T10:34:26Z" hostname="b797c7a65b92" tests="11" skipped="0" failures="0" errors="0" time="18.592">
    <testcase time="3.23" classname="shinytest2_landing_popup" name="e2e_teal_app_with_landing_popup_module_initializes_with_no_errors"/>
    <testcase time="3.062" classname="shinytest2_landing_popup" name="e2e_app_with_default_landing_popup_module_creates_modal_containing_a_button"/>
    <testcase time="5.786" classname="shinytest2_landing_popup" name="e2e_when_default_landing_popup_module_is_closed_it_shows_the_underlying_teal_app"/>
    <testcase time="3.311" classname="shinytest2_landing_popup" name="e2e_app_with_customized_landing_popup_module_creates_modal_containing_specified_title_content_and_buttons"/>
    <testcase time="0.00399999999999778" classname="shinytest2_landing_popup" name="e2e_app_with_customized_landing_popup_module_creates_modal_containing_specified_title_content_and_buttons"/>
    <testcase time="0.00500000000000256" classname="shinytest2_landing_popup" name="e2e_app_with_customized_landing_popup_module_creates_modal_containing_specified_title_content_and_buttons"/>
    <testcase time="0.00399999999999778" classname="shinytest2_landing_popup" name="e2e_app_with_customized_landing_popup_module_creates_modal_containing_specified_title_content_and_buttons"/>
    <testcase time="0.0129999999999981" classname="shinytest2_landing_popup" name="e2e_app_with_customized_landing_popup_module_creates_modal_containing_specified_title_content_and_buttons"/>
    <testcase time="0.00400000000000489" classname="shinytest2_landing_popup" name="e2e_app_with_customized_landing_popup_module_creates_modal_containing_specified_title_content_and_buttons"/>
    <testcase time="0.00999999999999801" classname="shinytest2_landing_popup" name="e2e_app_with_customized_landing_popup_module_creates_modal_containing_specified_title_content_and_buttons"/>
    <testcase time="3.163" classname="shinytest2_landing_popup" name="e2e_when_customized_button_in_landing_popup_module_is_clicked_it_redirects_to_a_certain_page"/>
  </testsuite>
  <testsuite name="shinytest2-module_bookmark_manager" timestamp="2024-07-19T10:34:44Z" hostname="b797c7a65b92" tests="4" skipped="0" failures="0" errors="0" time="21.309">
    <testcase time="4.636" classname="shinytest2_module_bookmark_manager" name="bookmark_manager_button_is_not_rendered_by_default"/>
    <testcase time="4.67400000000001" classname="shinytest2_module_bookmark_manager" name="bookmark_manager_button_is_not_rendered_when_enableBookmarking_url_"/>
    <testcase time="4.75099999999999" classname="shinytest2_module_bookmark_manager" name="bookmark_manager_button_is_rendered_when_enableBookmarking_server_"/>
    <testcase time="7.248" classname="shinytest2_module_bookmark_manager" name="bookmark_manager_button_shows_modal_with_url_containing_state_id_when_clicked"/>
  </testsuite>
  <testsuite name="shinytest2-modules" timestamp="2024-07-19T10:35:06Z" hostname="b797c7a65b92" tests="6" skipped="0" failures="4" errors="0" time="20.133">
    <testcase time="3.095" classname="shinytest2_modules" name="e2e_the_module_server_logic_is_only_triggered_when_the_teal_module_becomes_active"/>
    <testcase time="0.609999999999999" classname="shinytest2_modules" name="e2e_the_module_server_logic_is_only_triggered_when_the_teal_module_becomes_active">
      <failure type="failure" message="length(test_exports) not equal to 2. ('test-shinytest2-modules.R:35:3')">length(test_exports) not equal to 2.
1/1 mismatches
[1] 1 - 2 == -1</failure>
    </testcase>
    <testcase time="5.121" classname="shinytest2_modules" name="e2e_filter_panel_only_shows_the_data_supplied_using_datanames">
      <failure type="failure" message="app$get_active_filter_vars() not identical to &quot;mtcars&quot;. ('test-shinytest2-modules.R:49:3')">app$get_active_filter_vars() not identical to "mtcars".
target is NULL, current is character</failure>
    </testcase>
    <testcase time="5.12100000000001" classname="shinytest2_modules" name="e2e_filter_panel_shows_all_the_datasets_when_datanames_is_all">
      <failure type="failure" message="app$get_active_filter_vars() not identical to c(&quot;iris&quot;, &quot;mtcars&quot;). ('test-shinytest2-modules.R:65:3')">app$get_active_filter_vars() not identical to c("iris", "mtcars").
target is NULL, current is character</failure>
    </testcase>
    <testcase time="3.00099999999999" classname="shinytest2_modules" name="e2e_filter_panel_is_not_displayed_when_datanames_is_NULL">
      <failure type="failure" message="... %&gt;% rvest::html_attr(&quot;style&quot;) not identical to &quot;display: none;&quot;. ('test-shinytest2-modules.R:81:3')">... %&gt;% rvest::html_attr("style") not identical to "display: none;".
1/1 mismatches
x[1]: NA
y[1]: "display: none;"</failure>
    </testcase>
    <testcase time="3.185" classname="shinytest2_modules" name="e2e_all_the_nested_teal_modules_are_initiated_as_expected"/>
  </testsuite>
  <testsuite name="shinytest2-reporter" timestamp="2024-07-19T10:35:26Z" hostname="b797c7a65b92" tests="3" skipped="0" failures="0" errors="3" time="34.857">
    <testcase time="3.16500000000001" classname="shinytest2_reporter" name="e2e_reporter_tab_is_created_when_a_module_has_reporter">
      <error type="error" message="Error in `UseMethod(&quot;read_xml&quot;)`: no applicable method for 'read_xml' applied to an object of class &quot;NULL&quot; ('test-shinytest2-reporter.R:8:3')">Error in `UseMethod("read_xml")`: no applicable method for 'read_xml' applied to an object of class "NULL"
Backtrace:
    ▆
 1. ├─... %&gt;% rvest::html_elements("a") at test-shinytest2-reporter.R:8:3
 2. ├─rvest::html_elements(., "a")
 3. └─app$get_html_rvest(selector = "#teal-main_ui-root-active_tab")
 4.   ├─rvest::read_html(self$get_html(selector))
 5.   └─xml2:::read_html.default(self$get_html(selector))
 6.     ├─base::suppressWarnings(...)
 7.     │ └─base::withCallingHandlers(...)
 8.     └─xml2::read_xml(x, encoding = encoding, ..., as_html = TRUE, options = options)</error>
    </testcase>
    <testcase time="3.04299999999999" classname="shinytest2_reporter" name="e2e_reporter_tab_is_not_created_when_a_module_has_no_reporter">
      <error type="error" message="Error in `UseMethod(&quot;read_xml&quot;)`: no applicable method for 'read_xml' applied to an object of class &quot;NULL&quot; ('test-shinytest2-reporter.R:28:3')">Error in `UseMethod("read_xml")`: no applicable method for 'read_xml' applied to an object of class "NULL"
Backtrace:
    ▆
 1. ├─... %&gt;% rvest::html_elements("a") at test-shinytest2-reporter.R:28:3
 2. ├─rvest::html_elements(., "a")
 3. └─app$get_html_rvest(selector = "#teal-main_ui-root-active_tab")
 4.   ├─rvest::read_html(self$get_html(selector))
 5.   └─xml2:::read_html.default(self$get_html(selector))
 6.     ├─base::suppressWarnings(...)
 7.     │ └─base::withCallingHandlers(...)
 8.     └─xml2::read_xml(x, encoding = encoding, ..., as_html = TRUE, options = options)</error>
    </testcase>
    <testcase time="28.649" classname="shinytest2_reporter" name="e2e_adding_a_report_card_in_a_module_adds_it_in_the_report_previewer_tab">
      <error type="error" message="Error in `app_find_node_id(self, private, input = input, output = output,  ('test-shinytest2-reporter.R:70:3')">Error in `app_find_node_id(self, private, input = input, output = output, 
    selector = selector)`: Cannot find HTML element with selector #teal-teal_modules-module_with_reporter-module-pcards .accordion-toggle
Backtrace:
    ▆
 1. └─app$click(selector = accordian_selector) at test-shinytest2-reporter.R:70:3
 2.   └─super$click(...)
 3.     └─shinytest2:::app_click(...)
 4.       └─shinytest2:::app_find_node_id(self, private, input = input, output = output, selector = selector)
 5.         └─shinytest2:::app_abort(...)
 6.           └─rlang::abort(..., app = self, call = call)</error>
    </testcase>
  </testsuite>
  <testsuite name="shinytest2-show-rcode" timestamp="2024-07-19T10:36:01Z" hostname="b797c7a65b92" tests="9" skipped="0" failures="2" errors="0" time="5.374">
    <testcase time="3.03199999999998" classname="shinytest2_show_rcode" name="e2e_teal_app_initializes_with_Show_R_Code_modal"/>
    <testcase time="2.29300000000001" classname="shinytest2_show_rcode" name="e2e_teal_app_initializes_with_Show_R_Code_modal"/>
    <testcase time="0.00399999999999068" classname="shinytest2_show_rcode" name="e2e_teal_app_initializes_with_Show_R_Code_modal"/>
    <testcase time="0.00100000000000477" classname="shinytest2_show_rcode" name="e2e_teal_app_initializes_with_Show_R_Code_modal"/>
    <testcase time="0.0040000000000191" classname="shinytest2_show_rcode" name="e2e_teal_app_initializes_with_Show_R_Code_modal"/>
    <testcase time="0.00399999999999068" classname="shinytest2_show_rcode" name="e2e_teal_app_initializes_with_Show_R_Code_modal"/>
    <testcase time="0.00600000000000023" classname="shinytest2_show_rcode" name="e2e_teal_app_initializes_with_Show_R_Code_modal">
      <failure type="failure" message="`r_code` does not match &quot;# Add any code to install/load your NEST environment here&quot;. ('test-shinytest2-show-rcode.R:48:3')">`r_code` does not match "# Add any code to install/load your NEST environment here".
Actual value: "iris &lt;- iris\nmtcars &lt;- mtcars\n\nstopifnot(rlang::hash(iris) == "34844aba7bde36f5a34f6d8e39803508")\nstopifnot(rlang::hash(mtcars) == "d0487363db4e6cc64fdb740cb6617fc0")\niris_raw &lt;- iris\nmtcars_raw &lt;- mtcars"
Backtrace:
    ▆
 1. └─testthat::expect_match(...) at test-shinytest2-show-rcode.R:48:3
 2.   └─testthat:::expect_match_(...)</failure>
    </testcase>
    <testcase time="0.0159999999999911" classname="shinytest2_show_rcode" name="e2e_teal_app_initializes_with_Show_R_Code_modal">
      <failure type="failure" message="`r_code` does not match &quot;library(teal.code)&quot;. ('test-shinytest2-show-rcode.R:49:3')">`r_code` does not match "library(teal.code)".
Actual value: "iris &lt;- iris\nmtcars &lt;- mtcars\n\nstopifnot(rlang::hash(iris) == "34844aba7bde36f5a34f6d8e39803508")\nstopifnot(rlang::hash(mtcars) == "d0487363db4e6cc64fdb740cb6617fc0")\niris_raw &lt;- iris\nmtcars_raw &lt;- mtcars"
Backtrace:
    ▆
 1. └─testthat::expect_match(r_code, "library(teal.code)", fixed = TRUE) at test-shinytest2-show-rcode.R:49:3
 2.   └─testthat:::expect_match_(...)</failure>
    </testcase>
    <testcase time="0.01400000000001" classname="shinytest2_show_rcode" name="e2e_teal_app_initializes_with_Show_R_Code_modal"/>
  </testsuite>
  <testsuite name="shinytest2-teal_data_module" timestamp="2024-07-19T10:36:06Z" hostname="b797c7a65b92" tests="3" skipped="0" failures="0" errors="3" time="8.226">
    <testcase time="2.733" classname="shinytest2_teal_data_module" name="e2e_teal_data_module_will_have_a_delayed_load_of_datasets">
      <error type="error" message="Error in `app_find_node_id(self, private, input = input, output = output,  ('test-shinytest2-teal_data_module.R:31:3')">Error in `app_find_node_id(self, private, input = input, output = output, 
    selector = selector)`: Cannot find HTML element with selector #teal_data_module-submit.shiny-bound-input
Backtrace:
    ▆
 1. └─app$click("teal_data_module-submit") at test-shinytest2-teal_data_module.R:31:3
 2.   └─super$click(...)
 3.     └─shinytest2:::app_click(...)
 4.       └─shinytest2:::app_find_node_id(self, private, input = input, output = output, selector = selector)
 5.         └─shinytest2:::app_abort(...)
 6.           └─rlang::abort(..., app = self, call = call)</error>
    </testcase>
    <testcase time="2.74099999999999" classname="shinytest2_teal_data_module" name="e2e_teal_data_module_shows_validation_errors">
      <error type="error" message="Error in `app_find_node_id(self, private, input = input, output = output,  ('test-shinytest2-teal_data_module.R:66:3')">Error in `app_find_node_id(self, private, input = input, output = output, 
    selector = selector)`: Cannot find HTML element with selector #teal_data_module-submit.shiny-bound-input
Backtrace:
    ▆
 1. └─app$click("teal_data_module-submit") at test-shinytest2-teal_data_module.R:66:3
 2.   └─super$click(...)
 3.     └─shinytest2:::app_click(...)
 4.       └─shinytest2:::app_find_node_id(self, private, input = input, output = output, selector = selector)
 5.         └─shinytest2:::app_abort(...)
 6.           └─rlang::abort(..., app = self, call = call)</error>
    </testcase>
    <testcase time="2.75200000000001" classname="shinytest2_teal_data_module" name="e2e_teal_data_module_inputs_change_teal_data_object_that_is_passed_to_teal_main_UI">
      <error type="error" message="Error in `app_find_node_id(self, private, input = input, output = output,  ('test-shinytest2-teal_data_module.R:111:3')">Error in `app_find_node_id(self, private, input = input, output = output, 
    selector = selector)`: Cannot find HTML element with selector #teal_data_module-submit.shiny-bound-input
Backtrace:
    ▆
 1. └─app$click("teal_data_module-submit") at test-shinytest2-teal_data_module.R:111:3
 2.   └─super$click(...)
 3.     └─shinytest2:::app_click(...)
 4.       └─shinytest2:::app_find_node_id(self, private, input = input, output = output, selector = selector)
 5.         └─shinytest2:::app_abort(...)
 6.           └─rlang::abort(..., app = self, call = call)</error>
    </testcase>
  </testsuite>
  <testsuite name="shinytest2-teal_slices" timestamp="2024-07-19T10:36:14Z" hostname="b797c7a65b92" tests="2" skipped="0" failures="0" errors="2" time="12.258">
    <testcase time="6.387" classname="shinytest2_teal_slices" name="e2e_teal_slices_filters_are_initialized_when_global_filters_are_created">
      <error type="error" message="Error in `app$get_active_data_filters(&quot;iris&quot;)`: Assertion on 'dataset_name' failed: Must be a subset of the empty set, i.e. also empty. ('test-shinytest2-teal_slices.R:17:3')">Error in `app$get_active_data_filters("iris")`: Assertion on 'dataset_name' failed: Must be a subset of the empty set, i.e. also empty.
Backtrace:
    ▆
 1. ├─testthat::expect_setequal(...) at test-shinytest2-teal_slices.R:17:3
 2. │ └─testthat::quasi_label(enquo(object), arg = "object")
 3. │   └─rlang::eval_bare(expr, quo_get_env(quo))
 4. └─app$get_active_data_filters("iris")
 5.   └─checkmate::assert_subset(dataset_name, datasets)
 6.     └─checkmate::makeAssertion(x, res, .var.name, add)
 7.       └─checkmate:::mstop(...)</error>
    </testcase>
    <testcase time="5.87100000000001" classname="shinytest2_teal_slices" name="e2e_teal_slices_filters_are_initialized_when_module_specific_filters_are_created">
      <error type="error" message="Error in `app$get_active_data_filters(&quot;iris&quot;)`: Assertion on 'dataset_name' failed: Must be a subset of the empty set, i.e. also empty. ('test-shinytest2-teal_slices.R:65:3')">Error in `app$get_active_data_filters("iris")`: Assertion on 'dataset_name' failed: Must be a subset of the empty set, i.e. also empty.
Backtrace:
    ▆
 1. ├─testthat::expect_setequal(...) at test-shinytest2-teal_slices.R:65:3
 2. │ └─testthat::quasi_label(enquo(object), arg = "object")
 3. │   └─rlang::eval_bare(expr, quo_get_env(quo))
 4. └─app$get_active_data_filters("iris")
 5.   └─checkmate::assert_subset(dataset_name, datasets)
 6.     └─checkmate::makeAssertion(x, res, .var.name, add)
 7.       └─checkmate:::mstop(...)</error>
    </testcase>
  </testsuite>
  <testsuite name="shinytest2-utils" timestamp="2024-07-19T10:36:27Z" hostname="b797c7a65b92" tests="4" skipped="0" failures="1" errors="0" time="5.225">
    <testcase time="3.03299999999999" classname="shinytest2_utils" name="e2e_show_hide_hamburger_works_as_expected"/>
    <testcase time="0.0840000000000032" classname="shinytest2_utils" name="e2e_show_hide_hamburger_works_as_expected">
      <failure type="failure" message="grepl(&quot;display: block;&quot;, secondary_attrs$style) is not TRUE ('test-shinytest2-utils.R:21:3')">grepl("display: block;", secondary_attrs$style) is not TRUE

`actual`:   FALSE
`expected`: TRUE </failure>
    </testcase>
    <testcase time="2.10499999999999" classname="shinytest2_utils" name="e2e_show_hide_hamburger_works_as_expected"/>
    <testcase time="0.00300000000001432" classname="shinytest2_utils" name="e2e_show_hide_hamburger_works_as_expected"/>
  </testsuite>
  <testsuite name="shinytest2-wunder_bar" timestamp="2024-07-19T10:36:32Z" hostname="b797c7a65b92" tests="4" skipped="0" failures="0" errors="0" time="11.612">
    <testcase time="3.09199999999998" classname="shinytest2_wunder_bar" name="wunder_bar_srv_clicking_filter_icon_opens_filter_manager_modal"/>
    <testcase time="2.721" classname="shinytest2_wunder_bar" name="wunder_bar_srv_clicking_filter_icon_opens_filter_manager_modal"/>
    <testcase time="3.06399999999999" classname="shinytest2_wunder_bar" name="wunder_bar_srv_clicking_snapshot_icon_opens_snapshot_manager_modal"/>
    <testcase time="2.73500000000001" classname="shinytest2_wunder_bar" name="wunder_bar_srv_clicking_snapshot_icon_opens_snapshot_manager_modal"/>
  </testsuite>
  <testsuite name="snapshot_manager" timestamp="2024-07-19T10:36:43Z" hostname="b797c7a65b92" tests="1" skipped="0" failures="0" errors="1" time="0.038">
    <testcase time="0.0380000000000109" classname="snapshot_manager" name="snapshot_manager_holds_initial_state_in_history">
      <error type="error" message="Error in `eval(code, test_env)`: object 'snapshot_manager_srv' not found ('test-snapshot_manager.R:29:3')">Error in `eval(code, test_env)`: object 'snapshot_manager_srv' not found
Backtrace:
    ▆
 1. └─shiny::testServer(...) at test-snapshot_manager.R:29:3
 2.   └─shiny:::isModuleServer(app)</error>
    </testcase>
  </testsuite>
  <testsuite name="tdata" timestamp="2024-07-19T10:36:43Z" hostname="b797c7a65b92" tests="41" skipped="0" failures="0" errors="0" time="4.844">
    <testcase time="4.517" classname="tdata" name="new_tdata_accepts_reactive_and_not_reactive_MAE_and_data.frames"/>
    <testcase time="0.00799999999998136" classname="tdata" name="new_tdata_throws_error_if_data_is_not_a_list_with_unique_names"/>
    <testcase time="0.00500000000002387" classname="tdata" name="new_tdata_throws_error_if_data_is_not_a_list_with_unique_names"/>
    <testcase time="0.00499999999999545" classname="tdata" name="new_tdata_throws_error_if_data_is_not_a_list_with_unique_names"/>
    <testcase time="0.00600000000000023" classname="tdata" name="new_tdata_throws_error_if_contents_of_data_list_are_not_of_correct_type"/>
    <testcase time="0.007000000000005" classname="tdata" name="new_tdata_throws_error_if_code_is_not_character_or_reactive_character"/>
    <testcase time="0.00699999999997658" classname="tdata" name="new_tdata_throws_error_if_code_is_not_character_or_reactive_character"/>
    <testcase time="0.00500000000002387" classname="tdata" name="new_tdata_accepts_character_and_reactive_characters_for_code_argument"/>
    <testcase time="0.00399999999999068" classname="tdata" name="new_tdata_accepts_character_and_reactive_characters_for_code_argument"/>
    <testcase time="0.007000000000005" classname="tdata" name="new_tdata_throws_error_if_join_keys_is_not_of_class_join_keys"/>
    <testcase time="0.00399999999999068" classname="tdata" name="new_tdata_throws_no_error_if_join_keys_is_of_class_join_keys"/>
    <testcase time="0.007000000000005" classname="tdata" name="new_tdata_throws_error_if_metadata_is_not_a_list_with_unique_names_a_subset_of_the_names_of_data"/>
    <testcase time="0.00600000000000023" classname="tdata" name="new_tdata_throws_error_if_metadata_is_not_a_list_with_unique_names_a_subset_of_the_names_of_data"/>
    <testcase time="0.00499999999999545" classname="tdata" name="new_tdata_throws_error_if_metadata_is_not_a_list_with_unique_names_a_subset_of_the_names_of_data"/>
    <testcase time="0.00600000000000023" classname="tdata" name="new_tdata_does_not_throw_error_with_valid_metadata"/>
    <testcase time="0.00800000000000978" classname="tdata" name="get_metadata_returns_NULL_if_no_metadata"/>
    <testcase time="0.00699999999997658" classname="tdata" name="get_metadata_returns_NULL_if_no_metadata_for_given_dataset"/>
    <testcase time="0.007000000000005" classname="tdata" name="get_metadata_returns_metadata_for_given_dataset"/>
    <testcase time="0.00800000000000978" classname="tdata" name="get_metadata_returns_NULL_if_dataset_doesn_t_exist"/>
    <testcase time="0.007000000000005" classname="tdata" name="get_code_returns_empty_character_if_tdata_object_has_no_code"/>
    <testcase time="0.00799999999998136" classname="tdata" name="get_code_returns_character_of_code_if_tdata_object_has_code"/>
    <testcase time="0.00500000000002387" classname="tdata" name="get_code_returns_character_of_code_if_tdata_object_has_code"/>
    <testcase time="0.00600000000000023" classname="tdata" name="get_code_tdata_accepts_tdata"/>
    <testcase time="0.00999999999999091" classname="tdata" name="get_code_tdata_throws_error_when_input_is_not_tdata"/>
    <testcase time="0.007000000000005" classname="tdata" name="get_code_tdata_throws_error_when_input_is_not_tdata"/>
    <testcase time="0.00600000000000023" classname="tdata" name="get_code_tdata_returns_character_code"/>
    <testcase time="0.0459999999999923" classname="tdata" name="tdata2env_returns_environment_containing_tdata_contents_"/>
    <testcase time="0.00200000000000955" classname="tdata" name="tdata2env_returns_environment_containing_tdata_contents_"/>
    <testcase time="0.0339999999999918" classname="tdata" name="tdata2env_returns_environment_containing_tdata_contents_"/>
    <testcase time="0.00899999999998613" classname="tdata" name="tdata2env_throws_error_if_argument_is_not_tdata"/>
    <testcase time="0.00800000000000978" classname="tdata" name="join_keys_returns_NULL_if_no_join_keys_object_exists_inside_tdata"/>
    <testcase time="0.00900000000001455" classname="tdata" name="join_keys_returns_join_keys_object_if_it_exists_inside_tdata"/>
    <testcase time="0.00799999999998136" classname="tdata" name="as_tdata_accepts_all_possible_inputs"/>
    <testcase time="0.00600000000000023" classname="tdata" name="as_tdata_accepts_all_possible_inputs"/>
    <testcase time="0.00800000000000978" classname="tdata" name="as_tdata_accepts_all_possible_inputs"/>
    <testcase time="0.0120000000000005" classname="tdata" name="as_tdata_always_returns_tdata_object"/>
    <testcase time="0.00100000000000477" classname="tdata" name="as_tdata_always_returns_tdata_object"/>
    <testcase time="0.00199999999998113" classname="tdata" name="as_tdata_always_returns_tdata_object"/>
    <testcase time="0.00800000000000978" classname="tdata" name="datasets_are_maintained_during_conversion"/>
    <testcase time="0.00499999999999545" classname="tdata" name="datasets_are_maintained_during_conversion"/>
    <testcase time="0.00800000000000978" classname="tdata" name="as_tdata_maintains_code_during_conversion"/>
  </testsuite>
  <testsuite name="teal_data_module-eval_code" timestamp="2024-07-19T10:36:48Z" hostname="b797c7a65b92" tests="16" skipped="0" failures="0" errors="0" time="0.136">
    <testcase time="0.00799999999998136" classname="teal_data_module_eval_code" name="within.teal_data_module_returns_an_object_with_teal_data_module_class"/>
    <testcase time="0.0040000000000191" classname="teal_data_module_eval_code" name="eval_code.teal_data_module_ui_has_modified_namespace_for_id"/>
    <testcase time="0.00199999999998113" classname="teal_data_module_eval_code" name="eval_code.teal_data_module_ui_has_modified_namespace_for_id"/>
    <testcase time="0.00100000000000477" classname="teal_data_module_eval_code" name="eval_code.teal_data_module_ui_has_modified_namespace_for_id"/>
    <testcase time="0.0160000000000196" classname="teal_data_module_eval_code" name="within.teal_data_module_modifies_the_reactive_tea_data_object"/>
    <testcase time="0.000999999999976353" classname="teal_data_module_eval_code" name="within.teal_data_module_modifies_the_reactive_tea_data_object"/>
    <testcase time="0.0180000000000007" classname="teal_data_module_eval_code" name="eval_code.teal_data_module_will_execute_several_times_until_error"/>
    <testcase time="0.0110000000000241" classname="teal_data_module_eval_code" name="eval_code.teal_data_module_will_execute_several_times_until_error"/>
    <testcase time="0.00199999999998113" classname="teal_data_module_eval_code" name="eval_code.teal_data_module_will_execute_several_times_until_error"/>
    <testcase time="0.0320000000000107" classname="teal_data_module_eval_code" name="eval_code.teal_data_module_throws_error_when_original_teal_data_module_result_is_not_reactive"/>
    <testcase time="0.0130000000000052" classname="teal_data_module_eval_code" name="eval_code.teal_data_module_propagates_qenv_error_from_the_original_first_call"/>
    <testcase time="0.00199999999998113" classname="teal_data_module_eval_code" name="eval_code.teal_data_module_propagates_qenv_error_from_the_original_first_call"/>
    <testcase time="0.0109999999999957" classname="teal_data_module_eval_code" name="eval_code.teal_data_module_handles_an_arbitrary_object_other_than_teal_data_or_qenv.error_"/>
    <testcase time="0.00100000000000477" classname="teal_data_module_eval_code" name="eval_code.teal_data_module_handles_an_arbitrary_object_other_than_teal_data_or_qenv.error_"/>
    <testcase time="0.0120000000000005" classname="teal_data_module_eval_code" name="eval_code.teal_data_module_handles_a_NULL_result"/>
    <testcase time="0.00200000000000955" classname="teal_data_module_eval_code" name="eval_code.teal_data_module_handles_a_NULL_result"/>
  </testsuite>
  <testsuite name="teal_data_module" timestamp="2024-07-19T10:36:48Z" hostname="b797c7a65b92" tests="3" skipped="0" failures="0" errors="0" time="0.018">
    <testcase time="0.00499999999999545" classname="teal_data_module" name="teal_data_module_returns_teal_data_module"/>
    <testcase time="0.007000000000005" classname="teal_data_module" name="teal_data_module_throws_when_ui_has_other_formals_than_id_only"/>
    <testcase time="0.00600000000000023" classname="teal_data_module" name="teal_data_module_throws_when_server_has_other_formals_than_id_only"/>
  </testsuite>
  <testsuite name="teal_reporter" timestamp="2024-07-19T10:36:48Z" hostname="b797c7a65b92" tests="25" skipped="0" failures="0" errors="0" time="0.12">
    <testcase time="0.00999999999999091" classname="teal_reporter" name="TealReportCard_object_can_be_initialized"/>
    <testcase time="0.0040000000000191" classname="teal_reporter" name="TealReportCard_inherits_from_ReportCard"/>
    <testcase time="0.00499999999999545" classname="teal_reporter" name="TealReportCard_new_returns_an_object_of_type_TealReportCard"/>
    <testcase time="0.00999999999999091" classname="teal_reporter" name="TealReportCard_get_content_returns_content_with_metadata"/>
    <testcase time="0.00100000000000477" classname="teal_reporter" name="TealReportCard_get_content_returns_content_with_metadata"/>
    <testcase time="0.00100000000000477" classname="teal_reporter" name="TealReportCard_get_content_returns_content_with_metadata"/>
    <testcase time="0.00100000000000477" classname="teal_reporter" name="TealReportCard_get_content_returns_content_with_metadata"/>
    <testcase time="0.000999999999976353" classname="teal_reporter" name="TealReportCard_get_content_returns_content_with_metadata"/>
    <testcase time="0.0040000000000191" classname="teal_reporter" name="TealReportCard_append_src_accepts_a_character"/>
    <testcase time="0.00399999999999068" classname="teal_reporter" name="TealReportCard_append_src_returns_self"/>
    <testcase time="0.00300000000001432" classname="teal_reporter" name="TealReportCard_append_src_returns_title_and_content"/>
    <testcase time="0.00399999999999068" classname="teal_reporter" name="TealReportCard_append_encodings_accepts_list_of_character"/>
    <testcase time="0.00399999999999068" classname="teal_reporter" name="TealReportCard_append_encodings_returns_self"/>
    <testcase time="0.0040000000000191" classname="teal_reporter" name="TealReportCard_append_encodings_returns_title_and_content"/>
    <testcase time="0.00199999999998113" classname="teal_reporter" name="TealReportCard_append_encodings_returns_title_and_content"/>
    <testcase time="0.007000000000005" classname="teal_reporter" name="TealReportCard_append_fs_accepts_only_a_teal_slices"/>
    <testcase time="0.007000000000005" classname="teal_reporter" name="TealReportCard_append_fs_accepts_only_a_teal_slices"/>
    <testcase time="0.007000000000005" classname="teal_reporter" name="TealReportCard_append_fs_returns_self"/>
    <testcase time="0.00699999999997658" classname="teal_reporter" name="TealReportCard_append_fs_returns_title_and_content"/>
    <testcase time="0.00300000000001432" classname="teal_reporter" name="TealReportCard_append_fs_returns_title_and_content"/>
    <testcase time="0.00399999999999068" classname="teal_reporter" name="TealSlicesBlock_new_accepts_teal_slices_only"/>
    <testcase time="0.00499999999999545" classname="teal_reporter" name="TealSlicesBlock_new_accepts_teal_slices_only"/>
    <testcase time="0.007000000000005" classname="teal_reporter" name="TealSlicesBlock_get_content_returns_yaml_character"/>
    <testcase time="0.007000000000005" classname="teal_reporter" name="TealSlicesBlock_to_list_returns_list_containing_teal_slices"/>
    <testcase time="0.00800000000000978" classname="teal_reporter" name="TealSlicesBlock_from_list_retains_states_from_a_list"/>
  </testsuite>
  <testsuite name="teal_slices-store" timestamp="2024-07-19T10:36:49Z" hostname="b797c7a65b92" tests="15" skipped="0" failures="0" errors="0" time="0.141">
    <testcase time="0.0409999999999968" classname="teal_slices_store" name="teal_slice_store_restore_supports_NULL_and_character_0_for_choices_and_selected"/>
    <testcase time="0.0029999999999859" classname="teal_slices_store" name="teal_slice_store_restore_supports_NULL_and_character_0_for_choices_and_selected"/>
    <testcase time="0.0040000000000191" classname="teal_slices_store" name="teal_slice_store_restore_supports_NULL_and_character_0_for_choices_and_selected"/>
    <testcase time="0.0120000000000005" classname="teal_slices_store" name="teal_slice_store_restore_supports_saving_POSIXct_timestamps_in_selected"/>
    <testcase time="0.00399999999999068" classname="teal_slices_store" name="teal_slice_store_restore_supports_saving_POSIXct_timestamps_in_selected"/>
    <testcase time="0.0120000000000005" classname="teal_slices_store" name="teal_slice_store_restore_supports_saving_Date_dates_in_selected"/>
    <testcase time="0.00300000000001432" classname="teal_slices_store" name="teal_slice_store_restore_supports_saving_Date_dates_in_selected"/>
    <testcase time="0.0129999999999768" classname="teal_slices_store" name="teal_slice_store_restore_supports_saving_POSIXct_timestamps_in_choices"/>
    <testcase time="0.00300000000001432" classname="teal_slices_store" name="teal_slice_store_restore_supports_saving_POSIXct_timestamps_in_choices"/>
    <testcase time="0.0120000000000005" classname="teal_slices_store" name="teal_slice_store_restore_supports_saving_Date_timestamps_in_choices"/>
    <testcase time="0.0029999999999859" classname="teal_slices_store" name="teal_slice_store_restore_supports_saving_Date_timestamps_in_choices"/>
    <testcase time="0.0130000000000052" classname="teal_slices_store" name="teal_slice_store_restore_restores_mixed_Date_characters_as_characters_in_selected"/>
    <testcase time="0.0130000000000052" classname="teal_slices_store" name="teal_slice_store_restore_restores_characters_as_characters_in_selected_and_choices"/>
    <testcase time="0.00200000000000955" classname="teal_slices_store" name="teal_slice_store_restore_restores_characters_as_characters_in_selected_and_choices"/>
    <testcase time="0.0029999999999859" classname="teal_slices_store" name="teal_slice_store_restore_restores_characters_as_characters_in_selected_and_choices"/>
  </testsuite>
  <testsuite name="teal_slices" timestamp="2024-07-19T10:36:49Z" hostname="b797c7a65b92" tests="18" skipped="0" failures="0" errors="0" time="0.167">
    <testcase time="0.007000000000005" classname="teal_slices" name="teal_slices_produces_teal_slices_object_with_teal_specific_attributes"/>
    <testcase time="0.00100000000000477" classname="teal_slices" name="teal_slices_produces_teal_slices_object_with_teal_specific_attributes"/>
    <testcase time="0.00199999999998113" classname="teal_slices" name="teal_slices_produces_teal_slices_object_with_teal_specific_attributes"/>
    <testcase time="0.00200000000000955" classname="teal_slices" name="teal_slices_produces_teal_slices_object_with_teal_specific_attributes"/>
    <testcase time="0.00499999999999545" classname="teal_slices" name="teal_slices_fails_when_inexisting_teal_slice_id_is_specified_in_mapping"/>
    <testcase time="0.007000000000005" classname="teal_slices" name="teal_slices_fails_when_inexisting_teal_slice_id_is_specified_in_mapping"/>
    <testcase time="0.00800000000000978" classname="teal_slices" name="teal_slices_processes_filter_mapping"/>
    <testcase time="0.007000000000005" classname="teal_slices" name="teal_slices_processes_filter_mapping"/>
    <testcase time="0.0659999999999741" classname="teal_slices" name="teal_slices_drops_non_global_filters_if_module_specific_FALSE"/>
    <testcase time="0.00900000000001455" classname="teal_slices" name="teal_slices_drops_non_global_filters_if_module_specific_FALSE"/>
    <testcase time="0.0180000000000007" classname="teal_slices" name="deep_copy_filters_copies_teal_slice_changes_pointer_of_teal_slice_object_but_values_remain_the_same"/>
    <testcase time="0.00499999999999545" classname="teal_slices" name="deep_copy_filters_copies_teal_slice_changes_pointer_of_teal_slice_object_but_values_remain_the_same"/>
    <testcase time="0.007000000000005" classname="teal_slices" name="teal_slices_mapping_should_be_an_empty_list_or_a_named_list_or_missing"/>
    <testcase time="0.00399999999999068" classname="teal_slices" name="teal_slices_mapping_should_be_an_empty_list_or_a_named_list_or_missing"/>
    <testcase time="0.00300000000001432" classname="teal_slices" name="teal_slices_mapping_should_be_an_empty_list_or_a_named_list_or_missing"/>
    <testcase time="0.00600000000000023" classname="teal_slices" name="teal_slices_mapping_should_be_an_empty_list_or_a_named_list_or_missing"/>
    <testcase time="0.00499999999999545" classname="teal_slices" name="teal_slices_mapping_should_be_an_empty_list_or_a_named_list_or_missing"/>
    <testcase time="0.00499999999999545" classname="teal_slices" name="teal_slices_mapping_should_be_an_empty_list_or_a_named_list_or_missing"/>
  </testsuite>
  <testsuite name="utils" timestamp="2024-07-19T10:36:49Z" hostname="b797c7a65b92" tests="37" skipped="0" failures="0" errors="0" time="63.668">
    <testcase time="0.00800000000000978" classname="utils" name="get_teal_bs_theme"/>
    <testcase time="0.0199999999999818" classname="utils" name="get_teal_bs_theme"/>
    <testcase time="0.00200000000000955" classname="utils" name="get_teal_bs_theme"/>
    <testcase time="0.00100000000000477" classname="utils" name="get_teal_bs_theme"/>
    <testcase time="0.0120000000000005" classname="utils" name="report_card_template_function_returns_TealReportCard_object_with_appropriate_content_and_labels"/>
    <testcase time="0.000999999999976353" classname="utils" name="report_card_template_function_returns_TealReportCard_object_with_appropriate_content_and_labels"/>
    <testcase time="0.00100000000000477" classname="utils" name="report_card_template_function_returns_TealReportCard_object_with_appropriate_content_and_labels"/>
    <testcase time="0.00200000000000955" classname="utils" name="report_card_template_function_returns_TealReportCard_object_with_appropriate_content_and_labels"/>
    <testcase time="0.00100000000000477" classname="utils" name="report_card_template_function_returns_TealReportCard_object_with_appropriate_content_and_labels"/>
    <testcase time="0.00199999999998113" classname="utils" name="report_card_template_function_returns_TealReportCard_object_with_appropriate_content_and_labels"/>
    <testcase time="0.0120000000000005" classname="utils" name="teal_data_to_filtered_data_return_FilteredData_class"/>
    <testcase time="0.0040000000000191" classname="utils" name="teal_data_datanames_returns_names_of_the_env_s_objects_when_datanames_not_set"/>
    <testcase time="0.00499999999999545" classname="utils" name="teal_data_datanames_returns_datanames_which_are_set_by_teal.data_datanames"/>
    <testcase time="0.162000000000006" classname="utils" name="modules_datasets_returns_correct_structure"/>
    <testcase time="0.00499999999999545" classname="utils" name="validate_app_title_tag_works_on_validating_the_title_tag"/>
    <testcase time="0.00399999999999068" classname="utils" name="validate_app_title_tag_works_on_validating_the_title_tag"/>
    <testcase time="0.00499999999999545" classname="utils" name="validate_app_title_tag_works_on_validating_the_title_tag"/>
    <testcase time="0.0040000000000191" classname="utils" name="validate_app_title_tag_works_on_validating_the_title_tag"/>
    <testcase time="0.00399999999999068" classname="utils" name="validate_app_title_tag_works_on_validating_the_title_tag"/>
    <testcase time="0.00399999999999068" classname="utils" name="build_app_title_builts_a_valid_tag"/>
    <testcase time="0.00200000000000955" classname="utils" name="build_app_title_builts_a_valid_tag"/>
    <testcase time="0.00399999999999068" classname="utils" name="create_app_id_data_accepts_teal_data_or_teal_data_module"/>
    <testcase time="0.00200000000000955" classname="utils" name="create_app_id_data_accepts_teal_data_or_teal_data_module"/>
    <testcase time="0.00399999999999068" classname="utils" name="create_app_id_data_accepts_teal_data_or_teal_data_module"/>
    <testcase time="0.0040000000000191" classname="utils" name="create_app_id_modules_accepts_modules"/>
    <testcase time="0.00499999999999545" classname="utils" name="create_app_id_modules_accepts_modules"/>
    <testcase time="0.00399999999999068" classname="utils" name="create_app_id_returns_a_character_string"/>
    <testcase time="0.551999999999992" classname="utils" name="create_app_id_returns_different_hash_for_different_data"/>
    <testcase time="0.0100000000000193" classname="utils" name="create_app_id_returns_different_hash_for_different_modules"/>
    <testcase time="0.0029999999999859" classname="utils" name="defunction_returns_a_string_when_passed_a_function"/>
    <testcase time="0.00300000000001432" classname="utils" name="defunction_returns_non_function_atomic_as_is"/>
    <testcase time="0.00199999999998113" classname="utils" name="defunction_returns_non_function_atomic_as_is"/>
    <testcase time="0.00100000000000477" classname="utils" name="defunction_returns_non_function_atomic_as_is"/>
    <testcase time="0.00100000000000477" classname="utils" name="defunction_returns_non_function_atomic_as_is"/>
    <testcase time="0.0029999999999859" classname="utils" name="defunction_recursively_goes_down_a_list"/>
    <testcase time="62.789" classname="utils" name="create_renv_lockfile_creates_a_lock_file_during_the_execution"/>
    <testcase time="0.0200000000000102" classname="utils" name="create_renv_lockfile_creates_a_lock_file_during_the_execution"/>
  </testsuite>
  <testsuite name="validate_has_data" timestamp="2024-07-19T10:37:53Z" hostname="b797c7a65b92" tests="17" skipped="0" failures="0" errors="0" time="0.096">
    <testcase time="0.0169999999999959" classname="validate_has_data" name="validate_has_data_throws_no_error_when_data_has_at_least_as_many_rows_as_min_nrow"/>
    <testcase time="0.00199999999998113" classname="validate_has_data" name="validate_has_data_throws_no_error_when_data_has_at_least_as_many_rows_as_min_nrow"/>
    <testcase time="0.00600000000000023" classname="validate_has_data" name="validate_has_data_throws_error_when_min_nrow_rows_of_data"/>
    <testcase time="0.0040000000000191" classname="validate_has_data" name="validate_has_data_accepts_logical_complete_argument"/>
    <testcase time="0.00199999999998113" classname="validate_has_data" name="validate_has_data_accepts_logical_complete_argument"/>
    <testcase time="0.00600000000000023" classname="validate_has_data" name="validate_has_data_throws_error_when_data_has_NA_and_complete_is_set_to_TRUE"/>
    <testcase time="0.0040000000000191" classname="validate_has_data" name="validate_has_data_accepts_logical_allow_inf_argument"/>
    <testcase time="0.00499999999999545" classname="validate_has_data" name="validate_has_data_accepts_logical_allow_inf_argument"/>
    <testcase time="0.00600000000000023" classname="validate_has_data" name="validate_has_data_accepts_throws_error_when_data_has_Inf_values_and_allow_inf_is_set_to_FALSE"/>
    <testcase time="0.007000000000005" classname="validate_has_data" name="validate_has_data_accepts_throws_error_when_data_has_Inf_values_and_allow_inf_is_set_to_FALSE"/>
    <testcase time="0.00399999999999068" classname="validate_has_data" name="validate_has_data_accepts_throws_error_when_data_has_Inf_values_and_allow_inf_is_set_to_FALSE"/>
    <testcase time="0.00399999999999068" classname="validate_has_data" name="validate_has_data_allow_inf_argument_ignores_non_numeric_columns"/>
    <testcase time="0.00499999999999545" classname="validate_has_data" name="validate_has_data_allow_inf_argument_ignores_non_numeric_columns"/>
    <testcase time="0.00600000000000023" classname="validate_has_data" name="validate_has_data_returns_message_when_msg_argument_is_set"/>
    <testcase time="0.007000000000005" classname="validate_has_data" name="validate_has_data_returns_message_msg_argument_is_set_and_complete_is_set_to_TRUE"/>
    <testcase time="0.00600000000000023" classname="validate_has_data" name="validate_has_data_returns_throws_error_with_non_character_msg_input"/>
    <testcase time="0.00499999999999545" classname="validate_has_data" name="validate_has_data_returns_throws_error_with_non_character_msg_input"/>
  </testsuite>
  <testsuite name="validate_inputs" timestamp="2024-07-19T10:37:53Z" hostname="b797c7a65b92" tests="36" skipped="0" failures="0" errors="0" time="0.507">
    <testcase time="0.0100000000000193" classname="validate_inputs" name="invalid_arguments_raise_errors"/>
    <testcase time="0.00399999999999068" classname="validate_inputs" name="invalid_arguments_raise_errors"/>
    <testcase time="0.0190000000000055" classname="validate_inputs" name="disabled_validators_raise_warnings_individual_validators_"/>
    <testcase time="0.0159999999999911" classname="validate_inputs" name="disabled_validators_raise_warnings_validator_list_"/>
    <testcase time="0.0159999999999911" classname="validate_inputs" name="disabled_validators_raise_warnings_nested_validator_list_"/>
    <testcase time="0.0890000000000271" classname="validate_inputs" name="valid_inputs_produce_desired_output_individual_validators_"/>
    <testcase time="0.0219999999999914" classname="validate_inputs" name="valid_inputs_produce_desired_output_validator_list_"/>
    <testcase time="0.0199999999999818" classname="validate_inputs" name="valid_inputs_produce_desired_output_nested_validator_list_"/>
    <testcase time="0.0220000000000198" classname="validate_inputs" name="invalid_inputs_raise_errors_in_output_individual_validators_"/>
    <testcase time="0.0199999999999818" classname="validate_inputs" name="invalid_inputs_raise_errors_in_output_individual_validators_"/>
    <testcase time="0.0200000000000102" classname="validate_inputs" name="invalid_inputs_raise_errors_in_output_individual_validators_"/>
    <testcase time="0.0219999999999914" classname="validate_inputs" name="invalid_inputs_raise_errors_in_output_validator_list_"/>
    <testcase time="0.021000000000015" classname="validate_inputs" name="invalid_inputs_raise_errors_in_output_validator_list_"/>
    <testcase time="0.0370000000000061" classname="validate_inputs" name="invalid_inputs_raise_errors_in_output_validator_list_"/>
    <testcase time="0.0229999999999961" classname="validate_inputs" name="invalid_inputs_raise_errors_in_output_nested_validator_list_"/>
    <testcase time="0.0199999999999818" classname="validate_inputs" name="invalid_inputs_raise_errors_in_output_nested_validator_list_"/>
    <testcase time="0.0200000000000102" classname="validate_inputs" name="invalid_inputs_raise_errors_in_output_nested_validator_list_"/>
    <testcase time="0.0260000000000105" classname="validate_inputs" name="error_message_is_formatted_properly"/>
    <testcase time="0.00699999999997658" classname="validate_inputs" name="error_message_is_formatted_properly"/>
    <testcase time="0.00600000000000023" classname="validate_inputs" name="error_message_is_formatted_properly"/>
    <testcase time="0.00600000000000023" classname="validate_inputs" name="error_message_is_formatted_properly"/>
    <testcase time="0.00600000000000023" classname="validate_inputs" name="error_message_is_formatted_properly"/>
    <testcase time="0.00200000000000955" classname="validate_inputs" name="error_message_is_formatted_properly"/>
    <testcase time="0.00200000000000955" classname="validate_inputs" name="error_message_is_formatted_properly"/>
    <testcase time="0.00199999999998113" classname="validate_inputs" name="error_message_is_formatted_properly"/>
    <testcase time="0.00200000000000955" classname="validate_inputs" name="error_message_is_formatted_properly"/>
    <testcase time="0.00200000000000955" classname="validate_inputs" name="error_message_is_formatted_properly"/>
    <testcase time="0.00199999999998113" classname="validate_inputs" name="error_message_is_formatted_properly"/>
    <testcase time="0.00200000000000955" classname="validate_inputs" name="error_message_is_formatted_properly"/>
    <testcase time="0.00200000000000955" classname="validate_inputs" name="error_message_is_formatted_properly"/>
    <testcase time="0.00199999999998113" classname="validate_inputs" name="error_message_is_formatted_properly"/>
    <testcase time="0.00300000000001432" classname="validate_inputs" name="error_message_is_formatted_properly"/>
    <testcase time="0.00200000000000955" classname="validate_inputs" name="error_message_is_formatted_properly"/>
    <testcase time="0.0249999999999773" classname="validate_inputs" name="different_validation_modes_produce_proper_messages"/>
    <testcase time="0.0040000000000191" classname="validate_inputs" name="different_validation_modes_produce_proper_messages"/>
    <testcase time="0.0029999999999859" classname="validate_inputs" name="different_validation_modes_produce_proper_messages"/>
  </testsuite>
</testsuites>
