<?xml version="1.0" encoding="UTF-8"?>
<testsuites>
  <testsuite name="init" timestamp="2025-03-07T17:43:06Z" hostname="2206e61262c1" tests="14" skipped="0" failures="0" errors="0" time="0.48">
    <testcase time="0.0600000000000001" classname="init" name="init_data_accepts_teal_data_object"/>
    <testcase time="0.05" classname="init" name="init_data_accepts_teal_data_module"/>
    <testcase time="0.0469999999999999" classname="init" name="init_modules_accepts_a_teal_modules_object"/>
    <testcase time="0.026" classname="init" name="init_modules_accepts_a_list_of_teal_module_elements"/>
    <testcase time="0.028" classname="init" name="init_modules_accepts_a_teal_module_object"/>
    <testcase time="0.0449999999999999" classname="init" name="init_filter_accepts_teal_slices_"/>
    <testcase time="0.013" classname="init" name="init_filter_accepts_teal_slices_"/>
    <testcase time="0.028" classname="init" name="init_throws_when_an_empty_data_is_used"/>
    <testcase time="0.033" classname="init" name="init_throws_warning_when_datanames_in_modules_incompatible_w_datanames_in_data_and_there_is_no_transformators"/>
    <testcase time="0.03" classname="init" name="init_throws_warning_when_datanames_in_modules_incompatible_w_datanames_in_data_and_there_is_no_transformators"/>
    <testcase time="0.0329999999999999" classname="init" name="init_doesn_t_throw_warning_when_datanames_in_modules_incompatible_w_datanames_in_data_and_there_are_transformators"/>
    <testcase time="0.0270000000000001" classname="init" name="_all_"/>
    <testcase time="0.0309999999999999" classname="init" name="_.raw_data_and_all_"/>
    <testcase time="0.0289999999999999" classname="init" name="init_throws_when_dataname_in_filter_incompatible_w_datanames_in_data"/>
  </testsuite>
  <testsuite name="module_session_info" timestamp="2025-03-07T17:43:06Z" hostname="2206e61262c1" tests="3" skipped="0" failures="0" errors="0" time="17.078">
    <testcase time="17.056" classname="module_session_info" name="creation_process_is_invoked_for_teal.lockfile.mode_enabled_and_snapshot_is_copied_to_teal_app.lock_and_removed_after_session_ended"/>
    <testcase time="0.00600000000000023" classname="module_session_info" name="creation_process_is_invoked_for_teal.lockfile.mode_enabled_and_snapshot_is_copied_to_teal_app.lock_and_removed_after_session_ended"/>
    <testcase time="0.0160000000000018" classname="module_session_info" name="creation_process_is_not_invoked_for_teal.lockfile.mode_disabled_"/>
  </testsuite>
  <testsuite name="module_teal" timestamp="2025-03-07T17:43:23Z" hostname="2206e61262c1" tests="137" skipped="4" failures="0" errors="0" time="156.553">
    <testcase time="0.137999999999998" classname="module_teal" name="accepts_data_to_be_teal_data"/>
    <testcase time="0.113" classname="module_teal" name="accepts_data_to_be_teal_data_module_returning_reactive_teal_data"/>
    <testcase time="0.0459999999999994" classname="module_teal" name="accepts_data_to_a_reactive_or_reactiveVal_teal_data"/>
    <testcase time="0.0460000000000029" classname="module_teal" name="accepts_data_to_a_reactive_or_reactiveVal_teal_data"/>
    <testcase time="0.0640000000000001" classname="module_teal" name="fails_when_data_is_not_teal_data_or_teal_data_module"/>
    <testcase time="0.0279999999999987" classname="module_teal" name="app_fails_when_teal_data_module_doesn_t_return_a_reactive"/>
    <testcase time="0.0599999999999987" classname="module_teal" name="are_not_called_by_default"/>
    <testcase time="0.00300000000000011" classname="module_teal" name="are_not_called_by_default"/>
    <testcase time="1.566" classname="module_teal" name="are_called_once_their_tab_is_selected_and_data_is_teal_data_"/>
    <testcase time="0.00300000000000011" classname="module_teal" name="are_called_once_their_tab_is_selected_and_data_is_teal_data_"/>
    <testcase time="0.881999999999998" classname="module_teal" name="are_called_once_their_tab_is_selected_and_data_is_teal_data_"/>
    <testcase time="0.00100000000000122" classname="module_teal" name="are_called_once_their_tab_is_selected_and_data_is_teal_data_"/>
    <testcase time="1.041" classname="module_teal" name="are_called_once_their_tab_is_selected_and_data_returns_reactive_teal_data_"/>
    <testcase time="0.00300000000000011" classname="module_teal" name="are_called_once_their_tab_is_selected_and_data_returns_reactive_teal_data_"/>
    <testcase time="0.734999999999999" classname="module_teal" name="are_called_once_their_tab_is_selected_and_data_returns_reactive_teal_data_"/>
    <testcase time="0.00199999999999889" classname="module_teal" name="are_called_once_their_tab_is_selected_and_data_returns_reactive_teal_data_"/>
    <testcase time="1.123" classname="module_teal" name="are_called_once_their_tab_is_selected_and_teal_data_module_returns_reactive_teal_data_"/>
    <testcase time="0.00300000000000011" classname="module_teal" name="are_called_once_their_tab_is_selected_and_teal_data_module_returns_reactive_teal_data_"/>
    <testcase time="0.763999999999999" classname="module_teal" name="are_called_once_their_tab_is_selected_and_teal_data_module_returns_reactive_teal_data_"/>
    <testcase time="0.00100000000000122" classname="module_teal" name="are_called_once_their_tab_is_selected_and_teal_data_module_returns_reactive_teal_data_"/>
    <testcase time="0.323999999999998" classname="module_teal" name="are_called_only_after_teal_data_module_is_resolved"/>
    <testcase time="1.017" classname="module_teal" name="are_called_only_after_teal_data_module_is_resolved"/>
    <testcase time="1.313" classname="module_teal" name="are_called_with_data_argument_being_teal_data_"/>
    <testcase time="0.0670000000000002" classname="module_teal" name="are_not_called_when_the_teal_data_module_doesn_t_return_teal_data"/>
    <testcase time="0.253999999999998" classname="module_teal" name="are_not_called_when_the_teal_data_module_doesn_t_return_teal_data"/>
    <testcase time="0.0600000000000023" classname="module_teal" name="are_not_called_when_teal_data_module_returns_validation_error"/>
    <testcase time="0.00399999999999778" classname="module_teal" name="are_not_called_when_teal_data_module_returns_validation_error"/>
    <testcase time="0.239000000000001" classname="module_teal" name="are_not_called_when_teal_data_module_returns_validation_error"/>
    <testcase time="0.0599999999999987" classname="module_teal" name="are_not_called_when_teal_data_module_throws_an_error"/>
    <testcase time="0.00400000000000134" classname="module_teal" name="are_not_called_when_teal_data_module_throws_an_error"/>
    <testcase time="0.233000000000001" classname="module_teal" name="are_not_called_when_teal_data_module_throws_an_error"/>
    <testcase time="0.0650000000000013" classname="module_teal" name="are_not_called_when_teal_data_module_returns_qenv.error"/>
    <testcase time="0.00899999999999679" classname="module_teal" name="are_not_called_when_teal_data_module_returns_qenv.error"/>
    <testcase time="0.231000000000002" classname="module_teal" name="are_not_called_when_teal_data_module_returns_qenv.error"/>
    <testcase time="0.0609999999999999" classname="module_teal" name="are_receiving_reactive_data_which_triggers_on_change"/>
    <testcase time="1.179" classname="module_teal" name="are_receiving_reactive_data_which_triggers_on_change"/>
    <testcase time="1.443" classname="module_teal" name="are_receiving_reactive_data_which_triggers_on_change"/>
    <testcase time="0.0680000000000014" classname="module_teal" name="are_not_called_again_when_data_changes"/>
    <testcase time="0.962999999999997" classname="module_teal" name="are_not_called_again_when_data_changes"/>
    <testcase time="0.850000000000001" classname="module_teal" name="are_not_called_again_when_data_changes"/>
    <testcase time="1.333" classname="module_teal" name="receives_data_with_datasets_module_datanames"/>
    <testcase time="0.00100000000000477" classname="module_teal" name="receives_data_with_datasets_module_datanames"/>
    <testcase time="2.182" classname="module_teal" name="multiple_datanames_with_all_and_.raw_data_"/>
    <testcase time="1.643" classname="module_teal" name="single_dataname_with_all_"/>
    <testcase time="1.132" classname="module_teal" name="warns_when_dataname_is_not_available"/>
    <testcase time="1.7" classname="module_teal" name="warns_when_datanames_are_not_available"/>
    <testcase time="0.521000000000001" classname="module_teal" name="warns_about_empty_data_when_none_of_module_datanames_is_available_even_if_data_is_not_empty_"/>
    <testcase time="0.545999999999999" classname="module_teal" name="warns_about_empty_data_when_none_of_module_datanames_is_available"/>
    <testcase time="1.442" classname="module_teal" name="is_called_and_receives_data_even_if_datanames_in_teal_data_are_not_sufficient"/>
    <testcase time="2.288" classname="module_teal" name="receives_all_objects_from_teal_data_when_module_datanames_all_"/>
    <testcase time="1.54600000000001" classname="module_teal" name="receives_parent_data_when_module_datanames_limited_to_a_child_data_but_join_keys_are_provided"/>
    <testcase time="0.00199999999999534" classname="module_teal" name="receives_parent_data_when_module_datanames_limited_to_a_child_data_but_join_keys_are_provided"/>
    <testcase time="1.839" classname="module_teal" name="receives_all_transformator_datasets_if_module_datanames_all_"/>
    <testcase time="2.026" classname="module_teal" name="receives_all_datasets_if_transform_datanames_all_"/>
    <testcase time="1.786" classname="module_teal" name="receives_all_raw_datasets_based_on_module_datanames"/>
    <testcase time="1.769" classname="module_teal" name="combines_datanames_from_transform_module_datanames"/>
    <testcase time="2.003" classname="module_teal" name="does_not_receive_transformator_datasets_not_specified_in_transform_datanames_nor_modue_datanames"/>
    <testcase time="1.482" classname="module_teal" name="srv_teal_module.teal_module_does_not_pass_data_if_not_in_the_args_explicitly"/>
    <testcase time="1.568" classname="module_teal" name="srv_teal_module.teal_module_passes_deprecated_datasets_to_the_server_module"/>
    <testcase time="0.0230000000000032" classname="module_teal" name="srv_teal_module.teal_module_passes_deprecated_datasets_to_the_server_module"/>
    <testcase time="1.564" classname="module_teal" name="srv_teal_module.teal_module_passes_server_args_to_the_..."/>
    <testcase time="1.32100000000001" classname="module_teal" name="srv_teal_module.teal_module_passes_quoted_arguments_to_the_teal_module_server_call"/>
    <testcase time="1.53899999999999" classname="module_teal" name="srv_teal_module.teal_module_passes_filter_panel_api_if_specified"/>
    <testcase time="1.56700000000001" classname="module_teal" name="srv_teal_module.teal_module_passes_Reporter_if_specified"/>
    <testcase time="0.35199999999999" classname="module_teal" name="does_not_receive_report_previewer_when_none_of_the_modules_contain_reporter_argument"/>
    <testcase time="1.876" classname="module_teal" name="receives_one_report_previewer_module_when_any_module_contains_reporter_argument"/>
    <testcase time="0.0769999999999982" classname="module_teal" name="is_set_to_initial_filters_when_module_specific"/>
    <testcase time="0.0810000000000031" classname="module_teal" name="is_set_to_initial_filters_with_resolved_attr_mapping_modules_label_when_module_specific_"/>
    <testcase time="0.00199999999999534" classname="module_teal" name="is_set_to_initial_filters_with_resolved_attr_mapping_modules_label_when_module_specific_"/>
    <testcase time="3.619" classname="module_teal" name="slices_in_slicesGlobal_and_in_FilteredData_refer_to_the_same_object"/>
    <testcase time="0.00800000000000978" classname="module_teal" name="slices_in_slicesGlobal_and_in_FilteredData_refer_to_the_same_object"/>
    <testcase time="4.52" classname="module_teal" name="appends_new_slice_and_activates_in_global_filters_when_added_in_a_module_if_module_specific"/>
    <testcase time="4.316" classname="module_teal" name="deactivates_in_global_filters_when_removed_from_module_if_module_specific"/>
    <testcase time="3.82599999999999" classname="module_teal" name="appends_new_slice_and_activates_in_module_when_added_in_a_module_if_module_specific"/>
    <testcase time="2.211" classname="module_teal" name="appends_added_duplicated_slice_and_makes_new_slice_id_unique"/>
    <testcase time="4.02000000000001" classname="module_teal" name="deactivates_in_module_when_removed_from_module_if_module_specific"/>
    <testcase time="0.0859999999999985" classname="module_teal" name="auto_resolves_to_mapping_m_when_setting_slices_with_mapping_global_filters_in_module_specific_">
      <skipped message="Reason: need a fix in a .slicesGlobal ('test-module_teal.R:1351:11')"/>
    </testcase>
    <testcase time="4.16499999999999" classname="module_teal" name="sets_filters_from_mapping_mod_to_all_modules_FilteredData_when_module_specific"/>
    <testcase time="3.67699999999999" classname="module_teal" name="sets_filters_from_mapping_mod_to_module_s_FilteredData_when_module_specific"/>
    <testcase time="0.00800000000000978" classname="module_teal" name="sets_filters_from_mapping_mod_to_module_s_FilteredData_when_module_specific"/>
    <testcase time="4.39099999999999" classname="module_teal" name="sets_filters_from_mapping_global_filters_to_all_modules_FilteredData_when_module_specific"/>
    <testcase time="0.00800000000000978" classname="module_teal" name="sets_filters_from_mapping_global_filters_to_all_modules_FilteredData_when_module_specific"/>
    <testcase time="3.02799999999999" classname="module_teal" name="change_in_the_slicesGlobal_causes_module_s_data_filtering"/>
    <testcase time="0.00200000000000955" classname="module_teal" name="change_in_the_slicesGlobal_causes_module_s_data_filtering"/>
    <testcase time="0.00199999999999534" classname="module_teal" name="change_in_the_slicesGlobal_causes_module_s_data_filtering"/>
    <testcase time="1.84699999999999" classname="module_teal" name="returns_no_rows_if_no_filters_set"/>
    <testcase time="1.92700000000001" classname="module_teal" name="returns_global_filters_with_active_true_inactive_false_unavailable_na"/>
    <testcase time="0.00799999999999557" classname="module_teal" name="returns_global_filters_with_active_true_inactive_false_unavailable_na"/>
    <testcase time="1.73100000000001" classname="module_teal" name="returns_column_per_module_with_active_true_inactive_false_unavailable_na"/>
    <testcase time="0.00900000000000034" classname="module_teal" name="returns_column_per_module_with_active_true_inactive_false_unavailable_na"/>
    <testcase time="0.0219999999999914" classname="module_teal" name="what_happens_when_module_label_is_duplicated_when_nested_modules_">
      <skipped message="Reason: todo ('test-module_teal.R:1613:7')"/>
    </testcase>
    <testcase time="0.0250000000000057" classname="module_teal" name="sets_back_the_same_active_filters_in_each_module">
      <skipped message="Reason: todo ('test-module_teal.R:1620:5')"/>
    </testcase>
    <testcase time="0.0120000000000005" classname="module_teal" name="doesn_t_fail_when_teal_data_has_no_datasets">
      <skipped message="Reason: todo ('test-module_teal.R:1623:5')"/>
    </testcase>
    <testcase time="1.937" classname="module_teal" name="evaluates_custom_qenv_call_and_pass_updated_teal_data_to_the_module"/>
    <testcase time="0.00199999999999534" classname="module_teal" name="evaluates_custom_qenv_call_and_pass_updated_teal_data_to_the_module"/>
    <testcase time="2.491" classname="module_teal" name="evaluates_custom_qenv_call_after_filter_is_applied"/>
    <testcase time="0.00200000000000955" classname="module_teal" name="evaluates_custom_qenv_call_after_filter_is_applied"/>
    <testcase time="0.00199999999999534" classname="module_teal" name="evaluates_custom_qenv_call_after_filter_is_applied"/>
    <testcase time="3.268" classname="module_teal" name="is_reactive_to_the_filter_changes"/>
    <testcase time="0.00300000000000011" classname="module_teal" name="is_reactive_to_the_filter_changes"/>
    <testcase time="0.00199999999999534" classname="module_teal" name="is_reactive_to_the_filter_changes"/>
    <testcase time="2.173" classname="module_teal" name="receives_all_possible_objects_while_those_not_specified_in_module_datanames_are_unfiltered"/>
    <testcase time="0.00100000000000477" classname="module_teal" name="receives_all_possible_objects_while_those_not_specified_in_module_datanames_are_unfiltered"/>
    <testcase time="1.23" classname="module_teal" name="throws_a_warning_when_transformator_returns_reactive.event"/>
    <testcase time="0.603000000000009" classname="module_teal" name="fails_when_transformator_doesn_t_return_reactive"/>
    <testcase time="0.623999999999995" classname="module_teal" name="fails_when_transformator_doesn_t_return_reactive"/>
    <testcase time="1.241" classname="module_teal" name="pauses_when_transformator_throws_validation_error"/>
    <testcase time="1.29299999999999" classname="module_teal" name="pauses_when_transformator_throws_validation_error"/>
    <testcase time="1.446" classname="module_teal" name="pauses_when_transformator_throws_qenv_error"/>
    <testcase time="1.17400000000001" classname="module_teal" name="isn_t_called_when_data_is_not_teal_data"/>
    <testcase time="1.523" classname="module_teal" name="changes_module_output_for_a_module_with_a_static_decorator"/>
    <testcase time="0.961000000000013" classname="module_teal" name="changes_module_output_for_a_module_with_a_decorator_that_is_a_function_of_an_object_name"/>
    <testcase time="1.06299999999999" classname="module_teal" name="changes_module_output_for_a_module_with_an_interactive_decorator"/>
    <testcase time="1.54300000000001" classname="module_teal" name="displays_Obs_only_column_if_all_datasets_have_no_join_keys"/>
    <testcase time="1.553" classname="module_teal" name="displays_Subjects_with_count_based_on_foreign_key_column"/>
    <testcase time="1.60499999999999" classname="module_teal" name="displays_parent_s_Subjects_with_count_based_on_primary_key"/>
    <testcase time="1.69000000000003" classname="module_teal" name="displays_parent_s_Subjects_with_count_based_on_primary_and_foreign_key"/>
    <testcase time="2.089" classname="module_teal" name="reflects_filters_and_displays_subjects_by_their_unique_id_count"/>
    <testcase time="2.149" classname="module_teal" name="reflects_added_filters_and_displays_subjects_by_their_unique_id_count"/>
    <testcase time="1.29799999999997" classname="module_teal" name="reflects_transformator_adding_new_dataset_if_specified_in_module"/>
    <testcase time="1.316" classname="module_teal" name="displays_parent_s_Subjects_with_count_based_on_primary_key"/>
    <testcase time="1.31300000000002" classname="module_teal" name="displays_only_module_datanames"/>
    <testcase time="1.62099999999998" classname="module_teal" name="displays_parent_before_child_when_join_keys_are_provided"/>
    <testcase time="1.39100000000002" classname="module_teal" name="displays_subset_of_module_datanames_if_not_sufficient"/>
    <testcase time="6.97399999999999" classname="module_teal" name="summary_table_displays_MAE_dataset_added_in_transformators"/>
    <testcase time="2.23099999999999" classname="module_teal" name="displays_unsupported_datasets"/>
    <testcase time="3.50900000000001" classname="module_teal" name="clicking_reset_button_restores_initial_filters_state_when_module_specific"/>
    <testcase time="0.0109999999999957" classname="module_teal" name="clicking_reset_button_restores_initial_filters_state_when_module_specific"/>
    <testcase time="5.202" classname="module_teal" name="clicking_reset_button_restores_initial_filters_with_respect_to_mapping_state_when_module_specific"/>
    <testcase time="0.00999999999999091" classname="module_teal" name="clicking_reset_button_restores_initial_filters_with_respect_to_mapping_state_when_module_specific"/>
    <testcase time="0.00900000000001455" classname="module_teal" name="clicking_reset_button_restores_initial_filters_with_respect_to_mapping_state_when_module_specific"/>
    <testcase time="2.309" classname="module_teal" name="are_detected_as_datanames_when_defined_as_all_"/>
    <testcase time="1.43199999999999" classname="module_teal" name="are_present_in_datanames_when_used_in_pre_processing_code"/>
    <testcase time="1.084" classname="module_teal" name="_when_used_as_non_native_pipe_are_present_in_datanames_in_the_pre_processing_code"/>
    <testcase time="0.711999999999989" classname="module_teal" name="is_fully_reproducible"/>
    <testcase time="0.00200000000000955" classname="module_teal" name="is_fully_reproducible"/>
    <testcase time="0.716000000000008" classname="module_teal" name="has_the_correct_code_with_hash_"/>
  </testsuite>
  <testsuite name="modules" timestamp="2025-03-07T17:46:00Z" hostname="2206e61262c1" tests="97" skipped="0" failures="0" errors="0" time="0.369">
    <testcase time="0.0190000000000055" classname="modules" name="Calling_module_does_not_throw"/>
    <testcase time="0.0029999999999859" classname="modules" name="module_requires_label_argument_to_be_a_string_different_than_global_filters_"/>
    <testcase time="0.00499999999999545" classname="modules" name="module_requires_label_argument_to_be_a_string_different_than_global_filters_"/>
    <testcase time="0.00499999999999545" classname="modules" name="module_requires_label_argument_to_be_a_string_different_than_global_filters_"/>
    <testcase time="0.0040000000000191" classname="modules" name="module_requires_label_argument_to_be_a_string_different_than_global_filters_"/>
    <testcase time="0.00399999999999068" classname="modules" name="module_requires_label_argument_to_be_a_string_different_than_global_filters_"/>
    <testcase time="0.00399999999999068" classname="modules" name="module_warns_when_server_contains_datasets_argument"/>
    <testcase time="0.00300000000001432" classname="modules" name="module_expects_server_being_a_shiny_server_module_with_any_argument"/>
    <testcase time="0.00199999999998113" classname="modules" name="module_expects_server_being_a_shiny_server_module_with_any_argument"/>
    <testcase time="0.00100000000000477" classname="modules" name="module_expects_server_being_a_shiny_server_module_with_any_argument"/>
    <testcase time="0.0040000000000191" classname="modules" name="module_expects_server_being_a_shiny_server_module_with_any_argument"/>
    <testcase time="0.00499999999999545" classname="modules" name="module_expects_server_being_a_shiny_server_module_with_any_argument"/>
    <testcase time="0.0029999999999859" classname="modules" name="module_requires_server_args_argument_to_be_a_list"/>
    <testcase time="0.00100000000000477" classname="modules" name="module_requires_server_args_argument_to_be_a_list"/>
    <testcase time="0.00200000000000955" classname="modules" name="module_requires_server_args_argument_to_be_a_list"/>
    <testcase time="0.00399999999999068" classname="modules" name="module_requires_server_args_argument_to_be_a_list"/>
    <testcase time="0.00499999999999545" classname="modules" name="module_requires_server_args_argument_to_be_a_list"/>
    <testcase time="0.00300000000001432" classname="modules" name="module_expects_all_server_args_being_a_server_arguments_or_passed_through_..._"/>
    <testcase time="0.00199999999998113" classname="modules" name="module_expects_all_server_args_being_a_server_arguments_or_passed_through_..._"/>
    <testcase time="0.0040000000000191" classname="modules" name="module_expects_all_server_args_being_a_server_arguments_or_passed_through_..._"/>
    <testcase time="0.0029999999999859" classname="modules" name="module_requires_ui_args_argument_to_be_a_list"/>
    <testcase time="0.00200000000000955" classname="modules" name="module_requires_ui_args_argument_to_be_a_list"/>
    <testcase time="0.00100000000000477" classname="modules" name="module_requires_ui_args_argument_to_be_a_list"/>
    <testcase time="0.00499999999999545" classname="modules" name="module_requires_ui_args_argument_to_be_a_list"/>
    <testcase time="0.00399999999999068" classname="modules" name="module_requires_ui_args_argument_to_be_a_list"/>
    <testcase time="0.00600000000000023" classname="modules" name="module_throws_when_ui_has_data_or_datasets_argument"/>
    <testcase time="0.00499999999999545" classname="modules" name="module_throws_when_ui_has_data_or_datasets_argument"/>
    <testcase time="0.00300000000001432" classname="modules" name="module_expects_ui_being_a_shiny_ui_module_with_any_argument"/>
    <testcase time="0.00100000000000477" classname="modules" name="module_expects_ui_being_a_shiny_ui_module_with_any_argument"/>
    <testcase time="0.00499999999999545" classname="modules" name="module_expects_ui_being_a_shiny_ui_module_with_any_argument"/>
    <testcase time="0.0029999999999859" classname="modules" name="module_expects_all_ui_args_being_a_ui_arguments_or_passed_through_..._"/>
    <testcase time="0.00200000000000955" classname="modules" name="module_expects_all_ui_args_being_a_ui_arguments_or_passed_through_..._"/>
    <testcase time="0.00399999999999068" classname="modules" name="module_expects_all_ui_args_being_a_ui_arguments_or_passed_through_..._"/>
    <testcase time="0.00300000000001432" classname="modules" name="module_requires_datanames_argument_to_be_a_character_or_NULL"/>
    <testcase time="0.00200000000000955" classname="modules" name="module_requires_datanames_argument_to_be_a_character_or_NULL"/>
    <testcase time="0.000999999999976353" classname="modules" name="module_requires_datanames_argument_to_be_a_character_or_NULL"/>
    <testcase time="0.00500000000002387" classname="modules" name="module_requires_datanames_argument_to_be_a_character_or_NULL"/>
    <testcase time="0.000999999999976353" classname="modules" name="module_requires_datanames_argument_to_be_a_character_or_NULL"/>
    <testcase time="0.0040000000000191" classname="modules" name="module_returns_list_of_class_teal_module_containing_input_objects"/>
    <testcase time="0.00100000000000477" classname="modules" name="module_returns_list_of_class_teal_module_containing_input_objects"/>
    <testcase time="0.000999999999976353" classname="modules" name="module_returns_list_of_class_teal_module_containing_input_objects"/>
    <testcase time="0.00100000000000477" classname="modules" name="module_returns_list_of_class_teal_module_containing_input_objects"/>
    <testcase time="0.00200000000000955" classname="modules" name="module_returns_list_of_class_teal_module_containing_input_objects"/>
    <testcase time="0.00100000000000477" classname="modules" name="module_returns_list_of_class_teal_module_containing_input_objects"/>
    <testcase time="0.000999999999976353" classname="modules" name="module_returns_list_of_class_teal_module_containing_input_objects"/>
    <testcase time="0.00100000000000477" classname="modules" name="module_returns_list_of_class_teal_module_containing_input_objects"/>
    <testcase time="0.007000000000005" classname="modules" name="modules_gives_error_if_no_arguments_other_than_label_are_used"/>
    <testcase time="0.00399999999999068" classname="modules" name="modules_gives_error_if_no_arguments_other_than_label_are_used"/>
    <testcase time="0.0040000000000191" classname="modules" name="modules_requires_label_argument_to_be_a_string_"/>
    <testcase time="0.00399999999999068" classname="modules" name="modules_requires_label_argument_to_be_a_string_"/>
    <testcase time="0.00499999999999545" classname="modules" name="modules_requires_label_argument_to_be_a_string_"/>
    <testcase time="0.00300000000001432" classname="modules" name="modules_accept_teal_module_in_..."/>
    <testcase time="0.00399999999999068" classname="modules" name="modules_accept_multiple_teal_module_objects_in_..."/>
    <testcase time="0.00300000000001432" classname="modules" name="modules_accept_multiple_teal_module_and_teal_modules_objects_in_..."/>
    <testcase time="0.00699999999997658" classname="modules" name="modules_does_not_accept_objects_other_than_teal_module_s_in_..."/>
    <testcase time="0.00600000000000023" classname="modules" name="modules_does_not_accept_objects_other_than_teal_module_s_in_..."/>
    <testcase time="0.0040000000000191" classname="modules" name="modules_returns_teal_modules_object_with_label_and_children_slot"/>
    <testcase time="0.00100000000000477" classname="modules" name="modules_returns_teal_modules_object_with_label_and_children_slot"/>
    <testcase time="0.0029999999999859" classname="modules" name="modules_returns_children_as_list_with_list_named_after_label_attributes"/>
    <testcase time="0.00200000000000955" classname="modules" name="modules_returns_children_as_list_with_list_named_after_label_attributes"/>
    <testcase time="0.00100000000000477" classname="modules" name="modules_returns_children_as_list_with_list_named_after_label_attributes"/>
    <testcase time="0.00699999999997658" classname="modules" name="modules_returns_useful_error_message_if_label_argument_not_explicitly_named"/>
    <testcase time="0.00300000000001432" classname="modules" name="modules_returns_children_as_list_with_unique_names_if_labels_are_duplicated"/>
    <testcase time="0.00100000000000477" classname="modules" name="modules_returns_children_as_list_with_unique_names_if_labels_are_duplicated"/>
    <testcase time="0.00199999999998113" classname="modules" name="modules_returns_children_as_list_with_unique_names_if_labels_are_duplicated"/>
    <testcase time="0.00300000000001432" classname="modules" name="modules_depth_accepts_depth_as_integer"/>
    <testcase time="0.00399999999999068" classname="modules" name="modules_depth_accepts_depth_as_integer"/>
    <testcase time="0.00399999999999068" classname="modules" name="modules_depth_returns_depth_0_by_default"/>
    <testcase time="0.00300000000001432" classname="modules" name="modules_depth_accepts_modules_to_be_teal_module_or_teal_modules"/>
    <testcase time="0.00200000000000955" classname="modules" name="modules_depth_accepts_modules_to_be_teal_module_or_teal_modules"/>
    <testcase time="0.00399999999999068" classname="modules" name="modules_depth_returns_depth_same_as_input_for_teal_module"/>
    <testcase time="0.0029999999999859" classname="modules" name="modules_depth_increases_depth_by_1_for_each_teal_modules"/>
    <testcase time="0.00200000000000955" classname="modules" name="modules_depth_increases_depth_by_1_for_each_teal_modules"/>
    <testcase time="0.00600000000000023" classname="modules" name="is_arg_used_throws_error_if_object_is_not_teal_module_or_teal_modules"/>
    <testcase time="0.00399999999999068" classname="modules" name="is_arg_used_throws_error_if_object_is_not_teal_module_or_teal_modules"/>
    <testcase time="0.00499999999999545" classname="modules" name="is_arg_used_returns_true_if_teal_module_has_given_arg_in_server_function_args"/>
    <testcase time="0.00500000000002387" classname="modules" name="is_arg_used_returns_false_if_teal_module_does_not_have_reporter_in_server_function_args"/>
    <testcase time="0.00499999999999545" classname="modules" name="is_arg_used_returns_false_if_teal_modules_has_no_children_using_given_arg_"/>
    <testcase time="0.0029999999999859" classname="modules" name="is_arg_used_returns_false_if_teal_modules_has_no_children_using_given_arg_"/>
    <testcase time="0.00499999999999545" classname="modules" name="is_arg_used_returns_true_if_teal_modules_has_at_least_one_child_using_given_arg_"/>
    <testcase time="0.00300000000001432" classname="modules" name="is_arg_used_returns_true_if_teal_modules_has_at_least_one_child_using_given_arg_"/>
    <testcase time="0.00399999999999068" classname="modules" name="is_arg_used_returns_true_if_teal_modules_has_at_least_one_child_using_given_arg_"/>
    <testcase time="0.00399999999999068" classname="modules" name="is_arg_used_returns_TRUE_FALSE_when_the_arg_is_in_function_formals"/>
    <testcase time="0.00300000000001432" classname="modules" name="is_arg_used_returns_TRUE_FALSE_when_the_arg_is_in_function_formals"/>
    <testcase time="0.007000000000005" classname="modules" name="is_arg_used_accepts_arg_to_be_a_string_only"/>
    <testcase time="0.0130000000000052" classname="modules" name="is_arg_used_accepts_arg_to_be_a_string_only"/>
    <testcase time="0.00399999999999068" classname="modules" name="is_arg_used_accepts_arg_to_be_a_string_only"/>
    <testcase time="0.007000000000005" classname="modules" name="append_module_throws_error_when_modules_is_not_inherited_from_teal_modules"/>
    <testcase time="0.00499999999999545" classname="modules" name="append_module_throws_error_when_modules_is_not_inherited_from_teal_modules"/>
    <testcase time="0.00600000000000023" classname="modules" name="append_module_throws_error_is_module_is_not_inherited_from_teal_module"/>
    <testcase time="0.00499999999999545" classname="modules" name="append_module_throws_error_is_module_is_not_inherited_from_teal_module"/>
    <testcase time="0.00499999999999545" classname="modules" name="append_module_appends_a_module_to_children_of_not_nested_teal_modules"/>
    <testcase time="0.00499999999999545" classname="modules" name="append_module_appends_a_module_to_children_of_nested_teal_modules"/>
    <testcase time="0.0040000000000191" classname="modules" name="append_module_produces_teal_modules_with_unique_named_children"/>
    <testcase time="0.007000000000005" classname="modules" name="format.teal_modules_returns_proper_structure"/>
    <testcase time="0.0029999999999859" classname="modules" name="module_datanames_is_appended_by_its_transformators_datanames"/>
    <testcase time="0.00399999999999068" classname="modules" name="module_datanames_stays_all_regardless_of_transformators"/>
  </testsuite>
  <testsuite name="report_previewer_module" timestamp="2025-03-07T17:46:00Z" hostname="2206e61262c1" tests="8" skipped="0" failures="0" errors="0" time="0.035">
    <testcase time="0.00600000000000023" classname="report_previewer_module" name="report_previewer_module_has_specific_classes"/>
    <testcase time="0.00600000000000023" classname="report_previewer_module" name="report_previewer_module_throws_error_if_label_is_not_string"/>
    <testcase time="0.00500000000002387" classname="report_previewer_module" name="report_previewer_module_throws_error_if_label_is_not_string"/>
    <testcase time="0.0029999999999859" classname="report_previewer_module" name="report_previewer_module_throws_no_error_and_stores_label_if_label_is_string"/>
    <testcase time="0.00100000000000477" classname="report_previewer_module" name="report_previewer_module_throws_no_error_and_stores_label_if_label_is_string"/>
    <testcase time="0.0029999999999859" classname="report_previewer_module" name="report_previewer_module_default_label_is_Report_previewer_"/>
    <testcase time="0.007000000000005" classname="report_previewer_module" name="report_previewer_module_does_not_accept_server_args_out_of_formals_teal.reporter_reporter_previewer_srv_"/>
    <testcase time="0.00399999999999068" classname="report_previewer_module" name="report_previewer_module_does_not_accept_server_args_out_of_formals_teal.reporter_reporter_previewer_srv_"/>
  </testsuite>
  <testsuite name="shinytest2-data_summary" timestamp="2025-03-07T17:46:00Z" hostname="2206e61262c1" tests="7" skipped="5" failures="0" errors="1" time="7.299">
    <testcase time="6.69300000000001" classname="shinytest2_data_summary" name="e2e_data_summary_just_list_the_unfilterable_objects_at_the_bottom_when_provided">
      <error type="error" message="Error in `app_initialize(self, private, app_dir = app_dir, ..., load_timeout = load_timeout,  ('test-shinytest2-data_summary.R:3:3')">Error in `app_initialize(self, private, app_dir = app_dir, ..., load_timeout = load_timeout, 
    timeout = timeout, wait = wait, expect_values_screenshot_args = expect_values_screenshot_args, 
    screenshot_args = screenshot_args, check_names = check_names, 
    name = name, variant = variant, view = view, height = height, 
    width = width, seed = seed, clean_logs = clean_logs, shiny_args = shiny_args, 
    render_args = render_args, options = options)`: code: -32602
  message: Target position can only be set for new windows


ℹ You can inspect the failed AppDriver object via `rlang::last_error()$app`
ℹ AppDriver logs:
{shinytest2} R info   17:46:02.19 Start AppDriver initialization
{shinytest2} R info   17:46:02.24 Starting Shiny app
{shinytest2} R info   17:46:07.11 Creating new ChromoteSession
{shinytest2} R info   17:46:07.13 Error while initializing AppDriver:
                                  code: -32602
                                    message: Target position can only be set for new windows
{shiny}      R stderr ----------- Loading required package: shiny
{shiny}      R stderr ----------- Registered S3 method overwritten by 'teal':
{shiny}      R stderr -----------   method        from      
{shiny}      R stderr -----------   c.teal_slices teal.slice
{shiny}      R stderr ----------- Attempting to load the environment ‘package:SummarizedExperiment’
{shiny}      R stderr ----------- 
{shiny}      R stderr ----------- Attaching package: ‘MatrixGenerics’
{shiny}      R stderr ----------- 
{shiny}      R stderr ----------- The following objects are masked from ‘package:matrixStats’:
{shiny}      R stderr ----------- 
{shiny}      R stderr -----------     colAlls, colAnyNAs, colAnys, colAvgsPerRowSet, colCollapse,
{shiny}      R stderr -----------     colCounts, colCummaxs, colCummins, colCumprods, colCumsums,
{shiny}      R stderr -----------     colDiffs, colIQRDiffs, colIQRs, colLogSumExps, colMadDiffs,
{shiny}      R stderr -----------     colMads, colMaxs, colMeans2, colMedians, colMins, colOrderStats,
{shiny}      R stderr -----------     colProds, colQuantiles, colRanges, colRanks, colSdDiffs, colSds,
{shiny}      R stderr -----------     colSums2, colTabulates, colVarDiffs, colVars, colWeightedMads,
{shiny}      R stderr -----------     colWeightedMeans, colWeightedMedians, colWeightedSds,
{shiny}      R stderr -----------     colWeightedVars, rowAlls, rowAnyNAs, rowAnys, rowAvgsPerColSet,
{shiny}      R stderr -----------     rowCollapse, rowCounts, rowCummaxs, rowCummins, rowCumprods,
{shiny}      R stderr -----------     rowCumsums, rowDiffs, rowIQRDiffs, rowIQRs, rowLogSumExps,
{shiny}      R stderr -----------     rowMadDiffs, rowMads, rowMaxs, rowMeans2, rowMedians, rowMins,
{shiny}      R stderr -----------     rowOrderStats, rowProds, rowQuantiles, rowRanges, rowRanks,
{shiny}      R stderr -----------     rowSdDiffs, rowSds, rowSums2, rowTabulates, rowVarDiffs, rowVars,
{shiny}      R stderr -----------     rowWeightedMads, rowWeightedMeans, rowWeightedMedians,
{shiny}      R stderr -----------     rowWeightedSds, rowWeightedVars
{shiny}      R stderr ----------- 
{shiny}      R stderr ----------- 
{shiny}      R stderr ----------- Attaching package: ‘BiocGenerics’
{shiny}      R stderr ----------- 
{shiny}      R stderr ----------- The following objects are masked from ‘package:stats’:
{shiny}      R stderr ----------- 
{shiny}      R stderr -----------     IQR, mad, sd, var, xtabs
{shiny}      R stderr ----------- 
{shiny}      R stderr ----------- The following objects are masked from ‘package:base’:
{shiny}      R stderr ----------- 
{shiny}      R stderr -----------     Filter, Find, Map, Position, Reduce, anyDuplicated, aperm, append,
{shiny}      R stderr -----------     as.data.frame, basename, cbind, colnames, dirname, do.call,
{shiny}      R stderr -----------     duplicated, eval, evalq, get, grep, grepl, intersect, is.unsorted,
{shiny}      R stderr -----------     lapply, mapply, match, mget, order, paste, pmax, pmax.int, pmin,
{shiny}      R stderr -----------     pmin.int, rank, rbind, rownames, sapply, saveRDS, setdiff, table,
{shiny}      R stderr -----------     tapply, union, unique, unsplit, which.max, which.min
{shiny}      R stderr ----------- 
{shiny}      R stderr ----------- 
{shiny}      R stderr ----------- Attaching package: ‘S4Vectors’
{shiny}      R stderr ----------- 
{shiny}      R stderr ----------- The following object is masked from ‘package:utils’:
{shiny}      R stderr ----------- 
{shiny}      R stderr -----------     findMatches
{shiny}      R stderr ----------- 
{shiny}      R stderr ----------- The following objects are masked from ‘package:base’:
{shiny}      R stderr ----------- 
{shiny}      R stderr -----------     I, expand.grid, unname
{shiny}      R stderr ----------- 
{shiny}      R stderr ----------- Welcome to Bioconductor
{shiny}      R stderr ----------- 
{shiny}      R stderr -----------     Vignettes contain introductory material; view with
{shiny}      R stderr -----------     'browseVignettes()'. To cite Bioconductor, see
{shiny}      R stderr -----------     'citation("Biobase")', and for packages 'citation("pkgname")'.
{shiny}      R stderr ----------- 
{shiny}      R stderr ----------- 
{shiny}      R stderr ----------- Attaching package: ‘Biobase’
{shiny}      R stderr ----------- 
{shiny}      R stderr ----------- The following object is masked from ‘package:MatrixGenerics’:
{shiny}      R stderr ----------- 
{shiny}      R stderr -----------     rowMedians
{shiny}      R stderr ----------- 
{shiny}      R stderr ----------- The following objects are masked from ‘package:matrixStats’:
{shiny}      R stderr ----------- 
{shiny}      R stderr -----------     anyMissing, rowMedians
{shiny}      R stderr ----------- 
{shiny}      R stderr ----------- Loading required package: teal.data
{shiny}      R stderr ----------- Loading required package: teal.code
{shiny}      R stderr ----------- Loading required package: teal.slice
{shiny}      R stderr ----------- 
{shiny}      R stderr ----------- You are using teal version 0.16.0.9001
{shiny}      R stderr ----------- 
{shiny}      R stderr ----------- Attaching package: ‘teal’
{shiny}      R stderr ----------- 
{shiny}      R stderr ----------- The following objects are masked from ‘package:teal.slice’:
{shiny}      R stderr ----------- 
{shiny}      R stderr -----------     as.teal_slices, teal_slices
{shiny}      R stderr ----------- 
{shiny}      R stderr ----------- Running application in test mode.
{shiny}      R stderr ----------- 
{shiny}      R stderr ----------- Listening on http://127.0.0.1:7060


Caused by error in `callback()`:
! code: -32602
  message: Target position can only be set for new windows
Backtrace:
     ▆
  1. ├─TealAppDriver$new(...) at test-shinytest2-data_summary.R:3:3
  2. │ └─teal (local) initialize(...)
  3. │   ├─base::suppressWarnings(...)
  4. │   │ └─base::withCallingHandlers(...)
  5. │   └─super$initialize(...)
  6. │     └─shinytest2:::app_initialize(...)
  7. │       ├─base::withCallingHandlers(...)
  8. │       └─shinytest2:::app_initialize_(self, private, ..., view = view)
  9. │         └─chromote::default_chromote_object()$new_session()
 10. │           └─chromote:::create_session(...)
 11. │             └─ChromoteSession$new(...)
 12. │               └─chromote (local) initialize(...)
 13. │                 └─self$wait_for(p)
 14. │                   └─self$parent$wait_for(p)
 15. │                     └─chromote:::synchronize(p, loop = private$child_loop)
 16. │                       ├─promises::with_promise_domain(...)
 17. │                       │ └─domain$wrapSync(expr)
 18. │                       │   └─base::force(expr)
 19. │                       ├─base::tryCatch(...)
 20. │                       │ └─base (local) tryCatchList(expr, classes, parentenv, handlers)
 21. │                       │   └─base (local) tryCatchOne(expr, names, parentenv, handlers[[1L]])
 22. │                       │     └─base (local) doTryCatch(return(expr), name, parentenv, handler)
 23. │                       └─base::stop(value)
 24. └─shinytest2 (local) `&lt;fn&gt;`(`&lt;smplErrr&gt;`)
 25.   └─shinytest2:::app_abort(...)
 26.     └─rlang::abort(..., app = self, call = call)</error>
    </testcase>
    <testcase time="0.155000000000001" classname="shinytest2_data_summary" name="e2e_data_summary_table_is_displayed_with_2_columns_data_without_keys">
      <skipped message="Reason: `shinytest2::AppDriver` can not be initialized as {chromote} can not be started ('test-shinytest2-data_summary.R:18:3')"/>
    </testcase>
    <testcase time="0.0819999999999936" classname="shinytest2_data_summary" name="e2e_data_summary_table_displays_datasets_by_topological_sort_of_join_keys">
      <skipped message="Reason: `shinytest2::AppDriver` can not be initialized as {chromote} can not be started ('test-shinytest2-data_summary.R:44:3')"/>
    </testcase>
    <testcase time="0.0860000000000127" classname="shinytest2_data_summary" name="e2e_data_summary_table_is_displayed_with_3_columns_for_data_with_join_keys">
      <skipped message="Reason: `shinytest2::AppDriver` can not be initialized as {chromote} can not be started ('test-shinytest2-data_summary.R:66:3')"/>
    </testcase>
    <testcase time="0.188999999999993" classname="shinytest2_data_summary" name="e2e_data_summary_table_does_not_list_unsupported_objects"/>
    <testcase time="0.0120000000000005" classname="shinytest2_data_summary" name="e2e_data_summary_table_does_not_list_unsupported_objects">
      <skipped message="Reason: `shinytest2::AppDriver` can not be initialized as {chromote} can not be started ('test-shinytest2-data_summary.R:107:5')"/>
    </testcase>
    <testcase time="0.0819999999999936" classname="shinytest2_data_summary" name="e2e_data_summary_table_displays_datasets_by_names_order_if_no_join_keys">
      <skipped message="Reason: `shinytest2::AppDriver` can not be initialized as {chromote} can not be started ('test-shinytest2-data_summary.R:134:3')"/>
    </testcase>
  </testsuite>
  <testsuite name="shinytest2-decorators" timestamp="2025-03-07T17:46:07Z" hostname="2206e61262c1" tests="2" skipped="2" failures="0" errors="0" time="0.169">
    <testcase time="0.0870000000000175" classname="shinytest2_decorators" name="e2e_module_with_decorator_UI_and_output_is_modified_interactively_upon_changes_in_decorator">
      <skipped message="Reason: `shinytest2::AppDriver` can not be initialized as {chromote} can not be started ('test-shinytest2-decorators.R:29:3')"/>
    </testcase>
    <testcase time="0.0819999999999936" classname="shinytest2_decorators" name="e2e_module_with_decorator_where_server_fails_shows_shiny_error_message">
      <skipped message="Reason: `shinytest2::AppDriver` can not be initialized as {chromote} can not be started ('test-shinytest2-decorators.R:89:3')"/>
    </testcase>
  </testsuite>
  <testsuite name="shinytest2-filter_panel" timestamp="2025-03-07T17:46:08Z" hostname="2206e61262c1" tests="3" skipped="3" failures="0" errors="0" time="0.333">
    <testcase time="0.11099999999999" classname="shinytest2_filter_panel" name="e2e_module_content_is_updated_when_data_is_filtered_in_filter_panel">
      <skipped message="Reason: `shinytest2::AppDriver` can not be initialized as {chromote} can not be started ('test-shinytest2-filter_panel.R:6:3')"/>
    </testcase>
    <testcase time="0.129999999999995" classname="shinytest2_filter_panel" name="e2e_filtering_a_module_specific_filter_is_reflected_in_other_shared_module">
      <skipped message="Reason: `shinytest2::AppDriver` can not be initialized as {chromote} can not be started ('test-shinytest2-filter_panel.R:33:3')"/>
    </testcase>
    <testcase time="0.092000000000013" classname="shinytest2_filter_panel" name="e2e_filtering_a_module_specific_filter_is_not_refected_in_other_unshared_modules">
      <skipped message="Reason: `shinytest2::AppDriver` can not be initialized as {chromote} can not be started ('test-shinytest2-filter_panel.R:72:3')"/>
    </testcase>
  </testsuite>
  <testsuite name="shinytest2-init" timestamp="2025-03-07T17:46:08Z" hostname="2206e61262c1" tests="3" skipped="3" failures="0" errors="0" time="0.249">
    <testcase time="0.0859999999999843" classname="shinytest2_init" name="e2e_teal_app_initializes_with_no_errors">
      <skipped message="Reason: `shinytest2::AppDriver` can not be initialized as {chromote} can not be started ('test-shinytest2-init.R:6:3')"/>
    </testcase>
    <testcase time="0.0820000000000221" classname="shinytest2_init" name="e2e_teal_app_initializes_with_sessionInfo_modal">
      <skipped message="Reason: `shinytest2::AppDriver` can not be initialized as {chromote} can not be started ('test-shinytest2-init.R:16:3')"/>
    </testcase>
    <testcase time="0.0809999999999889" classname="shinytest2_init" name="e2e_init_creates_UI_containing_specified_title_favicon_header_and_footer">
      <skipped message="Reason: `shinytest2::AppDriver` can not be initialized as {chromote} can not be started ('test-shinytest2-init.R:71:3')"/>
    </testcase>
  </testsuite>
  <testsuite name="shinytest2-landing_popup" timestamp="2025-03-07T17:46:08Z" hostname="2206e61262c1" tests="5" skipped="5" failures="0" errors="0" time="0.414">
    <testcase time="0.0860000000000127" classname="shinytest2_landing_popup" name="e2e_teal_app_with_landing_popup_module_initializes_with_no_errors">
      <skipped message="Reason: `shinytest2::AppDriver` can not be initialized as {chromote} can not be started ('test-shinytest2-landing_popup.R:6:3')"/>
    </testcase>
    <testcase time="0.0809999999999889" classname="shinytest2_landing_popup" name="e2e_app_with_default_landing_popup_module_creates_modal_containing_a_button">
      <skipped message="Reason: `shinytest2::AppDriver` can not be initialized as {chromote} can not be started ('test-shinytest2-landing_popup.R:26:3')"/>
    </testcase>
    <testcase time="0.0829999999999984" classname="shinytest2_landing_popup" name="e2e_when_default_landing_popup_module_is_closed_it_shows_the_underlying_teal_app">
      <skipped message="Reason: `shinytest2::AppDriver` can not be initialized as {chromote} can not be started ('test-shinytest2-landing_popup.R:44:3')"/>
    </testcase>
    <testcase time="0.0819999999999936" classname="shinytest2_landing_popup" name="e2e_app_with_customized_landing_popup_module_creates_modal_containing_specified_title_content_and_buttons">
      <skipped message="Reason: `shinytest2::AppDriver` can not be initialized as {chromote} can not be started ('test-shinytest2-landing_popup.R:69:5')"/>
    </testcase>
    <testcase time="0.0820000000000221" classname="shinytest2_landing_popup" name="e2e_when_customized_button_in_landing_popup_module_is_clicked_it_redirects_to_a_certain_page">
      <skipped message="Reason: `shinytest2::AppDriver` can not be initialized as {chromote} can not be started ('test-shinytest2-landing_popup.R:134:3')"/>
    </testcase>
  </testsuite>
  <testsuite name="shinytest2-module_bookmark_manager" timestamp="2025-03-07T17:46:08Z" hostname="2206e61262c1" tests="4" skipped="4" failures="0" errors="0" time="0.416">
    <testcase time="0.0849999999999795" classname="shinytest2_module_bookmark_manager" name="bookmark_manager_button_is_not_rendered_by_default">
      <skipped message="Reason: `shinytest2::AppDriver` can not be initialized as {chromote} can not be started ('test-shinytest2-module_bookmark_manager.R:6:3')"/>
    </testcase>
    <testcase time="0.0840000000000032" classname="shinytest2_module_bookmark_manager" name="bookmark_manager_button_is_not_rendered_when_enableBookmarking_url_">
      <skipped message="Reason: `shinytest2::AppDriver` can not be initialized as {chromote} can not be started ('test-shinytest2-module_bookmark_manager.R:20:3')"/>
    </testcase>
    <testcase time="0.161000000000001" classname="shinytest2_module_bookmark_manager" name="bookmark_manager_button_is_rendered_when_enableBookmarking_server_">
      <skipped message="Reason: `shinytest2::AppDriver` can not be initialized as {chromote} can not be started ('test-shinytest2-module_bookmark_manager.R:34:3')"/>
    </testcase>
    <testcase time="0.0860000000000127" classname="shinytest2_module_bookmark_manager" name="bookmark_manager_button_shows_modal_with_url_containing_state_id_when_clicked">
      <skipped message="Reason: `shinytest2::AppDriver` can not be initialized as {chromote} can not be started ('test-shinytest2-module_bookmark_manager.R:45:3')"/>
    </testcase>
  </testsuite>
  <testsuite name="shinytest2-modules" timestamp="2025-03-07T17:46:09Z" hostname="2206e61262c1" tests="4" skipped="4" failures="0" errors="0" time="0.345">
    <testcase time="0.0879999999999939" classname="shinytest2_modules" name="e2e_the_module_server_logic_is_only_triggered_when_the_teal_module_becomes_active">
      <skipped message="Reason: `shinytest2::AppDriver` can not be initialized as {chromote} can not be started ('test-shinytest2-modules.R:23:3')"/>
    </testcase>
    <testcase time="0.0859999999999843" classname="shinytest2_modules" name="e2e_filter_panel_only_shows_the_data_supplied_using_datanames">
      <skipped message="Reason: `shinytest2::AppDriver` can not be initialized as {chromote} can not be started ('test-shinytest2-modules.R:45:3')"/>
    </testcase>
    <testcase time="0.085000000000008" classname="shinytest2_modules" name="e2e_filter_panel_shows_all_the_datasets_when_datanames_is_all">
      <skipped message="Reason: `shinytest2::AppDriver` can not be initialized as {chromote} can not be started ('test-shinytest2-modules.R:61:3')"/>
    </testcase>
    <testcase time="0.0860000000000127" classname="shinytest2_modules" name="e2e_all_the_nested_teal_modules_are_initiated_as_expected">
      <skipped message="Reason: `shinytest2::AppDriver` can not be initialized as {chromote} can not be started ('test-shinytest2-modules.R:78:3')"/>
    </testcase>
  </testsuite>
  <testsuite name="shinytest2-reporter" timestamp="2025-03-07T17:46:09Z" hostname="2206e61262c1" tests="4" skipped="4" failures="0" errors="0" time="0.373">
    <testcase time="0.0909999999999798" classname="shinytest2_reporter" name="e2e_reporter_tab_is_created_when_a_module_has_reporter">
      <skipped message="Reason: `shinytest2::AppDriver` can not be initialized as {chromote} can not be started ('test-shinytest2-reporter.R:6:3')"/>
    </testcase>
    <testcase time="0.099000000000018" classname="shinytest2_reporter" name="e2e_reporter_tab_is_not_created_when_a_module_has_no_reporter">
      <skipped message="Reason: `shinytest2::AppDriver` can not be initialized as {chromote} can not be started ('test-shinytest2-reporter.R:26:3')"/>
    </testcase>
    <testcase time="0.09699999999998" classname="shinytest2_reporter" name="e2e_adding_a_report_card_in_a_module_adds_it_in_the_report_previewer_tab">
      <skipped message="Reason: `shinytest2::AppDriver` can not be initialized as {chromote} can not be started ('test-shinytest2-reporter.R:49:3')"/>
    </testcase>
    <testcase time="0.0860000000000127" classname="shinytest2_reporter" name="e2e_reporter_previewer_module_do_not_show_data_summary_nor_filter_panel">
      <skipped message="Reason: `shinytest2::AppDriver` can not be initialized as {chromote} can not be started ('test-shinytest2-reporter.R:88:3')"/>
    </testcase>
  </testsuite>
  <testsuite name="shinytest2-show-rcode" timestamp="2025-03-07T17:46:10Z" hostname="2206e61262c1" tests="1" skipped="1" failures="0" errors="0" time="0.094">
    <testcase time="0.0939999999999941" classname="shinytest2_show_rcode" name="e2e_teal_app_initializes_with_Show_R_Code_modal">
      <skipped message="Reason: `shinytest2::AppDriver` can not be initialized as {chromote} can not be started ('test-shinytest2-show-rcode.R:6:3')"/>
    </testcase>
  </testsuite>
  <testsuite name="shinytest2-teal_data_module" timestamp="2025-03-07T17:46:10Z" hostname="2206e61262c1" tests="6" skipped="6" failures="0" errors="0" time="0.431">
    <testcase time="0.0759999999999934" classname="shinytest2_teal_data_module" name="e2e_teal_data_module_will_have_a_delayed_load_of_datasets">
      <skipped message="Reason: `shinytest2::AppDriver` can not be initialized as {chromote} can not be started ('test-shinytest2-teal_data_module.R:28:3')"/>
    </testcase>
    <testcase time="0.0800000000000125" classname="shinytest2_teal_data_module" name="e2e_teal_data_module_shows_validation_errors">
      <skipped message="Reason: `shinytest2::AppDriver` can not be initialized as {chromote} can not be started ('test-shinytest2-teal_data_module.R:63:3')"/>
    </testcase>
    <testcase time="0.0699999999999932" classname="shinytest2_teal_data_module" name="e2e_teal_data_module_inputs_change_teal_data_object_that_is_passed_to_teal_main_UI">
      <skipped message="Reason: `shinytest2::AppDriver` can not be initialized as {chromote} can not be started ('test-shinytest2-teal_data_module.R:106:3')"/>
    </testcase>
    <testcase time="0.0680000000000121" classname="shinytest2_teal_data_module" name="e2e_teal_data_module_gets_removed_after_successful_data_load_when_once_TRUE">
      <skipped message="Reason: `shinytest2::AppDriver` can not be initialized as {chromote} can not be started ('test-shinytest2-teal_data_module.R:151:3')"/>
    </testcase>
    <testcase time="0.0679999999999836" classname="shinytest2_teal_data_module" name="e2e_teal_data_module_is_still_visible_after_successful_data_load_when_once_FALSE">
      <skipped message="Reason: `shinytest2::AppDriver` can not be initialized as {chromote} can not be started ('test-shinytest2-teal_data_module.R:195:3')"/>
    </testcase>
    <testcase time="0.0690000000000168" classname="shinytest2_teal_data_module" name="e2e_teal_data_module_will_make_other_tabs_inactive_before_successful_data_load">
      <skipped message="Reason: `shinytest2::AppDriver` can not be initialized as {chromote} can not be started ('test-shinytest2-teal_data_module.R:234:3')"/>
    </testcase>
  </testsuite>
  <testsuite name="shinytest2-teal_slices" timestamp="2025-03-07T17:46:10Z" hostname="2206e61262c1" tests="2" skipped="2" failures="0" errors="0" time="0.191">
    <testcase time="0.0970000000000084" classname="shinytest2_teal_slices" name="e2e_teal_slices_filters_are_initialized_when_global_filters_are_created">
      <skipped message="Reason: `shinytest2::AppDriver` can not be initialized as {chromote} can not be started ('test-shinytest2-teal_slices.R:6:3')"/>
    </testcase>
    <testcase time="0.0939999999999941" classname="shinytest2_teal_slices" name="e2e_teal_slices_filters_are_initialized_when_module_specific_filters_are_created">
      <skipped message="Reason: `shinytest2::AppDriver` can not be initialized as {chromote} can not be started ('test-shinytest2-teal_slices.R:49:3')"/>
    </testcase>
  </testsuite>
  <testsuite name="shinytest2-wunder_bar" timestamp="2025-03-07T17:46:10Z" hostname="2206e61262c1" tests="2" skipped="2" failures="0" errors="0" time="0.178">
    <testcase time="0.0900000000000034" classname="shinytest2_wunder_bar" name="wunder_bar_srv_clicking_filter_icon_opens_filter_manager_modal">
      <skipped message="Reason: `shinytest2::AppDriver` can not be initialized as {chromote} can not be started ('test-shinytest2-wunder_bar.R:6:3')"/>
    </testcase>
    <testcase time="0.0879999999999939" classname="shinytest2_wunder_bar" name="wunder_bar_srv_clicking_snapshot_icon_opens_snapshot_manager_modal">
      <skipped message="Reason: `shinytest2::AppDriver` can not be initialized as {chromote} can not be started ('test-shinytest2-wunder_bar.R:25:3')"/>
    </testcase>
  </testsuite>
  <testsuite name="teal_data_module-eval_code" timestamp="2025-03-07T17:46:11Z" hostname="2206e61262c1" tests="16" skipped="0" failures="0" errors="0" time="0.163">
    <testcase time="0.0159999999999911" classname="teal_data_module_eval_code" name="within.teal_data_module_returns_an_object_with_teal_data_module_class"/>
    <testcase time="0.00399999999999068" classname="teal_data_module_eval_code" name="eval_code.teal_data_module_ui_has_modified_namespace_for_id"/>
    <testcase time="0.00100000000000477" classname="teal_data_module_eval_code" name="eval_code.teal_data_module_ui_has_modified_namespace_for_id"/>
    <testcase time="0.00100000000000477" classname="teal_data_module_eval_code" name="eval_code.teal_data_module_ui_has_modified_namespace_for_id"/>
    <testcase time="0.0250000000000057" classname="teal_data_module_eval_code" name="within.teal_data_module_modifies_the_reactive_tea_data_object"/>
    <testcase time="0.00200000000000955" classname="teal_data_module_eval_code" name="within.teal_data_module_modifies_the_reactive_tea_data_object"/>
    <testcase time="0.0319999999999823" classname="teal_data_module_eval_code" name="eval_code.teal_data_module_will_execute_several_times_until_error"/>
    <testcase time="0.0120000000000005" classname="teal_data_module_eval_code" name="eval_code.teal_data_module_will_execute_several_times_until_error"/>
    <testcase time="0.00200000000000955" classname="teal_data_module_eval_code" name="eval_code.teal_data_module_will_execute_several_times_until_error"/>
    <testcase time="0.0190000000000055" classname="teal_data_module_eval_code" name="eval_code.teal_data_module_throws_error_when_original_teal_data_module_result_is_not_reactive"/>
    <testcase time="0.0209999999999866" classname="teal_data_module_eval_code" name="eval_code.teal_data_module_propagates_qenv_error_from_the_original_first_call"/>
    <testcase time="0.00100000000000477" classname="teal_data_module_eval_code" name="eval_code.teal_data_module_propagates_qenv_error_from_the_original_first_call"/>
    <testcase time="0.0120000000000005" classname="teal_data_module_eval_code" name="eval_code.teal_data_module_handles_an_arbitrary_object_other_than_teal_data_or_qenv.error_"/>
    <testcase time="0.00100000000000477" classname="teal_data_module_eval_code" name="eval_code.teal_data_module_handles_an_arbitrary_object_other_than_teal_data_or_qenv.error_"/>
    <testcase time="0.0120000000000005" classname="teal_data_module_eval_code" name="eval_code.teal_data_module_handles_a_NULL_result"/>
    <testcase time="0.00199999999998113" classname="teal_data_module_eval_code" name="eval_code.teal_data_module_handles_a_NULL_result"/>
  </testsuite>
  <testsuite name="teal_data_module" timestamp="2025-03-07T17:46:11Z" hostname="2206e61262c1" tests="4" skipped="0" failures="0" errors="0" time="0.023">
    <testcase time="0.00500000000002387" classname="teal_data_module" name="teal_data_module_returns_teal_data_module"/>
    <testcase time="0.00699999999997658" classname="teal_data_module" name="teal_data_module_throws_when_ui_has_other_formals_than_id_only"/>
    <testcase time="0.00600000000000023" classname="teal_data_module" name="teal_data_module_throws_when_server_has_other_formals_than_id_only"/>
    <testcase time="0.00500000000002387" classname="teal_data_module" name="teal_data_module_throws_when_server_has_other_formals_than_id_only"/>
  </testsuite>
  <testsuite name="teal_reporter" timestamp="2025-03-07T17:46:11Z" hostname="2206e61262c1" tests="25" skipped="0" failures="0" errors="0" time="0.13">
    <testcase time="0.00799999999998136" classname="teal_reporter" name="TealReportCard_object_can_be_initialized"/>
    <testcase time="0.00499999999999545" classname="teal_reporter" name="TealReportCard_inherits_from_ReportCard"/>
    <testcase time="0.00500000000002387" classname="teal_reporter" name="TealReportCard_new_returns_an_object_of_type_TealReportCard"/>
    <testcase time="0.00899999999998613" classname="teal_reporter" name="TealReportCard_get_content_returns_content_with_metadata"/>
    <testcase time="0.00100000000000477" classname="teal_reporter" name="TealReportCard_get_content_returns_content_with_metadata"/>
    <testcase time="0.00100000000000477" classname="teal_reporter" name="TealReportCard_get_content_returns_content_with_metadata"/>
    <testcase time="0.00100000000000477" classname="teal_reporter" name="TealReportCard_get_content_returns_content_with_metadata"/>
    <testcase time="0.000999999999976353" classname="teal_reporter" name="TealReportCard_get_content_returns_content_with_metadata"/>
    <testcase time="0.0040000000000191" classname="teal_reporter" name="TealReportCard_append_src_accepts_a_character"/>
    <testcase time="0.00399999999999068" classname="teal_reporter" name="TealReportCard_append_src_returns_self"/>
    <testcase time="0.00399999999999068" classname="teal_reporter" name="TealReportCard_append_src_returns_title_and_content"/>
    <testcase time="0.0040000000000191" classname="teal_reporter" name="TealReportCard_append_encodings_accepts_list_of_character"/>
    <testcase time="0.0029999999999859" classname="teal_reporter" name="TealReportCard_append_encodings_returns_self"/>
    <testcase time="0.0040000000000191" classname="teal_reporter" name="TealReportCard_append_encodings_returns_title_and_content"/>
    <testcase time="0.000999999999976353" classname="teal_reporter" name="TealReportCard_append_encodings_returns_title_and_content"/>
    <testcase time="0.007000000000005" classname="teal_reporter" name="TealReportCard_append_fs_accepts_only_a_teal_slices"/>
    <testcase time="0.007000000000005" classname="teal_reporter" name="TealReportCard_append_fs_accepts_only_a_teal_slices"/>
    <testcase time="0.00800000000000978" classname="teal_reporter" name="TealReportCard_append_fs_returns_self"/>
    <testcase time="0.00699999999997658" classname="teal_reporter" name="TealReportCard_append_fs_returns_title_and_content"/>
    <testcase time="0.01400000000001" classname="teal_reporter" name="TealReportCard_append_fs_returns_title_and_content"/>
    <testcase time="0.00499999999999545" classname="teal_reporter" name="TealSlicesBlock_new_accepts_teal_slices_only"/>
    <testcase time="0.00499999999999545" classname="teal_reporter" name="TealSlicesBlock_new_accepts_teal_slices_only"/>
    <testcase time="0.007000000000005" classname="teal_reporter" name="TealSlicesBlock_get_content_returns_yaml_character"/>
    <testcase time="0.007000000000005" classname="teal_reporter" name="TealSlicesBlock_to_list_returns_list_containing_teal_slices"/>
    <testcase time="0.00800000000000978" classname="teal_reporter" name="TealSlicesBlock_from_list_retains_states_from_a_list"/>
  </testsuite>
  <testsuite name="teal_slices-store" timestamp="2025-03-07T17:46:11Z" hostname="2206e61262c1" tests="15" skipped="0" failures="0" errors="0" time="0.14">
    <testcase time="0.0339999999999918" classname="teal_slices_store" name="teal_slice_store_restore_supports_NULL_and_character_0_for_choices_and_selected"/>
    <testcase time="0.00300000000001432" classname="teal_slices_store" name="teal_slice_store_restore_supports_NULL_and_character_0_for_choices_and_selected"/>
    <testcase time="0.00399999999999068" classname="teal_slices_store" name="teal_slice_store_restore_supports_NULL_and_character_0_for_choices_and_selected"/>
    <testcase time="0.01400000000001" classname="teal_slices_store" name="teal_slice_store_restore_supports_saving_POSIXct_timestamps_in_selected"/>
    <testcase time="0.0029999999999859" classname="teal_slices_store" name="teal_slice_store_restore_supports_saving_POSIXct_timestamps_in_selected"/>
    <testcase time="0.0130000000000052" classname="teal_slices_store" name="teal_slice_store_restore_supports_saving_Date_dates_in_selected"/>
    <testcase time="0.00399999999999068" classname="teal_slices_store" name="teal_slice_store_restore_supports_saving_Date_dates_in_selected"/>
    <testcase time="0.0130000000000052" classname="teal_slices_store" name="teal_slice_store_restore_supports_saving_POSIXct_timestamps_in_choices"/>
    <testcase time="0.00399999999999068" classname="teal_slices_store" name="teal_slice_store_restore_supports_saving_POSIXct_timestamps_in_choices"/>
    <testcase time="0.0130000000000052" classname="teal_slices_store" name="teal_slice_store_restore_supports_saving_Date_timestamps_in_choices"/>
    <testcase time="0.00300000000001432" classname="teal_slices_store" name="teal_slice_store_restore_supports_saving_Date_timestamps_in_choices"/>
    <testcase time="0.0139999999999816" classname="teal_slices_store" name="teal_slice_store_restore_restores_mixed_Date_characters_as_characters_in_selected"/>
    <testcase time="0.0120000000000005" classname="teal_slices_store" name="teal_slice_store_restore_restores_characters_as_characters_in_selected_and_choices"/>
    <testcase time="0.00200000000000955" classname="teal_slices_store" name="teal_slice_store_restore_restores_characters_as_characters_in_selected_and_choices"/>
    <testcase time="0.00399999999999068" classname="teal_slices_store" name="teal_slice_store_restore_restores_characters_as_characters_in_selected_and_choices"/>
  </testsuite>
  <testsuite name="teal_slices" timestamp="2025-03-07T17:46:11Z" hostname="2206e61262c1" tests="18" skipped="0" failures="0" errors="0" time="0.116">
    <testcase time="0.00600000000000023" classname="teal_slices" name="teal_slices_produces_teal_slices_object_with_teal_specific_attributes"/>
    <testcase time="0.00100000000000477" classname="teal_slices" name="teal_slices_produces_teal_slices_object_with_teal_specific_attributes"/>
    <testcase time="0.00300000000001432" classname="teal_slices" name="teal_slices_produces_teal_slices_object_with_teal_specific_attributes"/>
    <testcase time="0.000999999999976353" classname="teal_slices" name="teal_slices_produces_teal_slices_object_with_teal_specific_attributes"/>
    <testcase time="0.00600000000000023" classname="teal_slices" name="teal_slices_fails_when_inexisting_teal_slice_id_is_specified_in_mapping"/>
    <testcase time="0.00900000000001455" classname="teal_slices" name="teal_slices_fails_when_inexisting_teal_slice_id_is_specified_in_mapping"/>
    <testcase time="0.007000000000005" classname="teal_slices" name="teal_slices_processes_filter_mapping"/>
    <testcase time="0.00799999999998136" classname="teal_slices" name="teal_slices_processes_filter_mapping"/>
    <testcase time="0.0120000000000005" classname="teal_slices" name="teal_slices_drops_non_global_filters_if_module_specific_FALSE"/>
    <testcase time="0.007000000000005" classname="teal_slices" name="teal_slices_drops_non_global_filters_if_module_specific_FALSE"/>
    <testcase time="0.0130000000000052" classname="teal_slices" name="deep_copy_filters_copies_teal_slice_changes_pointer_of_teal_slice_object_but_values_remain_the_same"/>
    <testcase time="0.00399999999999068" classname="teal_slices" name="deep_copy_filters_copies_teal_slice_changes_pointer_of_teal_slice_object_but_values_remain_the_same"/>
    <testcase time="0.00499999999999545" classname="teal_slices" name="teal_slices_mapping_should_be_an_empty_list_or_a_named_list_or_missing"/>
    <testcase time="0.0040000000000191" classname="teal_slices" name="teal_slices_mapping_should_be_an_empty_list_or_a_named_list_or_missing"/>
    <testcase time="0.00399999999999068" classname="teal_slices" name="teal_slices_mapping_should_be_an_empty_list_or_a_named_list_or_missing"/>
    <testcase time="0.00900000000001455" classname="teal_slices" name="teal_slices_mapping_should_be_an_empty_list_or_a_named_list_or_missing"/>
    <testcase time="0.00799999999998136" classname="teal_slices" name="teal_slices_mapping_should_be_an_empty_list_or_a_named_list_or_missing"/>
    <testcase time="0.00900000000001455" classname="teal_slices" name="teal_slices_mapping_should_be_an_empty_list_or_a_named_list_or_missing"/>
  </testsuite>
  <testsuite name="teal_transform_module" timestamp="2025-03-07T17:46:11Z" hostname="2206e61262c1" tests="3" skipped="0" failures="0" errors="0" time="0.421">
    <testcase time="0.132999999999981" classname="teal_transform_module" name="expression"/>
    <testcase time="0.13900000000001" classname="teal_transform_module" name="quote"/>
    <testcase time="0.149000000000001" classname="teal_transform_module" name="ui_transform_teal_data_and_srv_transform_teal_data_have_the_same_namespace_for_transform_module"/>
  </testsuite>
  <testsuite name="utils" timestamp="2025-03-07T17:46:12Z" hostname="2206e61262c1" tests="33" skipped="0" failures="0" errors="0" time="0.339">
    <testcase time="0.0649999999999977" classname="utils" name="get_teal_bs_theme"/>
    <testcase time="0.0289999999999964" classname="utils" name="get_teal_bs_theme"/>
    <testcase time="0.0300000000000011" classname="utils" name="get_teal_bs_theme"/>
    <testcase time="0.0289999999999964" classname="utils" name="get_teal_bs_theme"/>
    <testcase time="0.0130000000000052" classname="utils" name="report_card_template_function_returns_TealReportCard_object_with_appropriate_content_and_labels"/>
    <testcase time="0.00100000000000477" classname="utils" name="report_card_template_function_returns_TealReportCard_object_with_appropriate_content_and_labels"/>
    <testcase time="0.00200000000000955" classname="utils" name="report_card_template_function_returns_TealReportCard_object_with_appropriate_content_and_labels"/>
    <testcase time="0.000999999999976353" classname="utils" name="report_card_template_function_returns_TealReportCard_object_with_appropriate_content_and_labels"/>
    <testcase time="0.00100000000000477" classname="utils" name="report_card_template_function_returns_TealReportCard_object_with_appropriate_content_and_labels"/>
    <testcase time="0.00100000000000477" classname="utils" name="report_card_template_function_returns_TealReportCard_object_with_appropriate_content_and_labels"/>
    <testcase time="0.0200000000000102" classname="utils" name="teal_data_to_filtered_data_return_FilteredData_class"/>
    <testcase time="0.00699999999997658" classname="utils" name="validate_app_title_tag_works_on_validating_the_title_tag"/>
    <testcase time="0.007000000000005" classname="utils" name="validate_app_title_tag_works_on_validating_the_title_tag"/>
    <testcase time="0.00600000000000023" classname="utils" name="validate_app_title_tag_works_on_validating_the_title_tag"/>
    <testcase time="0.007000000000005" classname="utils" name="validate_app_title_tag_works_on_validating_the_title_tag"/>
    <testcase time="0.00499999999999545" classname="utils" name="validate_app_title_tag_works_on_validating_the_title_tag"/>
    <testcase time="0.0240000000000009" classname="utils" name="build_app_title_builts_a_valid_tag"/>
    <testcase time="0.00300000000001432" classname="utils" name="build_app_title_builts_a_valid_tag"/>
    <testcase time="0.00100000000000477" classname="utils" name="build_app_title_builts_a_valid_tag"/>
    <testcase time="0.00799999999998136" classname="utils" name="create_app_id_data_accepts_teal_data_or_teal_data_module"/>
    <testcase time="0.00200000000000955" classname="utils" name="create_app_id_data_accepts_teal_data_or_teal_data_module"/>
    <testcase time="0.00499999999999545" classname="utils" name="create_app_id_data_accepts_teal_data_or_teal_data_module"/>
    <testcase time="0.007000000000005" classname="utils" name="create_app_id_modules_accepts_modules"/>
    <testcase time="0.00899999999998613" classname="utils" name="create_app_id_modules_accepts_modules"/>
    <testcase time="0.0100000000000193" classname="utils" name="create_app_id_returns_a_character_string"/>
    <testcase time="0.0159999999999911" classname="utils" name="create_app_id_returns_different_hash_for_different_data"/>
    <testcase time="0.0159999999999911" classname="utils" name="create_app_id_returns_different_hash_for_different_modules"/>
    <testcase time="0.00300000000001432" classname="utils" name="defunction_returns_a_string_when_passed_a_function"/>
    <testcase time="0.00399999999999068" classname="utils" name="defunction_returns_non_function_atomic_as_is"/>
    <testcase time="0.00100000000000477" classname="utils" name="defunction_returns_non_function_atomic_as_is"/>
    <testcase time="0.00100000000000477" classname="utils" name="defunction_returns_non_function_atomic_as_is"/>
    <testcase time="0.00199999999998113" classname="utils" name="defunction_returns_non_function_atomic_as_is"/>
    <testcase time="0.00300000000001432" classname="utils" name="defunction_recursively_goes_down_a_list"/>
  </testsuite>
  <testsuite name="validate_has_data" timestamp="2025-03-07T17:46:12Z" hostname="2206e61262c1" tests="17" skipped="0" failures="0" errors="0" time="0.088">
    <testcase time="0.007000000000005" classname="validate_has_data" name="validate_has_data_throws_no_error_when_data_has_at_least_as_many_rows_as_min_nrow"/>
    <testcase time="0.00100000000000477" classname="validate_has_data" name="validate_has_data_throws_no_error_when_data_has_at_least_as_many_rows_as_min_nrow"/>
    <testcase time="0.00699999999997658" classname="validate_has_data" name="validate_has_data_throws_error_when_min_nrow_rows_of_data"/>
    <testcase time="0.0040000000000191" classname="validate_has_data" name="validate_has_data_accepts_logical_complete_argument"/>
    <testcase time="0.00199999999998113" classname="validate_has_data" name="validate_has_data_accepts_logical_complete_argument"/>
    <testcase time="0.00600000000000023" classname="validate_has_data" name="validate_has_data_throws_error_when_data_has_NA_and_complete_is_set_to_TRUE"/>
    <testcase time="0.0040000000000191" classname="validate_has_data" name="validate_has_data_accepts_logical_allow_inf_argument"/>
    <testcase time="0.00499999999999545" classname="validate_has_data" name="validate_has_data_accepts_logical_allow_inf_argument"/>
    <testcase time="0.00600000000000023" classname="validate_has_data" name="validate_has_data_accepts_throws_error_when_data_has_Inf_values_and_allow_inf_is_set_to_FALSE"/>
    <testcase time="0.007000000000005" classname="validate_has_data" name="validate_has_data_accepts_throws_error_when_data_has_Inf_values_and_allow_inf_is_set_to_FALSE"/>
    <testcase time="0.00499999999999545" classname="validate_has_data" name="validate_has_data_accepts_throws_error_when_data_has_Inf_values_and_allow_inf_is_set_to_FALSE"/>
    <testcase time="0.00499999999999545" classname="validate_has_data" name="validate_has_data_allow_inf_argument_ignores_non_numeric_columns"/>
    <testcase time="0.00399999999999068" classname="validate_has_data" name="validate_has_data_allow_inf_argument_ignores_non_numeric_columns"/>
    <testcase time="0.007000000000005" classname="validate_has_data" name="validate_has_data_returns_message_when_msg_argument_is_set"/>
    <testcase time="0.007000000000005" classname="validate_has_data" name="validate_has_data_returns_message_msg_argument_is_set_and_complete_is_set_to_TRUE"/>
    <testcase time="0.007000000000005" classname="validate_has_data" name="validate_has_data_returns_throws_error_with_non_character_msg_input"/>
    <testcase time="0.00399999999999068" classname="validate_has_data" name="validate_has_data_returns_throws_error_with_non_character_msg_input"/>
  </testsuite>
  <testsuite name="validate_inputs" timestamp="2025-03-07T17:46:12Z" hostname="2206e61262c1" tests="36" skipped="0" failures="0" errors="0" time="0.567">
    <testcase time="0.00999999999999091" classname="validate_inputs" name="invalid_arguments_raise_errors"/>
    <testcase time="0.00399999999999068" classname="validate_inputs" name="invalid_arguments_raise_errors"/>
    <testcase time="0.0220000000000198" classname="validate_inputs" name="disabled_validators_raise_warnings_individual_validators_"/>
    <testcase time="0.025999999999982" classname="validate_inputs" name="disabled_validators_raise_warnings_validator_list_"/>
    <testcase time="0.02800000000002" classname="validate_inputs" name="disabled_validators_raise_warnings_nested_validator_list_"/>
    <testcase time="0.0770000000000266" classname="validate_inputs" name="valid_inputs_produce_desired_output_individual_validators_"/>
    <testcase time="0.0209999999999866" classname="validate_inputs" name="valid_inputs_produce_desired_output_validator_list_"/>
    <testcase time="0.0180000000000007" classname="validate_inputs" name="valid_inputs_produce_desired_output_nested_validator_list_"/>
    <testcase time="0.0269999999999868" classname="validate_inputs" name="invalid_inputs_raise_errors_in_output_individual_validators_"/>
    <testcase time="0.0240000000000009" classname="validate_inputs" name="invalid_inputs_raise_errors_in_output_individual_validators_"/>
    <testcase time="0.0250000000000057" classname="validate_inputs" name="invalid_inputs_raise_errors_in_output_individual_validators_"/>
    <testcase time="0.0270000000000152" classname="validate_inputs" name="invalid_inputs_raise_errors_in_output_validator_list_"/>
    <testcase time="0.0439999999999827" classname="validate_inputs" name="invalid_inputs_raise_errors_in_output_validator_list_"/>
    <testcase time="0.0250000000000057" classname="validate_inputs" name="invalid_inputs_raise_errors_in_output_validator_list_"/>
    <testcase time="0.0300000000000011" classname="validate_inputs" name="invalid_inputs_raise_errors_in_output_nested_validator_list_"/>
    <testcase time="0.0240000000000009" classname="validate_inputs" name="invalid_inputs_raise_errors_in_output_nested_validator_list_"/>
    <testcase time="0.0240000000000009" classname="validate_inputs" name="invalid_inputs_raise_errors_in_output_nested_validator_list_"/>
    <testcase time="0.0269999999999868" classname="validate_inputs" name="error_message_is_formatted_properly"/>
    <testcase time="0.00600000000000023" classname="validate_inputs" name="error_message_is_formatted_properly"/>
    <testcase time="0.00600000000000023" classname="validate_inputs" name="error_message_is_formatted_properly"/>
    <testcase time="0.007000000000005" classname="validate_inputs" name="error_message_is_formatted_properly"/>
    <testcase time="0.00600000000000023" classname="validate_inputs" name="error_message_is_formatted_properly"/>
    <testcase time="0.00200000000000955" classname="validate_inputs" name="error_message_is_formatted_properly"/>
    <testcase time="0.00199999999998113" classname="validate_inputs" name="error_message_is_formatted_properly"/>
    <testcase time="0.00200000000000955" classname="validate_inputs" name="error_message_is_formatted_properly"/>
    <testcase time="0.00300000000001432" classname="validate_inputs" name="error_message_is_formatted_properly"/>
    <testcase time="0.00199999999998113" classname="validate_inputs" name="error_message_is_formatted_properly"/>
    <testcase time="0.00200000000000955" classname="validate_inputs" name="error_message_is_formatted_properly"/>
    <testcase time="0.00200000000000955" classname="validate_inputs" name="error_message_is_formatted_properly"/>
    <testcase time="0.00199999999998113" classname="validate_inputs" name="error_message_is_formatted_properly"/>
    <testcase time="0.00200000000000955" classname="validate_inputs" name="error_message_is_formatted_properly"/>
    <testcase time="0.00200000000000955" classname="validate_inputs" name="error_message_is_formatted_properly"/>
    <testcase time="0.0029999999999859" classname="validate_inputs" name="error_message_is_formatted_properly"/>
    <testcase time="0.0260000000000105" classname="validate_inputs" name="different_validation_modes_produce_proper_messages"/>
    <testcase time="0.00499999999999545" classname="validate_inputs" name="different_validation_modes_produce_proper_messages"/>
    <testcase time="0.00399999999999068" classname="validate_inputs" name="different_validation_modes_produce_proper_messages"/>
  </testsuite>
</testsuites>
